#
# There is insufficient memory for the Java Runtime Environment to continue.
# Native memory allocation (mmap) failed to map 39845888 bytes for Failed to commit area from 0x000000074e000000 to 0x0000000750600000 of length 39845888.
# Possible reasons:
#   The system is out of physical RAM or swap space
#   The process is running with CompressedOops enabled, and the Java Heap may be blocking the growth of the native heap
# Possible solutions:
#   Reduce memory load on the system
#   Increase physical memory or swap space
#   Check if swap backing store is full
#   Decrease Java heap size (-Xmx/-Xms)
#   Decrease number of Java threads
#   Decrease Java thread stack sizes (-Xss)
#   Set larger code cache with -XX:ReservedCodeCacheSize=
#   JVM is running with Zero Based Compressed Oops mode in which the Java heap is
#     placed in the first 32GB address space. The Java Heap base address is the
#     maximum limit for the native heap growth. Please use -XX:HeapBaseMinAddress
#     to set the Java Heap base and to place the Java Heap above 32GB virtual address.
# This output file may be truncated or incomplete.
#
#  Out of Memory Error (./src/hotspot/os/windows/os_windows.cpp:3301), pid=13208, tid=2884
#
# JRE version: OpenJDK Runtime Environment (11.0.10) (build 11.0.10+0-b96-7249189)
# Java VM: OpenJDK 64-Bit Server VM (11.0.10+0-b96-7249189, mixed mode, tiered, compressed oops, g1 gc, windows-amd64)
# No core dump will be written. Minidumps are not enabled by default on client versions of Windows
#

---------------  S U M M A R Y ------------

Command Line: org.jetbrains.kotlin.cli.jvm.K2JVMCompiler @C:\Users\Polina\AndroidStudioProjects\MyApplication\app\build\20211018_8474809579667921298.compiler.options

Host: Intel(R) Core(TM) i5-6200U CPU @ 2.30GHz, 4 cores, 11G,  Windows 10 , 64 bit Build 18362 (10.0.18362.1110)
Time: Mon Oct 18 19:25:16 2021 RTZ 2 (ceia) elapsed time: 4.996508 seconds (0d 0h 0m 4s)

---------------  T H R E A D  ---------------

Current thread (0x00000223e3d6d000):  VMThread "VM Thread" [stack: 0x0000008315c00000,0x0000008315d00000] [id=2884]

Stack: [0x0000008315c00000,0x0000008315d00000]
[error occurred during error reporting (printing stack bounds), id 0xc0000005, EXCEPTION_ACCESS_VIOLATION (0xc0000005) at pc=0x00000223cb770f2d]

Native frames: (J=compiled Java code, j=interpreted, Vv=VM code, C=native code)
V  [jvm.dll+0x5ecfaa]
V  [jvm.dll+0x722bd5]
V  [jvm.dll+0x72412d]
V  [jvm.dll+0x724745]
V  [jvm.dll+0x7246fb]
V  [jvm.dll+0x5ec348]
V  [jvm.dll+0x5ecad8]
C  [ntdll.dll+0xa184f]
C  [ntdll.dll+0x6a889]
C  [ntdll.dll+0xa04be]
C  0x00000223cb770f2d

VM_Operation (0x00000083156f8cc0): G1CollectForAllocation, mode: safepoint, requested by thread 0x00000223c7c92000


---------------  P R O C E S S  ---------------

Threads class SMR info:
_java_thread_list=0x00000223e5e35880, length=11, elements={
0x00000223c7c92000, 0x00000223e4595800, 0x00000223e4598800, 0x00000223e45f5000,
0x00000223e45f6000, 0x00000223e45f6800, 0x00000223e45fa000, 0x00000223e4606000,
0x00000223e4617000, 0x00000223e4770000, 0x00000223e4768800
}

Java Threads: ( => current thread )
  0x00000223c7c92000 JavaThread "main" [_thread_blocked, id=9804, stack(0x0000008315600000,0x0000008315700000)]
  0x00000223e4595800 JavaThread "Reference Handler" daemon [_thread_blocked, id=1900, stack(0x0000008315d00000,0x0000008315e00000)]
  0x00000223e4598800 JavaThread "Finalizer" daemon [_thread_blocked, id=12600, stack(0x0000008315e00000,0x0000008315f00000)]
  0x00000223e45f5000 JavaThread "Signal Dispatcher" daemon [_thread_blocked, id=10108, stack(0x0000008315f00000,0x0000008316000000)]
  0x00000223e45f6000 JavaThread "Attach Listener" daemon [_thread_blocked, id=18304, stack(0x0000008316000000,0x0000008316100000)]
  0x00000223e45f6800 JavaThread "Service Thread" daemon [_thread_blocked, id=2192, stack(0x0000008316100000,0x0000008316200000)]
  0x00000223e45fa000 JavaThread "C2 CompilerThread0" daemon [_thread_blocked, id=9916, stack(0x0000008316200000,0x0000008316300000)]
  0x00000223e4606000 JavaThread "C1 CompilerThread0" daemon [_thread_blocked, id=3824, stack(0x0000008316300000,0x0000008316400000)]
  0x00000223e4617000 JavaThread "Sweeper thread" daemon [_thread_blocked, id=3368, stack(0x0000008316400000,0x0000008316500000)]
  0x00000223e4770000 JavaThread "Common-Cleaner" daemon [_thread_blocked, id=17448, stack(0x0000008316600000,0x0000008316700000)]
  0x00000223e4768800 JavaThread "C2 CompilerThread1" daemon [_thread_in_native, id=14420, stack(0x0000008316700000,0x0000008316800000)]

Other Threads:
=>0x00000223e3d6d000 VMThread "VM Thread" [stack: 0x0000008315c00000,0x0000008315d00000] [id=2884]
  0x00000223e4767800 WatcherThread [stack: 0x0000008316500000,0x0000008316600000] [id=12280]
  0x00000223c7caa800 GCTaskThread "GC Thread#0" [stack: 0x0000008315700000,0x0000008315800000] [id=9560]
  0x00000223e4dce800 GCTaskThread "GC Thread#1" [stack: 0x0000008316800000,0x0000008316900000] [id=11044]
  0x00000223e4dcf000 GCTaskThread "GC Thread#2" [stack: 0x0000008316900000,0x0000008316a00000] [id=15116]
  0x00000223e4dd0000 GCTaskThread "GC Thread#3" [stack: 0x0000008316a00000,0x0000008316b00000] [id=15880]
  0x00000223c7cf0800 ConcurrentGCThread "G1 Main Marker" [stack: 0x0000008315800000,0x0000008315900000] [id=11776]
  0x00000223c7cf2000 ConcurrentGCThread "G1 Conc#0" [stack: 0x0000008315900000,0x0000008315a00000] [id=14852]
  0x00000223e3bd2800 ConcurrentGCThread "G1 Refine#0" [stack: 0x0000008315a00000,0x0000008315b00000] [id=6560]
  0x00000223e3bd5800 ConcurrentGCThread "G1 Young RemSet Sampling" [stack: 0x0000008315b00000,0x0000008315c00000] [id=16176]

Threads with active compile tasks:
C2 CompilerThread0   5008 3595       4       org.jetbrains.kotlin.metadata.ProtoBuf$Type::isInitialized (145 bytes)
C2 CompilerThread1   5008 3584   !   4       org.jetbrains.kotlin.metadata.ProtoBuf$Function::<init> (1112 bytes)

VM state:at safepoint (normal execution)

VM Mutex/Monitor currently owned by a thread:  ([mutex/lock_event])
[0x00000223c7c8e430] Threads_lock - owner thread: 0x00000223e3d6d000
[0x00000223c7c8edc0] Heap_lock - owner thread: 0x00000223c7c92000

Heap address: 0x0000000742200000, size: 3038 MB, Compressed Oops mode: Zero based, Oop shift amount: 3
Narrow klass base: 0x0000000800000000, Narrow klass shift: 0
Compressed class space size: 1073741824 Address: 0x0000000800000000

Heap:
 garbage-first heap   total 233472K, used 33321K [0x0000000742200000, 0x0000000800000000)
  region size 1024K, 10 young (10240K), 10 survivors (10240K)
 Metaspace       used 48295K, capacity 48902K, committed 49152K, reserved 1093632K
  class space    used 5656K, capacity 5883K, committed 5888K, reserved 1048576K
Heap Regions: E=young(eden), S=young(survivor), O=old, HS=humongous(starts), HC=humongous(continues), CS=collection set, F=free, A=archive, TAMS=top-at-mark-start (previous, next)
|   0|0x0000000742200000, 0x0000000742300000, 0x0000000742300000|100%|HS|  |TAMS 0x0000000742300000, 0x0000000742200000| Complete 
|   1|0x0000000742300000, 0x0000000742400000, 0x0000000742400000|100%|HC|  |TAMS 0x0000000742400000, 0x0000000742300000| Complete 
|   2|0x0000000742400000, 0x0000000742500000, 0x0000000742500000|100%|HC|  |TAMS 0x0000000742500000, 0x0000000742400000| Complete 
|   3|0x0000000742500000, 0x0000000742600000, 0x0000000742600000|100%| O|  |TAMS 0x0000000742600000, 0x0000000742500000| Untracked 
|   4|0x0000000742600000, 0x0000000742700000, 0x0000000742700000|100%| O|  |TAMS 0x0000000742700000, 0x0000000742600000| Untracked 
|   5|0x0000000742700000, 0x0000000742800000, 0x0000000742800000|100%|HS|  |TAMS 0x0000000742800000, 0x0000000742700000| Complete 
|   6|0x0000000742800000, 0x0000000742900000, 0x0000000742900000|100%|HC|  |TAMS 0x0000000742900000, 0x0000000742800000| Complete 
|   7|0x0000000742900000, 0x0000000742a00000, 0x0000000742a00000|100%|HC|  |TAMS 0x0000000742a00000, 0x0000000742900000| Complete 
|   8|0x0000000742a00000, 0x0000000742b00000, 0x0000000742b00000|100%|HS|  |TAMS 0x0000000742b00000, 0x0000000742a00000| Complete 
|   9|0x0000000742b00000, 0x0000000742c00000, 0x0000000742c00000|100%|HC|  |TAMS 0x0000000742c00000, 0x0000000742b00000| Complete 
|  10|0x0000000742c00000, 0x0000000742d00000, 0x0000000742d00000|100%|HC|  |TAMS 0x0000000742d00000, 0x0000000742c00000| Complete 
|  11|0x0000000742d00000, 0x0000000742e00000, 0x0000000742e00000|100%|HS|  |TAMS 0x0000000742d00000, 0x0000000742d00000| Complete 
|  12|0x0000000742e00000, 0x0000000742f00000, 0x0000000742f00000|100%|HC|  |TAMS 0x0000000742e00000, 0x0000000742e00000| Complete 
|  13|0x0000000742f00000, 0x0000000742f00000, 0x0000000743000000|  0%| F|  |TAMS 0x0000000742f00000, 0x0000000742f00000| Untracked 
|  14|0x0000000743000000, 0x0000000743100000, 0x0000000743100000|100%| O|  |TAMS 0x0000000743000000, 0x0000000743000000| Untracked 
|  15|0x0000000743100000, 0x0000000743200000, 0x0000000743200000|100%| O|  |TAMS 0x0000000743100000, 0x0000000743100000| Untracked 
|  16|0x0000000743200000, 0x0000000743300000, 0x0000000743300000|100%| O|  |TAMS 0x0000000743200000, 0x0000000743200000| Untracked 
|  17|0x0000000743300000, 0x0000000743400000, 0x0000000743400000|100%| O|  |TAMS 0x0000000743400000, 0x0000000743300000| Untracked 
|  18|0x0000000743400000, 0x0000000743500000, 0x0000000743500000|100%| O|  |TAMS 0x0000000743500000, 0x0000000743400000| Untracked 
|  19|0x0000000743500000, 0x0000000743600000, 0x0000000743600000|100%| O|  |TAMS 0x0000000743600000, 0x0000000743500000| Untracked 
|  20|0x0000000743600000, 0x0000000743700000, 0x0000000743700000|100%| O|  |TAMS 0x0000000743700000, 0x0000000743600000| Untracked 
|  21|0x0000000743700000, 0x0000000743800000, 0x0000000743800000|100%| O|  |TAMS 0x000000074373d400, 0x0000000743700000| Untracked 
|  22|0x0000000743800000, 0x0000000743900000, 0x0000000743900000|100%| O|  |TAMS 0x0000000743800000, 0x0000000743800000| Untracked 
|  23|0x0000000743900000, 0x00000007439dce00, 0x0000000743a00000| 86%| O|  |TAMS 0x0000000743900000, 0x0000000743900000| Untracked 
|  24|0x0000000743a00000, 0x0000000743a00000, 0x0000000743b00000|  0%| F|  |TAMS 0x0000000743a00000, 0x0000000743a00000| Untracked 
|  25|0x0000000743b00000, 0x0000000743b00000, 0x0000000743c00000|  0%| F|  |TAMS 0x0000000743b00000, 0x0000000743b00000| Untracked 
|  26|0x0000000743c00000, 0x0000000743c00000, 0x0000000743d00000|  0%| F|  |TAMS 0x0000000743c00000, 0x0000000743c00000| Untracked 
|  27|0x0000000743d00000, 0x0000000743d00000, 0x0000000743e00000|  0%| F|  |TAMS 0x0000000743d00000, 0x0000000743d00000| Untracked 
|  28|0x0000000743e00000, 0x0000000743e00000, 0x0000000743f00000|  0%| F|  |TAMS 0x0000000743e00000, 0x0000000743e00000| Untracked 
|  29|0x0000000743f00000, 0x0000000743f00000, 0x0000000744000000|  0%| F|  |TAMS 0x0000000743f00000, 0x0000000743f00000| Untracked 
|  30|0x0000000744000000, 0x0000000744000000, 0x0000000744100000|  0%| F|  |TAMS 0x0000000744000000, 0x0000000744000000| Untracked 
|  31|0x0000000744100000, 0x0000000744100000, 0x0000000744200000|  0%| F|  |TAMS 0x0000000744100000, 0x0000000744100000| Untracked 
|  32|0x0000000744200000, 0x0000000744200000, 0x0000000744300000|  0%| F|  |TAMS 0x0000000744200000, 0x0000000744200000| Untracked 
|  33|0x0000000744300000, 0x0000000744300000, 0x0000000744400000|  0%| F|  |TAMS 0x0000000744300000, 0x0000000744300000| Untracked 
|  34|0x0000000744400000, 0x0000000744400000, 0x0000000744500000|  0%| F|  |TAMS 0x0000000744400000, 0x0000000744400000| Untracked 
|  35|0x0000000744500000, 0x0000000744500000, 0x0000000744600000|  0%| F|  |TAMS 0x0000000744500000, 0x0000000744500000| Untracked 
|  36|0x0000000744600000, 0x0000000744600000, 0x0000000744700000|  0%| F|  |TAMS 0x0000000744600000, 0x0000000744600000| Untracked 
|  37|0x0000000744700000, 0x0000000744700000, 0x0000000744800000|  0%| F|  |TAMS 0x0000000744700000, 0x0000000744700000| Untracked 
|  38|0x0000000744800000, 0x0000000744800000, 0x0000000744900000|  0%| F|  |TAMS 0x0000000744800000, 0x0000000744800000| Untracked 
|  39|0x0000000744900000, 0x0000000744900000, 0x0000000744a00000|  0%| F|  |TAMS 0x0000000744900000, 0x0000000744900000| Untracked 
|  40|0x0000000744a00000, 0x0000000744a00000, 0x0000000744b00000|  0%| F|  |TAMS 0x0000000744a00000, 0x0000000744a00000| Untracked 
|  41|0x0000000744b00000, 0x0000000744b00000, 0x0000000744c00000|  0%| F|  |TAMS 0x0000000744b00000, 0x0000000744b00000| Untracked 
|  42|0x0000000744c00000, 0x0000000744c00000, 0x0000000744d00000|  0%| F|  |TAMS 0x0000000744c00000, 0x0000000744c00000| Untracked 
|  43|0x0000000744d00000, 0x0000000744d00000, 0x0000000744e00000|  0%| F|  |TAMS 0x0000000744d00000, 0x0000000744d00000| Untracked 
|  44|0x0000000744e00000, 0x0000000744e00000, 0x0000000744f00000|  0%| F|  |TAMS 0x0000000744e00000, 0x0000000744e00000| Untracked 
|  45|0x0000000744f00000, 0x0000000744f00000, 0x0000000745000000|  0%| F|  |TAMS 0x0000000744f00000, 0x0000000744f00000| Untracked 
|  46|0x0000000745000000, 0x0000000745000000, 0x0000000745100000|  0%| F|  |TAMS 0x0000000745000000, 0x0000000745000000| Untracked 
|  47|0x0000000745100000, 0x0000000745100000, 0x0000000745200000|  0%| F|  |TAMS 0x0000000745100000, 0x0000000745100000| Untracked 
|  48|0x0000000745200000, 0x0000000745200000, 0x0000000745300000|  0%| F|  |TAMS 0x0000000745200000, 0x0000000745200000| Untracked 
|  49|0x0000000745300000, 0x0000000745300000, 0x0000000745400000|  0%| F|  |TAMS 0x0000000745300000, 0x0000000745300000| Untracked 
|  50|0x0000000745400000, 0x0000000745400000, 0x0000000745500000|  0%| F|  |TAMS 0x0000000745400000, 0x0000000745400000| Untracked 
|  51|0x0000000745500000, 0x0000000745500000, 0x0000000745600000|  0%| F|  |TAMS 0x0000000745500000, 0x0000000745500000| Untracked 
|  52|0x0000000745600000, 0x0000000745600000, 0x0000000745700000|  0%| F|  |TAMS 0x0000000745600000, 0x0000000745600000| Untracked 
|  53|0x0000000745700000, 0x0000000745700000, 0x0000000745800000|  0%| F|  |TAMS 0x0000000745700000, 0x0000000745700000| Untracked 
|  54|0x0000000745800000, 0x0000000745800000, 0x0000000745900000|  0%| F|  |TAMS 0x0000000745800000, 0x0000000745800000| Untracked 
|  55|0x0000000745900000, 0x0000000745900000, 0x0000000745a00000|  0%| F|  |TAMS 0x0000000745900000, 0x0000000745900000| Untracked 
|  56|0x0000000745a00000, 0x0000000745a00000, 0x0000000745b00000|  0%| F|  |TAMS 0x0000000745a00000, 0x0000000745a00000| Untracked 
|  57|0x0000000745b00000, 0x0000000745b00000, 0x0000000745c00000|  0%| F|  |TAMS 0x0000000745b00000, 0x0000000745b00000| Untracked 
|  58|0x0000000745c00000, 0x0000000745c00000, 0x0000000745d00000|  0%| F|  |TAMS 0x0000000745c00000, 0x0000000745c00000| Untracked 
|  59|0x0000000745d00000, 0x0000000745d00000, 0x0000000745e00000|  0%| F|  |TAMS 0x0000000745d00000, 0x0000000745d00000| Untracked 
|  60|0x0000000745e00000, 0x0000000745e00000, 0x0000000745f00000|  0%| F|  |TAMS 0x0000000745e00000, 0x0000000745e00000| Untracked 
|  61|0x0000000745f00000, 0x0000000745f00000, 0x0000000746000000|  0%| F|  |TAMS 0x0000000745f00000, 0x0000000745f00000| Untracked 
|  62|0x0000000746000000, 0x0000000746000000, 0x0000000746100000|  0%| F|  |TAMS 0x0000000746000000, 0x0000000746000000| Untracked 
|  63|0x0000000746100000, 0x0000000746100000, 0x0000000746200000|  0%| F|  |TAMS 0x0000000746100000, 0x0000000746100000| Untracked 
|  64|0x0000000746200000, 0x0000000746200000, 0x0000000746300000|  0%| F|  |TAMS 0x0000000746200000, 0x0000000746200000| Untracked 
|  65|0x0000000746300000, 0x0000000746300000, 0x0000000746400000|  0%| F|  |TAMS 0x0000000746300000, 0x0000000746300000| Untracked 
|  66|0x0000000746400000, 0x0000000746400000, 0x0000000746500000|  0%| F|  |TAMS 0x0000000746400000, 0x0000000746400000| Untracked 
|  67|0x0000000746500000, 0x0000000746500000, 0x0000000746600000|  0%| F|  |TAMS 0x0000000746500000, 0x0000000746500000| Untracked 
|  68|0x0000000746600000, 0x0000000746600000, 0x0000000746700000|  0%| F|  |TAMS 0x0000000746600000, 0x0000000746600000| Untracked 
|  69|0x0000000746700000, 0x0000000746700000, 0x0000000746800000|  0%| F|  |TAMS 0x0000000746700000, 0x0000000746700000| Untracked 
|  70|0x0000000746800000, 0x0000000746800000, 0x0000000746900000|  0%| F|  |TAMS 0x0000000746800000, 0x0000000746800000| Untracked 
|  71|0x0000000746900000, 0x0000000746900000, 0x0000000746a00000|  0%| F|  |TAMS 0x0000000746900000, 0x0000000746900000| Untracked 
|  72|0x0000000746a00000, 0x0000000746a00000, 0x0000000746b00000|  0%| F|  |TAMS 0x0000000746a00000, 0x0000000746a00000| Untracked 
|  73|0x0000000746b00000, 0x0000000746b00000, 0x0000000746c00000|  0%| F|  |TAMS 0x0000000746b00000, 0x0000000746b00000| Untracked 
|  74|0x0000000746c00000, 0x0000000746c00000, 0x0000000746d00000|  0%| F|  |TAMS 0x0000000746c00000, 0x0000000746c00000| Untracked 
|  75|0x0000000746d00000, 0x0000000746d00000, 0x0000000746e00000|  0%| F|  |TAMS 0x0000000746d00000, 0x0000000746d00000| Untracked 
|  76|0x0000000746e00000, 0x0000000746e00000, 0x0000000746f00000|  0%| F|  |TAMS 0x0000000746e00000, 0x0000000746e00000| Untracked 
|  77|0x0000000746f00000, 0x0000000746f00000, 0x0000000747000000|  0%| F|  |TAMS 0x0000000746f00000, 0x0000000746f00000| Untracked 
|  78|0x0000000747000000, 0x0000000747000000, 0x0000000747100000|  0%| F|  |TAMS 0x0000000747000000, 0x0000000747000000| Untracked 
|  79|0x0000000747100000, 0x0000000747100000, 0x0000000747200000|  0%| F|  |TAMS 0x0000000747100000, 0x0000000747100000| Untracked 
|  80|0x0000000747200000, 0x0000000747200000, 0x0000000747300000|  0%| F|  |TAMS 0x0000000747200000, 0x0000000747200000| Untracked 
|  81|0x0000000747300000, 0x0000000747300000, 0x0000000747400000|  0%| F|  |TAMS 0x0000000747300000, 0x0000000747300000| Untracked 
|  82|0x0000000747400000, 0x0000000747400000, 0x0000000747500000|  0%| F|  |TAMS 0x0000000747400000, 0x0000000747400000| Untracked 
|  83|0x0000000747500000, 0x0000000747500000, 0x0000000747600000|  0%| F|  |TAMS 0x0000000747500000, 0x0000000747500000| Untracked 
|  84|0x0000000747600000, 0x0000000747600000, 0x0000000747700000|  0%| F|  |TAMS 0x0000000747600000, 0x0000000747600000| Untracked 
|  85|0x0000000747700000, 0x0000000747700000, 0x0000000747800000|  0%| F|  |TAMS 0x0000000747700000, 0x0000000747700000| Untracked 
|  86|0x0000000747800000, 0x0000000747800000, 0x0000000747900000|  0%| F|  |TAMS 0x0000000747800000, 0x0000000747800000| Untracked 
|  87|0x0000000747900000, 0x0000000747900000, 0x0000000747a00000|  0%| F|  |TAMS 0x0000000747900000, 0x0000000747900000| Untracked 
|  88|0x0000000747a00000, 0x0000000747a00000, 0x0000000747b00000|  0%| F|  |TAMS 0x0000000747a00000, 0x0000000747a00000| Untracked 
|  89|0x0000000747b00000, 0x0000000747b00000, 0x0000000747c00000|  0%| F|  |TAMS 0x0000000747b00000, 0x0000000747b00000| Untracked 
|  90|0x0000000747c00000, 0x0000000747cad6f0, 0x0000000747d00000| 67%| S|CS|TAMS 0x0000000747c00000, 0x0000000747c00000| Complete 
|  91|0x0000000747d00000, 0x0000000747e00000, 0x0000000747e00000|100%| S|CS|TAMS 0x0000000747d00000, 0x0000000747d00000| Complete 
|  92|0x0000000747e00000, 0x0000000747f00000, 0x0000000747f00000|100%| S|CS|TAMS 0x0000000747e00000, 0x0000000747e00000| Complete 
|  93|0x0000000747f00000, 0x0000000748000000, 0x0000000748000000|100%| S|CS|TAMS 0x0000000747f00000, 0x0000000747f00000| Complete 
|  94|0x0000000748000000, 0x0000000748100000, 0x0000000748100000|100%| S|CS|TAMS 0x0000000748000000, 0x0000000748000000| Complete 
|  95|0x0000000748100000, 0x0000000748200000, 0x0000000748200000|100%| S|CS|TAMS 0x0000000748100000, 0x0000000748100000| Complete 
|  96|0x0000000748200000, 0x0000000748300000, 0x0000000748300000|100%| S|CS|TAMS 0x0000000748200000, 0x0000000748200000| Complete 
|  97|0x0000000748300000, 0x0000000748400000, 0x0000000748400000|100%| S|CS|TAMS 0x0000000748300000, 0x0000000748300000| Complete 
|  98|0x0000000748400000, 0x0000000748500000, 0x0000000748500000|100%| S|CS|TAMS 0x0000000748400000, 0x0000000748400000| Complete 
|  99|0x0000000748500000, 0x0000000748600000, 0x0000000748600000|100%| S|CS|TAMS 0x0000000748500000, 0x0000000748500000| Complete 
| 100|0x0000000748600000, 0x0000000748600000, 0x0000000748700000|  0%| F|  |TAMS 0x0000000748600000, 0x0000000748600000| Untracked 
| 101|0x0000000748700000, 0x0000000748700000, 0x0000000748800000|  0%| F|  |TAMS 0x0000000748700000, 0x0000000748700000| Untracked 
| 102|0x0000000748800000, 0x0000000748800000, 0x0000000748900000|  0%| F|  |TAMS 0x0000000748800000, 0x0000000748800000| Untracked 
| 103|0x0000000748900000, 0x0000000748900000, 0x0000000748a00000|  0%| F|  |TAMS 0x0000000748900000, 0x0000000748900000| Untracked 
| 104|0x0000000748a00000, 0x0000000748a00000, 0x0000000748b00000|  0%| F|  |TAMS 0x0000000748a00000, 0x0000000748a00000| Untracked 
| 105|0x0000000748b00000, 0x0000000748b00000, 0x0000000748c00000|  0%| F|  |TAMS 0x0000000748b00000, 0x0000000748b00000| Untracked 
| 106|0x0000000748c00000, 0x0000000748c00000, 0x0000000748d00000|  0%| F|  |TAMS 0x0000000748c00000, 0x0000000748c00000| Untracked 
| 107|0x0000000748d00000, 0x0000000748d00000, 0x0000000748e00000|  0%| F|  |TAMS 0x0000000748d00000, 0x0000000748d00000| Untracked 
| 108|0x0000000748e00000, 0x0000000748e00000, 0x0000000748f00000|  0%| F|  |TAMS 0x0000000748e00000, 0x0000000748e00000| Untracked 
| 109|0x0000000748f00000, 0x0000000748f00000, 0x0000000749000000|  0%| F|  |TAMS 0x0000000748f00000, 0x0000000748f00000| Untracked 
| 110|0x0000000749000000, 0x0000000749000000, 0x0000000749100000|  0%| F|  |TAMS 0x0000000749000000, 0x0000000749000000| Untracked 
| 111|0x0000000749100000, 0x0000000749100000, 0x0000000749200000|  0%| F|  |TAMS 0x0000000749100000, 0x0000000749100000| Untracked 
| 112|0x0000000749200000, 0x0000000749200000, 0x0000000749300000|  0%| F|  |TAMS 0x0000000749200000, 0x0000000749200000| Untracked 
| 113|0x0000000749300000, 0x0000000749300000, 0x0000000749400000|  0%| F|  |TAMS 0x0000000749300000, 0x0000000749300000| Untracked 
| 114|0x0000000749400000, 0x0000000749400000, 0x0000000749500000|  0%| F|  |TAMS 0x0000000749400000, 0x0000000749400000| Untracked 
| 115|0x0000000749500000, 0x0000000749500000, 0x0000000749600000|  0%| F|  |TAMS 0x0000000749500000, 0x0000000749500000| Untracked 
| 116|0x0000000749600000, 0x0000000749600000, 0x0000000749700000|  0%| F|  |TAMS 0x0000000749600000, 0x0000000749600000| Untracked 
| 117|0x0000000749700000, 0x0000000749700000, 0x0000000749800000|  0%| F|  |TAMS 0x0000000749700000, 0x0000000749700000| Untracked 
| 118|0x0000000749800000, 0x0000000749800000, 0x0000000749900000|  0%| F|  |TAMS 0x0000000749800000, 0x0000000749800000| Untracked 
| 119|0x0000000749900000, 0x0000000749900000, 0x0000000749a00000|  0%| F|  |TAMS 0x0000000749900000, 0x0000000749900000| Untracked 
| 120|0x0000000749a00000, 0x0000000749a00000, 0x0000000749b00000|  0%| F|  |TAMS 0x0000000749a00000, 0x0000000749a00000| Untracked 
| 121|0x0000000749b00000, 0x0000000749b00000, 0x0000000749c00000|  0%| F|  |TAMS 0x0000000749b00000, 0x0000000749b00000| Untracked 
| 122|0x0000000749c00000, 0x0000000749c00000, 0x0000000749d00000|  0%| F|  |TAMS 0x0000000749c00000, 0x0000000749c00000| Untracked 
| 123|0x0000000749d00000, 0x0000000749d00000, 0x0000000749e00000|  0%| F|  |TAMS 0x0000000749d00000, 0x0000000749d00000| Untracked 
| 124|0x0000000749e00000, 0x0000000749e00000, 0x0000000749f00000|  0%| F|  |TAMS 0x0000000749e00000, 0x0000000749e00000| Untracked 
| 125|0x0000000749f00000, 0x0000000749f00000, 0x000000074a000000|  0%| F|  |TAMS 0x0000000749f00000, 0x0000000749f00000| Untracked 
| 126|0x000000074a000000, 0x000000074a000000, 0x000000074a100000|  0%| F|  |TAMS 0x000000074a000000, 0x000000074a000000| Untracked 
| 127|0x000000074a100000, 0x000000074a100000, 0x000000074a200000|  0%| F|  |TAMS 0x000000074a100000, 0x000000074a100000| Untracked 
| 128|0x000000074a200000, 0x000000074a200000, 0x000000074a300000|  0%| F|  |TAMS 0x000000074a200000, 0x000000074a200000| Untracked 
| 129|0x000000074a300000, 0x000000074a300000, 0x000000074a400000|  0%| F|  |TAMS 0x000000074a300000, 0x000000074a300000| Untracked 
| 130|0x000000074a400000, 0x000000074a400000, 0x000000074a500000|  0%| F|  |TAMS 0x000000074a400000, 0x000000074a400000| Untracked 
| 131|0x000000074a500000, 0x000000074a500000, 0x000000074a600000|  0%| F|  |TAMS 0x000000074a500000, 0x000000074a500000| Untracked 
| 132|0x000000074a600000, 0x000000074a600000, 0x000000074a700000|  0%| F|  |TAMS 0x000000074a600000, 0x000000074a600000| Untracked 
| 133|0x000000074a700000, 0x000000074a700000, 0x000000074a800000|  0%| F|  |TAMS 0x000000074a700000, 0x000000074a700000| Untracked 
| 134|0x000000074a800000, 0x000000074a800000, 0x000000074a900000|  0%| F|  |TAMS 0x000000074a800000, 0x000000074a800000| Untracked 
| 135|0x000000074a900000, 0x000000074a900000, 0x000000074aa00000|  0%| F|  |TAMS 0x000000074a900000, 0x000000074a900000| Untracked 
| 136|0x000000074aa00000, 0x000000074aa00000, 0x000000074ab00000|  0%| F|  |TAMS 0x000000074aa00000, 0x000000074aa00000| Untracked 
| 137|0x000000074ab00000, 0x000000074ab00000, 0x000000074ac00000|  0%| F|  |TAMS 0x000000074ab00000, 0x000000074ab00000| Untracked 
| 138|0x000000074ac00000, 0x000000074ac00000, 0x000000074ad00000|  0%| F|  |TAMS 0x000000074ac00000, 0x000000074ac00000| Untracked 
| 139|0x000000074ad00000, 0x000000074ad00000, 0x000000074ae00000|  0%| F|  |TAMS 0x000000074ad00000, 0x000000074ad00000| Untracked 
| 140|0x000000074ae00000, 0x000000074ae00000, 0x000000074af00000|  0%| F|  |TAMS 0x000000074ae00000, 0x000000074ae00000| Untracked 
| 141|0x000000074af00000, 0x000000074af00000, 0x000000074b000000|  0%| F|  |TAMS 0x000000074af00000, 0x000000074af00000| Untracked 
| 142|0x000000074b000000, 0x000000074b000000, 0x000000074b100000|  0%| F|  |TAMS 0x000000074b000000, 0x000000074b000000| Untracked 
| 143|0x000000074b100000, 0x000000074b100000, 0x000000074b200000|  0%| F|  |TAMS 0x000000074b100000, 0x000000074b100000| Untracked 
| 144|0x000000074b200000, 0x000000074b200000, 0x000000074b300000|  0%| F|  |TAMS 0x000000074b200000, 0x000000074b200000| Untracked 
| 145|0x000000074b300000, 0x000000074b300000, 0x000000074b400000|  0%| F|  |TAMS 0x000000074b300000, 0x000000074b300000| Untracked 
| 146|0x000000074b400000, 0x000000074b400000, 0x000000074b500000|  0%| F|  |TAMS 0x000000074b400000, 0x000000074b400000| Untracked 
| 147|0x000000074b500000, 0x000000074b500000, 0x000000074b600000|  0%| F|  |TAMS 0x000000074b500000, 0x000000074b500000| Untracked 
| 148|0x000000074b600000, 0x000000074b600000, 0x000000074b700000|  0%| F|  |TAMS 0x000000074b600000, 0x000000074b600000| Untracked 
| 149|0x000000074b700000, 0x000000074b700000, 0x000000074b800000|  0%| F|  |TAMS 0x000000074b700000, 0x000000074b700000| Untracked 
| 150|0x000000074b800000, 0x000000074b800000, 0x000000074b900000|  0%| F|  |TAMS 0x000000074b800000, 0x000000074b800000| Untracked 
| 151|0x000000074b900000, 0x000000074b900000, 0x000000074ba00000|  0%| F|  |TAMS 0x000000074b900000, 0x000000074b900000| Untracked 
| 152|0x000000074ba00000, 0x000000074ba00000, 0x000000074bb00000|  0%| F|  |TAMS 0x000000074ba00000, 0x000000074ba00000| Untracked 
| 153|0x000000074bb00000, 0x000000074bb00000, 0x000000074bc00000|  0%| F|  |TAMS 0x000000074bb00000, 0x000000074bb00000| Untracked 
| 154|0x000000074bc00000, 0x000000074bc00000, 0x000000074bd00000|  0%| F|  |TAMS 0x000000074bc00000, 0x000000074bc00000| Untracked 
| 155|0x000000074bd00000, 0x000000074bd00000, 0x000000074be00000|  0%| F|  |TAMS 0x000000074bd00000, 0x000000074bd00000| Untracked 
| 156|0x000000074be00000, 0x000000074be00000, 0x000000074bf00000|  0%| F|  |TAMS 0x000000074be00000, 0x000000074be00000| Untracked 
| 157|0x000000074bf00000, 0x000000074bf00000, 0x000000074c000000|  0%| F|  |TAMS 0x000000074bf00000, 0x000000074bf00000| Untracked 
| 158|0x000000074c000000, 0x000000074c000000, 0x000000074c100000|  0%| F|  |TAMS 0x000000074c000000, 0x000000074c000000| Untracked 
| 159|0x000000074c100000, 0x000000074c100000, 0x000000074c200000|  0%| F|  |TAMS 0x000000074c100000, 0x000000074c100000| Untracked 
| 160|0x000000074c200000, 0x000000074c200000, 0x000000074c300000|  0%| F|  |TAMS 0x000000074c200000, 0x000000074c200000| Untracked 
| 161|0x000000074c300000, 0x000000074c300000, 0x000000074c400000|  0%| F|  |TAMS 0x000000074c300000, 0x000000074c300000| Untracked 
| 162|0x000000074c400000, 0x000000074c400000, 0x000000074c500000|  0%| F|  |TAMS 0x000000074c400000, 0x000000074c400000| Untracked 
| 163|0x000000074c500000, 0x000000074c500000, 0x000000074c600000|  0%| F|  |TAMS 0x000000074c500000, 0x000000074c500000| Untracked 
| 164|0x000000074c600000, 0x000000074c600000, 0x000000074c700000|  0%| F|  |TAMS 0x000000074c600000, 0x000000074c600000| Untracked 
| 165|0x000000074c700000, 0x000000074c700000, 0x000000074c800000|  0%| F|  |TAMS 0x000000074c700000, 0x000000074c700000| Untracked 
| 166|0x000000074c800000, 0x000000074c800000, 0x000000074c900000|  0%| F|  |TAMS 0x000000074c800000, 0x000000074c800000| Untracked 
| 167|0x000000074c900000, 0x000000074c900000, 0x000000074ca00000|  0%| F|  |TAMS 0x000000074c900000, 0x000000074c900000| Untracked 
| 168|0x000000074ca00000, 0x000000074ca00000, 0x000000074cb00000|  0%| F|  |TAMS 0x000000074ca00000, 0x000000074ca00000| Untracked 
| 169|0x000000074cb00000, 0x000000074cb00000, 0x000000074cc00000|  0%| F|  |TAMS 0x000000074cb00000, 0x000000074cb00000| Untracked 
| 170|0x000000074cc00000, 0x000000074cc00000, 0x000000074cd00000|  0%| F|  |TAMS 0x000000074cc00000, 0x000000074cc00000| Untracked 
| 171|0x000000074cd00000, 0x000000074cd00000, 0x000000074ce00000|  0%| F|  |TAMS 0x000000074cd00000, 0x000000074cd00000| Untracked 
| 172|0x000000074ce00000, 0x000000074ce00000, 0x000000074cf00000|  0%| F|  |TAMS 0x000000074ce00000, 0x000000074ce00000| Untracked 
| 173|0x000000074cf00000, 0x000000074cf00000, 0x000000074d000000|  0%| F|  |TAMS 0x000000074cf00000, 0x000000074cf00000| Untracked 
| 174|0x000000074d000000, 0x000000074d000000, 0x000000074d100000|  0%| F|  |TAMS 0x000000074d000000, 0x000000074d000000| Untracked 
| 175|0x000000074d100000, 0x000000074d100000, 0x000000074d200000|  0%| F|  |TAMS 0x000000074d100000, 0x000000074d100000| Untracked 
| 176|0x000000074d200000, 0x000000074d200000, 0x000000074d300000|  0%| F|  |TAMS 0x000000074d200000, 0x000000074d200000| Untracked 
| 177|0x000000074d300000, 0x000000074d300000, 0x000000074d400000|  0%| F|  |TAMS 0x000000074d300000, 0x000000074d300000| Untracked 
| 178|0x000000074d400000, 0x000000074d400000, 0x000000074d500000|  0%| F|  |TAMS 0x000000074d400000, 0x000000074d400000| Untracked 
| 179|0x000000074d500000, 0x000000074d500000, 0x000000074d600000|  0%| F|  |TAMS 0x000000074d500000, 0x000000074d500000| Untracked 
| 180|0x000000074d600000, 0x000000074d600000, 0x000000074d700000|  0%| F|  |TAMS 0x000000074d600000, 0x000000074d600000| Untracked 
| 181|0x000000074d700000, 0x000000074d700000, 0x000000074d800000|  0%| F|  |TAMS 0x000000074d700000, 0x000000074d700000| Untracked 
| 182|0x000000074d800000, 0x000000074d800000, 0x000000074d900000|  0%| F|  |TAMS 0x000000074d800000, 0x000000074d800000| Untracked 
| 183|0x000000074d900000, 0x000000074d900000, 0x000000074da00000|  0%| F|  |TAMS 0x000000074d900000, 0x000000074d900000| Untracked 
| 184|0x000000074da00000, 0x000000074da00000, 0x000000074db00000|  0%| F|  |TAMS 0x000000074da00000, 0x000000074da00000| Untracked 
| 185|0x000000074db00000, 0x000000074db00000, 0x000000074dc00000|  0%| F|  |TAMS 0x000000074db00000, 0x000000074db00000| Untracked 
| 186|0x000000074dc00000, 0x000000074dc00000, 0x000000074dd00000|  0%| F|  |TAMS 0x000000074dc00000, 0x000000074dc00000| Untracked 
| 187|0x000000074dd00000, 0x000000074dd00000, 0x000000074de00000|  0%| F|  |TAMS 0x000000074dd00000, 0x000000074dd00000| Untracked 
| 188|0x000000074de00000, 0x000000074de00000, 0x000000074df00000|  0%| F|  |TAMS 0x000000074de00000, 0x000000074de00000| Untracked 
| 189|0x000000074df00000, 0x000000074df00000, 0x000000074e000000|  0%| F|  |TAMS 0x000000074df00000, 0x000000074df00000| Untracked 

Card table byte_map: [0x00000223dad60000,0x00000223db350000] _byte_map_base: 0x00000223d734f000

Marking Bits (Prev, Next): (CMBitMap*) 0x00000223c7ce4098, (CMBitMap*) 0x00000223c7ce40d0
 Prev Bits: [0x00000223db940000, 0x00000223de8b8000)
 Next Bits: [0x00000223de8c0000, 0x00000223e1838000)

Polling page: 0x00000223c5c80000

Metaspace:

Usage:
  Non-class:     42.01 MB capacity,    41.64 MB (>99%) used,   307.05 KB ( <1%) free+waste,    73.25 KB ( <1%) overhead. 
      Class:      5.75 MB capacity,     5.52 MB ( 96%) used,   193.30 KB (  3%) free+waste,    33.00 KB ( <1%) overhead. 
       Both:     47.76 MB capacity,    47.16 MB ( 99%) used,   500.34 KB (  1%) free+waste,   106.25 KB ( <1%) overhead. 

Virtual space:
  Non-class space:       44.00 MB reserved,      42.25 MB ( 96%) committed 
      Class space:        1.00 GB reserved,       5.75 MB ( <1%) committed 
             Both:        1.04 GB reserved,      48.00 MB (  4%) committed 

Chunk freelists:
   Non-Class:  53.00 KB
       Class:  5.00 KB
        Both:  58.00 KB

MaxMetaspaceSize: 17179869184.00 GB
CompressedClassSpaceSize: 1.00 GB

CodeHeap 'non-profiled nmethods': size=120064Kb used=1571Kb max_used=1571Kb free=118492Kb
 bounds [0x00000223d3230000, 0x00000223d34a0000, 0x00000223da770000]
CodeHeap 'profiled nmethods': size=120000Kb used=8279Kb max_used=8279Kb free=111720Kb
 bounds [0x00000223cbd00000, 0x00000223cc520000, 0x00000223d3230000]
CodeHeap 'non-nmethods': size=5696Kb used=1193Kb max_used=1241Kb free=4502Kb
 bounds [0x00000223cb770000, 0x00000223cb9e0000, 0x00000223cbd00000]
 total_blobs=4284 nmethods=3748 adapters=447
 compilation: enabled
              stopped_count=0, restarted_count=0
 full_count=0

Compilation events (20 events):
Event: 4.955 Thread 0x00000223e4606000 3777       2       org.jetbrains.kotlin.com.intellij.openapi.util.NotNullLazyValue::getValue (42 bytes)
Event: 4.956 Thread 0x00000223e4606000 nmethod 3777 0x00000223cc512990 code [0x00000223cc512b80, 0x00000223cc512e78]
Event: 4.956 Thread 0x00000223e4606000 3778       2       org.jetbrains.kotlin.com.intellij.util.containers.ContainerUtil::addIfNotNull (23 bytes)
Event: 4.956 Thread 0x00000223e4606000 nmethod 3778 0x00000223cc513010 code [0x00000223cc5131e0, 0x00000223cc513338]
Event: 4.957 Thread 0x00000223e4606000 3779       2       org.jetbrains.kotlin.com.intellij.util.containers.IntArrayList::ensureCapacity (57 bytes)
Event: 4.957 Thread 0x00000223e4606000 nmethod 3779 0x00000223cc513410 code [0x00000223cc5135e0, 0x00000223cc5138c8]
Event: 4.960 Thread 0x00000223e4606000 3780       1       org.jetbrains.kotlin.load.java.structure.impl.classFiles.BinaryJavaClass::getOuterClass (5 bytes)
Event: 4.960 Thread 0x00000223e4606000 nmethod 3780 0x00000223d33b8990 code [0x00000223d33b8b40, 0x00000223d33b8bf8]
Event: 4.962 Thread 0x00000223e4606000 3781       1       org.jetbrains.kotlin.load.java.lazy.types.JavaTypeAttributes::isForAnnotationParameter (5 bytes)
Event: 4.962 Thread 0x00000223e4606000 nmethod 3781 0x00000223d33b8c90 code [0x00000223d33b8e40, 0x00000223d33b8ef8]
Event: 4.966 Thread 0x00000223e4606000 3782       2       org.jetbrains.kotlin.com.intellij.util.containers.hash.LinkedHashMap$Entry::access$002 (7 bytes)
Event: 4.966 Thread 0x00000223e4606000 nmethod 3782 0x00000223cc513a10 code [0x00000223cc513bc0, 0x00000223cc513cf8]
Event: 4.967 Thread 0x00000223e4606000 3783       2       gnu.trove.THashMap::<init> (5 bytes)
Event: 4.967 Thread 0x00000223e4606000 nmethod 3783 0x00000223cc513e10 code [0x00000223cc513fe0, 0x00000223cc514168]
Event: 4.968 Thread 0x00000223e4606000 3784       2       kotlin.UnsafeLazyImpl::getValue (40 bytes)
Event: 4.968 Thread 0x00000223e4606000 nmethod 3784 0x00000223cc514210 code [0x00000223cc514400, 0x00000223cc514778]
Event: 4.968 Thread 0x00000223e4606000 3786       2       gnu.trove.THashMap::rehash (124 bytes)
Event: 4.969 Thread 0x00000223e4606000 nmethod 3786 0x00000223cc514910 code [0x00000223cc514b20, 0x00000223cc5152f8]
Event: 4.969 Thread 0x00000223e4606000 3785       2       org.jetbrains.kotlin.types.AbstractTypeConstructor::hashCode (67 bytes)
Event: 4.969 Thread 0x00000223e4606000 nmethod 3785 0x00000223cc515690 code [0x00000223cc5158c0, 0x00000223cc515ca8]

GC Heap History (9 events):
Event: 0.522 GC heap before
{Heap before GC invocations=0 (full 0):
 garbage-first heap   total 194560K, used 17408K [0x0000000742200000, 0x0000000800000000)
  region size 1024K, 14 young (14336K), 0 survivors (0K)
 Metaspace       used 9788K, capacity 9871K, committed 10112K, reserved 1058816K
  class space    used 829K, capacity 884K, committed 896K, reserved 1048576K
}
Event: 0.525 GC heap after
{Heap after GC invocations=1 (full 0):
 garbage-first heap   total 194560K, used 5142K [0x0000000742200000, 0x0000000800000000)
  region size 1024K, 2 young (2048K), 2 survivors (2048K)
 Metaspace       used 9788K, capacity 9871K, committed 10112K, reserved 1058816K
  class space    used 829K, capacity 884K, committed 896K, reserved 1048576K
}
Event: 1.475 GC heap before
{Heap before GC invocations=1 (full 0):
 garbage-first heap   total 194560K, used 51222K [0x0000000742200000, 0x0000000800000000)
  region size 1024K, 48 young (49152K), 2 survivors (2048K)
 Metaspace       used 20933K, capacity 21102K, committed 21248K, reserved 1069056K
  class space    used 2220K, capacity 2286K, committed 2304K, reserved 1048576K
}
Event: 1.489 GC heap after
{Heap after GC invocations=2 (full 0):
 garbage-first heap   total 194560K, used 9295K [0x0000000742200000, 0x0000000800000000)
  region size 1024K, 7 young (7168K), 7 survivors (7168K)
 Metaspace       used 20933K, capacity 21102K, committed 21248K, reserved 1069056K
  class space    used 2220K, capacity 2286K, committed 2304K, reserved 1048576K
}
Event: 2.620 GC heap before
{Heap before GC invocations=3 (full 0):
 garbage-first heap   total 194560K, used 71759K [0x0000000742200000, 0x0000000800000000)
  region size 1024K, 56 young (57344K), 7 survivors (7168K)
 Metaspace       used 30988K, capacity 31403K, committed 31616K, reserved 1077248K
  class space    used 3682K, capacity 3857K, committed 3968K, reserved 1048576K
}
Event: 2.637 GC heap after
{Heap after GC invocations=4 (full 0):
 garbage-first heap   total 194560K, used 24449K [0x0000000742200000, 0x0000000800000000)
  region size 1024K, 7 young (7168K), 7 survivors (7168K)
 Metaspace       used 30988K, capacity 31403K, committed 31616K, reserved 1077248K
  class space    used 3682K, capacity 3857K, committed 3968K, reserved 1048576K
}
Event: 3.026 GC heap before
{Heap before GC invocations=4 (full 0):
 garbage-first heap   total 194560K, used 44929K [0x0000000742200000, 0x0000000800000000)
  region size 1024K, 28 young (28672K), 7 survivors (7168K)
 Metaspace       used 35110K, capacity 35498K, committed 35584K, reserved 1081344K
  class space    used 4122K, capacity 4283K, committed 4352K, reserved 1048576K
}
Event: 3.036 GC heap after
{Heap after GC invocations=5 (full 0):
 garbage-first heap   total 194560K, used 23797K [0x0000000742200000, 0x0000000800000000)
  region size 1024K, 8 young (8192K), 8 survivors (8192K)
 Metaspace       used 35110K, capacity 35498K, committed 35584K, reserved 1081344K
  class space    used 4122K, capacity 4283K, committed 4352K, reserved 1048576K
}
Event: 4.972 GC heap before
{Heap before GC invocations=6 (full 0):
 garbage-first heap   total 194560K, used 110837K [0x0000000742200000, 0x0000000800000000)
  region size 1024K, 90 young (92160K), 8 survivors (8192K)
 Metaspace       used 48295K, capacity 48902K, committed 49152K, reserved 1093632K
  class space    used 5656K, capacity 5883K, committed 5888K, reserved 1048576K
}

Deoptimization events (20 events):
Event: 4.442 Thread 0x00000223c7c92000 Uncommon trap: trap_request=0xffffffc6 fr.pc=0x00000223d3382bc8 relative=0x0000000000000b28
Event: 4.442 Thread 0x00000223c7c92000 Uncommon trap: reason=bimorphic_or_optimized_type_check action=maybe_recompile pc=0x00000223d3382bc8 method=gnu.trove.TObjectHash.insertionIndex(Ljava/lang/Object;)I @ 30 c2
Event: 4.443 Thread 0x00000223c7c92000 DEOPT PACKING pc=0x00000223d3382bc8 sp=0x00000083156f9b70
Event: 4.443 Thread 0x00000223c7c92000 DEOPT UNPACKING pc=0x00000223cb797b2f sp=0x00000083156f9b10 mode 2
Event: 4.443 Thread 0x00000223c7c92000 Uncommon trap: trap_request=0xffffffc6 fr.pc=0x00000223d3382bc8 relative=0x0000000000000b28
Event: 4.443 Thread 0x00000223c7c92000 Uncommon trap: reason=bimorphic_or_optimized_type_check action=maybe_recompile pc=0x00000223d3382bc8 method=gnu.trove.TObjectHash.insertionIndex(Ljava/lang/Object;)I @ 30 c2
Event: 4.443 Thread 0x00000223c7c92000 DEOPT PACKING pc=0x00000223d3382bc8 sp=0x00000083156f9b70
Event: 4.443 Thread 0x00000223c7c92000 DEOPT UNPACKING pc=0x00000223cb797b2f sp=0x00000083156f9b10 mode 2
Event: 4.443 Thread 0x00000223c7c92000 Uncommon trap: trap_request=0xffffffc6 fr.pc=0x00000223d3382bc8 relative=0x0000000000000b28
Event: 4.443 Thread 0x00000223c7c92000 Uncommon trap: reason=bimorphic_or_optimized_type_check action=maybe_recompile pc=0x00000223d3382bc8 method=gnu.trove.TObjectHash.insertionIndex(Ljava/lang/Object;)I @ 30 c2
Event: 4.443 Thread 0x00000223c7c92000 DEOPT PACKING pc=0x00000223d3382bc8 sp=0x00000083156f9b70
Event: 4.443 Thread 0x00000223c7c92000 DEOPT UNPACKING pc=0x00000223cb797b2f sp=0x00000083156f9b10 mode 2
Event: 4.463 Thread 0x00000223c7c92000 Uncommon trap: trap_request=0xffffff4d fr.pc=0x00000223d3352904 relative=0x00000000000005c4
Event: 4.463 Thread 0x00000223c7c92000 Uncommon trap: reason=unstable_if action=reinterpret pc=0x00000223d3352904 method=org.jetbrains.kotlin.com.intellij.lang.impl.PsiBuilderImpl.skipWhitespace()V @ 51 c2
Event: 4.463 Thread 0x00000223c7c92000 DEOPT PACKING pc=0x00000223d3352904 sp=0x00000083156fa140
Event: 4.463 Thread 0x00000223c7c92000 DEOPT UNPACKING pc=0x00000223cb797b2f sp=0x00000083156f9ff0 mode 2
Event: 4.602 Thread 0x00000223c7c92000 DEOPT PACKING pc=0x00000223cc25277f sp=0x00000083156fa840
Event: 4.602 Thread 0x00000223c7c92000 DEOPT UNPACKING pc=0x00000223cb79794e sp=0x00000083156f9c90 mode 0
Event: 4.908 Thread 0x00000223c7c92000 DEOPT PACKING pc=0x00000223cc0ef924 sp=0x00000083156fb520
Event: 4.908 Thread 0x00000223c7c92000 DEOPT UNPACKING pc=0x00000223cb79794e sp=0x00000083156faac0 mode 0

Classes redefined (0 events):
No events

Internal exceptions (20 events):
Event: 1.399 Thread 0x00000223c7c92000 Exception <a 'java/lang/NoSuchMethodError'{0x000000074b448908}: 'long java.lang.invoke.DirectMethodHandle$Holder.invokeStaticInit(java.lang.Object)'> (0x000000074b448908) thrown at [./src/hotspot/share/interpreter/linkResolver.cpp, line 773]
Event: 1.453 Thread 0x00000223c7c92000 Exception <a 'java/lang/NoSuchMethodError'{0x000000074b1b2740}: 'int java.lang.invoke.DirectMethodHandle$Holder.invokeStaticInit(java.lang.Object, java.lang.Object, java.lang.Object)'> (0x000000074b1b2740) thrown at [./src/hotspot/share/interpreter/linkResolver.cpp, line 773]
Event: 1.458 Thread 0x00000223c7c92000 Exception <a 'java/lang/NoSuchMethodError'{0x000000074b1dde50}: 'int java.lang.invoke.DirectMethodHandle$Holder.invokeStaticInit(java.lang.Object, java.lang.Object)'> (0x000000074b1dde50) thrown at [./src/hotspot/share/interpreter/linkResolver.cpp, line 773]
Event: 1.726 Thread 0x00000223c7c92000 Exception <a 'java/lang/NoSuchMethodError'{0x000000074d636110}: 'java.lang.Object java.lang.invoke.DirectMethodHandle$Holder.invokeStatic(java.lang.Object, java.lang.Object, java.lang.Object, java.lang.Object, java.lang.Object, java.lang.Object, java.lang.Object, java.lang.Object, java.lang.Object, java.lang.Object, java.lang.Object, java.lang.Object, java.lang.Object, java.lang.Object, java.lang.Object)'> (0x000000074d636110) thrown at [./src/hotspot/share/interpreter/linkResolver.cpp, line 773]
Event: 1.729 Thread 0x00000223c7c92000 Exception <a 'java/lang/NoSuchMethodError'{0x000000074d6444b0}: 'java.lang.Object java.lang.invoke.DirectMethodHandle$Holder.invokeStatic(java.lang.Object, java.lang.Object, java.lang.Object, java.lang.Object, java.lang.Object, java.lang.Object, java.lang.Object, java.lang.Object, java.lang.Object, java.lang.Object, java.lang.Object, java.lang.Object, java.lang.Object, java.lang.Object, java.lang.Object, java.lang.Object)'> (0x000000074d6444b0) thrown at [./src/hotspot/share/interpreter/linkResolver.cpp, l
Event: 1.731 Thread 0x00000223c7c92000 Exception <a 'java/lang/NoSuchMethodError'{0x000000074d6523c8}: 'java.lang.Object java.lang.invoke.DirectMethodHandle$Holder.invokeSpecial(java.lang.Object, java.lang.Object, int, int, java.lang.Object, java.lang.Object, java.lang.Object)'> (0x000000074d6523c8) thrown at [./src/hotspot/share/interpreter/linkResolver.cpp, line 773]
Event: 1.731 Thread 0x00000223c7c92000 Exception <a 'java/lang/NoSuchMethodError'{0x000000074d655c00}: 'java.lang.Object java.lang.invoke.DelegatingMethodHandle$Holder.reinvoke_L(java.lang.Object, int, int, java.lang.Object, java.lang.Object, java.lang.Object)'> (0x000000074d655c00) thrown at [./src/hotspot/share/interpreter/linkResolver.cpp, line 773]
Event: 1.732 Thread 0x00000223c7c92000 Exception <a 'java/lang/NoSuchMethodError'{0x000000074d659f88}: 'java.lang.Object java.lang.invoke.DirectMethodHandle$Holder.invokeStatic(java.lang.Object, java.lang.Object, java.lang.Object, java.lang.Object, int)'> (0x000000074d659f88) thrown at [./src/hotspot/share/interpreter/linkResolver.cpp, line 773]
Event: 1.784 Thread 0x00000223c7c92000 Implicit null exception at 0x00000223d32b792c to 0x00000223d32b7ada
Event: 1.812 Thread 0x00000223c7c92000 Exception <a 'java/lang/NoSuchMethodError'{0x000000074d1d6100}: 'void java.lang.invoke.DirectMethodHandle$Holder.invokeStatic(java.lang.Object, java.lang.Object, java.lang.Object, java.lang.Object)'> (0x000000074d1d6100) thrown at [./src/hotspot/share/interpreter/linkResolver.cpp, line 773]
Event: 1.835 Thread 0x00000223c7c92000 Exception <a 'java/lang/NoSuchMethodError'{0x000000074cf25780}: 'void java.lang.invoke.DirectMethodHandle$Holder.invokeSpecial(java.lang.Object, java.lang.Object)'> (0x000000074cf25780) thrown at [./src/hotspot/share/interpreter/linkResolver.cpp, line 773]
Event: 1.876 Thread 0x00000223c7c92000 Exception <a 'java/lang/NoSuchMethodError'{0x000000074cdca750}: 'void java.lang.invoke.DirectMethodHandle$Holder.invokeStaticInit(java.lang.Object, java.lang.Object)'> (0x000000074cdca750) thrown at [./src/hotspot/share/interpreter/linkResolver.cpp, line 773]
Event: 1.886 Thread 0x00000223c7c92000 Exception <a 'java/lang/NoSuchMethodError'{0x000000074cc09078}: 'void java.lang.invoke.DirectMethodHandle$Holder.invokeInterface(java.lang.Object, java.lang.Object)'> (0x000000074cc09078) thrown at [./src/hotspot/share/interpreter/linkResolver.cpp, line 773]
Event: 1.964 Thread 0x00000223c7c92000 Exception <a 'java/lang/NoSuchMethodError'{0x000000074c820db0}: 'void java.lang.invoke.DirectMethodHandle$Holder.invokeVirtual(java.lang.Object, java.lang.Object)'> (0x000000074c820db0) thrown at [./src/hotspot/share/interpreter/linkResolver.cpp, line 773]
Event: 1.974 Thread 0x00000223c7c92000 Exception <a 'java/lang/NoSuchMethodError'{0x000000074c897798}: 'int java.lang.invoke.DirectMethodHandle$Holder.invokeVirtual(java.lang.Object, java.lang.Object)'> (0x000000074c897798) thrown at [./src/hotspot/share/interpreter/linkResolver.cpp, line 773]
Event: 2.796 Thread 0x00000223c7c92000 Exception <a 'java/lang/NoSuchMethodError'{0x000000074d792948}: 'java.lang.Object java.lang.invoke.DirectMethodHandle$Holder.invokeVirtual(java.lang.Object, java.lang.Object, java.lang.Object)'> (0x000000074d792948) thrown at [./src/hotspot/share/interpreter/linkResolver.cpp, line 773]
Event: 3.701 Thread 0x00000223c7c92000 Exception <a 'java/lang/NoSuchMethodError'{0x000000074bad72a8}: 'java.lang.Object java.lang.invoke.Invokers$Holder.linkToTargetMethod(java.lang.Object, int, java.lang.Object)'> (0x000000074bad72a8) thrown at [./src/hotspot/share/interpreter/linkResolver.cpp, line 773]
Event: 3.801 Thread 0x00000223c7c92000 Exception <a 'java/lang/NoSuchMethodError'{0x000000074b8a9100}: 'java.lang.Object java.lang.invoke.DirectMethodHandle$Holder.invokeStatic(java.lang.Object, java.lang.Object, java.lang.Object, int)'> (0x000000074b8a9100) thrown at [./src/hotspot/share/interpreter/linkResolver.cpp, line 773]
Event: 3.801 Thread 0x00000223c7c92000 Exception <a 'java/lang/NoSuchMethodError'{0x000000074b8acd70}: 'java.lang.Object java.lang.invoke.DirectMethodHandle$Holder.invokeSpecial(java.lang.Object, java.lang.Object, java.lang.Object, java.lang.Object, int)'> (0x000000074b8acd70) thrown at [./src/hotspot/share/interpreter/linkResolver.cpp, line 773]
Event: 3.801 Thread 0x00000223c7c92000 Exception <a 'java/lang/NoSuchMethodError'{0x000000074b8b0080}: 'java.lang.Object java.lang.invoke.Invokers$Holder.linkToTargetMethod(java.lang.Object, java.lang.Object, int, java.lang.Object)'> (0x000000074b8b0080) thrown at [./src/hotspot/share/interpreter/linkResolver.cpp, line 773]

Events (20 events):
Event: 4.821 loading class org/jetbrains/kotlin/types/model/TypeSystemInferenceExtensionContext$DefaultImpls done
Event: 4.822 loading class org/jetbrains/kotlin/types/model/TypeSystemContext$DefaultImpls
Event: 4.823 loading class org/jetbrains/kotlin/types/model/TypeSystemContext$DefaultImpls done
Event: 4.824 loading class org/jetbrains/kotlin/types/AbstractStubType
Event: 4.824 loading class org/jetbrains/kotlin/types/AbstractStubType done
Event: 4.824 loading class org/jetbrains/kotlin/types/checker/NewCapturedType
Event: 4.824 loading class org/jetbrains/kotlin/types/checker/NewCapturedType done
Event: 4.825 loading class org/jetbrains/kotlin/types/AbstractNullabilityChecker
Event: 4.825 loading class org/jetbrains/kotlin/types/AbstractNullabilityChecker done
Event: 4.827 loading class org/jetbrains/kotlin/resolve/constants/IntegerLiteralTypeConstructor
Event: 4.827 loading class org/jetbrains/kotlin/resolve/constants/IntegerLiteralTypeConstructor done
Event: 4.829 loading class org/jetbrains/kotlin/descriptors/impl/PropertySetterDescriptorImpl
Event: 4.829 loading class org/jetbrains/kotlin/descriptors/impl/PropertySetterDescriptorImpl done
Event: 4.920 loading class org/jetbrains/kotlin/load/java/structure/impl/classFiles/PlainJavaEnumValueAnnotationArgument
Event: 4.920 loading class org/jetbrains/kotlin/load/java/structure/impl/classFiles/PlainJavaEnumValueAnnotationArgument done
Event: 4.921 loading class org/jetbrains/kotlin/load/java/structure/JavaEnumValueAnnotationArgument
Event: 4.921 loading class org/jetbrains/kotlin/load/java/structure/JavaEnumValueAnnotationArgument done
Event: 4.952 loading class javaslang/control/Option$None
Event: 4.952 loading class javaslang/control/Option$None done
Event: 4.972 Executing VM operation: G1CollectForAllocation


Dynamic libraries:
0x00007ff7ed480000 - 0x00007ff7ed48a000 	C:\Program Files\Android\Android Studio\jre\bin\java.exe
0x00007fffe7960000 - 0x00007fffe7b50000 	C:\WINDOWS\SYSTEM32\ntdll.dll
0x00007fffbcc60000 - 0x00007fffbcc75000 	C:\Program Files\Avast Software\Avast\aswhook.dll
0x00007fffe7860000 - 0x00007fffe7912000 	C:\WINDOWS\System32\KERNEL32.DLL
0x00007fffe4ad0000 - 0x00007fffe4d75000 	C:\WINDOWS\System32\KERNELBASE.dll
0x00007fffe5150000 - 0x00007fffe524a000 	C:\WINDOWS\System32\ucrtbase.dll
0x00007fffd2910000 - 0x00007fffd2927000 	C:\Program Files\Android\Android Studio\jre\bin\VCRUNTIME140.dll
0x00007fffdcc00000 - 0x00007fffdcc19000 	C:\Program Files\Android\Android Studio\jre\bin\jli.dll
0x00007fffe6c00000 - 0x00007fffe6d94000 	C:\WINDOWS\System32\USER32.dll
0x00007fffe4ed0000 - 0x00007fffe4ef1000 	C:\WINDOWS\System32\win32u.dll
0x00007fffd3210000 - 0x00007fffd3494000 	C:\WINDOWS\WinSxS\amd64_microsoft.windows.common-controls_6595b64144ccf1df_6.0.18362.1256_none_9e7e379be45e40e2\COMCTL32.dll
0x00007fffe72c0000 - 0x00007fffe72e6000 	C:\WINDOWS\System32\GDI32.dll
0x00007fffe6ae0000 - 0x00007fffe6b7e000 	C:\WINDOWS\System32\msvcrt.dll
0x00007fffe48d0000 - 0x00007fffe4a66000 	C:\WINDOWS\System32\gdi32full.dll
0x00007fffe7520000 - 0x00007fffe7856000 	C:\WINDOWS\System32\combase.dll
0x00007fffe5000000 - 0x00007fffe509e000 	C:\WINDOWS\System32\msvcp_win.dll
0x00007fffe6310000 - 0x00007fffe6430000 	C:\WINDOWS\System32\RPCRT4.dll
0x00007fffe50a0000 - 0x00007fffe5121000 	C:\WINDOWS\System32\bcryptPrimitives.dll
0x00007fffe74f0000 - 0x00007fffe751e000 	C:\WINDOWS\System32\IMM32.DLL
0x00007fffb1120000 - 0x00007fffb11bd000 	C:\Program Files\Android\Android Studio\jre\bin\msvcp140.dll
0x00007fff94830000 - 0x00007fff952ff000 	C:\Program Files\Android\Android Studio\jre\bin\server\jvm.dll
0x00007fffe6e80000 - 0x00007fffe6f23000 	C:\WINDOWS\System32\ADVAPI32.dll
0x00007fffe7450000 - 0x00007fffe74e7000 	C:\WINDOWS\System32\sechost.dll
0x00007fffe6250000 - 0x00007fffe6258000 	C:\WINDOWS\System32\PSAPI.DLL
0x00007fffe3290000 - 0x00007fffe3299000 	C:\WINDOWS\SYSTEM32\WSOCK32.dll
0x00007fffe0df0000 - 0x00007fffe0e14000 	C:\WINDOWS\SYSTEM32\WINMM.dll
0x00007fffe6a70000 - 0x00007fffe6adf000 	C:\WINDOWS\System32\WS2_32.dll
0x00007fffdd0a0000 - 0x00007fffdd0aa000 	C:\WINDOWS\SYSTEM32\VERSION.dll
0x00007fffe0db0000 - 0x00007fffe0ddd000 	C:\WINDOWS\SYSTEM32\WINMMBASE.dll
0x00007fffe4fb0000 - 0x00007fffe4ffa000 	C:\WINDOWS\System32\cfgmgr32.dll
0x00007fffe4830000 - 0x00007fffe4841000 	C:\WINDOWS\System32\kernel.appcore.dll
0x00007fffd63c0000 - 0x00007fffd63d1000 	C:\Program Files\Android\Android Studio\jre\bin\verify.dll
0x00007fffe3060000 - 0x00007fffe3254000 	C:\WINDOWS\SYSTEM32\DBGHELP.DLL
0x00007fffd6900000 - 0x00007fffd692a000 	C:\WINDOWS\SYSTEM32\dbgcore.DLL
0x00007fffd3730000 - 0x00007fffd3759000 	C:\Program Files\Android\Android Studio\jre\bin\java.dll
0x00007fffdf5e0000 - 0x00007fffdf5eb000 	C:\Program Files\Android\Android Studio\jre\bin\jimage.dll
0x00007fffd3710000 - 0x00007fffd3728000 	C:\Program Files\Android\Android Studio\jre\bin\zip.dll
0x00007fffe5ae0000 - 0x00007fffe61c7000 	C:\WINDOWS\System32\SHELL32.dll
0x00007fffe7210000 - 0x00007fffe72b9000 	C:\WINDOWS\System32\shcore.dll
0x00007fffe5280000 - 0x00007fffe5a01000 	C:\WINDOWS\System32\windows.storage.dll
0x00007fffe4850000 - 0x00007fffe4873000 	C:\WINDOWS\System32\profapi.dll
0x00007fffe4880000 - 0x00007fffe48ca000 	C:\WINDOWS\System32\powrprof.dll
0x00007fffe4800000 - 0x00007fffe4810000 	C:\WINDOWS\System32\UMPDC.dll
0x00007fffe7000000 - 0x00007fffe7052000 	C:\WINDOWS\System32\shlwapi.dll
0x00007fffe5130000 - 0x00007fffe5147000 	C:\WINDOWS\System32\cryptsp.dll
0x00007fffd3600000 - 0x00007fffd361a000 	C:\Program Files\Android\Android Studio\jre\bin\net.dll
0x00007fffda9a0000 - 0x00007fffdaa90000 	C:\WINDOWS\SYSTEM32\WINHTTP.dll
0x00007fffe4000000 - 0x00007fffe4067000 	C:\WINDOWS\system32\mswsock.dll
0x00007fffd2f10000 - 0x00007fffd2f24000 	C:\Program Files\Android\Android Studio\jre\bin\nio.dll

dbghelp: loaded successfully - version: 4.0.5 - missing functions: none
symbol engine: initialized successfully - sym options: 0x614 - pdb path: .;C:\Program Files\Android\Android Studio\jre\bin;C:\WINDOWS\SYSTEM32;C:\Program Files\Avast Software\Avast;C:\WINDOWS\WinSxS\amd64_microsoft.windows.common-controls_6595b64144ccf1df_6.0.18362.1256_none_9e7e379be45e40e2;C:\Program Files\Android\Android Studio\jre\bin\server

VM Arguments:
java_command: org.jetbrains.kotlin.cli.jvm.K2JVMCompiler @C:\Users\Polina\AndroidStudioProjects\MyApplication\app\build\20211018_8474809579667921298.compiler.options
java_class_path (initial): C:\Users\Polina\.gradle\caches\modules-2\files-2.1\org.jetbrains.kotlin\kotlin-compiler-embeddable\1.5.20\1900e8b9aca0a9caffd45b99b36e3720a0a284f8\kotlin-compiler-embeddable-1.5.20.jar;C:\Users\Polina\.gradle\caches\modules-2\files-2.1\org.jetbrains.kotlin\kotlin-reflect\1.5.20\63810951f09a27f7827977f1bc21094042a915e\kotlin-reflect-1.5.20.jar;C:\Users\Polina\.gradle\caches\modules-2\files-2.1\org.jetbrains.kotlin\kotlin-stdlib\1.5.20\9de35cc611bcecec8edce1d56d8e659953806751\kotlin-stdlib-1.5.20.jar;C:\Users\Polina\.gradle\caches\modules-2\files-2.1\org.jetbrains.kotlin\kotlin-script-runtime\1.5.20\4381bb58d37b84d4d1afe55ec35542dd9b77e101\kotlin-script-runtime-1.5.20.jar;C:\Users\Polina\.gradle\caches\modules-2\files-2.1\org.jetbrains.kotlin\kotlin-daemon-embeddable\1.5.20\36c38cda019834dcd2959cc33a12768adcd94256\kotlin-daemon-embeddable-1.5.20.jar;C:\Users\Polina\.gradle\caches\modules-2\files-2.1\org.jetbrains.intellij.deps\trove4j\1.0.20181211\216c2e14b070f334479d800987affe4054cd563f\trove4j-1.0.20181211.jar;C:\Users\Polina\.gradle\caches\modules-2\files-2.1\org.jetbrains\annotations\13.0\919f0dfe192fb4e063e7dacadee7f8bb9a2672a9\annotations-13.0.jar;C:\Users\Polina\.gradle\caches\modules-2\files-2.1\org.jetbrains.kotlin\kotlin-stdlib-common\1.5.20\3d79dbd48bf605f4aac1e7028981a1953e245cbb\kotlin-stdlib-common-1.5.20.jar
Launcher Type: SUN_STANDARD

[Global flags]
     intx CICompilerCount                          = 3                                         {product} {ergonomic}
     uint ConcGCThreads                            = 1                                         {product} {ergonomic}
     uint G1ConcRefinementThreads                  = 4                                         {product} {ergonomic}
   size_t G1HeapRegionSize                         = 1048576                                   {product} {ergonomic}
    uintx GCDrainStackTargetSize                   = 64                                        {product} {ergonomic}
   size_t InitialHeapSize                          = 199229440                                 {product} {ergonomic}
   size_t MarkStackSize                            = 4194304                                   {product} {ergonomic}
   size_t MaxHeapSize                              = 3185573888                                {product} {ergonomic}
   size_t MaxNewSize                               = 1910505472                                {product} {ergonomic}
   size_t MinHeapDeltaBytes                        = 1048576                                   {product} {ergonomic}
    uintx NonNMethodCodeHeapSize                   = 5830732                                {pd product} {ergonomic}
    uintx NonProfiledCodeHeapSize                  = 122913754                              {pd product} {ergonomic}
    uintx ProfiledCodeHeapSize                     = 122913754                              {pd product} {ergonomic}
    uintx ReservedCodeCacheSize                    = 251658240                              {pd product} {ergonomic}
     bool SegmentedCodeCache                       = true                                      {product} {ergonomic}
     bool UseCompressedClassPointers               = true                                 {lp64_product} {ergonomic}
     bool UseCompressedOops                        = true                                 {lp64_product} {ergonomic}
     bool UseG1GC                                  = true                                      {product} {ergonomic}
     bool UseLargePagesIndividualAllocation        = false                                  {pd product} {ergonomic}

Logging:
Log output configuration:
 #0: stdout all=warning uptime,level,tags
 #1: stderr all=off uptime,level,tags

Environment Variables:
PATH=C:\Program Files (x86)\Common Files\Oracle\Java\javapath;C:\WINDOWS\system32;C:\WINDOWS;C:\WINDOWS\System32\Wbem;C:\WINDOWS\System32\WindowsPowerShell\v1.0\;C:\WINDOWS\System32\OpenSSH\;C:\cdr\;C:\Users\Polina\AppData\Local\Microsoft\WindowsApps;
USERNAME=Polina
OS=Windows_NT
PROCESSOR_IDENTIFIER=Intel64 Family 6 Model 78 Stepping 3, GenuineIntel



---------------  S Y S T E M  ---------------

OS: Windows 10 , 64 bit Build 18362 (10.0.18362.1110)
OS uptime: 0 days 6:18 hours
Hyper-V role detected

CPU:total 4 (initial active 4) (2 cores per cpu, 2 threads per core) family 6 model 78 stepping 3 microcode 0xcc, cmov, cx8, fxsr, mmx, sse, sse2, sse3, ssse3, sse4.1, sse4.2, popcnt, avx, avx2, aes, clmul, erms, 3dnowpref, lzcnt, ht, tsc, tscinvbit, bmi1, bmi2, adx, fma

Memory: 4k page, system-wide physical 12144M (1542M free)
TotalPageFile size 12144M (AvailPageFile size 40M)
current process WorkingSet (physical memory assigned to process): 271M, peak: 271M
current process commit charge ("private bytes"): 368M, peak: 406M

vm_info: OpenJDK 64-Bit Server VM (11.0.10+0-b96-7249189) for windows-amd64 JRE (11.0.10+0-b96-7249189), built on Mar 31 2021 21:44:00 by "builder" with MS VC++ 14.0 (VS2015)

END.
