#
# There is insufficient memory for the Java Runtime Environment to continue.
# Native memory allocation (malloc) failed to allocate 1048576 bytes for AllocateHeap
# Possible reasons:
#   The system is out of physical RAM or swap space
#   The process is running with CompressedOops enabled, and the Java Heap may be blocking the growth of the native heap
# Possible solutions:
#   Reduce memory load on the system
#   Increase physical memory or swap space
#   Check if swap backing store is full
#   Decrease Java heap size (-Xmx/-Xms)
#   Decrease number of Java threads
#   Decrease Java thread stack sizes (-Xss)
#   Set larger code cache with -XX:ReservedCodeCacheSize=
#   JVM is running with Unscaled Compressed Oops mode in which the Java heap is
#     placed in the first 4GB address space. The Java Heap base address is the
#     maximum limit for the native heap growth. Please use -XX:HeapBaseMinAddress
#     to set the Java Heap base and to place the Java Heap above 4GB virtual address.
# This output file may be truncated or incomplete.
#
#  Out of Memory Error (./src/hotspot/share/memory/allocation.cpp:46), pid=13128, tid=7084
#
# JRE version: OpenJDK Runtime Environment (11.0.10) (build 11.0.10+0-b96-7249189)
# Java VM: OpenJDK 64-Bit Server VM (11.0.10+0-b96-7249189, mixed mode, tiered, compressed oops, g1 gc, windows-amd64)
# No core dump will be written. Minidumps are not enabled by default on client versions of Windows
#

---------------  S U M M A R Y ------------

Command Line: --add-opens=java.base/java.util=ALL-UNNAMED --add-opens=java.base/java.lang=ALL-UNNAMED --add-opens=java.base/java.lang.invoke=ALL-UNNAMED --add-opens=java.base/java.util=ALL-UNNAMED --add-opens=java.prefs/java.util.prefs=ALL-UNNAMED --add-opens=java.prefs/java.util.prefs=ALL-UNNAMED --add-opens=java.base/java.nio.charset=ALL-UNNAMED --add-opens=java.base/java.net=ALL-UNNAMED --add-opens=java.base/java.util.concurrent.atomic=ALL-UNNAMED -Xmx2048m -Dfile.encoding=UTF-8 -Duser.country=RU -Duser.language=ru -Duser.variant org.gradle.launcher.daemon.bootstrap.GradleDaemon 7.0.2

Host: Intel(R) Core(TM) i5-6200U CPU @ 2.30GHz, 4 cores, 11G,  Windows 10 , 64 bit Build 18362 (10.0.18362.1110)
Time: Wed Oct 20 17:39:01 2021 RTZ 2 (ceia) elapsed time: 3544.085660 seconds (0d 0h 59m 4s)

---------------  T H R E A D  ---------------

Current thread (0x00000290d977d800):  VMThread "VM Thread" [stack: 0x000000d22b900000,0x000000d22ba00000] [id=7084]

Stack: [0x000000d22b900000,0x000000d22ba00000]
[error occurred during error reporting (printing stack bounds), id 0xc0000005, EXCEPTION_ACCESS_VIOLATION (0xc0000005) at pc=0x00000290c3690f2d]

Native frames: (J=compiled Java code, j=interpreted, Vv=VM code, C=native code)
V  [jvm.dll+0x5ecfaa]
V  [jvm.dll+0x722bd5]
V  [jvm.dll+0x72412d]
V  [jvm.dll+0x724745]
V  [jvm.dll+0x7246fb]
V  [jvm.dll+0x5ec348]
V  [jvm.dll+0x5ecad8]
C  [ntdll.dll+0xa184f]
C  [ntdll.dll+0x6a889]
C  [ntdll.dll+0xa04be]
C  0x00000290c3690f2d

VM_Operation (0x000000d22f2fc3b0): CollectForMetadataAllocation, mode: safepoint, requested by thread 0x00000290e3ea2800


---------------  P R O C E S S  ---------------

Threads class SMR info:
_java_thread_list=0x00000290dc39fe30, length=58, elements={
0x00000290bfbb5000, 0x00000290d9fc0800, 0x00000290d9fc4800, 0x00000290d9fe0800,
0x00000290d9fe2000, 0x00000290d9fe3000, 0x00000290da026800, 0x00000290da091800,
0x00000290da098000, 0x00000290da18e000, 0x00000290db4ab000, 0x00000290db08b800,
0x00000290ddb0f800, 0x00000290dc2af000, 0x00000290dc2b0000, 0x00000290dc2b1800,
0x00000290dc2b0800, 0x00000290dc2b2800, 0x00000290dc60f000, 0x00000290dc616800,
0x00000290dc615800, 0x00000290dc615000, 0x00000290dc617800, 0x00000290dc618000,
0x00000290dc61a800, 0x00000290e003b800, 0x00000290e003a000, 0x00000290e003c800,
0x00000290e003f000, 0x00000290e003b000, 0x00000290e003d800, 0x00000290e0039800,
0x00000290e0045800, 0x00000290e0043000, 0x00000290e0040000, 0x00000290e0041800,
0x00000290e0046800, 0x00000290e0040800, 0x00000290e0047000, 0x00000290e0044000,
0x00000290e0048000, 0x00000290e0042800, 0x00000290e0044800, 0x00000290dc613800,
0x00000290dc610000, 0x00000290dc611000, 0x00000290dc611800, 0x00000290dc61a000,
0x00000290dc61c000, 0x00000290dc2ae000, 0x00000290dc2b3000, 0x00000290dc2ad800,
0x00000290e3eb0800, 0x00000290dc2b4000, 0x00000290e3ea2800, 0x00000290e3ea0800,
0x00000290e3ea4000, 0x00000290e3e9f000
}

Java Threads: ( => current thread )
  0x00000290bfbb5000 JavaThread "main" [_thread_blocked, id=8664, stack(0x000000d22b300000,0x000000d22b400000)]
  0x00000290d9fc0800 JavaThread "Reference Handler" daemon [_thread_blocked, id=1896, stack(0x000000d22ba00000,0x000000d22bb00000)]
  0x00000290d9fc4800 JavaThread "Finalizer" daemon [_thread_blocked, id=12064, stack(0x000000d22bb00000,0x000000d22bc00000)]
  0x00000290d9fe0800 JavaThread "Signal Dispatcher" daemon [_thread_blocked, id=7432, stack(0x000000d22bc00000,0x000000d22bd00000)]
  0x00000290d9fe2000 JavaThread "Attach Listener" daemon [_thread_blocked, id=7904, stack(0x000000d22bd00000,0x000000d22be00000)]
  0x00000290d9fe3000 JavaThread "Service Thread" daemon [_thread_blocked, id=7304, stack(0x000000d22be00000,0x000000d22bf00000)]
  0x00000290da026800 JavaThread "C2 CompilerThread0" daemon [_thread_blocked, id=11716, stack(0x000000d22bf00000,0x000000d22c000000)]
  0x00000290da091800 JavaThread "C1 CompilerThread0" daemon [_thread_blocked, id=12412, stack(0x000000d22c000000,0x000000d22c100000)]
  0x00000290da098000 JavaThread "Sweeper thread" daemon [_thread_blocked, id=3492, stack(0x000000d22c100000,0x000000d22c200000)]
  0x00000290da18e000 JavaThread "Common-Cleaner" daemon [_thread_blocked, id=10376, stack(0x000000d22c200000,0x000000d22c300000)]
  0x00000290db4ab000 JavaThread "Daemon health stats" [_thread_blocked, id=3876, stack(0x000000d22c800000,0x000000d22c900000)]
  0x00000290db08b800 JavaThread "Incoming local TCP Connector on port 63801" [_thread_in_native, id=11108, stack(0x000000d22c700000,0x000000d22c800000)]
  0x00000290ddb0f800 JavaThread "Daemon periodic checks" [_thread_blocked, id=2964, stack(0x000000d22c900000,0x000000d22ca00000)]
  0x00000290dc2af000 JavaThread "Cache worker for file hash cache (C:\Users\Polina\.gradle\caches\7.0.2\fileHashes)" [_thread_blocked, id=12216, stack(0x000000d22d200000,0x000000d22d300000)]
  0x00000290dc2b0000 JavaThread "File lock request listener" [_thread_in_native, id=9152, stack(0x000000d22d300000,0x000000d22d400000)]
  0x00000290dc2b1800 JavaThread "Cache worker for journal cache (C:\Users\Polina\.gradle\caches\journal-1)" [_thread_blocked, id=11016, stack(0x000000d22d400000,0x000000d22d500000)]
  0x00000290dc2b0800 JavaThread "File watcher server" daemon [_thread_blocked, id=6096, stack(0x000000d22d600000,0x000000d22d700000)]
  0x00000290dc2b2800 JavaThread "File watcher consumer" daemon [_thread_blocked, id=4824, stack(0x000000d22d700000,0x000000d22d800000)]
  0x00000290dc60f000 JavaThread "Cache worker for execution history cache (C:\Users\Polina\.gradle\caches\7.0.2\executionHistory)" [_thread_blocked, id=3564, stack(0x000000d22db00000,0x000000d22dc00000)]
  0x00000290dc616800 JavaThread "jar transforms" [_thread_blocked, id=9436, stack(0x000000d22dc00000,0x000000d22dd00000)]
  0x00000290dc615800 JavaThread "jar transforms Thread 2" [_thread_blocked, id=12156, stack(0x000000d22dd00000,0x000000d22de00000)]
  0x00000290dc615000 JavaThread "Cache worker for file content cache (C:\Users\Polina\.gradle\caches\7.0.2\fileContent)" [_thread_blocked, id=8804, stack(0x000000d22de00000,0x000000d22df00000)]
  0x00000290dc617800 JavaThread "jar transforms Thread 3" [_thread_blocked, id=5048, stack(0x000000d22e000000,0x000000d22e100000)]
  0x00000290dc618000 JavaThread "jar transforms Thread 4" [_thread_blocked, id=10256, stack(0x000000d22e600000,0x000000d22e700000)]
  0x00000290dc61a800 JavaThread "Memory manager" [_thread_blocked, id=12020, stack(0x000000d22e800000,0x000000d22e900000)]
  0x00000290e003b800 JavaThread "Daemon Thread 2" [_thread_blocked, id=8968, stack(0x000000d22b000000,0x000000d22b100000)]
  0x00000290e003a000 JavaThread "Handler for socket connection from /127.0.0.1:63801 to /127.0.0.1:51347" [_thread_in_native, id=3820, stack(0x000000d22b100000,0x000000d22b200000)]
  0x00000290e003c800 JavaThread "Cancel handler" [_thread_blocked, id=4488, stack(0x000000d22b200000,0x000000d22b300000)]
  0x00000290e003f000 JavaThread "Daemon worker Thread 2" [_thread_blocked, id=588, stack(0x000000d22ca00000,0x000000d22cb00000)]
  0x00000290e003b000 JavaThread "Asynchronous log dispatcher for DefaultDaemonConnection: socket connection from /127.0.0.1:63801 to /127.0.0.1:51347" [_thread_blocked, id=5936, stack(0x000000d22cb00000,0x000000d22cc00000)]
  0x00000290e003d800 JavaThread "Stdin handler" [_thread_blocked, id=1780, stack(0x000000d22cc00000,0x000000d22cd00000)]
  0x00000290e0039800 JavaThread "Daemon client event forwarder" [_thread_blocked, id=2996, stack(0x000000d22cd00000,0x000000d22ce00000)]
  0x00000290e0045800 JavaThread "Cache worker for file hash cache (C:\Users\Polina\AndroidStudioProjects\MyApplication\.gradle\7.0.2\fileHashes)" [_thread_blocked, id=5252, stack(0x000000d22ce00000,0x000000d22cf00000)]
  0x00000290e0043000 JavaThread "Cache worker for checksums cache (C:\Users\Polina\AndroidStudioProjects\MyApplication\.gradle\checksums)" [_thread_blocked, id=9400, stack(0x000000d22d000000,0x000000d22d100000)]
  0x00000290e0040000 JavaThread "Cache worker for cache directory md-supplier (C:\Users\Polina\.gradle\caches\7.0.2\md-supplier)" [_thread_blocked, id=11940, stack(0x000000d22d100000,0x000000d22d200000)]
  0x00000290e0041800 JavaThread "Cache worker for cache directory md-rule (C:\Users\Polina\.gradle\caches\7.0.2\md-rule)" [_thread_blocked, id=4920, stack(0x000000d22d500000,0x000000d22d600000)]
  0x00000290e0046800 JavaThread "Cache worker for dependencies-accessors (C:\Users\Polina\AndroidStudioProjects\MyApplication\.gradle\7.0.2\dependencies-accessors)" [_thread_blocked, id=7252, stack(0x000000d22d800000,0x000000d22d900000)]
  0x00000290e0040800 JavaThread "Cache worker for Build Output Cleanup Cache (C:\Users\Polina\AndroidStudioProjects\MyApplication\.gradle\buildOutputCleanup)" [_thread_blocked, id=1968, stack(0x000000d22cf00000,0x000000d22d000000)]
  0x00000290e0047000 JavaThread "Build operations" [_thread_blocked, id=992, stack(0x000000d22d900000,0x000000d22da00000)]
  0x00000290e0044000 JavaThread "Build operations Thread 2" [_thread_blocked, id=3392, stack(0x000000d22da00000,0x000000d22db00000)]
  0x00000290e0048000 JavaThread "Build operations Thread 3" [_thread_blocked, id=8428, stack(0x000000d22df00000,0x000000d22e000000)]
  0x00000290e0042800 JavaThread "Build operations Thread 4" [_thread_blocked, id=8296, stack(0x000000d22e100000,0x000000d22e200000)]
  0x00000290e0044800 JavaThread "build event listener" [_thread_blocked, id=13292, stack(0x000000d22e300000,0x000000d22e400000)]
  0x00000290dc613800 JavaThread "Execution worker for ':'" [_thread_blocked, id=3732, stack(0x000000d22e400000,0x000000d22e500000)]
  0x00000290dc610000 JavaThread "Execution worker for ':' Thread 2" [_thread_blocked, id=6228, stack(0x000000d22e500000,0x000000d22e600000)]
  0x00000290dc611000 JavaThread "Execution worker for ':' Thread 3" [_thread_blocked, id=10348, stack(0x000000d22e900000,0x000000d22ea00000)]
  0x00000290dc611800 JavaThread "Cache worker for execution history cache (C:\Users\Polina\AndroidStudioProjects\MyApplication\.gradle\7.0.2\executionHistory)" [_thread_blocked, id=12196, stack(0x000000d22ea00000,0x000000d22eb00000)]
  0x00000290dc61a000 JavaThread "RMI Scheduler(0)" daemon [_thread_blocked, id=2272, stack(0x000000d22e200000,0x000000d22e300000)]
  0x00000290dc61c000 JavaThread "RMI GC Daemon" daemon [_thread_blocked, id=12448, stack(0x000000d22ec00000,0x000000d22ed00000)]
  0x00000290dc2ae000 JavaThread "RMI TCP Accept-0" daemon [_thread_in_native, id=9904, stack(0x000000d22ee00000,0x000000d22ef00000)]
  0x00000290dc2b3000 JavaThread "RMI Reaper" [_thread_blocked, id=3396, stack(0x000000d22ef00000,0x000000d22f000000)]
  0x00000290dc2ad800 JavaThread "RMI TCP Connection(2)-127.0.0.1" daemon [_thread_in_native, id=12640, stack(0x000000d22f000000,0x000000d22f100000)]
  0x00000290e3eb0800 JavaThread "C2 CompilerThread1" daemon [_thread_blocked, id=5572, stack(0x000000d22ed00000,0x000000d22ee00000)]
  0x00000290dc2b4000 JavaThread "WorkerExecutor Queue" [_thread_blocked, id=10960, stack(0x000000d22f100000,0x000000d22f200000)]
  0x00000290e3ea2800 JavaThread "WorkerExecutor Queue Thread 2" [_thread_blocked, id=12160, stack(0x000000d22f200000,0x000000d22f300000)]
  0x00000290e3ea0800 JavaThread "WorkerExecutor Queue Thread 3" [_thread_blocked, id=10288, stack(0x000000d22f300000,0x000000d22f400000)]
  0x00000290e3ea4000 JavaThread "WorkerExecutor Queue Thread 4" [_thread_blocked, id=4184, stack(0x000000d22f400000,0x000000d22f500000)]
  0x00000290e3e9f000 JavaThread "WorkerExecutor Queue Thread 5" [_thread_blocked, id=13048, stack(0x000000d22f500000,0x000000d22f600000)]

Other Threads:
=>0x00000290d977d800 VMThread "VM Thread" [stack: 0x000000d22b900000,0x000000d22ba00000] [id=7084]
  0x00000290da1d7000 WatcherThread [stack: 0x000000d22c300000,0x000000d22c400000] [id=8484]
  0x00000290bfbcc800 GCTaskThread "GC Thread#0" [stack: 0x000000d22b400000,0x000000d22b500000] [id=8452]
  0x00000290dad5f000 GCTaskThread "GC Thread#1" [stack: 0x000000d22c400000,0x000000d22c500000] [id=2116]
  0x00000290da9ae800 GCTaskThread "GC Thread#2" [stack: 0x000000d22c500000,0x000000d22c600000] [id=6812]
  0x00000290daad5000 GCTaskThread "GC Thread#3" [stack: 0x000000d22c600000,0x000000d22c700000] [id=11132]
  0x00000290bfc00800 ConcurrentGCThread "G1 Main Marker" [stack: 0x000000d22b500000,0x000000d22b600000] [id=11528]
  0x00000290bfc02000 ConcurrentGCThread "G1 Conc#0" [stack: 0x000000d22b600000,0x000000d22b700000] [id=6108]
  0x00000290d9606800 ConcurrentGCThread "G1 Refine#0" [stack: 0x000000d22b700000,0x000000d22b800000] [id=11052]
  0x00000290dfb47800 ConcurrentGCThread "G1 Refine#1" [stack: 0x000000d22e700000,0x000000d22e800000] [id=9952]
  0x00000290d9607000 ConcurrentGCThread "G1 Young RemSet Sampling" [stack: 0x000000d22b800000,0x000000d22b900000] [id=11100]

Threads with active compile tasks:
C2 CompilerThread03544106 14003       4       com.android.tools.r8.internal.zh::a (173 bytes)
C1 CompilerThread03544106 14021       3       com.android.tools.r8.internal.ja::b (12 bytes)

VM state:at safepoint (normal execution)

VM Mutex/Monitor currently owned by a thread:  ([mutex/lock_event])
[0x00000290bfbb1d70] Threads_lock - owner thread: 0x00000290d977d800
[0x00000290bfbb1e90] Heap_lock - owner thread: 0x00000290e3ea2800

Heap address: 0x0000000080000000, size: 2048 MB, Compressed Oops mode: 32-bit
Narrow klass base: 0x0000000000000000, Narrow klass shift: 3
Compressed class space size: 1073741824 Address: 0x0000000100000000

Heap:
 garbage-first heap   total 194560K, used 93595K [0x0000000080000000, 0x0000000100000000)
  region size 1024K, 4 young (4096K), 4 survivors (4096K)
 Metaspace       used 104001K, capacity 106731K, committed 106828K, reserved 1148928K
  class space    used 13564K, capacity 14605K, committed 14668K, reserved 1048576K
Heap Regions: E=young(eden), S=young(survivor), O=old, HS=humongous(starts), HC=humongous(continues), CS=collection set, F=free, A=archive, TAMS=top-at-mark-start (previous, next)
|   0|0x0000000080000000, 0x0000000080100000, 0x0000000080100000|100%| O|  |TAMS 0x0000000080100000, 0x0000000080100000| Untracked 
|   1|0x0000000080100000, 0x0000000080200000, 0x0000000080200000|100%| O|  |TAMS 0x0000000080200000, 0x0000000080200000| Untracked 
|   2|0x0000000080200000, 0x0000000080300000, 0x0000000080300000|100%| O|  |TAMS 0x0000000080300000, 0x0000000080300000| Untracked 
|   3|0x0000000080300000, 0x0000000080400000, 0x0000000080400000|100%|HS|  |TAMS 0x0000000080400000, 0x0000000080400000| Complete 
|   4|0x0000000080400000, 0x0000000080500000, 0x0000000080500000|100%|HC|  |TAMS 0x0000000080500000, 0x0000000080500000| Complete 
|   5|0x0000000080500000, 0x0000000080600000, 0x0000000080600000|100%|HC|  |TAMS 0x0000000080600000, 0x0000000080600000| Complete 
|   6|0x0000000080600000, 0x0000000080700000, 0x0000000080700000|100%| O|  |TAMS 0x0000000080700000, 0x0000000080700000| Untracked 
|   7|0x0000000080700000, 0x0000000080800000, 0x0000000080800000|100%| O|  |TAMS 0x0000000080800000, 0x0000000080800000| Untracked 
|   8|0x0000000080800000, 0x0000000080900000, 0x0000000080900000|100%| O|  |TAMS 0x0000000080900000, 0x0000000080900000| Untracked 
|   9|0x0000000080900000, 0x0000000080a00000, 0x0000000080a00000|100%| O|  |TAMS 0x0000000080a00000, 0x0000000080a00000| Untracked 
|  10|0x0000000080a00000, 0x0000000080b00000, 0x0000000080b00000|100%| O|  |TAMS 0x0000000080b00000, 0x0000000080b00000| Untracked 
|  11|0x0000000080b00000, 0x0000000080c00000, 0x0000000080c00000|100%| O|  |TAMS 0x0000000080c00000, 0x0000000080c00000| Untracked 
|  12|0x0000000080c00000, 0x0000000080d00000, 0x0000000080d00000|100%| O|  |TAMS 0x0000000080d00000, 0x0000000080d00000| Untracked 
|  13|0x0000000080d00000, 0x0000000080e00000, 0x0000000080e00000|100%| O|  |TAMS 0x0000000080e00000, 0x0000000080e00000| Untracked 
|  14|0x0000000080e00000, 0x0000000080f00000, 0x0000000080f00000|100%| O|  |TAMS 0x0000000080f00000, 0x0000000080f00000| Untracked 
|  15|0x0000000080f00000, 0x0000000081000000, 0x0000000081000000|100%| O|  |TAMS 0x0000000081000000, 0x0000000081000000| Untracked 
|  16|0x0000000081000000, 0x0000000081100000, 0x0000000081100000|100%|HS|  |TAMS 0x0000000081100000, 0x0000000081100000| Complete 
|  17|0x0000000081100000, 0x0000000081200000, 0x0000000081200000|100%|HS|  |TAMS 0x0000000081200000, 0x0000000081200000| Complete 
|  18|0x0000000081200000, 0x0000000081300000, 0x0000000081300000|100%|HS|  |TAMS 0x0000000081300000, 0x0000000081300000| Complete 
|  19|0x0000000081300000, 0x0000000081400000, 0x0000000081400000|100%|HS|  |TAMS 0x0000000081400000, 0x0000000081400000| Complete 
|  20|0x0000000081400000, 0x0000000081500000, 0x0000000081500000|100%|HC|  |TAMS 0x0000000081500000, 0x0000000081500000| Complete 
|  21|0x0000000081500000, 0x0000000081600000, 0x0000000081600000|100%|HC|  |TAMS 0x0000000081600000, 0x0000000081600000| Complete 
|  22|0x0000000081600000, 0x0000000081700000, 0x0000000081700000|100%|HS|  |TAMS 0x0000000081700000, 0x0000000081700000| Complete 
|  23|0x0000000081700000, 0x0000000081800000, 0x0000000081800000|100%|HC|  |TAMS 0x0000000081800000, 0x0000000081800000| Complete 
|  24|0x0000000081800000, 0x0000000081900000, 0x0000000081900000|100%| O|  |TAMS 0x0000000081900000, 0x0000000081900000| Untracked 
|  25|0x0000000081900000, 0x0000000081a00000, 0x0000000081a00000|100%| O|  |TAMS 0x0000000081a00000, 0x0000000081a00000| Untracked 
|  26|0x0000000081a00000, 0x0000000081b00000, 0x0000000081b00000|100%| O|  |TAMS 0x0000000081b00000, 0x0000000081b00000| Untracked 
|  27|0x0000000081b00000, 0x0000000081c00000, 0x0000000081c00000|100%| O|  |TAMS 0x0000000081c00000, 0x0000000081c00000| Untracked 
|  28|0x0000000081c00000, 0x0000000081d00000, 0x0000000081d00000|100%| O|  |TAMS 0x0000000081d00000, 0x0000000081d00000| Untracked 
|  29|0x0000000081d00000, 0x0000000081e00000, 0x0000000081e00000|100%| O|  |TAMS 0x0000000081e00000, 0x0000000081e00000| Untracked 
|  30|0x0000000081e00000, 0x0000000081f00000, 0x0000000081f00000|100%| O|  |TAMS 0x0000000081f00000, 0x0000000081f00000| Untracked 
|  31|0x0000000081f00000, 0x0000000082000000, 0x0000000082000000|100%| O|  |TAMS 0x0000000082000000, 0x0000000082000000| Untracked 
|  32|0x0000000082000000, 0x0000000082100000, 0x0000000082100000|100%| O|  |TAMS 0x0000000082100000, 0x0000000082100000| Untracked 
|  33|0x0000000082100000, 0x0000000082200000, 0x0000000082200000|100%| O|  |TAMS 0x0000000082200000, 0x0000000082200000| Untracked 
|  34|0x0000000082200000, 0x0000000082300000, 0x0000000082300000|100%| O|  |TAMS 0x0000000082300000, 0x0000000082300000| Untracked 
|  35|0x0000000082300000, 0x0000000082400000, 0x0000000082400000|100%| O|  |TAMS 0x0000000082400000, 0x0000000082400000| Untracked 
|  36|0x0000000082400000, 0x0000000082500000, 0x0000000082500000|100%| O|  |TAMS 0x0000000082500000, 0x0000000082500000| Untracked 
|  37|0x0000000082500000, 0x0000000082600000, 0x0000000082600000|100%| O|  |TAMS 0x0000000082600000, 0x0000000082600000| Untracked 
|  38|0x0000000082600000, 0x0000000082700000, 0x0000000082700000|100%| O|  |TAMS 0x0000000082700000, 0x0000000082700000| Untracked 
|  39|0x0000000082700000, 0x0000000082800000, 0x0000000082800000|100%| O|  |TAMS 0x0000000082800000, 0x0000000082800000| Untracked 
|  40|0x0000000082800000, 0x0000000082900000, 0x0000000082900000|100%| O|  |TAMS 0x0000000082900000, 0x0000000082900000| Untracked 
|  41|0x0000000082900000, 0x0000000082a00000, 0x0000000082a00000|100%| O|  |TAMS 0x0000000082a00000, 0x0000000082a00000| Untracked 
|  42|0x0000000082a00000, 0x0000000082b00000, 0x0000000082b00000|100%| O|  |TAMS 0x0000000082b00000, 0x0000000082b00000| Untracked 
|  43|0x0000000082b00000, 0x0000000082c00000, 0x0000000082c00000|100%| O|  |TAMS 0x0000000082c00000, 0x0000000082c00000| Untracked 
|  44|0x0000000082c00000, 0x0000000082d00000, 0x0000000082d00000|100%| O|  |TAMS 0x0000000082d00000, 0x0000000082d00000| Untracked 
|  45|0x0000000082d00000, 0x0000000082e00000, 0x0000000082e00000|100%| O|  |TAMS 0x0000000082d3e000, 0x0000000082e00000| Untracked 
|  46|0x0000000082e00000, 0x0000000082f00000, 0x0000000082f00000|100%| O|  |TAMS 0x0000000082e00000, 0x0000000082f00000| Untracked 
|  47|0x0000000082f00000, 0x0000000083000000, 0x0000000083000000|100%| O|  |TAMS 0x0000000082f00000, 0x0000000083000000| Untracked 
|  48|0x0000000083000000, 0x0000000083100000, 0x0000000083100000|100%| O|  |TAMS 0x0000000083000000, 0x0000000083100000| Untracked 
|  49|0x0000000083100000, 0x0000000083200000, 0x0000000083200000|100%| O|  |TAMS 0x0000000083100000, 0x0000000083200000| Untracked 
|  50|0x0000000083200000, 0x0000000083300000, 0x0000000083300000|100%| O|  |TAMS 0x0000000083200000, 0x0000000083300000| Untracked 
|  51|0x0000000083300000, 0x0000000083400000, 0x0000000083400000|100%| O|  |TAMS 0x0000000083300000, 0x0000000083400000| Untracked 
|  52|0x0000000083400000, 0x0000000083500000, 0x0000000083500000|100%| O|  |TAMS 0x0000000083400000, 0x0000000083500000| Untracked 
|  53|0x0000000083500000, 0x0000000083600000, 0x0000000083600000|100%| O|  |TAMS 0x0000000083500000, 0x0000000083600000| Untracked 
|  54|0x0000000083600000, 0x0000000083700000, 0x0000000083700000|100%| O|  |TAMS 0x0000000083600000, 0x0000000083700000| Untracked 
|  55|0x0000000083700000, 0x0000000083800000, 0x0000000083800000|100%| O|  |TAMS 0x0000000083700000, 0x0000000083800000| Untracked 
|  56|0x0000000083800000, 0x0000000083900000, 0x0000000083900000|100%| O|  |TAMS 0x0000000083800000, 0x0000000083900000| Untracked 
|  57|0x0000000083900000, 0x0000000083a00000, 0x0000000083a00000|100%| O|  |TAMS 0x0000000083900000, 0x0000000083a00000| Untracked 
|  58|0x0000000083a00000, 0x0000000083b00000, 0x0000000083b00000|100%| O|  |TAMS 0x0000000083a00000, 0x0000000083b00000| Untracked 
|  59|0x0000000083b00000, 0x0000000083c00000, 0x0000000083c00000|100%| O|  |TAMS 0x0000000083b00000, 0x0000000083c00000| Untracked 
|  60|0x0000000083c00000, 0x0000000083d00000, 0x0000000083d00000|100%| O|  |TAMS 0x0000000083c00000, 0x0000000083d00000| Untracked 
|  61|0x0000000083d00000, 0x0000000083e00000, 0x0000000083e00000|100%| O|  |TAMS 0x0000000083d00000, 0x0000000083e00000| Untracked 
|  62|0x0000000083e00000, 0x0000000083f00000, 0x0000000083f00000|100%| O|  |TAMS 0x0000000083e00000, 0x0000000083f00000| Untracked 
|  63|0x0000000083f00000, 0x0000000084000000, 0x0000000084000000|100%| O|  |TAMS 0x0000000083f00000, 0x0000000084000000| Untracked 
|  64|0x0000000084000000, 0x0000000084100000, 0x0000000084100000|100%| O|  |TAMS 0x0000000084000000, 0x0000000084100000| Untracked 
|  65|0x0000000084100000, 0x0000000084200000, 0x0000000084200000|100%| O|  |TAMS 0x0000000084100000, 0x0000000084200000| Untracked 
|  66|0x0000000084200000, 0x0000000084300000, 0x0000000084300000|100%| O|  |TAMS 0x0000000084200000, 0x0000000084300000| Untracked 
|  67|0x0000000084300000, 0x0000000084400000, 0x0000000084400000|100%| O|  |TAMS 0x0000000084300000, 0x0000000084400000| Untracked 
|  68|0x0000000084400000, 0x0000000084500000, 0x0000000084500000|100%| O|  |TAMS 0x0000000084400000, 0x0000000084500000| Untracked 
|  69|0x0000000084500000, 0x0000000084600000, 0x0000000084600000|100%| O|  |TAMS 0x0000000084500000, 0x0000000084600000| Untracked 
|  70|0x0000000084600000, 0x0000000084700000, 0x0000000084700000|100%| O|  |TAMS 0x0000000084600000, 0x0000000084700000| Untracked 
|  71|0x0000000084700000, 0x0000000084800000, 0x0000000084800000|100%| O|  |TAMS 0x0000000084700000, 0x0000000084800000| Untracked 
|  72|0x0000000084800000, 0x0000000084900000, 0x0000000084900000|100%| O|  |TAMS 0x0000000084800000, 0x0000000084900000| Untracked 
|  73|0x0000000084900000, 0x0000000084a00000, 0x0000000084a00000|100%| O|  |TAMS 0x0000000084900000, 0x0000000084a00000| Untracked 
|  74|0x0000000084a00000, 0x0000000084b00000, 0x0000000084b00000|100%| O|  |TAMS 0x0000000084a00000, 0x0000000084b00000| Untracked 
|  75|0x0000000084b00000, 0x0000000084c00000, 0x0000000084c00000|100%| O|  |TAMS 0x0000000084b00000, 0x0000000084c00000| Untracked 
|  76|0x0000000084c00000, 0x0000000084d00000, 0x0000000084d00000|100%| O|  |TAMS 0x0000000084c00000, 0x0000000084d00000| Untracked 
|  77|0x0000000084d00000, 0x0000000084e00000, 0x0000000084e00000|100%| O|  |TAMS 0x0000000084d00000, 0x0000000084e00000| Untracked 
|  78|0x0000000084e00000, 0x0000000084f00000, 0x0000000084f00000|100%| O|  |TAMS 0x0000000084e00000, 0x0000000084f00000| Untracked 
|  79|0x0000000084f00000, 0x0000000085000000, 0x0000000085000000|100%| O|  |TAMS 0x0000000084f00000, 0x0000000085000000| Untracked 
|  80|0x0000000085000000, 0x0000000085100000, 0x0000000085100000|100%| O|  |TAMS 0x0000000085000000, 0x0000000085100000| Untracked 
|  81|0x0000000085100000, 0x0000000085200000, 0x0000000085200000|100%| O|  |TAMS 0x0000000085100000, 0x0000000085200000| Untracked 
|  82|0x0000000085200000, 0x0000000085300000, 0x0000000085300000|100%| O|  |TAMS 0x0000000085200000, 0x0000000085300000| Untracked 
|  83|0x0000000085300000, 0x0000000085400000, 0x0000000085400000|100%| O|  |TAMS 0x0000000085300000, 0x0000000085400000| Untracked 
|  84|0x0000000085400000, 0x0000000085500000, 0x0000000085500000|100%| O|  |TAMS 0x0000000085400000, 0x0000000085500000| Untracked 
|  85|0x0000000085500000, 0x0000000085600000, 0x0000000085600000|100%| O|  |TAMS 0x0000000085500000, 0x0000000085600000| Untracked 
|  86|0x0000000085600000, 0x0000000085700000, 0x0000000085700000|100%| O|  |TAMS 0x0000000085600000, 0x0000000085700000| Untracked 
|  87|0x0000000085700000, 0x0000000085766e00, 0x0000000085800000| 40%| O|  |TAMS 0x0000000085700000, 0x0000000085766e00| Untracked 
|  88|0x0000000085800000, 0x0000000085800000, 0x0000000085900000|  0%| F|  |TAMS 0x0000000085800000, 0x0000000085800000| Untracked 
|  89|0x0000000085900000, 0x0000000085900000, 0x0000000085a00000|  0%| F|  |TAMS 0x0000000085900000, 0x0000000085900000| Untracked 
|  90|0x0000000085a00000, 0x0000000085a00000, 0x0000000085b00000|  0%| F|  |TAMS 0x0000000085a00000, 0x0000000085a00000| Untracked 
|  91|0x0000000085b00000, 0x0000000085b00000, 0x0000000085c00000|  0%| F|  |TAMS 0x0000000085b00000, 0x0000000085b00000| Untracked 
|  92|0x0000000085c00000, 0x0000000085c00000, 0x0000000085d00000|  0%| F|  |TAMS 0x0000000085c00000, 0x0000000085c00000| Untracked 
|  93|0x0000000085d00000, 0x0000000085d00000, 0x0000000085e00000|  0%| F|  |TAMS 0x0000000085d00000, 0x0000000085d00000| Untracked 
|  94|0x0000000085e00000, 0x0000000085e00000, 0x0000000085f00000|  0%| F|  |TAMS 0x0000000085e00000, 0x0000000085e00000| Untracked 
|  95|0x0000000085f00000, 0x0000000085f00000, 0x0000000086000000|  0%| F|  |TAMS 0x0000000085f00000, 0x0000000085f00000| Untracked 
|  96|0x0000000086000000, 0x0000000086000000, 0x0000000086100000|  0%| F|  |TAMS 0x0000000086000000, 0x0000000086000000| Untracked 
|  97|0x0000000086100000, 0x0000000086100000, 0x0000000086200000|  0%| F|  |TAMS 0x0000000086100000, 0x0000000086100000| Untracked 
|  98|0x0000000086200000, 0x0000000086200000, 0x0000000086300000|  0%| F|  |TAMS 0x0000000086200000, 0x0000000086200000| Untracked 
|  99|0x0000000086300000, 0x0000000086300000, 0x0000000086400000|  0%| F|  |TAMS 0x0000000086300000, 0x0000000086300000| Untracked 
| 100|0x0000000086400000, 0x0000000086400000, 0x0000000086500000|  0%| F|  |TAMS 0x0000000086400000, 0x0000000086400000| Untracked 
| 101|0x0000000086500000, 0x0000000086500000, 0x0000000086600000|  0%| F|  |TAMS 0x0000000086500000, 0x0000000086500000| Untracked 
| 102|0x0000000086600000, 0x0000000086600000, 0x0000000086700000|  0%| F|  |TAMS 0x0000000086600000, 0x0000000086600000| Untracked 
| 103|0x0000000086700000, 0x0000000086700000, 0x0000000086800000|  0%| F|  |TAMS 0x0000000086700000, 0x0000000086700000| Untracked 
| 104|0x0000000086800000, 0x0000000086800000, 0x0000000086900000|  0%| F|  |TAMS 0x0000000086800000, 0x0000000086800000| Untracked 
| 105|0x0000000086900000, 0x0000000086900000, 0x0000000086a00000|  0%| F|  |TAMS 0x0000000086900000, 0x0000000086900000| Untracked 
| 106|0x0000000086a00000, 0x0000000086a00000, 0x0000000086b00000|  0%| F|  |TAMS 0x0000000086a00000, 0x0000000086a00000| Untracked 
| 107|0x0000000086b00000, 0x0000000086b00000, 0x0000000086c00000|  0%| F|  |TAMS 0x0000000086b00000, 0x0000000086b00000| Untracked 
| 108|0x0000000086c00000, 0x0000000086c00000, 0x0000000086d00000|  0%| F|  |TAMS 0x0000000086c00000, 0x0000000086c00000| Untracked 
| 109|0x0000000086d00000, 0x0000000086d00000, 0x0000000086e00000|  0%| F|  |TAMS 0x0000000086d00000, 0x0000000086d00000| Untracked 
| 110|0x0000000086e00000, 0x0000000086e00000, 0x0000000086f00000|  0%| F|  |TAMS 0x0000000086e00000, 0x0000000086e00000| Untracked 
| 111|0x0000000086f00000, 0x0000000086f00000, 0x0000000087000000|  0%| F|  |TAMS 0x0000000086f00000, 0x0000000086f00000| Untracked 
| 112|0x0000000087000000, 0x0000000087000000, 0x0000000087100000|  0%| F|  |TAMS 0x0000000087000000, 0x0000000087000000| Untracked 
| 113|0x0000000087100000, 0x0000000087100000, 0x0000000087200000|  0%| F|  |TAMS 0x0000000087100000, 0x0000000087100000| Untracked 
| 114|0x0000000087200000, 0x0000000087200000, 0x0000000087300000|  0%| F|  |TAMS 0x0000000087200000, 0x0000000087200000| Untracked 
| 115|0x0000000087300000, 0x0000000087300000, 0x0000000087400000|  0%| F|  |TAMS 0x0000000087300000, 0x0000000087300000| Untracked 
| 116|0x0000000087400000, 0x0000000087400000, 0x0000000087500000|  0%| F|  |TAMS 0x0000000087400000, 0x0000000087400000| Untracked 
| 117|0x0000000087500000, 0x0000000087500000, 0x0000000087600000|  0%| F|  |TAMS 0x0000000087500000, 0x0000000087500000| Untracked 
| 118|0x0000000087600000, 0x0000000087600000, 0x0000000087700000|  0%| F|  |TAMS 0x0000000087600000, 0x0000000087600000| Untracked 
| 119|0x0000000087700000, 0x0000000087700000, 0x0000000087800000|  0%| F|  |TAMS 0x0000000087700000, 0x0000000087700000| Untracked 
| 120|0x0000000087800000, 0x0000000087800000, 0x0000000087900000|  0%| F|  |TAMS 0x0000000087800000, 0x0000000087800000| Untracked 
| 121|0x0000000087900000, 0x0000000087900000, 0x0000000087a00000|  0%| F|  |TAMS 0x0000000087900000, 0x0000000087900000| Untracked 
| 122|0x0000000087a00000, 0x0000000087a00000, 0x0000000087b00000|  0%| F|  |TAMS 0x0000000087a00000, 0x0000000087a00000| Untracked 
| 123|0x0000000087b00000, 0x0000000087b00000, 0x0000000087c00000|  0%| F|  |TAMS 0x0000000087b00000, 0x0000000087b00000| Untracked 
| 124|0x0000000087c00000, 0x0000000087c00000, 0x0000000087d00000|  0%| F|  |TAMS 0x0000000087c00000, 0x0000000087c00000| Untracked 
| 125|0x0000000087d00000, 0x0000000087d00000, 0x0000000087e00000|  0%| F|  |TAMS 0x0000000087d00000, 0x0000000087d00000| Untracked 
| 126|0x0000000087e00000, 0x0000000087e00000, 0x0000000087f00000|  0%| F|  |TAMS 0x0000000087e00000, 0x0000000087e00000| Untracked 
| 127|0x0000000087f00000, 0x0000000087f00000, 0x0000000088000000|  0%| F|  |TAMS 0x0000000087f00000, 0x0000000087f00000| Untracked 
| 128|0x0000000088000000, 0x0000000088000000, 0x0000000088100000|  0%| F|  |TAMS 0x0000000088000000, 0x0000000088000000| Untracked 
| 129|0x0000000088100000, 0x0000000088100000, 0x0000000088200000|  0%| F|  |TAMS 0x0000000088100000, 0x0000000088100000| Untracked 
| 130|0x0000000088200000, 0x0000000088200000, 0x0000000088300000|  0%| F|  |TAMS 0x0000000088200000, 0x0000000088200000| Untracked 
| 131|0x0000000088300000, 0x0000000088300000, 0x0000000088400000|  0%| F|  |TAMS 0x0000000088300000, 0x0000000088300000| Untracked 
| 132|0x0000000088400000, 0x0000000088400000, 0x0000000088500000|  0%| F|  |TAMS 0x0000000088400000, 0x0000000088400000| Untracked 
| 133|0x0000000088500000, 0x0000000088500000, 0x0000000088600000|  0%| F|  |TAMS 0x0000000088500000, 0x0000000088500000| Untracked 
| 134|0x0000000088600000, 0x0000000088600000, 0x0000000088700000|  0%| F|  |TAMS 0x0000000088600000, 0x0000000088600000| Untracked 
| 135|0x0000000088700000, 0x0000000088700000, 0x0000000088800000|  0%| F|  |TAMS 0x0000000088700000, 0x0000000088700000| Untracked 
| 136|0x0000000088800000, 0x0000000088800000, 0x0000000088900000|  0%| F|  |TAMS 0x0000000088800000, 0x0000000088800000| Untracked 
| 137|0x0000000088900000, 0x0000000088900000, 0x0000000088a00000|  0%| F|  |TAMS 0x0000000088900000, 0x0000000088900000| Untracked 
| 138|0x0000000088a00000, 0x0000000088a00000, 0x0000000088b00000|  0%| F|  |TAMS 0x0000000088a00000, 0x0000000088a00000| Untracked 
| 139|0x0000000088b00000, 0x0000000088b00000, 0x0000000088c00000|  0%| F|  |TAMS 0x0000000088b00000, 0x0000000088b00000| Untracked 
| 140|0x0000000088c00000, 0x0000000088c00000, 0x0000000088d00000|  0%| F|  |TAMS 0x0000000088c00000, 0x0000000088c00000| Untracked 
| 141|0x0000000088d00000, 0x0000000088d00000, 0x0000000088e00000|  0%| F|  |TAMS 0x0000000088d00000, 0x0000000088d00000| Untracked 
| 142|0x0000000088e00000, 0x0000000088e00000, 0x0000000088f00000|  0%| F|  |TAMS 0x0000000088e00000, 0x0000000088e00000| Untracked 
| 143|0x0000000088f00000, 0x0000000088f00000, 0x0000000089000000|  0%| F|  |TAMS 0x0000000088f00000, 0x0000000088f00000| Untracked 
| 144|0x0000000089000000, 0x0000000089000000, 0x0000000089100000|  0%| F|  |TAMS 0x0000000089000000, 0x0000000089000000| Untracked 
| 145|0x0000000089100000, 0x0000000089100000, 0x0000000089200000|  0%| F|  |TAMS 0x0000000089100000, 0x0000000089100000| Untracked 
| 146|0x0000000089200000, 0x0000000089200000, 0x0000000089300000|  0%| F|  |TAMS 0x0000000089200000, 0x0000000089200000| Untracked 
| 147|0x0000000089300000, 0x0000000089300000, 0x0000000089400000|  0%| F|  |TAMS 0x0000000089300000, 0x0000000089300000| Untracked 
| 148|0x0000000089400000, 0x0000000089400000, 0x0000000089500000|  0%| F|  |TAMS 0x0000000089400000, 0x0000000089400000| Untracked 
| 149|0x0000000089500000, 0x0000000089500000, 0x0000000089600000|  0%| F|  |TAMS 0x0000000089500000, 0x0000000089500000| Untracked 
| 150|0x0000000089600000, 0x0000000089600000, 0x0000000089700000|  0%| F|  |TAMS 0x0000000089600000, 0x0000000089600000| Untracked 
| 151|0x0000000089700000, 0x0000000089700000, 0x0000000089800000|  0%| F|  |TAMS 0x0000000089700000, 0x0000000089700000| Untracked 
| 152|0x0000000089800000, 0x0000000089800000, 0x0000000089900000|  0%| F|  |TAMS 0x0000000089800000, 0x0000000089800000| Untracked 
| 153|0x0000000089900000, 0x0000000089900000, 0x0000000089a00000|  0%| F|  |TAMS 0x0000000089900000, 0x0000000089900000| Untracked 
| 154|0x0000000089a00000, 0x0000000089a00000, 0x0000000089b00000|  0%| F|  |TAMS 0x0000000089a00000, 0x0000000089a00000| Untracked 
| 155|0x0000000089b00000, 0x0000000089b00000, 0x0000000089c00000|  0%| F|  |TAMS 0x0000000089b00000, 0x0000000089b00000| Untracked 
| 156|0x0000000089c00000, 0x0000000089c00000, 0x0000000089d00000|  0%| F|  |TAMS 0x0000000089c00000, 0x0000000089c00000| Untracked 
| 157|0x0000000089d00000, 0x0000000089d00000, 0x0000000089e00000|  0%| F|  |TAMS 0x0000000089d00000, 0x0000000089d00000| Untracked 
| 158|0x0000000089e00000, 0x0000000089e00000, 0x0000000089f00000|  0%| F|  |TAMS 0x0000000089e00000, 0x0000000089e00000| Untracked 
| 159|0x0000000089f00000, 0x0000000089f00000, 0x000000008a000000|  0%| F|  |TAMS 0x0000000089f00000, 0x0000000089f00000| Untracked 
| 160|0x000000008a000000, 0x000000008a000000, 0x000000008a100000|  0%| F|  |TAMS 0x000000008a000000, 0x000000008a000000| Untracked 
| 161|0x000000008a100000, 0x000000008a100000, 0x000000008a200000|  0%| F|  |TAMS 0x000000008a100000, 0x000000008a100000| Untracked 
| 162|0x000000008a200000, 0x000000008a200000, 0x000000008a300000|  0%| F|  |TAMS 0x000000008a200000, 0x000000008a200000| Untracked 
| 163|0x000000008a300000, 0x000000008a300000, 0x000000008a400000|  0%| F|  |TAMS 0x000000008a300000, 0x000000008a300000| Untracked 
| 164|0x000000008a400000, 0x000000008a400000, 0x000000008a500000|  0%| F|  |TAMS 0x000000008a400000, 0x000000008a400000| Untracked 
| 165|0x000000008a500000, 0x000000008a500000, 0x000000008a600000|  0%| F|  |TAMS 0x000000008a500000, 0x000000008a500000| Untracked 
| 166|0x000000008a600000, 0x000000008a600000, 0x000000008a700000|  0%| F|  |TAMS 0x000000008a600000, 0x000000008a600000| Untracked 
| 167|0x000000008a700000, 0x000000008a700000, 0x000000008a800000|  0%| F|  |TAMS 0x000000008a700000, 0x000000008a700000| Untracked 
| 168|0x000000008a800000, 0x000000008a800000, 0x000000008a900000|  0%| F|  |TAMS 0x000000008a800000, 0x000000008a800000| Untracked 
| 169|0x000000008a900000, 0x000000008a900000, 0x000000008aa00000|  0%| F|  |TAMS 0x000000008a900000, 0x000000008a900000| Untracked 
| 170|0x000000008aa00000, 0x000000008aa00000, 0x000000008ab00000|  0%| F|  |TAMS 0x000000008aa00000, 0x000000008aa00000| Untracked 
| 171|0x000000008ab00000, 0x000000008ac00000, 0x000000008ac00000|100%| S|CS|TAMS 0x000000008ab00000, 0x000000008ab00000| Complete 
| 172|0x000000008ac00000, 0x000000008ad00000, 0x000000008ad00000|100%| S|CS|TAMS 0x000000008ac00000, 0x000000008ac00000| Complete 
| 173|0x000000008ad00000, 0x000000008ae00000, 0x000000008ae00000|100%| S|CS|TAMS 0x000000008ad00000, 0x000000008ad00000| Complete 
| 174|0x000000008ae00000, 0x000000008af00000, 0x000000008af00000|100%| S|CS|TAMS 0x000000008ae00000, 0x000000008ae00000| Complete 
| 175|0x000000008af00000, 0x000000008af00000, 0x000000008b000000|  0%| F|  |TAMS 0x000000008af00000, 0x000000008af00000| Untracked 
| 176|0x000000008b000000, 0x000000008b000000, 0x000000008b100000|  0%| F|  |TAMS 0x000000008b000000, 0x000000008b000000| Untracked 
| 177|0x000000008b100000, 0x000000008b100000, 0x000000008b200000|  0%| F|  |TAMS 0x000000008b100000, 0x000000008b100000| Untracked 
| 178|0x000000008b200000, 0x000000008b200000, 0x000000008b300000|  0%| F|  |TAMS 0x000000008b200000, 0x000000008b200000| Untracked 
| 179|0x000000008b300000, 0x000000008b300000, 0x000000008b400000|  0%| F|  |TAMS 0x000000008b300000, 0x000000008b300000| Untracked 
| 180|0x000000008b400000, 0x000000008b400000, 0x000000008b500000|  0%| F|  |TAMS 0x000000008b400000, 0x000000008b400000| Untracked 
| 181|0x000000008b500000, 0x000000008b500000, 0x000000008b600000|  0%| F|  |TAMS 0x000000008b500000, 0x000000008b500000| Untracked 
| 182|0x000000008b600000, 0x000000008b600000, 0x000000008b700000|  0%| F|  |TAMS 0x000000008b600000, 0x000000008b600000| Untracked 
| 183|0x000000008b700000, 0x000000008b700000, 0x000000008b800000|  0%| F|  |TAMS 0x000000008b700000, 0x000000008b700000| Untracked 
| 184|0x000000008b800000, 0x000000008b800000, 0x000000008b900000|  0%| F|  |TAMS 0x000000008b800000, 0x000000008b800000| Untracked 
| 185|0x000000008b900000, 0x000000008b900000, 0x000000008ba00000|  0%| F|  |TAMS 0x000000008b900000, 0x000000008b900000| Untracked 
| 186|0x000000008ba00000, 0x000000008ba00000, 0x000000008bb00000|  0%| F|  |TAMS 0x000000008ba00000, 0x000000008ba00000| Untracked 
| 187|0x000000008bb00000, 0x000000008bb00000, 0x000000008bc00000|  0%| F|  |TAMS 0x000000008bb00000, 0x000000008bb00000| Untracked 
| 188|0x000000008bc00000, 0x000000008bc00000, 0x000000008bd00000|  0%| F|  |TAMS 0x000000008bc00000, 0x000000008bc00000| Untracked 
| 189|0x000000008bd00000, 0x000000008bd00000, 0x000000008be00000|  0%| F|  |TAMS 0x000000008bd00000, 0x000000008bd00000| Untracked 

Card table byte_map: [0x00000290d2a90000,0x00000290d2e90000] _byte_map_base: 0x00000290d2690000

Marking Bits (Prev, Next): (CMBitMap*) 0x00000290bfbf7da8, (CMBitMap*) 0x00000290bfbf7de0
 Prev Bits: [0x00000290d3290000, 0x00000290d5290000)
 Next Bits: [0x00000290d5290000, 0x00000290d7290000)

Polling page: 0x00000290bda60000

Metaspace:

Usage:
  Non-class:     89.97 MB capacity,    88.32 MB ( 98%) used,     1.32 MB (  1%) free+waste,   336.50 KB ( <1%) overhead. 
      Class:     14.26 MB capacity,    13.25 MB ( 93%) used,   886.88 KB (  6%) free+waste,   153.56 KB (  1%) overhead. 
       Both:    104.23 MB capacity,   101.56 MB ( 97%) used,     2.19 MB (  2%) free+waste,   490.06 KB ( <1%) overhead. 

Virtual space:
  Non-class space:       98.00 MB reserved,      90.00 MB ( 92%) committed 
      Class space:        1.00 GB reserved,      14.32 MB (  1%) committed 
             Both:        1.10 GB reserved,     104.32 MB (  9%) committed 

Chunk freelists:
   Non-Class:  34.00 KB
       Class:  19.00 KB
        Both:  53.00 KB

MaxMetaspaceSize: 17179869184.00 GB
CompressedClassSpaceSize: 1.00 GB

CodeHeap 'non-profiled nmethods': size=120064Kb used=9258Kb max_used=9258Kb free=110805Kb
 bounds [0x00000290cb150000, 0x00000290cba60000, 0x00000290d2690000]
CodeHeap 'profiled nmethods': size=120000Kb used=30964Kb max_used=30964Kb free=89035Kb
 bounds [0x00000290c3c20000, 0x00000290c5a60000, 0x00000290cb150000]
CodeHeap 'non-nmethods': size=5696Kb used=2336Kb max_used=2410Kb free=3359Kb
 bounds [0x00000290c3690000, 0x00000290c3900000, 0x00000290c3c20000]
 total_blobs=14915 nmethods=13958 adapters=868
 compilation: enabled
              stopped_count=0, restarted_count=0
 full_count=0

Compilation events (20 events):
Event: 3544.069 Thread 0x00000290e3eb0800 14013       4       com.android.tools.r8.internal.h2::v (29 bytes)
Event: 3544.069 Thread 0x00000290da091800 nmethod 14010 0x00000290c5a59190 code [0x00000290c5a59380, 0x00000290c5a59838]
Event: 3544.069 Thread 0x00000290da091800 14007       3       com.android.tools.r8.internal.Ze::H (2 bytes)
Event: 3544.069 Thread 0x00000290e3eb0800 nmethod 14013 0x00000290cba5a310 code [0x00000290cba5a4a0, 0x00000290cba5a4f8]
Event: 3544.069 Thread 0x00000290da091800 nmethod 14007 0x00000290c5a59990 code [0x00000290c5a59b40, 0x00000290c5a59c38]
Event: 3544.069 Thread 0x00000290da091800 14008       3       com.android.tools.r8.internal.Ze::f2 (81 bytes)
Event: 3544.070 Thread 0x00000290da091800 nmethod 14008 0x00000290c5a59d10 code [0x00000290c5a59f80, 0x00000290c5a5ab18]
Event: 3544.070 Thread 0x00000290da091800 14012       3       com.android.tools.r8.internal.Ze::e2 (81 bytes)
Event: 3544.071 Thread 0x00000290da091800 nmethod 14012 0x00000290c5a5ae10 code [0x00000290c5a5b080, 0x00000290c5a5bc18]
Event: 3544.071 Thread 0x00000290da091800 14015       3       com.android.tools.r8.internal.t0::iterator (5 bytes)
Event: 3544.071 Thread 0x00000290da091800 nmethod 14015 0x00000290c5a5bf10 code [0x00000290c5a5c0c0, 0x00000290c5a5c268]
Event: 3544.071 Thread 0x00000290da091800 14016       3       com.android.tools.r8.internal.zh::putAll (99 bytes)
Event: 3544.071 Thread 0x00000290e3eb0800 14018       4       java.lang.invoke.InnerClassLambdaMetafactory::getOpcodeOffset (38 bytes)
Event: 3544.071 Thread 0x00000290da091800 nmethod 14016 0x00000290c5a5c310 code [0x00000290c5a5c560, 0x00000290c5a5cb08]
Event: 3544.071 Thread 0x00000290da091800 14014       3       com.android.tools.r8.internal.Nc::c (2 bytes)
Event: 3544.072 Thread 0x00000290da091800 nmethod 14014 0x00000290c5a5cd10 code [0x00000290c5a5cec0, 0x00000290c5a5cfb8]
Event: 3544.072 Thread 0x00000290da091800 14009       1       com.android.tools.r8.internal.Rr::K1 (2 bytes)
Event: 3544.072 Thread 0x00000290da091800 nmethod 14009 0x00000290cba5a590 code [0x00000290cba5a740, 0x00000290cba5a7f8]
Event: 3544.072 Thread 0x00000290da091800 14021       3       com.android.tools.r8.internal.ja::b (12 bytes)
Event: 3544.072 Thread 0x00000290e3eb0800 nmethod 14018 0x00000290cba5a890 code [0x00000290cba5aa20, 0x00000290cba5aad8]

GC Heap History (20 events):
Event: 18.061 GC heap before
{Heap before GC invocations=14 (full 0):
 garbage-first heap   total 194560K, used 129272K [0x0000000080000000, 0x0000000100000000)
  region size 1024K, 81 young (82944K), 7 survivors (7168K)
 Metaspace       used 71174K, capacity 72762K, committed 73036K, reserved 1112064K
  class space    used 9172K, capacity 9755K, committed 9804K, reserved 1048576K
}
Event: 18.080 GC heap after
{Heap after GC invocations=15 (full 0):
 garbage-first heap   total 194560K, used 59907K [0x0000000080000000, 0x0000000100000000)
  region size 1024K, 11 young (11264K), 11 survivors (11264K)
 Metaspace       used 71174K, capacity 72762K, committed 73036K, reserved 1112064K
  class space    used 9172K, capacity 9755K, committed 9804K, reserved 1048576K
}
Event: 22.240 GC heap before
{Heap before GC invocations=15 (full 0):
 garbage-first heap   total 194560K, used 135683K [0x0000000080000000, 0x0000000100000000)
  region size 1024K, 85 young (87040K), 11 survivors (11264K)
 Metaspace       used 79046K, capacity 80794K, committed 81100K, reserved 1120256K
  class space    used 10254K, capacity 10892K, committed 10956K, reserved 1048576K
}
Event: 22.265 GC heap after
{Heap after GC invocations=16 (full 0):
 garbage-first heap   total 194560K, used 65101K [0x0000000080000000, 0x0000000100000000)
  region size 1024K, 6 young (6144K), 6 survivors (6144K)
 Metaspace       used 79046K, capacity 80794K, committed 81100K, reserved 1120256K
  class space    used 10254K, capacity 10892K, committed 10956K, reserved 1048576K
}
Event: 23.886 GC heap before
{Heap before GC invocations=16 (full 0):
 garbage-first heap   total 194560K, used 139853K [0x0000000080000000, 0x0000000100000000)
  region size 1024K, 80 young (81920K), 6 survivors (6144K)
 Metaspace       used 82275K, capacity 84304K, committed 84556K, reserved 1122304K
  class space    used 10700K, capacity 11472K, committed 11596K, reserved 1048576K
}
Event: 23.904 GC heap after
{Heap after GC invocations=17 (full 0):
 garbage-first heap   total 194560K, used 69738K [0x0000000080000000, 0x0000000100000000)
  region size 1024K, 10 young (10240K), 10 survivors (10240K)
 Metaspace       used 82275K, capacity 84304K, committed 84556K, reserved 1122304K
  class space    used 10700K, capacity 11472K, committed 11596K, reserved 1048576K
}
Event: 25.747 GC heap before
{Heap before GC invocations=17 (full 0):
 garbage-first heap   total 194560K, used 144490K [0x0000000080000000, 0x0000000100000000)
  region size 1024K, 84 young (86016K), 10 survivors (10240K)
 Metaspace       used 83071K, capacity 85157K, committed 85324K, reserved 1122304K
  class space    used 10753K, capacity 11561K, committed 11596K, reserved 1048576K
}
Event: 25.770 GC heap after
{Heap after GC invocations=18 (full 0):
 garbage-first heap   total 194560K, used 74365K [0x0000000080000000, 0x0000000100000000)
  region size 1024K, 10 young (10240K), 10 survivors (10240K)
 Metaspace       used 83071K, capacity 85157K, committed 85324K, reserved 1122304K
  class space    used 10753K, capacity 11561K, committed 11596K, reserved 1048576K
}
Event: 26.905 GC heap before
{Heap before GC invocations=18 (full 0):
 garbage-first heap   total 194560K, used 149117K [0x0000000080000000, 0x0000000100000000)
  region size 1024K, 84 young (86016K), 10 survivors (10240K)
 Metaspace       used 87757K, capacity 89758K, committed 90060K, reserved 1126400K
  class space    used 11350K, capacity 12147K, committed 12236K, reserved 1048576K
}
Event: 26.924 GC heap after
{Heap after GC invocations=19 (full 0):
 garbage-first heap   total 194560K, used 77742K [0x0000000080000000, 0x0000000100000000)
  region size 1024K, 8 young (8192K), 8 survivors (8192K)
 Metaspace       used 87757K, capacity 89758K, committed 90060K, reserved 1126400K
  class space    used 11350K, capacity 12147K, committed 12236K, reserved 1048576K
}
Event: 28.143 GC heap before
{Heap before GC invocations=19 (full 0):
 garbage-first heap   total 194560K, used 152494K [0x0000000080000000, 0x0000000100000000)
  region size 1024K, 82 young (83968K), 8 survivors (8192K)
 Metaspace       used 88915K, capacity 91060K, committed 91212K, reserved 1128448K
  class space    used 11488K, capacity 12296K, committed 12364K, reserved 1048576K
}
Event: 28.161 GC heap after
{Heap after GC invocations=20 (full 0):
 garbage-first heap   total 194560K, used 82138K [0x0000000080000000, 0x0000000100000000)
  region size 1024K, 8 young (8192K), 8 survivors (8192K)
 Metaspace       used 88915K, capacity 91060K, committed 91212K, reserved 1128448K
  class space    used 11488K, capacity 12296K, committed 12364K, reserved 1048576K
}
Event: 2695.779 GC heap before
{Heap before GC invocations=20 (full 0):
 garbage-first heap   total 194560K, used 154842K [0x0000000080000000, 0x0000000100000000)
  region size 1024K, 80 young (81920K), 8 survivors (8192K)
 Metaspace       used 90040K, capacity 92167K, committed 92364K, reserved 1128448K
  class space    used 11588K, capacity 12376K, committed 12492K, reserved 1048576K
}
Event: 2695.798 GC heap after
{Heap after GC invocations=21 (full 0):
 garbage-first heap   total 194560K, used 83609K [0x0000000080000000, 0x0000000100000000)
  region size 1024K, 6 young (6144K), 6 survivors (6144K)
 Metaspace       used 90040K, capacity 92167K, committed 92364K, reserved 1128448K
  class space    used 11588K, capacity 12376K, committed 12492K, reserved 1048576K
}
Event: 3521.394 GC heap before
{Heap before GC invocations=21 (full 0):
 garbage-first heap   total 194560K, used 157337K [0x0000000080000000, 0x0000000100000000)
  region size 1024K, 79 young (80896K), 6 survivors (6144K)
 Metaspace       used 91149K, capacity 93324K, committed 93388K, reserved 1130496K
  class space    used 11660K, capacity 12472K, committed 12492K, reserved 1048576K
}
Event: 3521.413 GC heap after
{Heap after GC invocations=22 (full 0):
 garbage-first heap   total 194560K, used 90478K [0x0000000080000000, 0x0000000100000000)
  region size 1024K, 8 young (8192K), 8 survivors (8192K)
 Metaspace       used 91149K, capacity 93324K, committed 93388K, reserved 1130496K
  class space    used 11660K, capacity 12472K, committed 12492K, reserved 1048576K
}
Event: 3543.727 GC heap before
{Heap before GC invocations=22 (full 0):
 garbage-first heap   total 194560K, used 158062K [0x0000000080000000, 0x0000000100000000)
  region size 1024K, 75 young (76800K), 8 survivors (8192K)
 Metaspace       used 101961K, capacity 104625K, committed 104780K, reserved 1140736K
  class space    used 13279K, capacity 14293K, committed 14412K, reserved 1048576K
}
Event: 3543.747 GC heap after
{Heap after GC invocations=23 (full 0):
 garbage-first heap   total 194560K, used 93277K [0x0000000080000000, 0x0000000100000000)
  region size 1024K, 4 young (4096K), 4 survivors (4096K)
 Metaspace       used 101961K, capacity 104625K, committed 104780K, reserved 1140736K
  class space    used 13279K, capacity 14293K, committed 14412K, reserved 1048576K
}
Event: 3544.072 GC heap before
{Heap before GC invocations=23 (full 0):
 garbage-first heap   total 194560K, used 107613K [0x0000000080000000, 0x0000000100000000)
  region size 1024K, 19 young (19456K), 4 survivors (4096K)
 Metaspace       used 104001K, capacity 106731K, committed 106828K, reserved 1146880K
  class space    used 13564K, capacity 14605K, committed 14668K, reserved 1048576K
}
Event: 3544.082 GC heap after
{Heap after GC invocations=24 (full 0):
 garbage-first heap   total 194560K, used 93595K [0x0000000080000000, 0x0000000100000000)
  region size 1024K, 4 young (4096K), 4 survivors (4096K)
 Metaspace       used 104001K, capacity 106731K, committed 106828K, reserved 1146880K
  class space    used 13564K, capacity 14605K, committed 14668K, reserved 1048576K
}

Deoptimization events (20 events):
Event: 3543.007 Thread 0x00000290e3ea2800 DEOPT PACKING pc=0x00000290cb66f114 sp=0x000000d22f2f58a0
Event: 3543.007 Thread 0x00000290e3ea2800 DEOPT UNPACKING pc=0x00000290c36b78af sp=0x000000d22f2f5858 mode 2
Event: 3543.008 Thread 0x00000290e3ea2800 Uncommon trap: trap_request=0xffffff4d fr.pc=0x00000290cb67a014 relative=0x0000000000001c54
Event: 3543.008 Thread 0x00000290e3ea2800 Uncommon trap: reason=unstable_if action=reinterpret pc=0x00000290cb67a014 method=com.google.common.collect.MapMakerInternalMap$Segment.put(Ljava/lang/Object;ILjava/lang/Object;Z)Ljava/lang/Object; @ 92 c2
Event: 3543.008 Thread 0x00000290e3ea2800 DEOPT PACKING pc=0x00000290cb67a014 sp=0x000000d22f2f58e0
Event: 3543.008 Thread 0x00000290e3ea2800 DEOPT UNPACKING pc=0x00000290c36b78af sp=0x000000d22f2f5888 mode 2
Event: 3543.403 Thread 0x00000290e3ea2800 DEOPT PACKING pc=0x00000290c5829044 sp=0x000000d22f2fce20
Event: 3543.403 Thread 0x00000290e3ea2800 DEOPT UNPACKING pc=0x00000290c36b76ce sp=0x000000d22f2fc3c0 mode 0
Event: 3543.755 Thread 0x00000290dc619000 Uncommon trap: trap_request=0xffffff6e fr.pc=0x00000290cb9f7264 relative=0x00000000000070e4
Event: 3543.755 Thread 0x00000290dc619000 Uncommon trap: reason=speculate_class_check action=maybe_recompile pc=0x00000290cb9f7264 method=java.io.ObjectOutputStream.writeNonProxyDesc(Ljava/io/ObjectStreamClass;Z)V @ 78 c2
Event: 3543.755 Thread 0x00000290dc619000 DEOPT PACKING pc=0x00000290cb9f7264 sp=0x000000d22ebfd2a0
Event: 3543.755 Thread 0x00000290dc619000 DEOPT UNPACKING pc=0x00000290c36b78af sp=0x000000d22ebfd170 mode 2
Event: 3543.755 Thread 0x00000290dc619000 Uncommon trap: trap_request=0xffffff6e fr.pc=0x00000290cb9f7264 relative=0x00000000000070e4
Event: 3543.755 Thread 0x00000290dc619000 Uncommon trap: reason=speculate_class_check action=maybe_recompile pc=0x00000290cb9f7264 method=java.io.ObjectOutputStream.writeNonProxyDesc(Ljava/io/ObjectStreamClass;Z)V @ 78 c2
Event: 3543.755 Thread 0x00000290dc619000 DEOPT PACKING pc=0x00000290cb9f7264 sp=0x000000d22ebfcfc0
Event: 3543.755 Thread 0x00000290dc619000 DEOPT UNPACKING pc=0x00000290c36b78af sp=0x000000d22ebfce78 mode 2
Event: 3543.755 Thread 0x00000290dc619000 Uncommon trap: trap_request=0xffffff6e fr.pc=0x00000290cb9f7264 relative=0x00000000000070e4
Event: 3543.755 Thread 0x00000290dc619000 Uncommon trap: reason=speculate_class_check action=maybe_recompile pc=0x00000290cb9f7264 method=java.io.ObjectOutputStream.writeNonProxyDesc(Ljava/io/ObjectStreamClass;Z)V @ 78 c2
Event: 3543.755 Thread 0x00000290dc619000 DEOPT PACKING pc=0x00000290cb9f7264 sp=0x000000d22ebfd480
Event: 3543.755 Thread 0x00000290dc619000 DEOPT UNPACKING pc=0x00000290c36b78af sp=0x000000d22ebfd338 mode 2

Classes redefined (0 events):
No events

Internal exceptions (20 events):
Event: 3543.299 Thread 0x00000290dc2b4000 Exception <a 'java/lang/IncompatibleClassChangeError'{0x0000000088de8210}: Found class java.lang.Object, but interface was expected> (0x0000000088de8210) thrown at [./src/hotspot/share/interpreter/linkResolver.cpp, line 839]
Event: 3543.299 Thread 0x00000290e3ea2800 Exception <a 'java/lang/IncompatibleClassChangeError'{0x0000000088dcfb88}: Found class java.lang.Object, but interface was expected> (0x0000000088dcfb88) thrown at [./src/hotspot/share/interpreter/linkResolver.cpp, line 839]
Event: 3543.392 Thread 0x00000290dc2b4000 Exception <a 'java/lang/NoSuchMethodError'{0x00000000889a0848}: 'int java.lang.invoke.DirectMethodHandle$Holder.invokeVirtual(java.lang.Object, java.lang.Object, java.lang.Object, java.lang.Object)'> (0x00000000889a0848) thrown at [./src/hotspot/share/interpreter/linkResolver.cpp, line 773]
Event: 3543.392 Thread 0x00000290e3ea2800 Exception <a 'java/lang/NoSuchMethodError'{0x000000008895d880}: 'int java.lang.invoke.DirectMethodHandle$Holder.invokeVirtual(java.lang.Object, java.lang.Object, java.lang.Object, java.lang.Object)'> (0x000000008895d880) thrown at [./src/hotspot/share/interpreter/linkResolver.cpp, line 773]
Event: 3543.416 Thread 0x00000290e3ea2800 Exception <a 'java/lang/NoSuchMethodError'{0x00000000888f4bf0}: 'void java.lang.invoke.DirectMethodHandle$Holder.invokeStatic(java.lang.Object, java.lang.Object, java.lang.Object, int)'> (0x00000000888f4bf0) thrown at [./src/hotspot/share/interpreter/linkResolver.cpp, line 773]
Event: 3543.416 Thread 0x00000290dc2b4000 Exception <a 'java/lang/NoSuchMethodError'{0x0000000088700eb8}: 'void java.lang.invoke.DirectMethodHandle$Holder.invokeStatic(java.lang.Object, java.lang.Object, java.lang.Object, int)'> (0x0000000088700eb8) thrown at [./src/hotspot/share/interpreter/linkResolver.cpp, line 773]
Event: 3543.418 Thread 0x00000290e3ea2800 Exception <a 'java/lang/IncompatibleClassChangeError'{0x00000000888fa570}: Found class java.lang.Object, but interface was expected> (0x00000000888fa570) thrown at [./src/hotspot/share/interpreter/linkResolver.cpp, line 839]
Event: 3543.418 Thread 0x00000290dc2b4000 Exception <a 'java/lang/IncompatibleClassChangeError'{0x0000000088708b30}: Found class java.lang.Object, but interface was expected> (0x0000000088708b30) thrown at [./src/hotspot/share/interpreter/linkResolver.cpp, line 839]
Event: 3543.539 Thread 0x00000290e3ea2800 Exception <a 'java/lang/NoSuchMethodError'{0x0000000088243ff0}: 'java.lang.Object java.lang.invoke.Invokers$Holder.linkToTargetMethod(java.lang.Object, java.lang.Object, java.lang.Object, java.lang.Object, java.lang.Object, java.lang.Object, java.lang.Object)'> (0x0000000088243ff0) thrown at [./src/hotspot/share/interpreter/linkResolver.cpp, line 773]
Event: 3543.539 Thread 0x00000290dc2b4000 Exception <a 'java/lang/NoSuchMethodError'{0x0000000088208910}: 'java.lang.Object java.lang.invoke.Invokers$Holder.linkToTargetMethod(java.lang.Object, java.lang.Object, java.lang.Object, java.lang.Object, java.lang.Object, java.lang.Object, java.lang.Object)'> (0x0000000088208910) thrown at [./src/hotspot/share/interpreter/linkResolver.cpp, line 773]
Event: 3543.655 Thread 0x00000290e3ea2800 Exception <a 'java/lang/NoSuchMethodError'{0x0000000087e554c8}: 'java.lang.Object java.lang.invoke.DirectMethodHandle$Holder.invokeVirtual(java.lang.Object, java.lang.Object, int, java.lang.Object)'> (0x0000000087e554c8) thrown at [./src/hotspot/share/interpreter/linkResolver.cpp, line 773]
Event: 3543.655 Thread 0x00000290dc2b4000 Exception <a 'java/lang/NoSuchMethodError'{0x0000000087e688b0}: 'java.lang.Object java.lang.invoke.DirectMethodHandle$Holder.invokeVirtual(java.lang.Object, java.lang.Object, int, java.lang.Object)'> (0x0000000087e688b0) thrown at [./src/hotspot/share/interpreter/linkResolver.cpp, line 773]
Event: 3543.673 Thread 0x00000290e3ea2800 Exception <a 'java/lang/IncompatibleClassChangeError'{0x0000000087d1b050}: Found class java.lang.Object, but interface was expected> (0x0000000087d1b050) thrown at [./src/hotspot/share/interpreter/linkResolver.cpp, line 839]
Event: 3543.675 Thread 0x00000290e3ea2800 Exception <a 'java/lang/IncompatibleClassChangeError'{0x0000000087d44cd0}: Found class java.lang.Object, but interface was expected> (0x0000000087d44cd0) thrown at [./src/hotspot/share/interpreter/linkResolver.cpp, line 839]
Event: 3543.687 Thread 0x00000290dc2b4000 Exception <a 'java/lang/NoSuchMethodError'{0x0000000087db44f8}: 'void java.lang.invoke.DirectMethodHandle$Holder.invokeVirtual(java.lang.Object, java.lang.Object, int, java.lang.Object)'> (0x0000000087db44f8) thrown at [./src/hotspot/share/interpreter/linkResolver.cpp, line 773]
Event: 3543.781 Thread 0x00000290e3ea2800 Exception <a 'java/lang/NoSuchMethodError'{0x000000008bc4d808}: 'java.lang.Object java.lang.invoke.DirectMethodHandle$Holder.newInvokeSpecial(java.lang.Object, int)'> (0x000000008bc4d808) thrown at [./src/hotspot/share/interpreter/linkResolver.cpp, line 773]
Event: 3543.801 Thread 0x00000290dc2b4000 Exception <a 'java/lang/NoSuchMethodError'{0x000000008bb96218}: 'long java.lang.invoke.DirectMethodHandle$Holder.invokeStatic(java.lang.Object, java.lang.Object)'> (0x000000008bb96218) thrown at [./src/hotspot/share/interpreter/linkResolver.cpp, line 773]
Event: 3543.865 Thread 0x00000290e3ea2800 Exception <a 'java/lang/NoSuchMethodError'{0x000000008b822eb0}: 'java.lang.Object java.lang.invoke.DirectMethodHandle$Holder.invokeSpecial(java.lang.Object, java.lang.Object, java.lang.Object, java.lang.Object, java.lang.Object, java.lang.Object, java.lang.Object, java.lang.Object, java.lang.Object, java.lang.Object, java.lang.Object)'> (0x000000008b822eb0) thrown at [./src/hotspot/share/interpreter/linkResolver.cpp, line 773]
Event: 3543.865 Thread 0x00000290e3ea2800 Exception <a 'java/lang/NoSuchMethodError'{0x000000008b854b60}: 'java.lang.Object java.lang.invoke.Invokers$Holder.linkToTargetMethod(java.lang.Object, java.lang.Object, java.lang.Object, java.lang.Object, java.lang.Object, java.lang.Object, java.lang.Object, java.lang.Object, java.lang.Object, java.lang.Object)'> (0x000000008b854b60) thrown at [./src/hotspot/share/interpreter/linkResolver.cpp, line 773]
Event: 3543.878 Thread 0x00000290e3ea2800 Exception <a 'java/lang/IncompatibleClassChangeError'{0x000000008b8d3fb0}: Found class java.lang.Object, but interface was expected> (0x000000008b8d3fb0) thrown at [./src/hotspot/share/interpreter/linkResolver.cpp, line 839]

Events (20 events):
Event: 3544.066 loading class com/android/tools/r8/internal/jj done
Event: 3544.066 loading class com/android/tools/r8/graph/e
Event: 3544.066 loading class com/android/tools/r8/graph/e done
Event: 3544.066 loading class com/android/tools/r8/graph/e
Event: 3544.066 loading class com/android/tools/r8/graph/e done
Event: 3544.068 loading class com/android/tools/r8/graph/e
Event: 3544.068 loading class com/android/tools/r8/graph/e done
Event: 3544.069 loading class com/android/tools/r8/internal/hd
Event: 3544.069 loading class com/android/tools/r8/internal/hd done
Event: 3544.069 loading class com/android/tools/r8/internal/gd
Event: 3544.069 loading class com/android/tools/r8/internal/gd done
Event: 3544.070 loading class com/android/tools/r8/internal/D1
Event: 3544.070 loading class com/android/tools/r8/internal/D1 done
Event: 3544.071 loading class com/android/tools/r8/internal/w4$a
Event: 3544.071 loading class com/android/tools/r8/internal/w4$a done
Event: 3544.071 loading class com/android/tools/r8/graph/V0
Event: 3544.071 loading class com/android/tools/r8/graph/V0 done
Event: 3544.071 loading class com/android/tools/r8/ir/conversion/i
Event: 3544.071 loading class com/android/tools/r8/ir/conversion/i done
Event: 3544.072 Executing VM operation: CollectForMetadataAllocation


Dynamic libraries:
0x00007ff7745c0000 - 0x00007ff7745ca000 	C:\Program Files\Android\Android Studio\jre\bin\java.exe
0x00007ffbf9c60000 - 0x00007ffbf9e50000 	C:\WINDOWS\SYSTEM32\ntdll.dll
0x00007ffbe4500000 - 0x00007ffbe4515000 	C:\Program Files\Avast Software\Avast\aswhook.dll
0x00007ffbf8f10000 - 0x00007ffbf8fc2000 	C:\WINDOWS\System32\KERNEL32.DLL
0x00007ffbf6db0000 - 0x00007ffbf7055000 	C:\WINDOWS\System32\KERNELBASE.dll
0x00007ffbf7060000 - 0x00007ffbf715a000 	C:\WINDOWS\System32\ucrtbase.dll
0x00007ffbdbda0000 - 0x00007ffbdbdb9000 	C:\Program Files\Android\Android Studio\jre\bin\jli.dll
0x00007ffbd9800000 - 0x00007ffbd9817000 	C:\Program Files\Android\Android Studio\jre\bin\VCRUNTIME140.dll
0x00007ffbf7dc0000 - 0x00007ffbf7f54000 	C:\WINDOWS\System32\USER32.dll
0x00007ffbe5090000 - 0x00007ffbe5314000 	C:\WINDOWS\WinSxS\amd64_microsoft.windows.common-controls_6595b64144ccf1df_6.0.18362.1256_none_9e7e379be45e40e2\COMCTL32.dll
0x00007ffbf6d80000 - 0x00007ffbf6da1000 	C:\WINDOWS\System32\win32u.dll
0x00007ffbf8830000 - 0x00007ffbf8856000 	C:\WINDOWS\System32\GDI32.dll
0x00007ffbf83d0000 - 0x00007ffbf846e000 	C:\WINDOWS\System32\msvcrt.dll
0x00007ffbf84f0000 - 0x00007ffbf8826000 	C:\WINDOWS\System32\combase.dll
0x00007ffbf7a30000 - 0x00007ffbf7bc6000 	C:\WINDOWS\System32\gdi32full.dll
0x00007ffbf8d60000 - 0x00007ffbf8e80000 	C:\WINDOWS\System32\RPCRT4.dll
0x00007ffbf78f0000 - 0x00007ffbf7971000 	C:\WINDOWS\System32\bcryptPrimitives.dll
0x00007ffbf7c70000 - 0x00007ffbf7d0e000 	C:\WINDOWS\System32\msvcp_win.dll
0x00007ffbf8b70000 - 0x00007ffbf8b9e000 	C:\WINDOWS\System32\IMM32.DLL
0x00007ffbbe640000 - 0x00007ffbbe6dd000 	C:\Program Files\Android\Android Studio\jre\bin\msvcp140.dll
0x00007ffbaad40000 - 0x00007ffbab80f000 	C:\Program Files\Android\Android Studio\jre\bin\server\jvm.dll
0x00007ffbf8a50000 - 0x00007ffbf8af3000 	C:\WINDOWS\System32\ADVAPI32.dll
0x00007ffbf89b0000 - 0x00007ffbf8a47000 	C:\WINDOWS\System32\sechost.dll
0x00007ffbf89a0000 - 0x00007ffbf89a8000 	C:\WINDOWS\System32\PSAPI.DLL
0x00007ffbf5590000 - 0x00007ffbf5599000 	C:\WINDOWS\SYSTEM32\WSOCK32.dll
0x00007ffbf0710000 - 0x00007ffbf0734000 	C:\WINDOWS\SYSTEM32\WINMM.dll
0x00007ffbf8930000 - 0x00007ffbf899f000 	C:\WINDOWS\System32\WS2_32.dll
0x00007ffbeff80000 - 0x00007ffbeff8a000 	C:\WINDOWS\SYSTEM32\VERSION.dll
0x00007ffbf0650000 - 0x00007ffbf067d000 	C:\WINDOWS\SYSTEM32\winmmbase.dll
0x00007ffbf7bd0000 - 0x00007ffbf7c1a000 	C:\WINDOWS\System32\cfgmgr32.dll
0x00007ffbf6b10000 - 0x00007ffbf6b21000 	C:\WINDOWS\System32\kernel.appcore.dll
0x00007ffbefb80000 - 0x00007ffbefb91000 	C:\Program Files\Android\Android Studio\jre\bin\verify.dll
0x00007ffbf5360000 - 0x00007ffbf5554000 	C:\WINDOWS\SYSTEM32\DBGHELP.DLL
0x00007ffbe8940000 - 0x00007ffbe896a000 	C:\WINDOWS\SYSTEM32\dbgcore.DLL
0x00007ffbefb50000 - 0x00007ffbefb79000 	C:\Program Files\Android\Android Studio\jre\bin\java.dll
0x00007ffbf1cd0000 - 0x00007ffbf1cdb000 	C:\Program Files\Android\Android Studio\jre\bin\jimage.dll
0x00007ffbefb30000 - 0x00007ffbefb48000 	C:\Program Files\Android\Android Studio\jre\bin\zip.dll
0x00007ffbf93f0000 - 0x00007ffbf9ad7000 	C:\WINDOWS\System32\SHELL32.dll
0x00007ffbf7d10000 - 0x00007ffbf7db9000 	C:\WINDOWS\System32\shcore.dll
0x00007ffbf7160000 - 0x00007ffbf78e1000 	C:\WINDOWS\System32\windows.storage.dll
0x00007ffbf6ba0000 - 0x00007ffbf6bc3000 	C:\WINDOWS\System32\profapi.dll
0x00007ffbf6b50000 - 0x00007ffbf6b9a000 	C:\WINDOWS\System32\powrprof.dll
0x00007ffbf6b00000 - 0x00007ffbf6b10000 	C:\WINDOWS\System32\UMPDC.dll
0x00007ffbf9310000 - 0x00007ffbf9362000 	C:\WINDOWS\System32\shlwapi.dll
0x00007ffbf7c20000 - 0x00007ffbf7c37000 	C:\WINDOWS\System32\cryptsp.dll
0x00007ffbefb10000 - 0x00007ffbefb2a000 	C:\Program Files\Android\Android Studio\jre\bin\net.dll
0x00007ffbe8270000 - 0x00007ffbe8360000 	C:\WINDOWS\SYSTEM32\WINHTTP.dll
0x00007ffbf6300000 - 0x00007ffbf6367000 	C:\WINDOWS\system32\mswsock.dll
0x00007ffbefaf0000 - 0x00007ffbefb04000 	C:\Program Files\Android\Android Studio\jre\bin\nio.dll
0x00007ffbdb710000 - 0x00007ffbdb737000 	C:\Users\Polina\.gradle\native\8bec1ad78214c89d9ad589b4d07fe93259594b29d510b10fafb7a158f7737e5d\windows-amd64\native-platform.dll
0x00007ffbc02b0000 - 0x00007ffbc03ed000 	C:\Users\Polina\.gradle\native\53dbd7edfb1c66fb8903c78663c9afc45aea4f116125fa6feffd364cf09443e8\windows-amd64\native-platform-file-events.dll
0x00007ffbf1a60000 - 0x00007ffbf1a6a000 	C:\Program Files\Android\Android Studio\jre\bin\management.dll
0x00007ffbf1520000 - 0x00007ffbf152c000 	C:\Program Files\Android\Android Studio\jre\bin\management_ext.dll
0x00007ffbf5e80000 - 0x00007ffbf5eb3000 	C:\WINDOWS\system32\rsaenh.dll
0x00007ffbf7c40000 - 0x00007ffbf7c66000 	C:\WINDOWS\System32\bcrypt.dll
0x00007ffbf69e0000 - 0x00007ffbf6a05000 	C:\WINDOWS\SYSTEM32\USERENV.dll
0x00007ffbf6480000 - 0x00007ffbf648c000 	C:\WINDOWS\SYSTEM32\CRYPTBASE.dll
0x00007ffbf6020000 - 0x00007ffbf605a000 	C:\WINDOWS\SYSTEM32\IPHLPAPI.DLL
0x00007ffbf8d50000 - 0x00007ffbf8d58000 	C:\WINDOWS\System32\NSI.dll
0x00007ffbed4b0000 - 0x00007ffbed4c6000 	C:\WINDOWS\SYSTEM32\dhcpcsvc6.DLL
0x00007ffbed490000 - 0x00007ffbed4ac000 	C:\WINDOWS\SYSTEM32\dhcpcsvc.DLL
0x00007ffbf6060000 - 0x00007ffbf612b000 	C:\WINDOWS\SYSTEM32\DNSAPI.dll
0x00007ffbe2eb0000 - 0x00007ffbe2ece000 	C:\Users\Polina\AppData\Local\Temp\native-platform8166587781200880695dir\native-platform.dll
0x00007ffbe3e60000 - 0x00007ffbe3e68000 	C:\Program Files\Android\Android Studio\jre\bin\rmi.dll

dbghelp: loaded successfully - version: 4.0.5 - missing functions: none
symbol engine: initialized successfully - sym options: 0x614 - pdb path: .;C:\Program Files\Android\Android Studio\jre\bin;C:\WINDOWS\SYSTEM32;C:\Program Files\Avast Software\Avast;C:\WINDOWS\WinSxS\amd64_microsoft.windows.common-controls_6595b64144ccf1df_6.0.18362.1256_none_9e7e379be45e40e2;C:\Program Files\Android\Android Studio\jre\bin\server;C:\Users\Polina\.gradle\native\8bec1ad78214c89d9ad589b4d07fe93259594b29d510b10fafb7a158f7737e5d\windows-amd64;C:\Users\Polina\.gradle\native\53dbd7edfb1c66fb8903c78663c9afc45aea4f116125fa6feffd364cf09443e8\windows-amd64;C:\Users\Polina\AppData\Local\Temp\native-platform8166587781200880695dir

VM Arguments:
jvm_args: --add-opens=java.base/java.util=ALL-UNNAMED --add-opens=java.base/java.lang=ALL-UNNAMED --add-opens=java.base/java.lang.invoke=ALL-UNNAMED --add-opens=java.base/java.util=ALL-UNNAMED --add-opens=java.prefs/java.util.prefs=ALL-UNNAMED --add-opens=java.prefs/java.util.prefs=ALL-UNNAMED --add-opens=java.base/java.nio.charset=ALL-UNNAMED --add-opens=java.base/java.net=ALL-UNNAMED --add-opens=java.base/java.util.concurrent.atomic=ALL-UNNAMED -Xmx2048m -Dfile.encoding=UTF-8 -Duser.country=RU -Duser.language=ru -Duser.variant 
java_command: org.gradle.launcher.daemon.bootstrap.GradleDaemon 7.0.2
java_class_path (initial): C:\Users\Polina\.gradle\wrapper\dists\gradle-7.0.2-bin\857tjihv64xamwrf0h14cai3r\gradle-7.0.2\lib\gradle-launcher-7.0.2.jar
Launcher Type: SUN_STANDARD

[Global flags]
     intx CICompilerCount                          = 3                                         {product} {ergonomic}
     uint ConcGCThreads                            = 1                                         {product} {ergonomic}
     uint G1ConcRefinementThreads                  = 4                                         {product} {ergonomic}
   size_t G1HeapRegionSize                         = 1048576                                   {product} {ergonomic}
    uintx GCDrainStackTargetSize                   = 64                                        {product} {ergonomic}
   size_t InitialHeapSize                          = 199229440                                 {product} {ergonomic}
   size_t MarkStackSize                            = 4194304                                   {product} {ergonomic}
   size_t MaxHeapSize                              = 2147483648                                {product} {command line}
   size_t MaxNewSize                               = 1287651328                                {product} {ergonomic}
   size_t MinHeapDeltaBytes                        = 1048576                                   {product} {ergonomic}
    uintx NonNMethodCodeHeapSize                   = 5830732                                {pd product} {ergonomic}
    uintx NonProfiledCodeHeapSize                  = 122913754                              {pd product} {ergonomic}
    uintx ProfiledCodeHeapSize                     = 122913754                              {pd product} {ergonomic}
    uintx ReservedCodeCacheSize                    = 251658240                              {pd product} {ergonomic}
     bool SegmentedCodeCache                       = true                                      {product} {ergonomic}
     bool UseCompressedClassPointers               = true                                 {lp64_product} {ergonomic}
     bool UseCompressedOops                        = true                                 {lp64_product} {ergonomic}
     bool UseG1GC                                  = true                                      {product} {ergonomic}
     bool UseLargePagesIndividualAllocation        = false                                  {pd product} {ergonomic}

Logging:
Log output configuration:
 #0: stdout all=warning uptime,level,tags
 #1: stderr all=off uptime,level,tags

Environment Variables:
PATH=C:\Program Files (x86)\Common Files\Oracle\Java\javapath;C:\WINDOWS\system32;C:\WINDOWS;C:\WINDOWS\System32\Wbem;C:\WINDOWS\System32\WindowsPowerShell\v1.0\;C:\WINDOWS\System32\OpenSSH\;C:\cdr\;C:\Users\Polina\AppData\Local\Microsoft\WindowsApps;
USERNAME=Polina
OS=Windows_NT
PROCESSOR_IDENTIFIER=Intel64 Family 6 Model 78 Stepping 3, GenuineIntel



---------------  S Y S T E M  ---------------

OS: Windows 10 , 64 bit Build 18362 (10.0.18362.1110)
OS uptime: 0 days 7:53 hours
Hyper-V role detected

CPU:total 4 (initial active 4) (2 cores per cpu, 2 threads per core) family 6 model 78 stepping 3 microcode 0xcc, cmov, cx8, fxsr, mmx, sse, sse2, sse3, ssse3, sse4.1, sse4.2, popcnt, avx, avx2, aes, clmul, erms, 3dnowpref, lzcnt, ht, tsc, tscinvbit, bmi1, bmi2, adx, fma

Memory: 4k page, system-wide physical 12144M (1575M free)
TotalPageFile size 12144M (AvailPageFile size 4M)
current process WorkingSet (physical memory assigned to process): 377M, peak: 454M
current process commit charge ("private bytes"): 514M, peak: 515M

vm_info: OpenJDK 64-Bit Server VM (11.0.10+0-b96-7249189) for windows-amd64 JRE (11.0.10+0-b96-7249189), built on Mar 31 2021 21:44:00 by "builder" with MS VC++ 14.0 (VS2015)

END.
