#
# There is insufficient memory for the Java Runtime Environment to continue.
# Native memory allocation (malloc) failed to allocate 32744 bytes for ChunkPool::allocate
# Possible reasons:
#   The system is out of physical RAM or swap space
#   The process is running with CompressedOops enabled, and the Java Heap may be blocking the growth of the native heap
# Possible solutions:
#   Reduce memory load on the system
#   Increase physical memory or swap space
#   Check if swap backing store is full
#   Decrease Java heap size (-Xmx/-Xms)
#   Decrease number of Java threads
#   Decrease Java thread stack sizes (-Xss)
#   Set larger code cache with -XX:ReservedCodeCacheSize=
#   JVM is running with Unscaled Compressed Oops mode in which the Java heap is
#     placed in the first 4GB address space. The Java Heap base address is the
#     maximum limit for the native heap growth. Please use -XX:HeapBaseMinAddress
#     to set the Java Heap base and to place the Java Heap above 4GB virtual address.
# This output file may be truncated or incomplete.
#
#  Out of Memory Error (./src/hotspot/share/memory/arena.cpp:81), pid=14176, tid=13584
#
# JRE version: OpenJDK Runtime Environment (11.0.10) (build 11.0.10+0-b96-7249189)
# Java VM: OpenJDK 64-Bit Server VM (11.0.10+0-b96-7249189, mixed mode, tiered, compressed oops, g1 gc, windows-amd64)
# No core dump will be written. Minidumps are not enabled by default on client versions of Windows
#

---------------  S U M M A R Y ------------

Command Line: --add-opens=java.base/java.util=ALL-UNNAMED --add-opens=java.base/java.lang=ALL-UNNAMED --add-opens=java.base/java.lang.invoke=ALL-UNNAMED --add-opens=java.base/java.util=ALL-UNNAMED --add-opens=java.prefs/java.util.prefs=ALL-UNNAMED --add-opens=java.prefs/java.util.prefs=ALL-UNNAMED --add-opens=java.base/java.nio.charset=ALL-UNNAMED --add-opens=java.base/java.net=ALL-UNNAMED --add-opens=java.base/java.util.concurrent.atomic=ALL-UNNAMED -Xmx2048m -Dfile.encoding=UTF-8 -Duser.country=RU -Duser.language=ru -Duser.variant org.gradle.launcher.daemon.bootstrap.GradleDaemon 7.0.2

Host: Intel(R) Core(TM) i5-6200U CPU @ 2.30GHz, 4 cores, 11G,  Windows 10 , 64 bit Build 18362 (10.0.18362.1110)
Time: Sat Oct 16 13:17:42 2021 RTZ 2 (ceia) elapsed time: 3677.088948 seconds (0d 1h 1m 17s)

---------------  T H R E A D  ---------------

Current thread (0x000001bed1c19800):  JavaThread "C1 CompilerThread0" daemon [_thread_in_native, id=13584, stack(0x000000a7ffa00000,0x000000a7ffb00000)]


Current CompileTask:
C1:3677089 26023       2       com.android.tools.r8.ir.conversion.k::a (3111 bytes)

Stack: [0x000000a7ffa00000,0x000000a7ffb00000]
Native frames: (J=compiled Java code, j=interpreted, Vv=VM code, C=native code)
V  [jvm.dll+0x5ecfaa]
V  [jvm.dll+0x722bd5]
V  [jvm.dll+0x72412d]
V  [jvm.dll+0x7247e3]
V  [jvm.dll+0x242928]
V  [jvm.dll+0xbc75b]
V  [jvm.dll+0xbca0c]
V  [jvm.dll+0x1023d3]
V  [jvm.dll+0x15109e]
V  [jvm.dll+0x15d539]
V  [jvm.dll+0x158a86]
V  [jvm.dll+0x152107]
V  [jvm.dll+0x14e69e]
V  [jvm.dll+0x13ac30]
V  [jvm.dll+0x1236e0]
V  [jvm.dll+0x123279]
V  [jvm.dll+0x1233e3]
V  [jvm.dll+0x1226f7]
V  [jvm.dll+0x1242c7]
V  [jvm.dll+0x208ee7]
V  [jvm.dll+0x207731]
V  [jvm.dll+0x6eb1cf]
V  [jvm.dll+0x6e3d45]
V  [jvm.dll+0x5ebe96]
C  [ucrtbase.dll+0x210b2]
C  [KERNEL32.DLL+0x17c24]
C  [ntdll.dll+0x6d4d1]


---------------  P R O C E S S  ---------------

Threads class SMR info:
_java_thread_list=0x000001bed2b61230, length=56, elements={
0x000001beb77a5800, 0x000001bed13ab800, 0x000001bed1bb0800, 0x000001bed1bd0000,
0x000001bed1bd1000, 0x000001bed1bd3000, 0x000001bed1bd4800, 0x000001bed1c19800,
0x000001bed1c4a000, 0x000001bed1d76800, 0x000001bed339c800, 0x000001bed1e73800,
0x000001bed5331000, 0x000001bed3234800, 0x000001bed322f800, 0x000001bed3230800,
0x000001bed3235800, 0x000001bed3231800, 0x000001bed3232000, 0x000001bed3233000,
0x000001bed6e1a800, 0x000001bed6e1e000, 0x000001bed6e1d000, 0x000001bed6e1e800,
0x000001bed6e27000, 0x000001bed9905800, 0x000001bed9900000, 0x000001bed9906800,
0x000001bed9903000, 0x000001bed9908000, 0x000001bed9902800, 0x000001bed990d000,
0x000001bed990a800, 0x000001bed990c000, 0x000001bed9909800, 0x000001bed990e000,
0x000001bee13ba800, 0x000001bed990b800, 0x000001bed990e800, 0x000001bed9909000,
0x000001bed6e1b800, 0x000001bed6e19800, 0x000001bed6e20800, 0x000001bed6e21000,
0x000001bed6e1c000, 0x000001bed6e24800, 0x000001bed6e26000, 0x000001bed6e22000,
0x000001bed6e25000, 0x000001bed322f000, 0x000001bed3233800, 0x000001bed7360800,
0x000001bed7364800, 0x000001bed7363800, 0x000001bed7361000, 0x000001bed7362000
}

Java Threads: ( => current thread )
  0x000001beb77a5800 JavaThread "main" [_thread_blocked, id=7700, stack(0x000000a7fed00000,0x000000a7fee00000)]
  0x000001bed13ab800 JavaThread "Reference Handler" daemon [_thread_blocked, id=14168, stack(0x000000a7ff400000,0x000000a7ff500000)]
  0x000001bed1bb0800 JavaThread "Finalizer" daemon [_thread_blocked, id=9144, stack(0x000000a7ff500000,0x000000a7ff600000)]
  0x000001bed1bd0000 JavaThread "Signal Dispatcher" daemon [_thread_blocked, id=14280, stack(0x000000a7ff600000,0x000000a7ff700000)]
  0x000001bed1bd1000 JavaThread "Attach Listener" daemon [_thread_blocked, id=8400, stack(0x000000a7ff700000,0x000000a7ff800000)]
  0x000001bed1bd3000 JavaThread "Service Thread" daemon [_thread_blocked, id=8672, stack(0x000000a7ff800000,0x000000a7ff900000)]
  0x000001bed1bd4800 JavaThread "C2 CompilerThread0" daemon [_thread_in_native, id=15264, stack(0x000000a7ff900000,0x000000a7ffa00000)]
=>0x000001bed1c19800 JavaThread "C1 CompilerThread0" daemon [_thread_in_native, id=13584, stack(0x000000a7ffa00000,0x000000a7ffb00000)]
  0x000001bed1c4a000 JavaThread "Sweeper thread" daemon [_thread_blocked, id=7496, stack(0x000000a7ffb00000,0x000000a7ffc00000)]
  0x000001bed1d76800 JavaThread "Common-Cleaner" daemon [_thread_blocked, id=2468, stack(0x000000a7ffc00000,0x000000a7ffd00000)]
  0x000001bed339c800 JavaThread "Daemon health stats" [_thread_blocked, id=120, stack(0x000000a780200000,0x000000a780300000)]
  0x000001bed1e73800 JavaThread "Incoming local TCP Connector on port 60127" [_thread_in_native, id=14516, stack(0x000000a780300000,0x000000a780400000)]
  0x000001bed5331000 JavaThread "Daemon periodic checks" [_thread_blocked, id=4756, stack(0x000000a780400000,0x000000a780500000)]
  0x000001bed3234800 JavaThread "Cache worker for file hash cache (C:\Users\Polina\.gradle\caches\7.0.2\fileHashes)" [_thread_blocked, id=7460, stack(0x000000a780d00000,0x000000a780e00000)]
  0x000001bed322f800 JavaThread "File lock request listener" [_thread_in_native, id=6360, stack(0x000000a780e00000,0x000000a780f00000)]
  0x000001bed3230800 JavaThread "Cache worker for journal cache (C:\Users\Polina\.gradle\caches\journal-1)" [_thread_blocked, id=8052, stack(0x000000a780f00000,0x000000a781000000)]
  0x000001bed3235800 JavaThread "File watcher server" daemon [_thread_in_native, id=5964, stack(0x000000a781100000,0x000000a781200000)]
  0x000001bed3231800 JavaThread "File watcher consumer" daemon [_thread_blocked, id=13672, stack(0x000000a781200000,0x000000a781300000)]
  0x000001bed3232000 JavaThread "jar transforms" [_thread_blocked, id=1152, stack(0x000000a781300000,0x000000a781400000)]
  0x000001bed3233000 JavaThread "jar transforms Thread 2" [_thread_blocked, id=11108, stack(0x000000a781400000,0x000000a781500000)]
  0x000001bed6e1a800 JavaThread "jar transforms Thread 3" [_thread_blocked, id=13940, stack(0x000000a781500000,0x000000a781600000)]
  0x000001bed6e1e000 JavaThread "jar transforms Thread 4" [_thread_blocked, id=2940, stack(0x000000a781600000,0x000000a781700000)]
  0x000001bed6e1d000 JavaThread "Cache worker for execution history cache (C:\Users\Polina\.gradle\caches\7.0.2\executionHistory)" [_thread_blocked, id=12268, stack(0x000000a781a00000,0x000000a781b00000)]
  0x000001bed6e1e800 JavaThread "Cache worker for file content cache (C:\Users\Polina\.gradle\caches\7.0.2\fileContent)" [_thread_blocked, id=7020, stack(0x000000a781b00000,0x000000a781c00000)]
  0x000001bed6e27000 JavaThread "Memory manager" [_thread_blocked, id=13540, stack(0x000000a782200000,0x000000a782300000)]
  0x000001bed9905800 JavaThread "Daemon Thread 4" [_thread_blocked, id=14220, stack(0x000000a780500000,0x000000a780600000)]
  0x000001bed9900000 JavaThread "Handler for socket connection from /127.0.0.1:60127 to /127.0.0.1:51817" [_thread_in_native, id=12244, stack(0x000000a780600000,0x000000a780700000)]
  0x000001bed9906800 JavaThread "Cancel handler" [_thread_blocked, id=10744, stack(0x000000a780700000,0x000000a780800000)]
  0x000001bed9903000 JavaThread "Daemon worker Thread 4" [_thread_blocked, id=3700, stack(0x000000a780800000,0x000000a780900000)]
  0x000001bed9908000 JavaThread "Asynchronous log dispatcher for DefaultDaemonConnection: socket connection from /127.0.0.1:60127 to /127.0.0.1:51817" [_thread_blocked, id=6352, stack(0x000000a780900000,0x000000a780a00000)]
  0x000001bed9902800 JavaThread "Stdin handler" [_thread_blocked, id=7528, stack(0x000000a780a00000,0x000000a780b00000)]
  0x000001bed990d000 JavaThread "Daemon client event forwarder" [_thread_blocked, id=5144, stack(0x000000a780b00000,0x000000a780c00000)]
  0x000001bed990a800 JavaThread "Cache worker for file hash cache (C:\Users\Polina\AndroidStudioProjects\MyApplication\.gradle\7.0.2\fileHashes)" [_thread_blocked, id=14828, stack(0x000000a780c00000,0x000000a780d00000)]
  0x000001bed990c000 JavaThread "Cache worker for checksums cache (C:\Users\Polina\AndroidStudioProjects\MyApplication\.gradle\checksums)" [_thread_blocked, id=780, stack(0x000000a781000000,0x000000a781100000)]
  0x000001bed9909800 JavaThread "Cache worker for cache directory md-supplier (C:\Users\Polina\.gradle\caches\7.0.2\md-supplier)" [_thread_blocked, id=14648, stack(0x000000a781700000,0x000000a781800000)]
  0x000001bed990e000 JavaThread "Cache worker for cache directory md-rule (C:\Users\Polina\.gradle\caches\7.0.2\md-rule)" [_thread_blocked, id=13728, stack(0x000000a781800000,0x000000a781900000)]
  0x000001bee13ba800 JavaThread "C2 CompilerThread1" daemon [_thread_in_native, id=11780, stack(0x000000a781900000,0x000000a781a00000)]
  0x000001bed990b800 JavaThread "Cache worker for dependencies-accessors (C:\Users\Polina\AndroidStudioProjects\MyApplication\.gradle\7.0.2\dependencies-accessors)" [_thread_blocked, id=4512, stack(0x000000a781c00000,0x000000a781d00000)]
  0x000001bed990e800 JavaThread "Cache worker for Build Output Cleanup Cache (C:\Users\Polina\AndroidStudioProjects\MyApplication\.gradle\buildOutputCleanup)" [_thread_blocked, id=9252, stack(0x000000a781d00000,0x000000a781e00000)]
  0x000001bed9909000 JavaThread "Build operations" [_thread_in_native, id=7868, stack(0x000000a781e00000,0x000000a781f00000)]
  0x000001bed6e1b800 JavaThread "Build operations Thread 2" [_thread_in_Java, id=2856, stack(0x000000a781f00000,0x000000a782000000)]
  0x000001bed6e19800 JavaThread "Build operations Thread 3" [_thread_in_Java, id=3636, stack(0x000000a782000000,0x000000a782100000)]
  0x000001bed6e20800 JavaThread "Build operations Thread 4" [_thread_blocked, id=2684, stack(0x000000a782100000,0x000000a782200000)]
  0x000001bed6e21000 JavaThread "build event listener" [_thread_blocked, id=3704, stack(0x000000a782300000,0x000000a782400000)]
  0x000001bed6e1c000 JavaThread "Execution worker for ':'" [_thread_blocked, id=9972, stack(0x000000a782400000,0x000000a782500000)]
  0x000001bed6e24800 JavaThread "Execution worker for ':' Thread 2" [_thread_blocked, id=14268, stack(0x000000a782500000,0x000000a782600000)]
  0x000001bed6e26000 JavaThread "Execution worker for ':' Thread 3" [_thread_blocked, id=9668, stack(0x000000a782600000,0x000000a782700000)]
  0x000001bed6e22000 JavaThread "Cache worker for execution history cache (C:\Users\Polina\AndroidStudioProjects\MyApplication\.gradle\7.0.2\executionHistory)" [_thread_blocked, id=1128, stack(0x000000a782700000,0x000000a782800000)]
  0x000001bed6e25000 JavaThread "WorkerExecutor Queue Thread 2" [_thread_blocked, id=3504, stack(0x000000a782900000,0x000000a782a00000)]
  0x000001bed322f000 JavaThread "WorkerExecutor Queue Thread 3" [_thread_blocked, id=7836, stack(0x000000a782a00000,0x000000a782b00000)]
  0x000001bed3233800 JavaThread "WorkerExecutor Queue Thread 4" [_thread_blocked, id=2056, stack(0x000000a782b00000,0x000000a782c00000)]
  0x000001bed7360800 JavaThread "Java2D Disposer" daemon [_thread_blocked, id=11356, stack(0x000000a782e00000,0x000000a782f00000)]
  0x000001bed7364800 JavaThread "pool-6-thread-1" [_thread_blocked, id=15284, stack(0x000000a782f00000,0x000000a783000000)]
  0x000001bed7363800 JavaThread "stderr" [_thread_in_native, id=3792, stack(0x000000a783000000,0x000000a783100000)]
  0x000001bed7361000 JavaThread "stdout" [_thread_in_native, id=7564, stack(0x000000a783100000,0x000000a783200000)]
  0x000001bed7362000 JavaThread "WorkerExecutor Queue Thread 5" [_thread_blocked, id=4532, stack(0x000000a782800000,0x000000a782900000)]

Other Threads:
  0x000001bed13a6800 VMThread "VM Thread" [stack: 0x000000a7ff300000,0x000000a7ff400000] [id=11632]
  0x000001bed1d96000 WatcherThread [stack: 0x000000a7ffd00000,0x000000a7ffe00000] [id=7424]
  0x000001beb77bd000 GCTaskThread "GC Thread#0" [stack: 0x000000a7fee00000,0x000000a7fef00000] [id=14852]
  0x000001bed2370000 GCTaskThread "GC Thread#1" [stack: 0x000000a7fff00000,0x000000a800000000] [id=14096]
  0x000001bed2aa4800 GCTaskThread "GC Thread#2" [stack: 0x000000a780000000,0x000000a780100000] [id=1964]
  0x000001bed2436800 GCTaskThread "GC Thread#3" [stack: 0x000000a780100000,0x000000a780200000] [id=15280]
  0x000001beb77ed800 ConcurrentGCThread "G1 Main Marker" [stack: 0x000000a7fef00000,0x000000a7ff000000] [id=2104]
  0x000001beb77ef800 ConcurrentGCThread "G1 Conc#0" [stack: 0x000000a7ff000000,0x000000a7ff100000] [id=14580]
  0x000001beb786e000 ConcurrentGCThread "G1 Refine#0" [stack: 0x000000a7ff100000,0x000000a7ff200000] [id=14092]
  0x000001bed11f8800 ConcurrentGCThread "G1 Young RemSet Sampling" [stack: 0x000000a7ff200000,0x000000a7ff300000] [id=9316]

Threads with active compile tasks:
C2 CompilerThread03677148 25910 %     4       com.android.tools.r8.internal.T6::a @ 66 (6044 bytes)
C1 CompilerThread03677148 26023       2       com.android.tools.r8.ir.conversion.k::a (3111 bytes)
C2 CompilerThread13677148 25886       4       com.android.tools.r8.internal.T6::a (4191 bytes)

VM state:not at safepoint (normal execution)

VM Mutex/Monitor currently owned by a thread: None

Heap address: 0x0000000080000000, size: 2048 MB, Compressed Oops mode: 32-bit
Narrow klass base: 0x0000000000000000, Narrow klass shift: 3
Compressed class space size: 1073741824 Address: 0x0000000100000000

Heap:
 garbage-first heap   total 233472K, used 166440K [0x0000000080000000, 0x0000000100000000)
  region size 1024K, 35 young (35840K), 8 survivors (8192K)
 Metaspace       used 142045K, capacity 145614K, committed 146372K, reserved 1177600K
  class space    used 17364K, capacity 18698K, committed 18968K, reserved 1048576K
Heap Regions: E=young(eden), S=young(survivor), O=old, HS=humongous(starts), HC=humongous(continues), CS=collection set, F=free, A=archive, TAMS=top-at-mark-start (previous, next)
|   0|0x0000000080000000, 0x0000000080100000, 0x0000000080100000|100%| O|  |TAMS 0x0000000080100000, 0x0000000080000000| Untracked 
|   1|0x0000000080100000, 0x0000000080200000, 0x0000000080200000|100%| O|  |TAMS 0x0000000080200000, 0x0000000080100000| Untracked 
|   2|0x0000000080200000, 0x0000000080300000, 0x0000000080300000|100%| O|  |TAMS 0x0000000080300000, 0x0000000080200000| Untracked 
|   3|0x0000000080300000, 0x0000000080400000, 0x0000000080400000|100%|HS|  |TAMS 0x0000000080400000, 0x0000000080300000| Complete 
|   4|0x0000000080400000, 0x0000000080500000, 0x0000000080500000|100%|HC|  |TAMS 0x0000000080500000, 0x0000000080400000| Complete 
|   5|0x0000000080500000, 0x0000000080600000, 0x0000000080600000|100%|HC|  |TAMS 0x0000000080600000, 0x0000000080500000| Complete 
|   6|0x0000000080600000, 0x0000000080700000, 0x0000000080700000|100%| O|  |TAMS 0x0000000080700000, 0x0000000080600000| Untracked 
|   7|0x0000000080700000, 0x0000000080800000, 0x0000000080800000|100%| O|  |TAMS 0x0000000080800000, 0x0000000080700000| Untracked 
|   8|0x0000000080800000, 0x0000000080900000, 0x0000000080900000|100%| O|  |TAMS 0x0000000080900000, 0x0000000080800000| Untracked 
|   9|0x0000000080900000, 0x0000000080a00000, 0x0000000080a00000|100%|HS|  |TAMS 0x0000000080a00000, 0x0000000080900000| Complete 
|  10|0x0000000080a00000, 0x0000000080b00000, 0x0000000080b00000|100%|HC|  |TAMS 0x0000000080b00000, 0x0000000080a00000| Complete 
|  11|0x0000000080b00000, 0x0000000080c00000, 0x0000000080c00000|100%|HS|  |TAMS 0x0000000080c00000, 0x0000000080b00000| Complete 
|  12|0x0000000080c00000, 0x0000000080d00000, 0x0000000080d00000|100%|HC|  |TAMS 0x0000000080d00000, 0x0000000080c00000| Complete 
|  13|0x0000000080d00000, 0x0000000080e00000, 0x0000000080e00000|100%|HC|  |TAMS 0x0000000080e00000, 0x0000000080d00000| Complete 
|  14|0x0000000080e00000, 0x0000000080f00000, 0x0000000080f00000|100%|HS|  |TAMS 0x0000000080f00000, 0x0000000080e00000| Complete 
|  15|0x0000000080f00000, 0x0000000081000000, 0x0000000081000000|100%|HC|  |TAMS 0x0000000081000000, 0x0000000080f00000| Complete 
|  16|0x0000000081000000, 0x0000000081100000, 0x0000000081100000|100%|HC|  |TAMS 0x0000000081100000, 0x0000000081000000| Complete 
|  17|0x0000000081100000, 0x0000000081200000, 0x0000000081200000|100%|HC|  |TAMS 0x0000000081200000, 0x0000000081100000| Complete 
|  18|0x0000000081200000, 0x0000000081300000, 0x0000000081300000|100%|HC|  |TAMS 0x0000000081300000, 0x0000000081200000| Complete 
|  19|0x0000000081300000, 0x0000000081400000, 0x0000000081400000|100%| O|  |TAMS 0x0000000081400000, 0x0000000081300000| Untracked 
|  20|0x0000000081400000, 0x0000000081500000, 0x0000000081500000|100%| O|  |TAMS 0x0000000081500000, 0x0000000081400000| Untracked 
|  21|0x0000000081500000, 0x0000000081600000, 0x0000000081600000|100%| O|  |TAMS 0x0000000081600000, 0x0000000081500000| Untracked 
|  22|0x0000000081600000, 0x0000000081700000, 0x0000000081700000|100%| O|  |TAMS 0x0000000081700000, 0x0000000081600000| Untracked 
|  23|0x0000000081700000, 0x0000000081800000, 0x0000000081800000|100%| O|  |TAMS 0x0000000081800000, 0x0000000081700000| Untracked 
|  24|0x0000000081800000, 0x0000000081900000, 0x0000000081900000|100%| O|  |TAMS 0x0000000081900000, 0x0000000081800000| Untracked 
|  25|0x0000000081900000, 0x0000000081a00000, 0x0000000081a00000|100%| O|  |TAMS 0x0000000081a00000, 0x0000000081900000| Untracked 
|  26|0x0000000081a00000, 0x0000000081b00000, 0x0000000081b00000|100%|HS|  |TAMS 0x0000000081b00000, 0x0000000081a00000| Complete 
|  27|0x0000000081b00000, 0x0000000081c00000, 0x0000000081c00000|100%|HC|  |TAMS 0x0000000081c00000, 0x0000000081b00000| Complete 
|  28|0x0000000081c00000, 0x0000000081d00000, 0x0000000081d00000|100%|HC|  |TAMS 0x0000000081d00000, 0x0000000081c00000| Complete 
|  29|0x0000000081d00000, 0x0000000081e00000, 0x0000000081e00000|100%|HS|  |TAMS 0x0000000081e00000, 0x0000000081d00000| Complete 
|  30|0x0000000081e00000, 0x0000000081f00000, 0x0000000081f00000|100%|HC|  |TAMS 0x0000000081f00000, 0x0000000081e00000| Complete 
|  31|0x0000000081f00000, 0x0000000082000000, 0x0000000082000000|100%|HC|  |TAMS 0x0000000082000000, 0x0000000081f00000| Complete 
|  32|0x0000000082000000, 0x0000000082100000, 0x0000000082100000|100%|HC|  |TAMS 0x0000000082100000, 0x0000000082000000| Complete 
|  33|0x0000000082100000, 0x0000000082200000, 0x0000000082200000|100%|HC|  |TAMS 0x0000000082200000, 0x0000000082100000| Complete 
|  34|0x0000000082200000, 0x0000000082300000, 0x0000000082300000|100%| O|  |TAMS 0x0000000082300000, 0x0000000082200000| Untracked 
|  35|0x0000000082300000, 0x0000000082400000, 0x0000000082400000|100%| O|  |TAMS 0x0000000082400000, 0x0000000082300000| Untracked 
|  36|0x0000000082400000, 0x0000000082500000, 0x0000000082500000|100%| O|  |TAMS 0x0000000082500000, 0x0000000082400000| Untracked 
|  37|0x0000000082500000, 0x0000000082600000, 0x0000000082600000|100%| O|  |TAMS 0x0000000082600000, 0x0000000082500000| Untracked 
|  38|0x0000000082600000, 0x0000000082700000, 0x0000000082700000|100%| O|  |TAMS 0x0000000082700000, 0x0000000082600000| Untracked 
|  39|0x0000000082700000, 0x0000000082800000, 0x0000000082800000|100%| O|  |TAMS 0x0000000082800000, 0x0000000082700000| Untracked 
|  40|0x0000000082800000, 0x0000000082900000, 0x0000000082900000|100%| O|  |TAMS 0x0000000082900000, 0x0000000082800000| Untracked 
|  41|0x0000000082900000, 0x0000000082a00000, 0x0000000082a00000|100%| O|  |TAMS 0x0000000082a00000, 0x0000000082900000| Untracked 
|  42|0x0000000082a00000, 0x0000000082b00000, 0x0000000082b00000|100%| O|  |TAMS 0x0000000082b00000, 0x0000000082a00000| Untracked 
|  43|0x0000000082b00000, 0x0000000082c00000, 0x0000000082c00000|100%|HS|  |TAMS 0x0000000082c00000, 0x0000000082b00000| Complete 
|  44|0x0000000082c00000, 0x0000000082d00000, 0x0000000082d00000|100%| O|  |TAMS 0x0000000082d00000, 0x0000000082c00000| Untracked 
|  45|0x0000000082d00000, 0x0000000082e00000, 0x0000000082e00000|100%| O|  |TAMS 0x0000000082e00000, 0x0000000082d00000| Untracked 
|  46|0x0000000082e00000, 0x0000000082f00000, 0x0000000082f00000|100%| O|  |TAMS 0x0000000082f00000, 0x0000000082e00000| Untracked 
|  47|0x0000000082f00000, 0x0000000083000000, 0x0000000083000000|100%| O|  |TAMS 0x0000000083000000, 0x0000000082f00000| Untracked 
|  48|0x0000000083000000, 0x0000000083100000, 0x0000000083100000|100%| O|  |TAMS 0x0000000083100000, 0x0000000083000000| Untracked 
|  49|0x0000000083100000, 0x0000000083200000, 0x0000000083200000|100%| O|  |TAMS 0x0000000083200000, 0x0000000083100000| Untracked 
|  50|0x0000000083200000, 0x0000000083300000, 0x0000000083300000|100%|HS|  |TAMS 0x0000000083300000, 0x0000000083200000| Complete 
|  51|0x0000000083300000, 0x0000000083400000, 0x0000000083400000|100%|HS|  |TAMS 0x0000000083400000, 0x0000000083300000| Complete 
|  52|0x0000000083400000, 0x0000000083500000, 0x0000000083500000|100%|HS|  |TAMS 0x0000000083500000, 0x0000000083400000| Complete 
|  53|0x0000000083500000, 0x0000000083600000, 0x0000000083600000|100%|HC|  |TAMS 0x0000000083600000, 0x0000000083500000| Complete 
|  54|0x0000000083600000, 0x0000000083700000, 0x0000000083700000|100%|HC|  |TAMS 0x0000000083700000, 0x0000000083600000| Complete 
|  55|0x0000000083700000, 0x0000000083800000, 0x0000000083800000|100%|HS|  |TAMS 0x0000000083800000, 0x0000000083700000| Complete 
|  56|0x0000000083800000, 0x0000000083900000, 0x0000000083900000|100%|HC|  |TAMS 0x0000000083900000, 0x0000000083800000| Complete 
|  57|0x0000000083900000, 0x0000000083a00000, 0x0000000083a00000|100%| O|  |TAMS 0x0000000083a00000, 0x0000000083900000| Untracked 
|  58|0x0000000083a00000, 0x0000000083b00000, 0x0000000083b00000|100%| O|  |TAMS 0x0000000083b00000, 0x0000000083a00000| Untracked 
|  59|0x0000000083b00000, 0x0000000083c00000, 0x0000000083c00000|100%| O|  |TAMS 0x0000000083c00000, 0x0000000083b00000| Untracked 
|  60|0x0000000083c00000, 0x0000000083d00000, 0x0000000083d00000|100%| O|  |TAMS 0x0000000083d00000, 0x0000000083c00000| Untracked 
|  61|0x0000000083d00000, 0x0000000083e00000, 0x0000000083e00000|100%| O|  |TAMS 0x0000000083e00000, 0x0000000083d00000| Untracked 
|  62|0x0000000083e00000, 0x0000000083f00000, 0x0000000083f00000|100%| O|  |TAMS 0x0000000083f00000, 0x0000000083e00000| Untracked 
|  63|0x0000000083f00000, 0x0000000084000000, 0x0000000084000000|100%| O|  |TAMS 0x0000000084000000, 0x0000000083f00000| Untracked 
|  64|0x0000000084000000, 0x0000000084100000, 0x0000000084100000|100%| O|  |TAMS 0x0000000084100000, 0x0000000084000000| Untracked 
|  65|0x0000000084100000, 0x0000000084200000, 0x0000000084200000|100%| O|  |TAMS 0x0000000084200000, 0x0000000084100000| Untracked 
|  66|0x0000000084200000, 0x0000000084300000, 0x0000000084300000|100%| O|  |TAMS 0x0000000084300000, 0x0000000084200000| Untracked 
|  67|0x0000000084300000, 0x0000000084400000, 0x0000000084400000|100%| O|  |TAMS 0x0000000084400000, 0x0000000084300000| Untracked 
|  68|0x0000000084400000, 0x0000000084500000, 0x0000000084500000|100%| O|  |TAMS 0x0000000084500000, 0x0000000084400000| Untracked 
|  69|0x0000000084500000, 0x0000000084600000, 0x0000000084600000|100%| O|  |TAMS 0x0000000084600000, 0x0000000084500000| Untracked 
|  70|0x0000000084600000, 0x0000000084700000, 0x0000000084700000|100%| O|  |TAMS 0x0000000084700000, 0x0000000084600000| Untracked 
|  71|0x0000000084700000, 0x0000000084800000, 0x0000000084800000|100%| O|  |TAMS 0x0000000084800000, 0x0000000084700000| Untracked 
|  72|0x0000000084800000, 0x0000000084900000, 0x0000000084900000|100%| O|  |TAMS 0x0000000084900000, 0x0000000084800000| Untracked 
|  73|0x0000000084900000, 0x0000000084a00000, 0x0000000084a00000|100%| O|  |TAMS 0x0000000084a00000, 0x0000000084900000| Untracked 
|  74|0x0000000084a00000, 0x0000000084b00000, 0x0000000084b00000|100%| O|  |TAMS 0x0000000084b00000, 0x0000000084a00000| Untracked 
|  75|0x0000000084b00000, 0x0000000084c00000, 0x0000000084c00000|100%| O|  |TAMS 0x0000000084c00000, 0x0000000084b00000| Untracked 
|  76|0x0000000084c00000, 0x0000000084d00000, 0x0000000084d00000|100%| O|  |TAMS 0x0000000084d00000, 0x0000000084c00000| Untracked 
|  77|0x0000000084d00000, 0x0000000084e00000, 0x0000000084e00000|100%| O|  |TAMS 0x0000000084e00000, 0x0000000084d00000| Untracked 
|  78|0x0000000084e00000, 0x0000000084f00000, 0x0000000084f00000|100%| O|  |TAMS 0x0000000084f00000, 0x0000000084e00000| Untracked 
|  79|0x0000000084f00000, 0x0000000085000000, 0x0000000085000000|100%| O|  |TAMS 0x0000000085000000, 0x0000000084f00000| Untracked 
|  80|0x0000000085000000, 0x0000000085100000, 0x0000000085100000|100%| O|  |TAMS 0x0000000085100000, 0x0000000085000000| Untracked 
|  81|0x0000000085100000, 0x0000000085200000, 0x0000000085200000|100%| O|  |TAMS 0x0000000085200000, 0x0000000085100000| Untracked 
|  82|0x0000000085200000, 0x0000000085300000, 0x0000000085300000|100%| O|  |TAMS 0x0000000085300000, 0x0000000085200000| Untracked 
|  83|0x0000000085300000, 0x0000000085400000, 0x0000000085400000|100%| O|  |TAMS 0x0000000085400000, 0x0000000085300000| Untracked 
|  84|0x0000000085400000, 0x0000000085500000, 0x0000000085500000|100%| O|  |TAMS 0x0000000085500000, 0x0000000085400000| Untracked 
|  85|0x0000000085500000, 0x0000000085600000, 0x0000000085600000|100%| O|  |TAMS 0x0000000085600000, 0x0000000085500000| Untracked 
|  86|0x0000000085600000, 0x0000000085700000, 0x0000000085700000|100%| O|  |TAMS 0x0000000085700000, 0x0000000085600000| Untracked 
|  87|0x0000000085700000, 0x0000000085800000, 0x0000000085800000|100%| O|  |TAMS 0x0000000085800000, 0x0000000085700000| Untracked 
|  88|0x0000000085800000, 0x0000000085900000, 0x0000000085900000|100%| O|  |TAMS 0x0000000085900000, 0x0000000085800000| Untracked 
|  89|0x0000000085900000, 0x0000000085a00000, 0x0000000085a00000|100%| O|  |TAMS 0x0000000085a00000, 0x0000000085900000| Untracked 
|  90|0x0000000085a00000, 0x0000000085b00000, 0x0000000085b00000|100%| O|  |TAMS 0x0000000085b00000, 0x0000000085a00000| Untracked 
|  91|0x0000000085b00000, 0x0000000085c00000, 0x0000000085c00000|100%| O|  |TAMS 0x0000000085c00000, 0x0000000085b00000| Untracked 
|  92|0x0000000085c00000, 0x0000000085d00000, 0x0000000085d00000|100%| O|  |TAMS 0x0000000085d00000, 0x0000000085c00000| Untracked 
|  93|0x0000000085d00000, 0x0000000085e00000, 0x0000000085e00000|100%| O|  |TAMS 0x0000000085e00000, 0x0000000085d00000| Untracked 
|  94|0x0000000085e00000, 0x0000000085f00000, 0x0000000085f00000|100%| O|  |TAMS 0x0000000085f00000, 0x0000000085e00000| Untracked 
|  95|0x0000000085f00000, 0x0000000086000000, 0x0000000086000000|100%| O|  |TAMS 0x0000000086000000, 0x0000000085f00000| Untracked 
|  96|0x0000000086000000, 0x0000000086100000, 0x0000000086100000|100%| O|  |TAMS 0x0000000086100000, 0x0000000086000000| Untracked 
|  97|0x0000000086100000, 0x0000000086200000, 0x0000000086200000|100%| O|  |TAMS 0x0000000086200000, 0x0000000086100000| Untracked 
|  98|0x0000000086200000, 0x0000000086300000, 0x0000000086300000|100%| O|  |TAMS 0x0000000086300000, 0x0000000086200000| Untracked 
|  99|0x0000000086300000, 0x0000000086400000, 0x0000000086400000|100%| O|  |TAMS 0x0000000086400000, 0x0000000086300000| Untracked 
| 100|0x0000000086400000, 0x0000000086500000, 0x0000000086500000|100%| O|  |TAMS 0x0000000086500000, 0x0000000086400000| Untracked 
| 101|0x0000000086500000, 0x0000000086600000, 0x0000000086600000|100%| O|  |TAMS 0x0000000086600000, 0x0000000086500000| Untracked 
| 102|0x0000000086600000, 0x0000000086700000, 0x0000000086700000|100%| O|  |TAMS 0x0000000086700000, 0x0000000086600000| Untracked 
| 103|0x0000000086700000, 0x0000000086800000, 0x0000000086800000|100%| O|  |TAMS 0x0000000086800000, 0x0000000086700000| Untracked 
| 104|0x0000000086800000, 0x0000000086900000, 0x0000000086900000|100%| O|  |TAMS 0x0000000086900000, 0x0000000086800000| Untracked 
| 105|0x0000000086900000, 0x0000000086a00000, 0x0000000086a00000|100%| O|  |TAMS 0x0000000086a00000, 0x0000000086900000| Untracked 
| 106|0x0000000086a00000, 0x0000000086b00000, 0x0000000086b00000|100%| O|  |TAMS 0x0000000086b00000, 0x0000000086a00000| Untracked 
| 107|0x0000000086b00000, 0x0000000086c00000, 0x0000000086c00000|100%| O|  |TAMS 0x0000000086c00000, 0x0000000086b00000| Untracked 
| 108|0x0000000086c00000, 0x0000000086d00000, 0x0000000086d00000|100%| O|  |TAMS 0x0000000086d00000, 0x0000000086c00000| Untracked 
| 109|0x0000000086d00000, 0x0000000086e00000, 0x0000000086e00000|100%| O|  |TAMS 0x0000000086e00000, 0x0000000086d00000| Untracked 
| 110|0x0000000086e00000, 0x0000000086f00000, 0x0000000086f00000|100%| O|  |TAMS 0x0000000086f00000, 0x0000000086e00000| Untracked 
| 111|0x0000000086f00000, 0x0000000087000000, 0x0000000087000000|100%| O|  |TAMS 0x0000000087000000, 0x0000000086f00000| Untracked 
| 112|0x0000000087000000, 0x000000008708a000, 0x0000000087100000| 53%| O|  |TAMS 0x000000008708a000, 0x0000000087000000| Untracked 
| 113|0x0000000087100000, 0x0000000087100000, 0x0000000087200000|  0%| F|  |TAMS 0x0000000087100000, 0x0000000087100000| Untracked 
| 114|0x0000000087200000, 0x0000000087200000, 0x0000000087300000|  0%| F|  |TAMS 0x0000000087200000, 0x0000000087200000| Untracked 
| 115|0x0000000087300000, 0x0000000087400000, 0x0000000087400000|100%| O|  |TAMS 0x0000000087400000, 0x0000000087300000| Untracked 
| 116|0x0000000087400000, 0x0000000087400000, 0x0000000087500000|  0%| F|  |TAMS 0x0000000087400000, 0x0000000087400000| Untracked 
| 117|0x0000000087500000, 0x0000000087500000, 0x0000000087600000|  0%| F|  |TAMS 0x0000000087500000, 0x0000000087500000| Untracked 
| 118|0x0000000087600000, 0x0000000087600000, 0x0000000087700000|  0%| F|  |TAMS 0x0000000087600000, 0x0000000087600000| Untracked 
| 119|0x0000000087700000, 0x0000000087700000, 0x0000000087800000|  0%| F|  |TAMS 0x0000000087700000, 0x0000000087700000| Untracked 
| 120|0x0000000087800000, 0x0000000087800000, 0x0000000087900000|  0%| F|  |TAMS 0x0000000087800000, 0x0000000087800000| Untracked 
| 121|0x0000000087900000, 0x0000000087a00000, 0x0000000087a00000|100%| O|  |TAMS 0x0000000087a00000, 0x0000000087900000| Untracked 
| 122|0x0000000087a00000, 0x0000000087b00000, 0x0000000087b00000|100%| O|  |TAMS 0x0000000087b00000, 0x0000000087a00000| Untracked 
| 123|0x0000000087b00000, 0x0000000087c00000, 0x0000000087c00000|100%| O|  |TAMS 0x0000000087c00000, 0x0000000087b00000| Untracked 
| 124|0x0000000087c00000, 0x0000000087c00000, 0x0000000087d00000|  0%| F|  |TAMS 0x0000000087c00000, 0x0000000087c00000| Untracked 
| 125|0x0000000087d00000, 0x0000000087d00000, 0x0000000087e00000|  0%| F|  |TAMS 0x0000000087d00000, 0x0000000087d00000| Untracked 
| 126|0x0000000087e00000, 0x0000000087e00000, 0x0000000087f00000|  0%| F|  |TAMS 0x0000000087e00000, 0x0000000087e00000| Untracked 
| 127|0x0000000087f00000, 0x0000000087f00000, 0x0000000088000000|  0%| F|  |TAMS 0x0000000087f00000, 0x0000000087f00000| Untracked 
| 128|0x0000000088000000, 0x0000000088100000, 0x0000000088100000|100%| O|  |TAMS 0x0000000088100000, 0x0000000088000000| Untracked 
| 129|0x0000000088100000, 0x0000000088100000, 0x0000000088200000|  0%| F|  |TAMS 0x0000000088100000, 0x0000000088100000| Untracked 
| 130|0x0000000088200000, 0x0000000088200000, 0x0000000088300000|  0%| F|  |TAMS 0x0000000088200000, 0x0000000088200000| Untracked 
| 131|0x0000000088300000, 0x0000000088300000, 0x0000000088400000|  0%| F|  |TAMS 0x0000000088300000, 0x0000000088300000| Untracked 
| 132|0x0000000088400000, 0x0000000088500000, 0x0000000088500000|100%| O|  |TAMS 0x0000000088500000, 0x0000000088400000| Untracked 
| 133|0x0000000088500000, 0x0000000088500000, 0x0000000088600000|  0%| F|  |TAMS 0x0000000088500000, 0x0000000088500000| Untracked 
| 134|0x0000000088600000, 0x0000000088600000, 0x0000000088700000|  0%| F|  |TAMS 0x0000000088600000, 0x0000000088600000| Untracked 
| 135|0x0000000088700000, 0x0000000088800000, 0x0000000088800000|100%| O|  |TAMS 0x0000000088800000, 0x0000000088700000| Untracked 
| 136|0x0000000088800000, 0x0000000088800000, 0x0000000088900000|  0%| F|  |TAMS 0x0000000088800000, 0x0000000088800000| Untracked 
| 137|0x0000000088900000, 0x0000000088900000, 0x0000000088a00000|  0%| F|  |TAMS 0x0000000088900000, 0x0000000088900000| Untracked 
| 138|0x0000000088a00000, 0x0000000088b00000, 0x0000000088b00000|100%| O|  |TAMS 0x0000000088b00000, 0x0000000088a00000| Untracked 
| 139|0x0000000088b00000, 0x0000000088c00000, 0x0000000088c00000|100%| O|  |TAMS 0x0000000088c00000, 0x0000000088b00000| Untracked 
| 140|0x0000000088c00000, 0x0000000088d00000, 0x0000000088d00000|100%| O|  |TAMS 0x0000000088d00000, 0x0000000088c00000| Untracked 
| 141|0x0000000088d00000, 0x0000000088e00000, 0x0000000088e00000|100%| O|  |TAMS 0x0000000088e00000, 0x0000000088d00000| Untracked 
| 142|0x0000000088e00000, 0x0000000088f00000, 0x0000000088f00000|100%| O|  |TAMS 0x0000000088f00000, 0x0000000088e00000| Untracked 
| 143|0x0000000088f00000, 0x0000000089000000, 0x0000000089000000|100%| O|  |TAMS 0x0000000089000000, 0x0000000088f00000| Untracked 
| 144|0x0000000089000000, 0x0000000089100000, 0x0000000089100000|100%| O|  |TAMS 0x0000000089100000, 0x0000000089000000| Untracked 
| 145|0x0000000089100000, 0x0000000089200000, 0x0000000089200000|100%| O|  |TAMS 0x0000000089200000, 0x0000000089100000| Untracked 
| 146|0x0000000089200000, 0x0000000089200000, 0x0000000089300000|  0%| F|  |TAMS 0x0000000089200000, 0x0000000089200000| Untracked 
| 147|0x0000000089300000, 0x0000000089400000, 0x0000000089400000|100%| O|  |TAMS 0x0000000089400000, 0x0000000089300000| Untracked 
| 148|0x0000000089400000, 0x0000000089400000, 0x0000000089500000|  0%| F|  |TAMS 0x0000000089400000, 0x0000000089400000| Untracked 
| 149|0x0000000089500000, 0x0000000089500000, 0x0000000089600000|  0%| F|  |TAMS 0x0000000089500000, 0x0000000089500000| Untracked 
| 150|0x0000000089600000, 0x0000000089600000, 0x0000000089700000|  0%| F|  |TAMS 0x0000000089600000, 0x0000000089600000| Untracked 
| 151|0x0000000089700000, 0x0000000089700000, 0x0000000089800000|  0%| F|  |TAMS 0x0000000089700000, 0x0000000089700000| Untracked 
| 152|0x0000000089800000, 0x0000000089800000, 0x0000000089900000|  0%| F|  |TAMS 0x0000000089800000, 0x0000000089800000| Untracked 
| 153|0x0000000089900000, 0x0000000089900000, 0x0000000089a00000|  0%| F|  |TAMS 0x0000000089900000, 0x0000000089900000| Untracked 
| 154|0x0000000089a00000, 0x0000000089a00000, 0x0000000089b00000|  0%| F|  |TAMS 0x0000000089a00000, 0x0000000089a00000| Untracked 
| 155|0x0000000089b00000, 0x0000000089b00000, 0x0000000089c00000|  0%| F|  |TAMS 0x0000000089b00000, 0x0000000089b00000| Untracked 
| 156|0x0000000089c00000, 0x0000000089c00000, 0x0000000089d00000|  0%| F|  |TAMS 0x0000000089c00000, 0x0000000089c00000| Untracked 
| 157|0x0000000089d00000, 0x0000000089e00000, 0x0000000089e00000|100%| S|CS|TAMS 0x0000000089d00000, 0x0000000089d00000| Complete 
| 158|0x0000000089e00000, 0x0000000089f00000, 0x0000000089f00000|100%| S|CS|TAMS 0x0000000089e00000, 0x0000000089e00000| Complete 
| 159|0x0000000089f00000, 0x000000008a000000, 0x000000008a000000|100%| S|CS|TAMS 0x0000000089f00000, 0x0000000089f00000| Complete 
| 160|0x000000008a000000, 0x000000008a100000, 0x000000008a100000|100%| S|CS|TAMS 0x000000008a000000, 0x000000008a000000| Complete 
| 161|0x000000008a100000, 0x000000008a200000, 0x000000008a200000|100%| S|CS|TAMS 0x000000008a100000, 0x000000008a100000| Complete 
| 162|0x000000008a200000, 0x000000008a300000, 0x000000008a300000|100%| S|CS|TAMS 0x000000008a200000, 0x000000008a200000| Complete 
| 163|0x000000008a300000, 0x000000008a400000, 0x000000008a400000|100%| S|CS|TAMS 0x000000008a300000, 0x000000008a300000| Complete 
| 164|0x000000008a400000, 0x000000008a500000, 0x000000008a500000|100%| S|CS|TAMS 0x000000008a400000, 0x000000008a400000| Complete 
| 165|0x000000008a500000, 0x000000008a500000, 0x000000008a600000|  0%| F|  |TAMS 0x000000008a500000, 0x000000008a500000| Untracked 
| 166|0x000000008a600000, 0x000000008a600000, 0x000000008a700000|  0%| F|  |TAMS 0x000000008a600000, 0x000000008a600000| Untracked 
| 167|0x000000008a700000, 0x000000008a700000, 0x000000008a800000|  0%| F|  |TAMS 0x000000008a700000, 0x000000008a700000| Untracked 
| 168|0x000000008a800000, 0x000000008a800000, 0x000000008a900000|  0%| F|  |TAMS 0x000000008a800000, 0x000000008a800000| Untracked 
| 169|0x000000008a900000, 0x000000008a900000, 0x000000008aa00000|  0%| F|  |TAMS 0x000000008a900000, 0x000000008a900000| Untracked 
| 170|0x000000008aa00000, 0x000000008aa00000, 0x000000008ab00000|  0%| F|  |TAMS 0x000000008aa00000, 0x000000008aa00000| Untracked 
| 171|0x000000008ab00000, 0x000000008ab00000, 0x000000008ac00000|  0%| F|  |TAMS 0x000000008ab00000, 0x000000008ab00000| Untracked 
| 172|0x000000008ac00000, 0x000000008ac00000, 0x000000008ad00000|  0%| F|  |TAMS 0x000000008ac00000, 0x000000008ac00000| Untracked 
| 173|0x000000008ad00000, 0x000000008ad00000, 0x000000008ae00000|  0%| F|  |TAMS 0x000000008ad00000, 0x000000008ad00000| Untracked 
| 174|0x000000008ae00000, 0x000000008ae00000, 0x000000008af00000|  0%| F|  |TAMS 0x000000008ae00000, 0x000000008ae00000| Untracked 
| 175|0x000000008af00000, 0x000000008af00000, 0x000000008b000000|  0%| F|  |TAMS 0x000000008af00000, 0x000000008af00000| Untracked 
| 176|0x000000008b000000, 0x000000008b000000, 0x000000008b100000|  0%| F|  |TAMS 0x000000008b000000, 0x000000008b000000| Untracked 
| 177|0x000000008b100000, 0x000000008b100000, 0x000000008b200000|  0%| F|  |TAMS 0x000000008b100000, 0x000000008b100000| Untracked 
| 178|0x000000008b200000, 0x000000008b200000, 0x000000008b300000|  0%| F|  |TAMS 0x000000008b200000, 0x000000008b200000| Untracked 
| 179|0x000000008b300000, 0x000000008b300000, 0x000000008b400000|  0%| F|  |TAMS 0x000000008b300000, 0x000000008b300000| Untracked 
| 180|0x000000008b400000, 0x000000008b400000, 0x000000008b500000|  0%| F|  |TAMS 0x000000008b400000, 0x000000008b400000| Untracked 
| 181|0x000000008b500000, 0x000000008b500000, 0x000000008b600000|  0%| F|  |TAMS 0x000000008b500000, 0x000000008b500000| Untracked 
| 182|0x000000008b600000, 0x000000008b600000, 0x000000008b700000|  0%| F|  |TAMS 0x000000008b600000, 0x000000008b600000| Untracked 
| 183|0x000000008b700000, 0x000000008b700000, 0x000000008b800000|  0%| F|  |TAMS 0x000000008b700000, 0x000000008b700000| Untracked 
| 184|0x000000008b800000, 0x000000008b800000, 0x000000008b900000|  0%| F|  |TAMS 0x000000008b800000, 0x000000008b800000| Untracked 
| 185|0x000000008b900000, 0x000000008b900000, 0x000000008ba00000|  0%| F|  |TAMS 0x000000008b900000, 0x000000008b900000| Untracked 
| 186|0x000000008ba00000, 0x000000008ba00000, 0x000000008bb00000|  0%| F|  |TAMS 0x000000008ba00000, 0x000000008ba00000| Untracked 
| 187|0x000000008bb00000, 0x000000008bb00000, 0x000000008bc00000|  0%| F|  |TAMS 0x000000008bb00000, 0x000000008bb00000| Untracked 
| 188|0x000000008bc00000, 0x000000008bc00000, 0x000000008bd00000|  0%| F|  |TAMS 0x000000008bc00000, 0x000000008bc00000| Untracked 
| 189|0x000000008bd00000, 0x000000008bd00000, 0x000000008be00000|  0%| F|  |TAMS 0x000000008bd00000, 0x000000008bd00000| Untracked 
| 190|0x000000008be00000, 0x000000008be00000, 0x000000008bf00000|  0%| F|  |TAMS 0x000000008be00000, 0x000000008be00000| Untracked 
| 191|0x000000008bf00000, 0x000000008bf00000, 0x000000008c000000|  0%| F|  |TAMS 0x000000008bf00000, 0x000000008bf00000| Untracked 
| 192|0x000000008c000000, 0x000000008c000000, 0x000000008c100000|  0%| F|  |TAMS 0x000000008c000000, 0x000000008c000000| Untracked 
| 193|0x000000008c100000, 0x000000008c100000, 0x000000008c200000|  0%| F|  |TAMS 0x000000008c100000, 0x000000008c100000| Untracked 
| 194|0x000000008c200000, 0x000000008c200000, 0x000000008c300000|  0%| F|  |TAMS 0x000000008c200000, 0x000000008c200000| Untracked 
| 195|0x000000008c300000, 0x000000008c300000, 0x000000008c400000|  0%| F|  |TAMS 0x000000008c300000, 0x000000008c300000| Untracked 
| 196|0x000000008c400000, 0x000000008c400000, 0x000000008c500000|  0%| F|  |TAMS 0x000000008c400000, 0x000000008c400000| Untracked 
| 197|0x000000008c500000, 0x000000008c500000, 0x000000008c600000|  0%| F|  |TAMS 0x000000008c500000, 0x000000008c500000| Untracked 
| 198|0x000000008c600000, 0x000000008c600000, 0x000000008c700000|  0%| F|  |TAMS 0x000000008c600000, 0x000000008c600000| Untracked 
| 199|0x000000008c700000, 0x000000008c700000, 0x000000008c800000|  0%| F|  |TAMS 0x000000008c700000, 0x000000008c700000| Untracked 
| 200|0x000000008c800000, 0x000000008c800000, 0x000000008c900000|  0%| F|  |TAMS 0x000000008c800000, 0x000000008c800000| Untracked 
| 201|0x000000008c900000, 0x000000008c9fdc48, 0x000000008ca00000| 99%| E|  |TAMS 0x000000008c900000, 0x000000008c900000| Complete 
| 202|0x000000008ca00000, 0x000000008cb00000, 0x000000008cb00000|100%| E|CS|TAMS 0x000000008ca00000, 0x000000008ca00000| Complete 
| 203|0x000000008cb00000, 0x000000008cc00000, 0x000000008cc00000|100%| E|CS|TAMS 0x000000008cb00000, 0x000000008cb00000| Complete 
| 204|0x000000008cc00000, 0x000000008cd00000, 0x000000008cd00000|100%| E|CS|TAMS 0x000000008cc00000, 0x000000008cc00000| Complete 
| 205|0x000000008cd00000, 0x000000008ce00000, 0x000000008ce00000|100%| E|CS|TAMS 0x000000008cd00000, 0x000000008cd00000| Complete 
| 206|0x000000008ce00000, 0x000000008cf00000, 0x000000008cf00000|100%| E|CS|TAMS 0x000000008ce00000, 0x000000008ce00000| Complete 
| 207|0x000000008cf00000, 0x000000008d000000, 0x000000008d000000|100%| E|CS|TAMS 0x000000008cf00000, 0x000000008cf00000| Complete 
| 208|0x000000008d000000, 0x000000008d100000, 0x000000008d100000|100%| E|CS|TAMS 0x000000008d000000, 0x000000008d000000| Complete 
| 209|0x000000008d100000, 0x000000008d200000, 0x000000008d200000|100%| E|CS|TAMS 0x000000008d100000, 0x000000008d100000| Complete 
| 210|0x000000008d200000, 0x000000008d300000, 0x000000008d300000|100%| E|CS|TAMS 0x000000008d200000, 0x000000008d200000| Complete 
| 211|0x000000008d300000, 0x000000008d400000, 0x000000008d400000|100%| E|CS|TAMS 0x000000008d300000, 0x000000008d300000| Complete 
| 212|0x000000008d400000, 0x000000008d500000, 0x000000008d500000|100%| E|CS|TAMS 0x000000008d400000, 0x000000008d400000| Complete 
| 213|0x000000008d500000, 0x000000008d600000, 0x000000008d600000|100%| E|CS|TAMS 0x000000008d500000, 0x000000008d500000| Complete 
| 214|0x000000008d600000, 0x000000008d700000, 0x000000008d700000|100%| E|CS|TAMS 0x000000008d600000, 0x000000008d600000| Complete 
| 215|0x000000008d700000, 0x000000008d800000, 0x000000008d800000|100%| E|CS|TAMS 0x000000008d700000, 0x000000008d700000| Complete 
| 216|0x000000008d800000, 0x000000008d900000, 0x000000008d900000|100%| E|CS|TAMS 0x000000008d800000, 0x000000008d800000| Complete 
| 217|0x000000008d900000, 0x000000008da00000, 0x000000008da00000|100%| E|CS|TAMS 0x000000008d900000, 0x000000008d900000| Complete 
| 218|0x000000008da00000, 0x000000008db00000, 0x000000008db00000|100%| E|CS|TAMS 0x000000008da00000, 0x000000008da00000| Complete 
| 219|0x000000008db00000, 0x000000008dc00000, 0x000000008dc00000|100%| E|CS|TAMS 0x000000008db00000, 0x000000008db00000| Complete 
| 220|0x000000008dc00000, 0x000000008dd00000, 0x000000008dd00000|100%| E|CS|TAMS 0x000000008dc00000, 0x000000008dc00000| Complete 
| 221|0x000000008dd00000, 0x000000008de00000, 0x000000008de00000|100%| E|CS|TAMS 0x000000008dd00000, 0x000000008dd00000| Complete 
| 222|0x000000008de00000, 0x000000008df00000, 0x000000008df00000|100%| E|CS|TAMS 0x000000008de00000, 0x000000008de00000| Complete 
| 223|0x000000008df00000, 0x000000008e000000, 0x000000008e000000|100%| E|CS|TAMS 0x000000008df00000, 0x000000008df00000| Complete 
| 224|0x000000008e000000, 0x000000008e100000, 0x000000008e100000|100%| E|CS|TAMS 0x000000008e000000, 0x000000008e000000| Complete 
| 225|0x000000008e100000, 0x000000008e200000, 0x000000008e200000|100%| E|CS|TAMS 0x000000008e100000, 0x000000008e100000| Complete 
| 226|0x000000008e200000, 0x000000008e300000, 0x000000008e300000|100%| E|CS|TAMS 0x000000008e200000, 0x000000008e200000| Complete 
| 227|0x000000008e300000, 0x000000008e400000, 0x000000008e400000|100%| E|CS|TAMS 0x000000008e300000, 0x000000008e300000| Complete 

Card table byte_map: [0x000001beca680000,0x000001becaa80000] _byte_map_base: 0x000001beca280000

Marking Bits (Prev, Next): (CMBitMap*) 0x000001beb77e49f8, (CMBitMap*) 0x000001beb77e4a30
 Prev Bits: [0x000001becae80000, 0x000001becce80000)
 Next Bits: [0x000001becce80000, 0x000001becee80000)

Polling page: 0x000001beb5580000

Metaspace:

Usage:
  Non-class:    123.94 MB capacity,   121.77 MB ( 98%) used,     1.75 MB (  1%) free+waste,   433.06 KB ( <1%) overhead. 
      Class:     18.26 MB capacity,    16.96 MB ( 93%) used,     1.11 MB (  6%) free+waste,   187.06 KB (  1%) overhead. 
       Both:    142.20 MB capacity,   138.73 MB ( 98%) used,     2.86 MB (  2%) free+waste,   620.13 KB ( <1%) overhead. 

Virtual space:
  Non-class space:      126.00 MB reserved,     124.42 MB ( 99%) committed 
      Class space:        1.00 GB reserved,      18.52 MB (  2%) committed 
             Both:        1.12 GB reserved,     142.94 MB ( 12%) committed 

Chunk freelists:
   Non-Class:  360.00 KB
       Class:  214.00 KB
        Both:  574.00 KB

MaxMetaspaceSize: 17179869184.00 GB
CompressedClassSpaceSize: 1.00 GB

CodeHeap 'non-profiled nmethods': size=120064Kb used=15523Kb max_used=15523Kb free=104540Kb
 bounds [0x000001bec2d40000, 0x000001bec3c70000, 0x000001beca280000]
CodeHeap 'profiled nmethods': size=120000Kb used=53805Kb max_used=56027Kb free=66195Kb
 bounds [0x000001bebb810000, 0x000001bebeef0000, 0x000001bec2d40000]
CodeHeap 'non-nmethods': size=5696Kb used=2457Kb max_used=2504Kb free=3239Kb
 bounds [0x000001bebb280000, 0x000001bebb510000, 0x000001bebb810000]
 total_blobs=23728 nmethods=22602 adapters=1036
 compilation: enabled
              stopped_count=0, restarted_count=0
 full_count=0

Compilation events (20 events):
Event: 3677.052 Thread 0x000001bed1c19800 nmethod 26013 0x000001bebc430010 code [0x000001bebc430380, 0x000001bebc4313e8]
Event: 3677.052 Thread 0x000001bed1c19800 26014       2       java.util.HashMap::containsKey (18 bytes)
Event: 3677.052 Thread 0x000001bed1c19800 nmethod 26014 0x000001bebc159490 code [0x000001bebc159660, 0x000001bebc1597f8]
Event: 3677.061 Thread 0x000001bed1c19800 26015       2       com.android.tools.r8.graph.P::U0 (15 bytes)
Event: 3677.062 Thread 0x000001bed1c19800 nmethod 26015 0x000001bebc26d110 code [0x000001bebc26d340, 0x000001bebc26d6f8]
Event: 3677.062 Thread 0x000001bed1c19800 26016       2       com.android.tools.r8.graph.X::W (31 bytes)
Event: 3677.063 Thread 0x000001bed1c19800 nmethod 26016 0x000001bebc308790 code [0x000001bebc3089e0, 0x000001bebc309008]
Event: 3677.063 Thread 0x000001bed1c19800 26017       2       com.android.tools.r8.graph.d0::toString (5 bytes)
Event: 3677.063 Thread 0x000001bed1c19800 nmethod 26017 0x000001bebbf1a610 code [0x000001bebbf1a7c0, 0x000001bebbf1a8c8]
Event: 3677.065 Thread 0x000001bed1c19800 26018       2       com.android.tools.r8.internal.ht::b (73 bytes)
Event: 3677.066 Thread 0x000001bed1c19800 nmethod 26018 0x000001bebc361a10 code [0x000001bebc361c40, 0x000001bebc362258]
Event: 3677.066 Thread 0x000001bed1c19800 26019       2       com.android.tools.r8.graph.i::b (48 bytes)
Event: 3677.067 Thread 0x000001bed1c19800 nmethod 26019 0x000001bebc1b0010 code [0x000001bebc1b0200, 0x000001bebc1b0518]
Event: 3677.067 Thread 0x000001bed1c19800 26020   !   2       com.android.tools.r8.graph.i::b (97 bytes)
Event: 3677.068 Thread 0x000001bed1c19800 nmethod 26020 0x000001bebc370010 code [0x000001bebc370260, 0x000001bebc370a08]
Event: 3677.068 Thread 0x000001bed1c19800 26021       2       com.android.tools.r8.internal.Le::a (82 bytes)
Event: 3677.069 Thread 0x000001bed1c19800 nmethod 26021 0x000001bebc15cc90 code [0x000001bebc15ce40, 0x000001bebc15cf88]
Event: 3677.069 Thread 0x000001bed1c19800 26022       2       com.android.tools.r8.internal.Le::<init> (246 bytes)
Event: 3677.070 Thread 0x000001bed1c19800 nmethod 26022 0x000001bebc397890 code [0x000001bebc397ae0, 0x000001bebc398748]
Event: 3677.070 Thread 0x000001bed1c19800 26023       2       com.android.tools.r8.ir.conversion.k::a (3111 bytes)

GC Heap History (20 events):
Event: 3662.690 GC heap before
{Heap before GC invocations=54 (full 0):
 garbage-first heap   total 233472K, used 193622K [0x0000000080000000, 0x0000000100000000)
  region size 1024K, 41 young (41984K), 2 survivors (2048K)
 Metaspace       used 129440K, capacity 132483K, committed 132932K, reserved 1165312K
  class space    used 15808K, capacity 16914K, committed 17048K, reserved 1048576K
}
Event: 3662.696 GC heap after
{Heap after GC invocations=55 (full 0):
 garbage-first heap   total 233472K, used 154506K [0x0000000080000000, 0x0000000100000000)
  region size 1024K, 2 young (2048K), 2 survivors (2048K)
 Metaspace       used 129440K, capacity 132483K, committed 132932K, reserved 1165312K
  class space    used 15808K, capacity 16914K, committed 17048K, reserved 1048576K
}
Event: 3664.098 GC heap before
{Heap before GC invocations=56 (full 0):
 garbage-first heap   total 233472K, used 177034K [0x0000000080000000, 0x0000000100000000)
  region size 1024K, 43 young (44032K), 2 survivors (2048K)
 Metaspace       used 130575K, capacity 133708K, committed 134084K, reserved 1167360K
  class space    used 15923K, capacity 17060K, committed 17176K, reserved 1048576K
}
Event: 3664.107 GC heap after
{Heap after GC invocations=57 (full 0):
 garbage-first heap   total 233472K, used 136074K [0x0000000080000000, 0x0000000100000000)
  region size 1024K, 2 young (2048K), 2 survivors (2048K)
 Metaspace       used 130575K, capacity 133708K, committed 134084K, reserved 1167360K
  class space    used 15923K, capacity 17060K, committed 17176K, reserved 1048576K
}
Event: 3664.342 GC heap before
{Heap before GC invocations=57 (full 0):
 garbage-first heap   total 233472K, used 144266K [0x0000000080000000, 0x0000000100000000)
  region size 1024K, 11 young (11264K), 2 survivors (2048K)
 Metaspace       used 130869K, capacity 133954K, committed 134340K, reserved 1167360K
  class space    used 15951K, capacity 17099K, committed 17176K, reserved 1048576K
}
Event: 3664.356 GC heap after
{Heap after GC invocations=58 (full 0):
 garbage-first heap   total 233472K, used 122814K [0x0000000080000000, 0x0000000100000000)
  region size 1024K, 2 young (2048K), 2 survivors (2048K)
 Metaspace       used 130869K, capacity 133954K, committed 134340K, reserved 1167360K
  class space    used 15951K, capacity 17099K, committed 17176K, reserved 1048576K
}
Event: 3667.157 GC heap before
{Heap before GC invocations=58 (full 0):
 garbage-first heap   total 233472K, used 187326K [0x0000000080000000, 0x0000000100000000)
  region size 1024K, 66 young (67584K), 2 survivors (2048K)
 Metaspace       used 131584K, capacity 134743K, committed 134980K, reserved 1167360K
  class space    used 15998K, capacity 17186K, committed 17304K, reserved 1048576K
}
Event: 3667.174 GC heap after
{Heap after GC invocations=59 (full 0):
 garbage-first heap   total 233472K, used 126454K [0x0000000080000000, 0x0000000100000000)
  region size 1024K, 5 young (5120K), 5 survivors (5120K)
 Metaspace       used 131584K, capacity 134743K, committed 134980K, reserved 1167360K
  class space    used 15998K, capacity 17186K, committed 17304K, reserved 1048576K
}
Event: 3669.573 GC heap before
{Heap before GC invocations=60 (full 0):
 garbage-first heap   total 233472K, used 189942K [0x0000000080000000, 0x0000000100000000)
  region size 1024K, 68 young (69632K), 5 survivors (5120K)
 Metaspace       used 132162K, capacity 135352K, committed 135492K, reserved 1167360K
  class space    used 16059K, capacity 17236K, committed 17304K, reserved 1048576K
}
Event: 3669.586 GC heap after
{Heap after GC invocations=61 (full 0):
 garbage-first heap   total 233472K, used 129238K [0x0000000080000000, 0x0000000100000000)
  region size 1024K, 7 young (7168K), 7 survivors (7168K)
 Metaspace       used 132162K, capacity 135352K, committed 135492K, reserved 1167360K
  class space    used 16059K, capacity 17236K, committed 17304K, reserved 1048576K
}
Event: 3669.756 GC heap before
{Heap before GC invocations=61 (full 0):
 garbage-first heap   total 233472K, used 132310K [0x0000000080000000, 0x0000000100000000)
  region size 1024K, 11 young (11264K), 7 survivors (7168K)
 Metaspace       used 132216K, capacity 135425K, committed 135492K, reserved 1167360K
  class space    used 16066K, capacity 17239K, committed 17304K, reserved 1048576K
}
Event: 3669.773 GC heap after
{Heap after GC invocations=62 (full 0):
 garbage-first heap   total 233472K, used 123826K [0x0000000080000000, 0x0000000100000000)
  region size 1024K, 1 young (1024K), 1 survivors (1024K)
 Metaspace       used 132216K, capacity 135425K, committed 135492K, reserved 1167360K
  class space    used 16066K, capacity 17239K, committed 17304K, reserved 1048576K
}
Event: 3673.033 GC heap before
{Heap before GC invocations=62 (full 0):
 garbage-first heap   total 233472K, used 189362K [0x0000000080000000, 0x0000000100000000)
  region size 1024K, 66 young (67584K), 1 survivors (1024K)
 Metaspace       used 140704K, capacity 144327K, committed 144452K, reserved 1175552K
  class space    used 17324K, capacity 18721K, committed 18840K, reserved 1048576K
}
Event: 3673.047 GC heap after
{Heap after GC invocations=63 (full 0):
 garbage-first heap   total 233472K, used 124733K [0x0000000080000000, 0x0000000100000000)
  region size 1024K, 2 young (2048K), 2 survivors (2048K)
 Metaspace       used 140704K, capacity 144327K, committed 144452K, reserved 1175552K
  class space    used 17324K, capacity 18721K, committed 18840K, reserved 1048576K
}
Event: 3675.524 GC heap before
{Heap before GC invocations=64 (full 0):
 garbage-first heap   total 233472K, used 192317K [0x0000000080000000, 0x0000000100000000)
  region size 1024K, 69 young (70656K), 2 survivors (2048K)
 Metaspace       used 141700K, capacity 145459K, committed 145732K, reserved 1175552K
  class space    used 17369K, capacity 18780K, committed 18840K, reserved 1048576K
}
Event: 3675.543 GC heap after
{Heap after GC invocations=65 (full 0):
 garbage-first heap   total 233472K, used 131834K [0x0000000080000000, 0x0000000100000000)
  region size 1024K, 9 young (9216K), 9 survivors (9216K)
 Metaspace       used 141700K, capacity 145459K, committed 145732K, reserved 1175552K
  class space    used 17369K, capacity 18780K, committed 18840K, reserved 1048576K
}
Event: 3675.590 GC heap before
{Heap before GC invocations=65 (full 0):
 garbage-first heap   total 233472K, used 133882K [0x0000000080000000, 0x0000000100000000)
  region size 1024K, 11 young (11264K), 9 survivors (9216K)
 Metaspace       used 141719K, capacity 145464K, committed 145732K, reserved 1175552K
  class space    used 17369K, capacity 18780K, committed 18840K, reserved 1048576K
}
Event: 3675.600 GC heap after
{Heap after GC invocations=66 (full 0):
 garbage-first heap   total 233472K, used 128773K [0x0000000080000000, 0x0000000100000000)
  region size 1024K, 1 young (1024K), 1 survivors (1024K)
 Metaspace       used 141719K, capacity 145464K, committed 145732K, reserved 1175552K
  class space    used 17369K, capacity 18780K, committed 18840K, reserved 1048576K
}
Event: 3676.400 GC heap before
{Heap before GC invocations=66 (full 0):
 garbage-first heap   total 233472K, used 191237K [0x0000000080000000, 0x0000000100000000)
  region size 1024K, 63 young (64512K), 1 survivors (1024K)
 Metaspace       used 142172K, capacity 145877K, committed 146116K, reserved 1177600K
  class space    used 17452K, capacity 18849K, committed 18968K, reserved 1048576K
}
Event: 3676.426 GC heap after
{Heap after GC invocations=67 (full 0):
 garbage-first heap   total 233472K, used 139816K [0x0000000080000000, 0x0000000100000000)
  region size 1024K, 8 young (8192K), 8 survivors (8192K)
 Metaspace       used 142172K, capacity 145877K, committed 146116K, reserved 1177600K
  class space    used 17452K, capacity 18849K, committed 18968K, reserved 1048576K
}

Deoptimization events (20 events):
Event: 3676.453 Thread 0x000001bed9909000 Uncommon trap: trap_request=0xffffffc6 fr.pc=0x000001bec3ba6a40 relative=0x0000000000000100
Event: 3676.453 Thread 0x000001bed9909000 Uncommon trap: reason=bimorphic_or_optimized_type_check action=maybe_recompile pc=0x000001bec3ba6a40 method=com.android.tools.r8.internal.q.next()Ljava/lang/Object; @ 21 c2
Event: 3676.453 Thread 0x000001bed9909000 DEOPT PACKING pc=0x000001bec3ba6a40 sp=0x000000a781ef95c0
Event: 3676.453 Thread 0x000001bed9909000 DEOPT UNPACKING pc=0x000001bebb2a78af sp=0x000000a781ef9550 mode 2
Event: 3676.453 Thread 0x000001bed9909000 Uncommon trap: trap_request=0xffffffc6 fr.pc=0x000001bec3ba6a40 relative=0x0000000000000100
Event: 3676.453 Thread 0x000001bed9909000 Uncommon trap: reason=bimorphic_or_optimized_type_check action=maybe_recompile pc=0x000001bec3ba6a40 method=com.android.tools.r8.internal.q.next()Ljava/lang/Object; @ 21 c2
Event: 3676.453 Thread 0x000001bed9909000 DEOPT PACKING pc=0x000001bec3ba6a40 sp=0x000000a781ef95c0
Event: 3676.453 Thread 0x000001bed9909000 DEOPT UNPACKING pc=0x000001bebb2a78af sp=0x000000a781ef9550 mode 2
Event: 3676.992 Thread 0x000001bed6e1b800 Uncommon trap: trap_request=0xffffffc6 fr.pc=0x000001bec3ba6a40 relative=0x0000000000000100
Event: 3676.992 Thread 0x000001bed6e1b800 Uncommon trap: reason=bimorphic_or_optimized_type_check action=maybe_recompile pc=0x000001bec3ba6a40 method=com.android.tools.r8.internal.q.next()Ljava/lang/Object; @ 21 c2
Event: 3676.992 Thread 0x000001bed6e1b800 DEOPT PACKING pc=0x000001bec3ba6a40 sp=0x000000a781ff98e0
Event: 3676.992 Thread 0x000001bed6e1b800 DEOPT UNPACKING pc=0x000001bebb2a78af sp=0x000000a781ff9870 mode 2
Event: 3676.992 Thread 0x000001bed6e1b800 Uncommon trap: trap_request=0xffffffc6 fr.pc=0x000001bec3ba6a40 relative=0x0000000000000100
Event: 3676.992 Thread 0x000001bed6e1b800 Uncommon trap: reason=bimorphic_or_optimized_type_check action=maybe_recompile pc=0x000001bec3ba6a40 method=com.android.tools.r8.internal.q.next()Ljava/lang/Object; @ 21 c2
Event: 3676.992 Thread 0x000001bed6e1b800 DEOPT PACKING pc=0x000001bec3ba6a40 sp=0x000000a781ff98e0
Event: 3676.992 Thread 0x000001bed6e1b800 DEOPT UNPACKING pc=0x000001bebb2a78af sp=0x000000a781ff9870 mode 2
Event: 3677.047 Thread 0x000001bed6e19800 Uncommon trap: trap_request=0xffffff4d fr.pc=0x000001bec2f0bce8 relative=0x0000000000000228
Event: 3677.047 Thread 0x000001bed6e19800 Uncommon trap: reason=unstable_if action=reinterpret pc=0x000001bec2f0bce8 method=java.util.HashMap.getNode(ILjava/lang/Object;)Ljava/util/HashMap$Node; @ 84 c2
Event: 3677.047 Thread 0x000001bed6e19800 DEOPT PACKING pc=0x000001bec2f0bce8 sp=0x000000a7820f9570
Event: 3677.047 Thread 0x000001bed6e19800 DEOPT UNPACKING pc=0x000001bebb2a78af sp=0x000000a7820f9478 mode 2

Classes redefined (0 events):
No events

Internal exceptions (20 events):
Event: 3672.876 Thread 0x000001bed9909000 Exception <a 'sun/nio/fs/WindowsException'{0x000000008a46ff18}> (0x000000008a46ff18) thrown at [./src/hotspot/share/prims/jni.cpp, line 615]
Event: 3672.963 Thread 0x000001bed6e19800 Exception <a 'sun/nio/fs/WindowsException'{0x000000008a228a28}> (0x000000008a228a28) thrown at [./src/hotspot/share/prims/jni.cpp, line 615]
Event: 3673.165 Thread 0x000001bed9909000 Exception <a 'sun/nio/fs/WindowsException'{0x000000008e24a268}> (0x000000008e24a268) thrown at [./src/hotspot/share/prims/jni.cpp, line 615]
Event: 3673.349 Thread 0x000001bed6e19800 Exception <a 'sun/nio/fs/WindowsException'{0x000000008e1d1488}> (0x000000008e1d1488) thrown at [./src/hotspot/share/prims/jni.cpp, line 615]
Event: 3673.687 Thread 0x000001bed6e1b800 Exception <a 'sun/nio/fs/WindowsException'{0x000000008dda5ce0}> (0x000000008dda5ce0) thrown at [./src/hotspot/share/prims/jni.cpp, line 615]
Event: 3673.821 Thread 0x000001bed6e1b800 Exception <a 'sun/nio/fs/WindowsException'{0x000000008da5fcf0}> (0x000000008da5fcf0) thrown at [./src/hotspot/share/prims/jni.cpp, line 615]
Event: 3673.905 Thread 0x000001bed6e19800 Exception <a 'java/lang/NoSuchMethodError'{0x000000008d712190}: 'java.lang.Object java.lang.invoke.DirectMethodHandle$Holder.invokeInterface(java.lang.Object, java.lang.Object, int)'> (0x000000008d712190) thrown at [./src/hotspot/share/interpreter/linkResolver.cpp, line 773]
Event: 3674.041 Thread 0x000001bed6e1b800 Exception <a 'sun/nio/fs/WindowsException'{0x000000008d6e08a0}> (0x000000008d6e08a0) thrown at [./src/hotspot/share/prims/jni.cpp, line 615]
Event: 3674.195 Thread 0x000001bed9909000 Exception <a 'sun/nio/fs/WindowsException'{0x000000008d8e8e90}> (0x000000008d8e8e90) thrown at [./src/hotspot/share/prims/jni.cpp, line 615]
Event: 3674.301 Thread 0x000001bed6e19800 Exception <a 'sun/nio/fs/WindowsException'{0x000000008cf87c58}> (0x000000008cf87c58) thrown at [./src/hotspot/share/prims/jni.cpp, line 615]
Event: 3674.318 Thread 0x000001bed9909000 Exception <a 'sun/nio/fs/WindowsException'{0x000000008cfe9de8}> (0x000000008cfe9de8) thrown at [./src/hotspot/share/prims/jni.cpp, line 615]
Event: 3674.614 Thread 0x000001bed6e1b800 Exception <a 'sun/nio/fs/WindowsException'{0x000000008cbfdc68}> (0x000000008cbfdc68) thrown at [./src/hotspot/share/prims/jni.cpp, line 615]
Event: 3674.682 Thread 0x000001bed9909000 Exception <a 'sun/nio/fs/WindowsException'{0x000000008cad5988}> (0x000000008cad5988) thrown at [./src/hotspot/share/prims/jni.cpp, line 615]
Event: 3674.749 Thread 0x000001bed6e19800 Exception <a 'sun/nio/fs/WindowsException'{0x000000008c870ef8}> (0x000000008c870ef8) thrown at [./src/hotspot/share/prims/jni.cpp, line 615]
Event: 3675.320 Thread 0x000001bed9909000 Exception <a 'sun/nio/fs/WindowsException'{0x000000008ad91e60}> (0x000000008ad91e60) thrown at [./src/hotspot/share/prims/jni.cpp, line 615]
Event: 3675.505 Thread 0x000001bed6e1b800 Exception <a 'sun/nio/fs/WindowsException'{0x0000000089f96dc0}> (0x0000000089f96dc0) thrown at [./src/hotspot/share/prims/jni.cpp, line 615]
Event: 3675.573 Thread 0x000001bed6e19800 Exception <a 'sun/nio/fs/WindowsException'{0x000000008e225a60}> (0x000000008e225a60) thrown at [./src/hotspot/share/prims/jni.cpp, line 615]
Event: 3675.845 Thread 0x000001bed9909000 Exception <a 'sun/nio/fs/WindowsException'{0x000000008d818160}> (0x000000008d818160) thrown at [./src/hotspot/share/prims/jni.cpp, line 615]
Event: 3676.179 Thread 0x000001bed6e19800 Exception <a 'sun/nio/fs/WindowsException'{0x000000008b60d688}> (0x000000008b60d688) thrown at [./src/hotspot/share/prims/jni.cpp, line 615]
Event: 3676.471 Thread 0x000001bed9909000 Exception <a 'sun/nio/fs/WindowsException'{0x000000008db5e2e8}> (0x000000008db5e2e8) thrown at [./src/hotspot/share/prims/jni.cpp, line 615]

Events (20 events):
Event: 3676.840 Executing VM operation: ICBufferFull
Event: 3676.840 Executing VM operation: ICBufferFull done
Event: 3676.938 Executing VM operation: ICBufferFull
Event: 3676.940 Executing VM operation: ICBufferFull done
Event: 3677.013 Executing VM operation: CGC_Operation
Event: 3677.028 Executing VM operation: CGC_Operation done
Event: 3677.030 loading class com/android/tools/r8/code/d2
Event: 3677.030 loading class com/android/tools/r8/code/d2 done
Event: 3677.031 loading class com/android/tools/r8/code/e2
Event: 3677.031 loading class com/android/tools/r8/code/e2 done
Event: 3677.034 loading class com/android/tools/r8/internal/W4
Event: 3677.034 loading class com/android/tools/r8/internal/W4 done
Event: 3677.035 loading class com/android/tools/r8/internal/s4
Event: 3677.035 loading class com/android/tools/r8/internal/s4 done
Event: 3677.036 loading class com/android/tools/r8/internal/s4
Event: 3677.036 loading class com/android/tools/r8/internal/s4 done
Event: 3677.036 loading class com/android/tools/r8/internal/s4
Event: 3677.036 loading class com/android/tools/r8/internal/s4 done
Event: 3677.036 loading class com/android/tools/r8/internal/s4
Event: 3677.036 loading class com/android/tools/r8/internal/s4 done


Dynamic libraries:
0x00007ff75ca00000 - 0x00007ff75ca0a000 	C:\Program Files\Android\Android Studio\jre\bin\java.exe
0x00007ffd2c0e0000 - 0x00007ffd2c2d0000 	C:\WINDOWS\SYSTEM32\ntdll.dll
0x00007ffd02590000 - 0x00007ffd025a5000 	C:\Program Files\Avast Software\Avast\aswhook.dll
0x00007ffd2ab80000 - 0x00007ffd2ac32000 	C:\WINDOWS\System32\KERNEL32.DLL
0x00007ffd29cd0000 - 0x00007ffd29f75000 	C:\WINDOWS\System32\KERNELBASE.dll
0x00007ffd29bd0000 - 0x00007ffd29cca000 	C:\WINDOWS\System32\ucrtbase.dll
0x00007ffd16200000 - 0x00007ffd16219000 	C:\Program Files\Android\Android Studio\jre\bin\jli.dll
0x00007ffd161e0000 - 0x00007ffd161f7000 	C:\Program Files\Android\Android Studio\jre\bin\VCRUNTIME140.dll
0x00007ffd2a3b0000 - 0x00007ffd2a544000 	C:\WINDOWS\System32\USER32.dll
0x00007ffd297e0000 - 0x00007ffd29801000 	C:\WINDOWS\System32\win32u.dll
0x00007ffd17a10000 - 0x00007ffd17c94000 	C:\WINDOWS\WinSxS\amd64_microsoft.windows.common-controls_6595b64144ccf1df_6.0.18362.1256_none_9e7e379be45e40e2\COMCTL32.dll
0x00007ffd2aa40000 - 0x00007ffd2aa66000 	C:\WINDOWS\System32\GDI32.dll
0x00007ffd2b5d0000 - 0x00007ffd2b66e000 	C:\WINDOWS\System32\msvcrt.dll
0x00007ffd299d0000 - 0x00007ffd29b66000 	C:\WINDOWS\System32\gdi32full.dll
0x00007ffd2bcf0000 - 0x00007ffd2c026000 	C:\WINDOWS\System32\combase.dll
0x00007ffd29910000 - 0x00007ffd299ae000 	C:\WINDOWS\System32\msvcp_win.dll
0x00007ffd2b670000 - 0x00007ffd2b790000 	C:\WINDOWS\System32\RPCRT4.dll
0x00007ffd2a100000 - 0x00007ffd2a181000 	C:\WINDOWS\System32\bcryptPrimitives.dll
0x00007ffd2a2c0000 - 0x00007ffd2a2ee000 	C:\WINDOWS\System32\IMM32.DLL
0x00007ffd16140000 - 0x00007ffd161dd000 	C:\Program Files\Android\Android Studio\jre\bin\msvcp140.dll
0x00007ffcc36b0000 - 0x00007ffcc417f000 	C:\Program Files\Android\Android Studio\jre\bin\server\jvm.dll
0x00007ffd2a2f0000 - 0x00007ffd2a393000 	C:\WINDOWS\System32\ADVAPI32.dll
0x00007ffd2ada0000 - 0x00007ffd2ae37000 	C:\WINDOWS\System32\sechost.dll
0x00007ffd2a3a0000 - 0x00007ffd2a3a8000 	C:\WINDOWS\System32\PSAPI.DLL
0x00007ffd27a10000 - 0x00007ffd27a19000 	C:\WINDOWS\SYSTEM32\WSOCK32.dll
0x00007ffd2c030000 - 0x00007ffd2c09f000 	C:\WINDOWS\System32\WS2_32.dll
0x00007ffd22a60000 - 0x00007ffd22a6a000 	C:\WINDOWS\SYSTEM32\VERSION.dll
0x00007ffd229e0000 - 0x00007ffd22a04000 	C:\WINDOWS\SYSTEM32\WINMM.dll
0x00007ffd229b0000 - 0x00007ffd229dd000 	C:\WINDOWS\SYSTEM32\WINMMBASE.dll
0x00007ffd29810000 - 0x00007ffd2985a000 	C:\WINDOWS\System32\cfgmgr32.dll
0x00007ffd28f90000 - 0x00007ffd28fa1000 	C:\WINDOWS\System32\kernel.appcore.dll
0x00007ffd16440000 - 0x00007ffd16451000 	C:\Program Files\Android\Android Studio\jre\bin\verify.dll
0x00007ffd277e0000 - 0x00007ffd279d4000 	C:\WINDOWS\SYSTEM32\DBGHELP.DLL
0x00007ffd1af40000 - 0x00007ffd1af6a000 	C:\WINDOWS\SYSTEM32\dbgcore.DLL
0x00007ffd16410000 - 0x00007ffd16439000 	C:\Program Files\Android\Android Studio\jre\bin\java.dll
0x00007ffd25190000 - 0x00007ffd2519b000 	C:\Program Files\Android\Android Studio\jre\bin\jimage.dll
0x00007ffd163f0000 - 0x00007ffd16408000 	C:\Program Files\Android\Android Studio\jre\bin\zip.dll
0x00007ffd2ae40000 - 0x00007ffd2b527000 	C:\WINDOWS\System32\SHELL32.dll
0x00007ffd2aad0000 - 0x00007ffd2ab79000 	C:\WINDOWS\System32\shcore.dll
0x00007ffd29050000 - 0x00007ffd297d1000 	C:\WINDOWS\System32\windows.storage.dll
0x00007ffd28fb0000 - 0x00007ffd28fd3000 	C:\WINDOWS\System32\profapi.dll
0x00007ffd28fe0000 - 0x00007ffd2902a000 	C:\WINDOWS\System32\powrprof.dll
0x00007ffd28f80000 - 0x00007ffd28f90000 	C:\WINDOWS\System32\UMPDC.dll
0x00007ffd2bc90000 - 0x00007ffd2bce2000 	C:\WINDOWS\System32\shlwapi.dll
0x00007ffd299b0000 - 0x00007ffd299c7000 	C:\WINDOWS\System32\cryptsp.dll
0x00007ffd16390000 - 0x00007ffd163aa000 	C:\Program Files\Android\Android Studio\jre\bin\net.dll
0x00007ffd19110000 - 0x00007ffd19200000 	C:\WINDOWS\SYSTEM32\WINHTTP.dll
0x00007ffd28780000 - 0x00007ffd287e7000 	C:\WINDOWS\system32\mswsock.dll
0x00007ffd16100000 - 0x00007ffd16114000 	C:\Program Files\Android\Android Studio\jre\bin\nio.dll
0x00007ffd163b0000 - 0x00007ffd163d7000 	C:\Users\Polina\.gradle\native\8bec1ad78214c89d9ad589b4d07fe93259594b29d510b10fafb7a158f7737e5d\windows-amd64\native-platform.dll
0x00007ffd0da80000 - 0x00007ffd0dbbd000 	C:\Users\Polina\.gradle\native\53dbd7edfb1c66fb8903c78663c9afc45aea4f116125fa6feffd364cf09443e8\windows-amd64\native-platform-file-events.dll
0x00007ffd21f90000 - 0x00007ffd21f9a000 	C:\Program Files\Android\Android Studio\jre\bin\management.dll
0x00007ffd1d0a0000 - 0x00007ffd1d0ac000 	C:\Program Files\Android\Android Studio\jre\bin\management_ext.dll
0x00007ffd28300000 - 0x00007ffd28333000 	C:\WINDOWS\system32\rsaenh.dll
0x00007ffd2a0d0000 - 0x00007ffd2a0f6000 	C:\WINDOWS\System32\bcrypt.dll
0x00007ffd28ea0000 - 0x00007ffd28ec5000 	C:\WINDOWS\SYSTEM32\USERENV.dll
0x00007ffd28900000 - 0x00007ffd2890c000 	C:\WINDOWS\SYSTEM32\CRYPTBASE.dll
0x00007ffd284a0000 - 0x00007ffd284da000 	C:\WINDOWS\SYSTEM32\IPHLPAPI.DLL
0x00007ffd2bb40000 - 0x00007ffd2bb48000 	C:\WINDOWS\System32\NSI.dll
0x00007ffd20110000 - 0x00007ffd20126000 	C:\WINDOWS\SYSTEM32\dhcpcsvc6.DLL
0x00007ffd200e0000 - 0x00007ffd200fc000 	C:\WINDOWS\SYSTEM32\dhcpcsvc.DLL
0x00007ffd284e0000 - 0x00007ffd285ab000 	C:\WINDOWS\SYSTEM32\DNSAPI.dll
0x00007ffd0ba80000 - 0x00007ffd0baa7000 	C:\Program Files\Android\Android Studio\jre\bin\sunec.dll
0x00007ffd1fdc0000 - 0x00007ffd1fdca000 	C:\Windows\System32\rasadhlp.dll
0x00007ffd1f5c0000 - 0x00007ffd1f637000 	C:\WINDOWS\System32\fwpuclnt.dll
0x00007ffd27f80000 - 0x00007ffd27fb1000 	C:\WINDOWS\SYSTEM32\ntmarta.dll
0x00007ffd0bb40000 - 0x00007ffd0bce4000 	C:\Program Files\Android\Android Studio\jre\bin\awt.dll
0x00007ffd2b790000 - 0x00007ffd2b855000 	C:\WINDOWS\System32\OLEAUT32.dll
0x00007ffd272c0000 - 0x00007ffd272ed000 	C:\WINDOWS\SYSTEM32\dwmapi.dll
0x00007ffd26ce0000 - 0x00007ffd26d6f000 	C:\WINDOWS\SYSTEM32\apphelp.dll
0x00007ffd26e10000 - 0x00007ffd26ea9000 	C:\WINDOWS\system32\uxtheme.dll

dbghelp: loaded successfully - version: 4.0.5 - missing functions: none
symbol engine: initialized successfully - sym options: 0x614 - pdb path: .;C:\Program Files\Android\Android Studio\jre\bin;C:\WINDOWS\SYSTEM32;C:\Program Files\Avast Software\Avast;C:\WINDOWS\WinSxS\amd64_microsoft.windows.common-controls_6595b64144ccf1df_6.0.18362.1256_none_9e7e379be45e40e2;C:\Program Files\Android\Android Studio\jre\bin\server;C:\Users\Polina\.gradle\native\8bec1ad78214c89d9ad589b4d07fe93259594b29d510b10fafb7a158f7737e5d\windows-amd64;C:\Users\Polina\.gradle\native\53dbd7edfb1c66fb8903c78663c9afc45aea4f116125fa6feffd364cf09443e8\windows-amd64

VM Arguments:
jvm_args: --add-opens=java.base/java.util=ALL-UNNAMED --add-opens=java.base/java.lang=ALL-UNNAMED --add-opens=java.base/java.lang.invoke=ALL-UNNAMED --add-opens=java.base/java.util=ALL-UNNAMED --add-opens=java.prefs/java.util.prefs=ALL-UNNAMED --add-opens=java.prefs/java.util.prefs=ALL-UNNAMED --add-opens=java.base/java.nio.charset=ALL-UNNAMED --add-opens=java.base/java.net=ALL-UNNAMED --add-opens=java.base/java.util.concurrent.atomic=ALL-UNNAMED -Xmx2048m -Dfile.encoding=UTF-8 -Duser.country=RU -Duser.language=ru -Duser.variant 
java_command: org.gradle.launcher.daemon.bootstrap.GradleDaemon 7.0.2
java_class_path (initial): C:\Users\Polina\.gradle\wrapper\dists\gradle-7.0.2-bin\857tjihv64xamwrf0h14cai3r\gradle-7.0.2\lib\gradle-launcher-7.0.2.jar
Launcher Type: SUN_STANDARD

[Global flags]
     intx CICompilerCount                          = 3                                         {product} {ergonomic}
     uint ConcGCThreads                            = 1                                         {product} {ergonomic}
     uint G1ConcRefinementThreads                  = 4                                         {product} {ergonomic}
   size_t G1HeapRegionSize                         = 1048576                                   {product} {ergonomic}
    uintx GCDrainStackTargetSize                   = 64                                        {product} {ergonomic}
   size_t InitialHeapSize                          = 199229440                                 {product} {ergonomic}
   size_t MarkStackSize                            = 4194304                                   {product} {ergonomic}
   size_t MaxHeapSize                              = 2147483648                                {product} {command line}
   size_t MaxNewSize                               = 1287651328                                {product} {ergonomic}
   size_t MinHeapDeltaBytes                        = 1048576                                   {product} {ergonomic}
    uintx NonNMethodCodeHeapSize                   = 5830732                                {pd product} {ergonomic}
    uintx NonProfiledCodeHeapSize                  = 122913754                              {pd product} {ergonomic}
    uintx ProfiledCodeHeapSize                     = 122913754                              {pd product} {ergonomic}
    uintx ReservedCodeCacheSize                    = 251658240                              {pd product} {ergonomic}
     bool SegmentedCodeCache                       = true                                      {product} {ergonomic}
     bool UseCompressedClassPointers               = true                                 {lp64_product} {ergonomic}
     bool UseCompressedOops                        = true                                 {lp64_product} {ergonomic}
     bool UseG1GC                                  = true                                      {product} {ergonomic}
     bool UseLargePagesIndividualAllocation        = false                                  {pd product} {ergonomic}

Logging:
Log output configuration:
 #0: stdout all=warning uptime,level,tags
 #1: stderr all=off uptime,level,tags

Environment Variables:
PATH=C:\Program Files (x86)\Common Files\Oracle\Java\javapath;C:\WINDOWS\system32;C:\WINDOWS;C:\WINDOWS\System32\Wbem;C:\WINDOWS\System32\WindowsPowerShell\v1.0\;C:\WINDOWS\System32\OpenSSH\;C:\cdr\;C:\Users\Polina\AppData\Local\Microsoft\WindowsApps;
USERNAME=Polina
OS=Windows_NT
PROCESSOR_IDENTIFIER=Intel64 Family 6 Model 78 Stepping 3, GenuineIntel



---------------  S Y S T E M  ---------------

OS: Windows 10 , 64 bit Build 18362 (10.0.18362.1110)
OS uptime: 0 days 2:14 hours
Hyper-V role detected

CPU:total 4 (initial active 4) (2 cores per cpu, 2 threads per core) family 6 model 78 stepping 3 microcode 0xcc, cmov, cx8, fxsr, mmx, sse, sse2, sse3, ssse3, sse4.1, sse4.2, popcnt, avx, avx2, aes, clmul, erms, 3dnowpref, lzcnt, ht, tsc, tscinvbit, bmi1, bmi2, adx, fma

Memory: 4k page, system-wide physical 12144M (1311M free)
TotalPageFile size 12144M (AvailPageFile size 6M)
current process WorkingSet (physical memory assigned to process): 594M, peak: 598M
current process commit charge ("private bytes"): 690M, peak: 693M

vm_info: OpenJDK 64-Bit Server VM (11.0.10+0-b96-7249189) for windows-amd64 JRE (11.0.10+0-b96-7249189), built on Mar 31 2021 21:44:00 by "builder" with MS VC++ 14.0 (VS2015)

END.
