#
# There is insufficient memory for the Java Runtime Environment to continue.
# Native memory allocation (malloc) failed to allocate 2466256 bytes for Chunk::new
# Possible reasons:
#   The system is out of physical RAM or swap space
#   The process is running with CompressedOops enabled, and the Java Heap may be blocking the growth of the native heap
# Possible solutions:
#   Reduce memory load on the system
#   Increase physical memory or swap space
#   Check if swap backing store is full
#   Decrease Java heap size (-Xmx/-Xms)
#   Decrease number of Java threads
#   Decrease Java thread stack sizes (-Xss)
#   Set larger code cache with -XX:ReservedCodeCacheSize=
#   JVM is running with Unscaled Compressed Oops mode in which the Java heap is
#     placed in the first 4GB address space. The Java Heap base address is the
#     maximum limit for the native heap growth. Please use -XX:HeapBaseMinAddress
#     to set the Java Heap base and to place the Java Heap above 4GB virtual address.
# This output file may be truncated or incomplete.
#
#  Out of Memory Error (./src/hotspot/share/memory/arena.cpp:197), pid=1992, tid=9336
#
# JRE version: OpenJDK Runtime Environment (11.0.10) (build 11.0.10+0-b96-7249189)
# Java VM: OpenJDK 64-Bit Server VM (11.0.10+0-b96-7249189, mixed mode, tiered, compressed oops, g1 gc, windows-amd64)
# No core dump will be written. Minidumps are not enabled by default on client versions of Windows
#

---------------  S U M M A R Y ------------

Command Line: --add-opens=java.base/java.util=ALL-UNNAMED --add-opens=java.base/java.lang=ALL-UNNAMED --add-opens=java.base/java.lang.invoke=ALL-UNNAMED --add-opens=java.base/java.util=ALL-UNNAMED --add-opens=java.prefs/java.util.prefs=ALL-UNNAMED --add-opens=java.prefs/java.util.prefs=ALL-UNNAMED --add-opens=java.base/java.nio.charset=ALL-UNNAMED --add-opens=java.base/java.net=ALL-UNNAMED --add-opens=java.base/java.util.concurrent.atomic=ALL-UNNAMED -Xmx2048m -Dfile.encoding=UTF-8 -Duser.country=RU -Duser.language=ru -Duser.variant org.gradle.launcher.daemon.bootstrap.GradleDaemon 7.0.2

Host: Intel(R) Core(TM) i5-6200U CPU @ 2.30GHz, 4 cores, 11G,  Windows 10 , 64 bit Build 18362 (10.0.18362.1110)
Time: Wed Oct 20 19:57:14 2021 RTZ 2 (ceia) elapsed time: 2408.245505 seconds (0d 0h 40m 8s)

---------------  T H R E A D  ---------------

Current thread (0x0000016f43bb6800):  JavaThread "C2 CompilerThread0" daemon [_thread_in_native, id=9336, stack(0x0000000cfde00000,0x0000000cfdf00000)]


Current CompileTask:
C2:2408245 17272       4       com.google.common.collect.SparseImmutableTable::<init> (468 bytes)

Stack: [0x0000000cfde00000,0x0000000cfdf00000]
Native frames: (J=compiled Java code, j=interpreted, Vv=VM code, C=native code)
V  [jvm.dll+0x5ecfaa]
V  [jvm.dll+0x722bd5]
V  [jvm.dll+0x72412d]
V  [jvm.dll+0x7247e3]
V  [jvm.dll+0x242928]
V  [jvm.dll+0xbc4fc]
V  [jvm.dll+0xbca0c]
V  [jvm.dll+0x352d7d]
V  [jvm.dll+0x320ad3]
V  [jvm.dll+0x31ffca]
V  [jvm.dll+0x1fb602]
V  [jvm.dll+0x1fa7f4]
V  [jvm.dll+0x18354c]
V  [jvm.dll+0x208ee7]
V  [jvm.dll+0x207731]
V  [jvm.dll+0x6eb1cf]
V  [jvm.dll+0x6e3d45]
V  [jvm.dll+0x5ebe96]
C  [ucrtbase.dll+0x210b2]
C  [KERNEL32.DLL+0x17c24]
C  [ntdll.dll+0x6d4d1]


---------------  P R O C E S S  ---------------

Threads class SMR info:
_java_thread_list=0x0000016f4b4407a0, length=59, elements={
0x0000016f29734800, 0x0000016f4333d800, 0x0000016f43b54000, 0x0000016f43b6e000,
0x0000016f43b6f800, 0x0000016f43b70800, 0x0000016f43bb6800, 0x0000016f43bb7000,
0x0000016f43c25000, 0x0000016f43d1f000, 0x0000016f4525c000, 0x0000016f43e6b000,
0x0000016f45021000, 0x0000016f4655a000, 0x0000016f46559000, 0x0000016f4655a800,
0x0000016f46556000, 0x0000016f46558000, 0x0000016f48e3b800, 0x0000016f48e3a000,
0x0000016f48e39000, 0x0000016f48e3d000, 0x0000016f48e3a800, 0x0000016f48e44800,
0x0000016f48e46000, 0x0000016f4aeb3000, 0x0000016f4aeb6800, 0x0000016f4aeb4800,
0x0000016f4aeb7000, 0x0000016f5049a800, 0x0000016f50495800, 0x0000016f50498000,
0x0000016f50499000, 0x0000016f50497800, 0x0000016f50495000, 0x0000016f50493800,
0x0000016f50496800, 0x0000016f5049a000, 0x0000016f50494000, 0x0000016f5049d000,
0x0000016f5049c000, 0x0000016f504a0800, 0x0000016f504a1000, 0x0000016f5049b800,
0x0000016f5049e000, 0x0000016f5049e800, 0x0000016f5049f800, 0x0000016f504a2000,
0x0000016f4aeb2800, 0x0000016f4aeaf000, 0x0000016f4aeac800, 0x0000016f4aeb1800,
0x0000016f4aead800, 0x0000016f4aeb0800, 0x0000016f4aeae000, 0x0000016f4aeba800,
0x0000016f4aeb9000, 0x0000016f4aeb8000, 0x0000016f46aaa000
}

Java Threads: ( => current thread )
  0x0000016f29734800 JavaThread "main" [_thread_blocked, id=13176, stack(0x0000000cfd200000,0x0000000cfd300000)]
  0x0000016f4333d800 JavaThread "Reference Handler" daemon [_thread_blocked, id=8424, stack(0x0000000cfd900000,0x0000000cfda00000)]
  0x0000016f43b54000 JavaThread "Finalizer" daemon [_thread_blocked, id=11080, stack(0x0000000cfda00000,0x0000000cfdb00000)]
  0x0000016f43b6e000 JavaThread "Signal Dispatcher" daemon [_thread_blocked, id=5164, stack(0x0000000cfdb00000,0x0000000cfdc00000)]
  0x0000016f43b6f800 JavaThread "Attach Listener" daemon [_thread_blocked, id=4968, stack(0x0000000cfdc00000,0x0000000cfdd00000)]
  0x0000016f43b70800 JavaThread "Service Thread" daemon [_thread_blocked, id=3900, stack(0x0000000cfdd00000,0x0000000cfde00000)]
=>0x0000016f43bb6800 JavaThread "C2 CompilerThread0" daemon [_thread_in_native, id=9336, stack(0x0000000cfde00000,0x0000000cfdf00000)]
  0x0000016f43bb7000 JavaThread "C1 CompilerThread0" daemon [_thread_blocked, id=5044, stack(0x0000000cfdf00000,0x0000000cfe000000)]
  0x0000016f43c25000 JavaThread "Sweeper thread" daemon [_thread_blocked, id=11696, stack(0x0000000cfe000000,0x0000000cfe100000)]
  0x0000016f43d1f000 JavaThread "Common-Cleaner" daemon [_thread_blocked, id=10108, stack(0x0000000cfe100000,0x0000000cfe200000)]
  0x0000016f4525c000 JavaThread "Daemon health stats" [_thread_blocked, id=6728, stack(0x0000000cfe700000,0x0000000cfe800000)]
  0x0000016f43e6b000 JavaThread "Incoming local TCP Connector on port 55215" [_thread_in_native, id=12836, stack(0x0000000cfe300000,0x0000000cfe400000)]
  0x0000016f45021000 JavaThread "Daemon periodic checks" [_thread_blocked, id=8676, stack(0x0000000cfe800000,0x0000000cfe900000)]
  0x0000016f4655a000 JavaThread "Cache worker for file hash cache (C:\Users\Polina\.gradle\caches\7.0.2\fileHashes)" [_thread_blocked, id=9868, stack(0x0000000cff000000,0x0000000cff100000)]
  0x0000016f46559000 JavaThread "File lock request listener" [_thread_in_native, id=10764, stack(0x0000000cff100000,0x0000000cff200000)]
  0x0000016f4655a800 JavaThread "Cache worker for journal cache (C:\Users\Polina\.gradle\caches\journal-1)" [_thread_blocked, id=4092, stack(0x0000000cff200000,0x0000000cff300000)]
  0x0000016f46556000 JavaThread "File watcher server" daemon [_thread_in_native, id=12124, stack(0x0000000cff500000,0x0000000cff600000)]
  0x0000016f46558000 JavaThread "File watcher consumer" daemon [_thread_blocked, id=6224, stack(0x0000000cff600000,0x0000000cff700000)]
  0x0000016f48e3b800 JavaThread "Cache worker for execution history cache (C:\Users\Polina\.gradle\caches\7.0.2\executionHistory)" [_thread_blocked, id=7624, stack(0x0000000cffa00000,0x0000000cffb00000)]
  0x0000016f48e3a000 JavaThread "jar transforms" [_thread_blocked, id=9484, stack(0x0000000cffb00000,0x0000000cffc00000)]
  0x0000016f48e39000 JavaThread "jar transforms Thread 2" [_thread_blocked, id=10680, stack(0x0000000cffc00000,0x0000000cffd00000)]
  0x0000016f48e3d000 JavaThread "Cache worker for file content cache (C:\Users\Polina\.gradle\caches\7.0.2\fileContent)" [_thread_blocked, id=11572, stack(0x0000000cffd00000,0x0000000cffe00000)]
  0x0000016f48e3a800 JavaThread "jar transforms Thread 3" [_thread_blocked, id=11480, stack(0x0000000cfff00000,0x0000000d00000000)]
  0x0000016f48e44800 JavaThread "jar transforms Thread 4" [_thread_blocked, id=9768, stack(0x0000000c80500000,0x0000000c80600000)]
  0x0000016f48e46000 JavaThread "Memory manager" [_thread_blocked, id=7396, stack(0x0000000c80600000,0x0000000c80700000)]
  0x0000016f4aeb3000 JavaThread "RMI Scheduler(0)" daemon [_thread_blocked, id=7556, stack(0x0000000c80e00000,0x0000000c80f00000)]
  0x0000016f4aeb6800 JavaThread "RMI GC Daemon" daemon [_thread_blocked, id=11556, stack(0x0000000c81000000,0x0000000c81100000)]
  0x0000016f4aeb4800 JavaThread "RMI TCP Accept-0" daemon [_thread_in_native, id=1108, stack(0x0000000c81100000,0x0000000c81200000)]
  0x0000016f4aeb7000 JavaThread "RMI Reaper" [_thread_blocked, id=12908, stack(0x0000000c81200000,0x0000000c81300000)]
  0x0000016f5049a800 JavaThread "ForkJoinPool.commonPool-worker-3" daemon [_thread_blocked, id=9448, stack(0x0000000c82700000,0x0000000c82800000)]
  0x0000016f50495800 JavaThread "Daemon Thread 3" [_thread_blocked, id=4204, stack(0x0000000c80000000,0x0000000c80100000)]
  0x0000016f50498000 JavaThread "Handler for socket connection from /127.0.0.1:55215 to /127.0.0.1:52897" [_thread_in_native, id=4520, stack(0x0000000c80100000,0x0000000c80200000)]
  0x0000016f50499000 JavaThread "Cancel handler" [_thread_blocked, id=12068, stack(0x0000000c80200000,0x0000000c80300000)]
  0x0000016f50497800 JavaThread "Daemon worker Thread 3" [_thread_blocked, id=2780, stack(0x0000000c80300000,0x0000000c80400000)]
  0x0000016f50495000 JavaThread "Asynchronous log dispatcher for DefaultDaemonConnection: socket connection from /127.0.0.1:55215 to /127.0.0.1:52897" [_thread_blocked, id=12236, stack(0x0000000c80400000,0x0000000c80500000)]
  0x0000016f50493800 JavaThread "Stdin handler" [_thread_blocked, id=2524, stack(0x0000000c80700000,0x0000000c80800000)]
  0x0000016f50496800 JavaThread "Daemon client event forwarder" [_thread_blocked, id=4880, stack(0x0000000c80800000,0x0000000c80900000)]
  0x0000016f5049a000 JavaThread "Cache worker for file hash cache (C:\Users\Polina\AndroidStudioProjects\MyApplication\.gradle\7.0.2\fileHashes)" [_thread_blocked, id=1560, stack(0x0000000c80900000,0x0000000c80a00000)]
  0x0000016f50494000 JavaThread "Cache worker for checksums cache (C:\Users\Polina\AndroidStudioProjects\MyApplication\.gradle\checksums)" [_thread_blocked, id=7808, stack(0x0000000c80a00000,0x0000000c80b00000)]
  0x0000016f5049d000 JavaThread "Cache worker for cache directory md-supplier (C:\Users\Polina\.gradle\caches\7.0.2\md-supplier)" [_thread_blocked, id=8492, stack(0x0000000c80b00000,0x0000000c80c00000)]
  0x0000016f5049c000 JavaThread "Cache worker for cache directory md-rule (C:\Users\Polina\.gradle\caches\7.0.2\md-rule)" [_thread_blocked, id=12360, stack(0x0000000c80c00000,0x0000000c80d00000)]
  0x0000016f504a0800 JavaThread "Cache worker for dependencies-accessors (C:\Users\Polina\AndroidStudioProjects\MyApplication\.gradle\7.0.2\dependencies-accessors)" [_thread_blocked, id=5052, stack(0x0000000c80d00000,0x0000000c80e00000)]
  0x0000016f504a1000 JavaThread "Cache worker for Build Output Cleanup Cache (C:\Users\Polina\AndroidStudioProjects\MyApplication\.gradle\buildOutputCleanup)" [_thread_blocked, id=9928, stack(0x0000000c81300000,0x0000000c81400000)]
  0x0000016f5049b800 JavaThread "Build operations" [_thread_blocked, id=9548, stack(0x0000000c81400000,0x0000000c81500000)]
  0x0000016f5049e000 JavaThread "Build operations Thread 2" [_thread_blocked, id=6336, stack(0x0000000c81500000,0x0000000c81600000)]
  0x0000016f5049e800 JavaThread "Build operations Thread 3" [_thread_blocked, id=10656, stack(0x0000000c81600000,0x0000000c81700000)]
  0x0000016f5049f800 JavaThread "Build operations Thread 4" [_thread_blocked, id=9680, stack(0x0000000c81700000,0x0000000c81800000)]
  0x0000016f504a2000 JavaThread "build event listener" [_thread_blocked, id=8456, stack(0x0000000c81800000,0x0000000c81900000)]
  0x0000016f4aeb2800 JavaThread "Execution worker for ':'" [_thread_blocked, id=12960, stack(0x0000000c81900000,0x0000000c81a00000)]
  0x0000016f4aeaf000 JavaThread "Execution worker for ':' Thread 2" [_thread_blocked, id=10880, stack(0x0000000c81a00000,0x0000000c81b00000)]
  0x0000016f4aeac800 JavaThread "Execution worker for ':' Thread 3" [_thread_blocked, id=12876, stack(0x0000000c81b00000,0x0000000c81c00000)]
  0x0000016f4aeb1800 JavaThread "Cache worker for execution history cache (C:\Users\Polina\AndroidStudioProjects\MyApplication\.gradle\7.0.2\executionHistory)" [_thread_blocked, id=4244, stack(0x0000000c81c00000,0x0000000c81d00000)]
  0x0000016f4aead800 JavaThread "WorkerExecutor Queue" [_thread_blocked, id=5300, stack(0x0000000c81d00000,0x0000000c81e00000)]
  0x0000016f4aeb0800 JavaThread "WorkerExecutor Queue Thread 2" [_thread_in_native, id=5756, stack(0x0000000c81e00000,0x0000000c81f00000)]
  0x0000016f4aeae000 JavaThread "WorkerExecutor Queue Thread 3" [_thread_blocked, id=9976, stack(0x0000000c81f00000,0x0000000c82000000)]
  0x0000016f4aeba800 JavaThread "pool-10-thread-1" [_thread_blocked, id=11076, stack(0x0000000c82000000,0x0000000c82100000)]
  0x0000016f4aeb9000 JavaThread "stderr" [_thread_in_native, id=12500, stack(0x0000000c82100000,0x0000000c82200000)]
  0x0000016f4aeb8000 JavaThread "stdout" [_thread_in_native, id=3824, stack(0x0000000c82200000,0x0000000c82300000)]
  0x0000016f46aaa000 JavaThread "C2 CompilerThread1" daemon [_thread_in_native, id=11296, stack(0x0000000c80f00000,0x0000000c81000000)]

Other Threads:
  0x0000016f432fc000 VMThread "VM Thread" [stack: 0x0000000cfd800000,0x0000000cfd900000] [id=6292]
  0x0000016f43d74000 WatcherThread [stack: 0x0000000cfe200000,0x0000000cfe300000] [id=6604]
  0x0000016f2974d000 GCTaskThread "GC Thread#0" [stack: 0x0000000cfd300000,0x0000000cfd400000] [id=9496]
  0x0000016f43e03800 GCTaskThread "GC Thread#1" [stack: 0x0000000cfe400000,0x0000000cfe500000] [id=10796]
  0x0000016f4414a000 GCTaskThread "GC Thread#2" [stack: 0x0000000cfe500000,0x0000000cfe600000] [id=6556]
  0x0000016f4482e800 GCTaskThread "GC Thread#3" [stack: 0x0000000cfe600000,0x0000000cfe700000] [id=1512]
  0x0000016f2977f800 ConcurrentGCThread "G1 Main Marker" [stack: 0x0000000cfd400000,0x0000000cfd500000] [id=10140]
  0x0000016f29781000 ConcurrentGCThread "G1 Conc#0" [stack: 0x0000000cfd500000,0x0000000cfd600000] [id=12252]
  0x0000016f297fe000 ConcurrentGCThread "G1 Refine#0" [stack: 0x0000000cfd600000,0x0000000cfd700000] [id=992]
  0x0000016f43186800 ConcurrentGCThread "G1 Young RemSet Sampling" [stack: 0x0000000cfd700000,0x0000000cfd800000] [id=6064]

Threads with active compile tasks:
C2 CompilerThread02408299 17272       4       com.google.common.collect.SparseImmutableTable::<init> (468 bytes)
C2 CompilerThread12408299 17287       4       com.google.common.collect.ImmutableSet::construct (93 bytes)

VM state:not at safepoint (normal execution)

VM Mutex/Monitor currently owned by a thread: None

Heap address: 0x0000000080000000, size: 2048 MB, Compressed Oops mode: 32-bit
Narrow klass base: 0x0000000000000000, Narrow klass shift: 3
Compressed class space size: 1073741824 Address: 0x0000000100000000

Heap:
 garbage-first heap   total 194560K, used 116715K [0x0000000080000000, 0x0000000100000000)
  region size 1024K, 10 young (10240K), 6 survivors (6144K)
 Metaspace       used 115451K, capacity 118371K, committed 119364K, reserved 1153024K
  class space    used 14859K, capacity 15944K, committed 16280K, reserved 1048576K
Heap Regions: E=young(eden), S=young(survivor), O=old, HS=humongous(starts), HC=humongous(continues), CS=collection set, F=free, A=archive, TAMS=top-at-mark-start (previous, next)
|   0|0x0000000080000000, 0x0000000080100000, 0x0000000080100000|100%| O|  |TAMS 0x0000000080100000, 0x0000000080100000| Untracked 
|   1|0x0000000080100000, 0x0000000080200000, 0x0000000080200000|100%| O|  |TAMS 0x0000000080200000, 0x0000000080200000| Untracked 
|   2|0x0000000080200000, 0x0000000080300000, 0x0000000080300000|100%| O|  |TAMS 0x0000000080300000, 0x0000000080300000| Untracked 
|   3|0x0000000080300000, 0x0000000080400000, 0x0000000080400000|100%|HS|  |TAMS 0x0000000080400000, 0x0000000080400000| Complete 
|   4|0x0000000080400000, 0x0000000080500000, 0x0000000080500000|100%|HC|  |TAMS 0x0000000080500000, 0x0000000080500000| Complete 
|   5|0x0000000080500000, 0x0000000080600000, 0x0000000080600000|100%|HC|  |TAMS 0x0000000080600000, 0x0000000080600000| Complete 
|   6|0x0000000080600000, 0x0000000080700000, 0x0000000080700000|100%| O|  |TAMS 0x0000000080700000, 0x0000000080700000| Untracked 
|   7|0x0000000080700000, 0x0000000080800000, 0x0000000080800000|100%| O|  |TAMS 0x0000000080700000, 0x0000000080800000| Untracked 
|   8|0x0000000080800000, 0x0000000080900000, 0x0000000080900000|100%| O|  |TAMS 0x0000000080900000, 0x0000000080900000| Untracked 
|   9|0x0000000080900000, 0x0000000080a00000, 0x0000000080a00000|100%| O|  |TAMS 0x0000000080a00000, 0x0000000080a00000| Untracked 
|  10|0x0000000080a00000, 0x0000000080b00000, 0x0000000080b00000|100%| O|  |TAMS 0x0000000080b00000, 0x0000000080b00000| Untracked 
|  11|0x0000000080b00000, 0x0000000080c00000, 0x0000000080c00000|100%| O|  |TAMS 0x0000000080c00000, 0x0000000080c00000| Untracked 
|  12|0x0000000080c00000, 0x0000000080d00000, 0x0000000080d00000|100%| O|  |TAMS 0x0000000080d00000, 0x0000000080d00000| Untracked 
|  13|0x0000000080d00000, 0x0000000080e00000, 0x0000000080e00000|100%| O|  |TAMS 0x0000000080e00000, 0x0000000080e00000| Untracked 
|  14|0x0000000080e00000, 0x0000000080f00000, 0x0000000080f00000|100%| O|  |TAMS 0x0000000080f00000, 0x0000000080f00000| Untracked 
|  15|0x0000000080f00000, 0x0000000081000000, 0x0000000081000000|100%| O|  |TAMS 0x0000000081000000, 0x0000000081000000| Untracked 
|  16|0x0000000081000000, 0x0000000081100000, 0x0000000081100000|100%| O|  |TAMS 0x0000000081100000, 0x0000000081100000| Untracked 
|  17|0x0000000081100000, 0x0000000081200000, 0x0000000081200000|100%| O|  |TAMS 0x0000000081200000, 0x0000000081200000| Untracked 
|  18|0x0000000081200000, 0x0000000081300000, 0x0000000081300000|100%|HS|  |TAMS 0x0000000081300000, 0x0000000081300000| Complete 
|  19|0x0000000081300000, 0x0000000081400000, 0x0000000081400000|100%|HS|  |TAMS 0x0000000081400000, 0x0000000081400000| Complete 
|  20|0x0000000081400000, 0x0000000081500000, 0x0000000081500000|100%|HS|  |TAMS 0x0000000081500000, 0x0000000081500000| Complete 
|  21|0x0000000081500000, 0x0000000081600000, 0x0000000081600000|100%|HS|  |TAMS 0x0000000081600000, 0x0000000081600000| Complete 
|  22|0x0000000081600000, 0x0000000081700000, 0x0000000081700000|100%|HC|  |TAMS 0x0000000081700000, 0x0000000081700000| Complete 
|  23|0x0000000081700000, 0x0000000081800000, 0x0000000081800000|100%|HC|  |TAMS 0x0000000081800000, 0x0000000081800000| Complete 
|  24|0x0000000081800000, 0x0000000081900000, 0x0000000081900000|100%|HS|  |TAMS 0x0000000081900000, 0x0000000081900000| Complete 
|  25|0x0000000081900000, 0x0000000081a00000, 0x0000000081a00000|100%|HC|  |TAMS 0x0000000081a00000, 0x0000000081a00000| Complete 
|  26|0x0000000081a00000, 0x0000000081b00000, 0x0000000081b00000|100%| O|  |TAMS 0x0000000081b00000, 0x0000000081b00000| Untracked 
|  27|0x0000000081b00000, 0x0000000081c00000, 0x0000000081c00000|100%| O|  |TAMS 0x0000000081c00000, 0x0000000081c00000| Untracked 
|  28|0x0000000081c00000, 0x0000000081d00000, 0x0000000081d00000|100%| O|  |TAMS 0x0000000081d00000, 0x0000000081d00000| Untracked 
|  29|0x0000000081d00000, 0x0000000081e00000, 0x0000000081e00000|100%| O|  |TAMS 0x0000000081e00000, 0x0000000081e00000| Untracked 
|  30|0x0000000081e00000, 0x0000000081f00000, 0x0000000081f00000|100%| O|  |TAMS 0x0000000081f00000, 0x0000000081f00000| Untracked 
|  31|0x0000000081f00000, 0x0000000082000000, 0x0000000082000000|100%| O|  |TAMS 0x0000000082000000, 0x0000000082000000| Untracked 
|  32|0x0000000082000000, 0x0000000082100000, 0x0000000082100000|100%| O|  |TAMS 0x0000000082100000, 0x0000000082100000| Untracked 
|  33|0x0000000082100000, 0x0000000082200000, 0x0000000082200000|100%| O|  |TAMS 0x0000000082200000, 0x0000000082200000| Untracked 
|  34|0x0000000082200000, 0x0000000082300000, 0x0000000082300000|100%| O|  |TAMS 0x0000000082300000, 0x0000000082300000| Untracked 
|  35|0x0000000082300000, 0x0000000082400000, 0x0000000082400000|100%| O|  |TAMS 0x0000000082400000, 0x0000000082400000| Untracked 
|  36|0x0000000082400000, 0x0000000082500000, 0x0000000082500000|100%| O|  |TAMS 0x0000000082500000, 0x0000000082500000| Untracked 
|  37|0x0000000082500000, 0x0000000082600000, 0x0000000082600000|100%| O|  |TAMS 0x0000000082600000, 0x0000000082600000| Untracked 
|  38|0x0000000082600000, 0x0000000082700000, 0x0000000082700000|100%| O|  |TAMS 0x0000000082700000, 0x0000000082700000| Untracked 
|  39|0x0000000082700000, 0x0000000082800000, 0x0000000082800000|100%| O|  |TAMS 0x0000000082800000, 0x0000000082800000| Untracked 
|  40|0x0000000082800000, 0x0000000082900000, 0x0000000082900000|100%| O|  |TAMS 0x0000000082900000, 0x0000000082900000| Untracked 
|  41|0x0000000082900000, 0x0000000082a00000, 0x0000000082a00000|100%| O|  |TAMS 0x0000000082900000, 0x0000000082a00000| Untracked 
|  42|0x0000000082a00000, 0x0000000082b00000, 0x0000000082b00000|100%| O|  |TAMS 0x0000000082b00000, 0x0000000082b00000| Untracked 
|  43|0x0000000082b00000, 0x0000000082c00000, 0x0000000082c00000|100%| O|  |TAMS 0x0000000082b00000, 0x0000000082c00000| Untracked 
|  44|0x0000000082c00000, 0x0000000082d00000, 0x0000000082d00000|100%| O|  |TAMS 0x0000000082d00000, 0x0000000082d00000| Untracked 
|  45|0x0000000082d00000, 0x0000000082e00000, 0x0000000082e00000|100%| O|  |TAMS 0x0000000082e00000, 0x0000000082e00000| Untracked 
|  46|0x0000000082e00000, 0x0000000082f00000, 0x0000000082f00000|100%| O|  |TAMS 0x0000000082f00000, 0x0000000082f00000| Untracked 
|  47|0x0000000082f00000, 0x0000000083000000, 0x0000000083000000|100%| O|  |TAMS 0x0000000083000000, 0x0000000083000000| Untracked 
|  48|0x0000000083000000, 0x0000000083100000, 0x0000000083100000|100%| O|  |TAMS 0x0000000083100000, 0x0000000083100000| Untracked 
|  49|0x0000000083100000, 0x0000000083200000, 0x0000000083200000|100%| O|  |TAMS 0x0000000083200000, 0x0000000083200000| Untracked 
|  50|0x0000000083200000, 0x0000000083300000, 0x0000000083300000|100%| O|  |TAMS 0x0000000083300000, 0x0000000083300000| Untracked 
|  51|0x0000000083300000, 0x0000000083400000, 0x0000000083400000|100%| O|  |TAMS 0x0000000083300000, 0x0000000083400000| Untracked 
|  52|0x0000000083400000, 0x00000000834fae00, 0x0000000083500000| 97%| O|  |TAMS 0x0000000083400000, 0x00000000834fae00| Untracked 
|  53|0x0000000083500000, 0x0000000083500000, 0x0000000083600000|  0%| F|  |TAMS 0x0000000083500000, 0x0000000083500000| Untracked 
|  54|0x0000000083600000, 0x0000000083700000, 0x0000000083700000|100%| O|  |TAMS 0x0000000083700000, 0x0000000083700000| Untracked 
|  55|0x0000000083700000, 0x0000000083800000, 0x0000000083800000|100%| O|  |TAMS 0x0000000083800000, 0x0000000083800000| Untracked 
|  56|0x0000000083800000, 0x0000000083900000, 0x0000000083900000|100%| O|  |TAMS 0x0000000083900000, 0x0000000083900000| Untracked 
|  57|0x0000000083900000, 0x0000000083900000, 0x0000000083a00000|  0%| F|  |TAMS 0x0000000083900000, 0x0000000083900000| Untracked 
|  58|0x0000000083a00000, 0x0000000083b00000, 0x0000000083b00000|100%| O|  |TAMS 0x0000000083a00000, 0x0000000083b00000| Untracked 
|  59|0x0000000083b00000, 0x0000000083c00000, 0x0000000083c00000|100%| O|  |TAMS 0x0000000083b00000, 0x0000000083c00000| Untracked 
|  60|0x0000000083c00000, 0x0000000083d00000, 0x0000000083d00000|100%| O|  |TAMS 0x0000000083d00000, 0x0000000083d00000| Untracked 
|  61|0x0000000083d00000, 0x0000000083e00000, 0x0000000083e00000|100%| O|  |TAMS 0x0000000083d00000, 0x0000000083e00000| Untracked 
|  62|0x0000000083e00000, 0x0000000083f00000, 0x0000000083f00000|100%| O|  |TAMS 0x0000000083f00000, 0x0000000083f00000| Untracked 
|  63|0x0000000083f00000, 0x0000000084000000, 0x0000000084000000|100%| O|  |TAMS 0x0000000083f00000, 0x0000000084000000| Untracked 
|  64|0x0000000084000000, 0x0000000084100000, 0x0000000084100000|100%| O|  |TAMS 0x0000000084000000, 0x0000000084100000| Untracked 
|  65|0x0000000084100000, 0x0000000084200000, 0x0000000084200000|100%| O|  |TAMS 0x0000000084200000, 0x0000000084200000| Untracked 
|  66|0x0000000084200000, 0x0000000084300000, 0x0000000084300000|100%| O|  |TAMS 0x0000000084300000, 0x0000000084300000| Untracked 
|  67|0x0000000084300000, 0x0000000084400000, 0x0000000084400000|100%| O|  |TAMS 0x0000000084400000, 0x0000000084400000| Untracked 
|  68|0x0000000084400000, 0x0000000084500000, 0x0000000084500000|100%| O|  |TAMS 0x0000000084400000, 0x0000000084500000| Untracked 
|  69|0x0000000084500000, 0x0000000084500000, 0x0000000084600000|  0%| F|  |TAMS 0x0000000084500000, 0x0000000084500000| Untracked 
|  70|0x0000000084600000, 0x0000000084700000, 0x0000000084700000|100%| O|  |TAMS 0x0000000084700000, 0x0000000084700000| Untracked 
|  71|0x0000000084700000, 0x0000000084800000, 0x0000000084800000|100%| O|  |TAMS 0x0000000084800000, 0x0000000084800000| Untracked 
|  72|0x0000000084800000, 0x0000000084900000, 0x0000000084900000|100%| O|  |TAMS 0x0000000084900000, 0x0000000084900000| Untracked 
|  73|0x0000000084900000, 0x0000000084900000, 0x0000000084a00000|  0%| F|  |TAMS 0x0000000084900000, 0x0000000084900000| Untracked 
|  74|0x0000000084a00000, 0x0000000084b00000, 0x0000000084b00000|100%| O|  |TAMS 0x0000000084b00000, 0x0000000084b00000| Untracked 
|  75|0x0000000084b00000, 0x0000000084b00000, 0x0000000084c00000|  0%| F|  |TAMS 0x0000000084b00000, 0x0000000084b00000| Untracked 
|  76|0x0000000084c00000, 0x0000000084c00000, 0x0000000084d00000|  0%| F|  |TAMS 0x0000000084c00000, 0x0000000084c00000| Untracked 
|  77|0x0000000084d00000, 0x0000000084d00000, 0x0000000084e00000|  0%| F|  |TAMS 0x0000000084d00000, 0x0000000084d00000| Untracked 
|  78|0x0000000084e00000, 0x0000000084e00000, 0x0000000084f00000|  0%| F|  |TAMS 0x0000000084e00000, 0x0000000084e00000| Untracked 
|  79|0x0000000084f00000, 0x0000000085000000, 0x0000000085000000|100%| O|  |TAMS 0x0000000085000000, 0x0000000085000000| Untracked 
|  80|0x0000000085000000, 0x0000000085000000, 0x0000000085100000|  0%| F|  |TAMS 0x0000000085000000, 0x0000000085000000| Untracked 
|  81|0x0000000085100000, 0x0000000085200000, 0x0000000085200000|100%| O|  |TAMS 0x0000000085200000, 0x0000000085200000| Untracked 
|  82|0x0000000085200000, 0x0000000085300000, 0x0000000085300000|100%| O|  |TAMS 0x0000000085300000, 0x0000000085300000| Untracked 
|  83|0x0000000085300000, 0x0000000085400000, 0x0000000085400000|100%| O|  |TAMS 0x0000000085400000, 0x0000000085400000| Untracked 
|  84|0x0000000085400000, 0x0000000085500000, 0x0000000085500000|100%| O|  |TAMS 0x0000000085500000, 0x0000000085500000| Untracked 
|  85|0x0000000085500000, 0x0000000085600000, 0x0000000085600000|100%| O|  |TAMS 0x0000000085600000, 0x0000000085600000| Untracked 
|  86|0x0000000085600000, 0x0000000085700000, 0x0000000085700000|100%| O|  |TAMS 0x0000000085700000, 0x0000000085700000| Untracked 
|  87|0x0000000085700000, 0x0000000085800000, 0x0000000085800000|100%| O|  |TAMS 0x0000000085700000, 0x0000000085800000| Untracked 
|  88|0x0000000085800000, 0x0000000085800000, 0x0000000085900000|  0%| F|  |TAMS 0x0000000085800000, 0x0000000085800000| Untracked 
|  89|0x0000000085900000, 0x0000000085a00000, 0x0000000085a00000|100%| O|  |TAMS 0x0000000085900000, 0x0000000085a00000| Untracked 
|  90|0x0000000085a00000, 0x0000000085a00000, 0x0000000085b00000|  0%| F|  |TAMS 0x0000000085a00000, 0x0000000085a00000| Untracked 
|  91|0x0000000085b00000, 0x0000000085c00000, 0x0000000085c00000|100%| O|  |TAMS 0x0000000085b00000, 0x0000000085c00000| Untracked 
|  92|0x0000000085c00000, 0x0000000085d00000, 0x0000000085d00000|100%| O|  |TAMS 0x0000000085c00000, 0x0000000085d00000| Untracked 
|  93|0x0000000085d00000, 0x0000000085e00000, 0x0000000085e00000|100%| O|  |TAMS 0x0000000085d00000, 0x0000000085e00000| Untracked 
|  94|0x0000000085e00000, 0x0000000085f00000, 0x0000000085f00000|100%| O|  |TAMS 0x0000000085e00000, 0x0000000085f00000| Untracked 
|  95|0x0000000085f00000, 0x0000000085f00000, 0x0000000086000000|  0%| F|  |TAMS 0x0000000085f00000, 0x0000000085f00000| Untracked 
|  96|0x0000000086000000, 0x0000000086100000, 0x0000000086100000|100%| O|  |TAMS 0x0000000086000000, 0x0000000086100000| Untracked 
|  97|0x0000000086100000, 0x0000000086200000, 0x0000000086200000|100%| O|  |TAMS 0x0000000086200000, 0x0000000086200000| Untracked 
|  98|0x0000000086200000, 0x0000000086300000, 0x0000000086300000|100%| O|  |TAMS 0x00000000862cc000, 0x0000000086300000| Untracked 
|  99|0x0000000086300000, 0x0000000086400000, 0x0000000086400000|100%| O|  |TAMS 0x0000000086300000, 0x0000000086400000| Untracked 
| 100|0x0000000086400000, 0x0000000086400000, 0x0000000086500000|  0%| F|  |TAMS 0x0000000086400000, 0x0000000086400000| Untracked 
| 101|0x0000000086500000, 0x0000000086500000, 0x0000000086600000|  0%| F|  |TAMS 0x0000000086500000, 0x0000000086500000| Untracked 
| 102|0x0000000086600000, 0x0000000086600000, 0x0000000086700000|  0%| F|  |TAMS 0x0000000086600000, 0x0000000086600000| Untracked 
| 103|0x0000000086700000, 0x0000000086700000, 0x0000000086800000|  0%| F|  |TAMS 0x0000000086700000, 0x0000000086700000| Untracked 
| 104|0x0000000086800000, 0x0000000086900000, 0x0000000086900000|100%| O|  |TAMS 0x0000000086900000, 0x0000000086900000| Untracked 
| 105|0x0000000086900000, 0x0000000086a00000, 0x0000000086a00000|100%| O|  |TAMS 0x0000000086a00000, 0x0000000086a00000| Untracked 
| 106|0x0000000086a00000, 0x0000000086a00000, 0x0000000086b00000|  0%| F|  |TAMS 0x0000000086a00000, 0x0000000086a00000| Untracked 
| 107|0x0000000086b00000, 0x0000000086b00000, 0x0000000086c00000|  0%| F|  |TAMS 0x0000000086b00000, 0x0000000086b00000| Untracked 
| 108|0x0000000086c00000, 0x0000000086d00000, 0x0000000086d00000|100%| O|  |TAMS 0x0000000086c00000, 0x0000000086d00000| Untracked 
| 109|0x0000000086d00000, 0x0000000086e00000, 0x0000000086e00000|100%| O|  |TAMS 0x0000000086d00000, 0x0000000086e00000| Untracked 
| 110|0x0000000086e00000, 0x0000000086f00000, 0x0000000086f00000|100%| O|  |TAMS 0x0000000086e00000, 0x0000000086f00000| Untracked 
| 111|0x0000000086f00000, 0x0000000087000000, 0x0000000087000000|100%| O|  |TAMS 0x0000000086f00000, 0x0000000087000000| Untracked 
| 112|0x0000000087000000, 0x0000000087100000, 0x0000000087100000|100%| O|  |TAMS 0x0000000087000000, 0x0000000087100000| Untracked 
| 113|0x0000000087100000, 0x0000000087200000, 0x0000000087200000|100%| O|  |TAMS 0x0000000087100000, 0x0000000087200000| Untracked 
| 114|0x0000000087200000, 0x0000000087300000, 0x0000000087300000|100%| O|  |TAMS 0x0000000087200000, 0x0000000087300000| Untracked 
| 115|0x0000000087300000, 0x0000000087400000, 0x0000000087400000|100%| O|  |TAMS 0x0000000087300000, 0x0000000087400000| Untracked 
| 116|0x0000000087400000, 0x0000000087500000, 0x0000000087500000|100%| O|  |TAMS 0x0000000087400000, 0x0000000087500000| Untracked 
| 117|0x0000000087500000, 0x0000000087600000, 0x0000000087600000|100%| O|  |TAMS 0x0000000087500000, 0x0000000087600000| Untracked 
| 118|0x0000000087600000, 0x0000000087700000, 0x0000000087700000|100%| O|  |TAMS 0x0000000087600000, 0x0000000087700000| Untracked 
| 119|0x0000000087700000, 0x0000000087800000, 0x0000000087800000|100%| O|  |TAMS 0x0000000087700000, 0x0000000087800000| Untracked 
| 120|0x0000000087800000, 0x0000000087900000, 0x0000000087900000|100%| O|  |TAMS 0x0000000087800000, 0x0000000087900000| Untracked 
| 121|0x0000000087900000, 0x0000000087a00000, 0x0000000087a00000|100%| O|  |TAMS 0x0000000087900000, 0x0000000087a00000| Untracked 
| 122|0x0000000087a00000, 0x0000000087b00000, 0x0000000087b00000|100%| O|  |TAMS 0x0000000087a00000, 0x0000000087b00000| Untracked 
| 123|0x0000000087b00000, 0x0000000087b00000, 0x0000000087c00000|  0%| F|  |TAMS 0x0000000087b00000, 0x0000000087b00000| Untracked 
| 124|0x0000000087c00000, 0x0000000087c00000, 0x0000000087d00000|  0%| F|  |TAMS 0x0000000087c00000, 0x0000000087c00000| Untracked 
| 125|0x0000000087d00000, 0x0000000087d00000, 0x0000000087e00000|  0%| F|  |TAMS 0x0000000087d00000, 0x0000000087d00000| Untracked 
| 126|0x0000000087e00000, 0x0000000087e00000, 0x0000000087f00000|  0%| F|  |TAMS 0x0000000087e00000, 0x0000000087e00000| Untracked 
| 127|0x0000000087f00000, 0x0000000087f00000, 0x0000000088000000|  0%| F|  |TAMS 0x0000000087f00000, 0x0000000087f00000| Untracked 
| 128|0x0000000088000000, 0x0000000088000000, 0x0000000088100000|  0%| F|  |TAMS 0x0000000088000000, 0x0000000088000000| Untracked 
| 129|0x0000000088100000, 0x0000000088100000, 0x0000000088200000|  0%| F|  |TAMS 0x0000000088100000, 0x0000000088100000| Untracked 
| 130|0x0000000088200000, 0x0000000088200000, 0x0000000088300000|  0%| F|  |TAMS 0x0000000088200000, 0x0000000088200000| Untracked 
| 131|0x0000000088300000, 0x0000000088300000, 0x0000000088400000|  0%| F|  |TAMS 0x0000000088300000, 0x0000000088300000| Untracked 
| 132|0x0000000088400000, 0x0000000088400000, 0x0000000088500000|  0%| F|  |TAMS 0x0000000088400000, 0x0000000088400000| Untracked 
| 133|0x0000000088500000, 0x0000000088500000, 0x0000000088600000|  0%| F|  |TAMS 0x0000000088500000, 0x0000000088500000| Untracked 
| 134|0x0000000088600000, 0x0000000088600000, 0x0000000088700000|  0%| F|  |TAMS 0x0000000088600000, 0x0000000088600000| Untracked 
| 135|0x0000000088700000, 0x0000000088700000, 0x0000000088800000|  0%| F|  |TAMS 0x0000000088700000, 0x0000000088700000| Untracked 
| 136|0x0000000088800000, 0x0000000088800000, 0x0000000088900000|  0%| F|  |TAMS 0x0000000088800000, 0x0000000088800000| Untracked 
| 137|0x0000000088900000, 0x0000000088900000, 0x0000000088a00000|  0%| F|  |TAMS 0x0000000088900000, 0x0000000088900000| Untracked 
| 138|0x0000000088a00000, 0x0000000088a00000, 0x0000000088b00000|  0%| F|  |TAMS 0x0000000088a00000, 0x0000000088a00000| Untracked 
| 139|0x0000000088b00000, 0x0000000088b00000, 0x0000000088c00000|  0%| F|  |TAMS 0x0000000088b00000, 0x0000000088b00000| Untracked 
| 140|0x0000000088c00000, 0x0000000088c00000, 0x0000000088d00000|  0%| F|  |TAMS 0x0000000088c00000, 0x0000000088c00000| Untracked 
| 141|0x0000000088d00000, 0x0000000088e00000, 0x0000000088e00000|100%| S|CS|TAMS 0x0000000088d00000, 0x0000000088d00000| Complete 
| 142|0x0000000088e00000, 0x0000000088f00000, 0x0000000088f00000|100%| S|CS|TAMS 0x0000000088e00000, 0x0000000088e00000| Complete 
| 143|0x0000000088f00000, 0x0000000089000000, 0x0000000089000000|100%| S|CS|TAMS 0x0000000088f00000, 0x0000000088f00000| Complete 
| 144|0x0000000089000000, 0x0000000089100000, 0x0000000089100000|100%| S|CS|TAMS 0x0000000089000000, 0x0000000089000000| Complete 
| 145|0x0000000089100000, 0x0000000089200000, 0x0000000089200000|100%| S|CS|TAMS 0x0000000089100000, 0x0000000089100000| Complete 
| 146|0x0000000089200000, 0x0000000089300000, 0x0000000089300000|100%| S|CS|TAMS 0x0000000089200000, 0x0000000089200000| Complete 
| 147|0x0000000089300000, 0x0000000089300000, 0x0000000089400000|  0%| F|  |TAMS 0x0000000089300000, 0x0000000089300000| Untracked 
| 148|0x0000000089400000, 0x0000000089400000, 0x0000000089500000|  0%| F|  |TAMS 0x0000000089400000, 0x0000000089400000| Untracked 
| 149|0x0000000089500000, 0x0000000089500000, 0x0000000089600000|  0%| F|  |TAMS 0x0000000089500000, 0x0000000089500000| Untracked 
| 150|0x0000000089600000, 0x0000000089600000, 0x0000000089700000|  0%| F|  |TAMS 0x0000000089600000, 0x0000000089600000| Untracked 
| 151|0x0000000089700000, 0x0000000089700000, 0x0000000089800000|  0%| F|  |TAMS 0x0000000089700000, 0x0000000089700000| Untracked 
| 152|0x0000000089800000, 0x0000000089800000, 0x0000000089900000|  0%| F|  |TAMS 0x0000000089800000, 0x0000000089800000| Untracked 
| 153|0x0000000089900000, 0x0000000089900000, 0x0000000089a00000|  0%| F|  |TAMS 0x0000000089900000, 0x0000000089900000| Untracked 
| 154|0x0000000089a00000, 0x0000000089a00000, 0x0000000089b00000|  0%| F|  |TAMS 0x0000000089a00000, 0x0000000089a00000| Untracked 
| 155|0x0000000089b00000, 0x0000000089b00000, 0x0000000089c00000|  0%| F|  |TAMS 0x0000000089b00000, 0x0000000089b00000| Untracked 
| 156|0x0000000089c00000, 0x0000000089c00000, 0x0000000089d00000|  0%| F|  |TAMS 0x0000000089c00000, 0x0000000089c00000| Untracked 
| 157|0x0000000089d00000, 0x0000000089d00000, 0x0000000089e00000|  0%| F|  |TAMS 0x0000000089d00000, 0x0000000089d00000| Untracked 
| 158|0x0000000089e00000, 0x0000000089e00000, 0x0000000089f00000|  0%| F|  |TAMS 0x0000000089e00000, 0x0000000089e00000| Untracked 
| 159|0x0000000089f00000, 0x0000000089f00000, 0x000000008a000000|  0%| F|  |TAMS 0x0000000089f00000, 0x0000000089f00000| Untracked 
| 160|0x000000008a000000, 0x000000008a000000, 0x000000008a100000|  0%| F|  |TAMS 0x000000008a000000, 0x000000008a000000| Untracked 
| 161|0x000000008a100000, 0x000000008a100000, 0x000000008a200000|  0%| F|  |TAMS 0x000000008a100000, 0x000000008a100000| Untracked 
| 162|0x000000008a200000, 0x000000008a200000, 0x000000008a300000|  0%| F|  |TAMS 0x000000008a200000, 0x000000008a200000| Untracked 
| 163|0x000000008a300000, 0x000000008a300000, 0x000000008a400000|  0%| F|  |TAMS 0x000000008a300000, 0x000000008a300000| Untracked 
| 164|0x000000008a400000, 0x000000008a400000, 0x000000008a500000|  0%| F|  |TAMS 0x000000008a400000, 0x000000008a400000| Untracked 
| 165|0x000000008a500000, 0x000000008a500000, 0x000000008a600000|  0%| F|  |TAMS 0x000000008a500000, 0x000000008a500000| Untracked 
| 166|0x000000008a600000, 0x000000008a600000, 0x000000008a700000|  0%| F|  |TAMS 0x000000008a600000, 0x000000008a600000| Untracked 
| 167|0x000000008a700000, 0x000000008a700000, 0x000000008a800000|  0%| F|  |TAMS 0x000000008a700000, 0x000000008a700000| Untracked 
| 168|0x000000008a800000, 0x000000008a800000, 0x000000008a900000|  0%| F|  |TAMS 0x000000008a800000, 0x000000008a800000| Untracked 
| 169|0x000000008a900000, 0x000000008a900000, 0x000000008aa00000|  0%| F|  |TAMS 0x000000008a900000, 0x000000008a900000| Untracked 
| 170|0x000000008aa00000, 0x000000008aa00000, 0x000000008ab00000|  0%| F|  |TAMS 0x000000008aa00000, 0x000000008aa00000| Untracked 
| 171|0x000000008ab00000, 0x000000008ab00000, 0x000000008ac00000|  0%| F|  |TAMS 0x000000008ab00000, 0x000000008ab00000| Untracked 
| 172|0x000000008ac00000, 0x000000008ac00000, 0x000000008ad00000|  0%| F|  |TAMS 0x000000008ac00000, 0x000000008ac00000| Untracked 
| 173|0x000000008ad00000, 0x000000008ad00000, 0x000000008ae00000|  0%| F|  |TAMS 0x000000008ad00000, 0x000000008ad00000| Untracked 
| 174|0x000000008ae00000, 0x000000008ae00000, 0x000000008af00000|  0%| F|  |TAMS 0x000000008ae00000, 0x000000008ae00000| Untracked 
| 175|0x000000008af00000, 0x000000008af00000, 0x000000008b000000|  0%| F|  |TAMS 0x000000008af00000, 0x000000008af00000| Untracked 
| 176|0x000000008b000000, 0x000000008b000000, 0x000000008b100000|  0%| F|  |TAMS 0x000000008b000000, 0x000000008b000000| Untracked 
| 177|0x000000008b100000, 0x000000008b100000, 0x000000008b200000|  0%| F|  |TAMS 0x000000008b100000, 0x000000008b100000| Untracked 
| 178|0x000000008b200000, 0x000000008b200000, 0x000000008b300000|  0%| F|  |TAMS 0x000000008b200000, 0x000000008b200000| Untracked 
| 179|0x000000008b300000, 0x000000008b300000, 0x000000008b400000|  0%| F|  |TAMS 0x000000008b300000, 0x000000008b300000| Untracked 
| 180|0x000000008b400000, 0x000000008b400000, 0x000000008b500000|  0%| F|  |TAMS 0x000000008b400000, 0x000000008b400000| Untracked 
| 181|0x000000008b500000, 0x000000008b500000, 0x000000008b600000|  0%| F|  |TAMS 0x000000008b500000, 0x000000008b500000| Untracked 
| 182|0x000000008b600000, 0x000000008b600000, 0x000000008b700000|  0%| F|  |TAMS 0x000000008b600000, 0x000000008b600000| Untracked 
| 183|0x000000008b700000, 0x000000008b700000, 0x000000008b800000|  0%| F|  |TAMS 0x000000008b700000, 0x000000008b700000| Untracked 
| 184|0x000000008b800000, 0x000000008b800000, 0x000000008b900000|  0%| F|  |TAMS 0x000000008b800000, 0x000000008b800000| Untracked 
| 185|0x000000008b900000, 0x000000008b900000, 0x000000008ba00000|  0%| F|  |TAMS 0x000000008b900000, 0x000000008b900000| Untracked 
| 186|0x000000008ba00000, 0x000000008bad53c8, 0x000000008bb00000| 83%| E|  |TAMS 0x000000008ba00000, 0x000000008ba00000| Complete 
| 187|0x000000008bb00000, 0x000000008bc00000, 0x000000008bc00000|100%| E|CS|TAMS 0x000000008bb00000, 0x000000008bb00000| Complete 
| 188|0x000000008bc00000, 0x000000008bd00000, 0x000000008bd00000|100%| E|CS|TAMS 0x000000008bc00000, 0x000000008bc00000| Complete 
| 189|0x000000008bd00000, 0x000000008be00000, 0x000000008be00000|100%| E|CS|TAMS 0x000000008bd00000, 0x000000008bd00000| Complete 

Card table byte_map: [0x0000016f3c610000,0x0000016f3ca10000] _byte_map_base: 0x0000016f3c210000

Marking Bits (Prev, Next): (CMBitMap*) 0x0000016f29776880, (CMBitMap*) 0x0000016f29776848
 Prev Bits: [0x0000016f3ee10000, 0x0000016f40e10000)
 Next Bits: [0x0000016f3ce10000, 0x0000016f3ee10000)

Polling page: 0x0000016f275b0000

Metaspace:

Usage:
  Non-class:    100.03 MB capacity,    98.23 MB ( 98%) used,     1.44 MB (  1%) free+waste,   355.94 KB ( <1%) overhead. 
      Class:     15.57 MB capacity,    14.51 MB ( 93%) used,   927.11 KB (  6%) free+waste,   157.81 KB ( <1%) overhead. 
       Both:    115.60 MB capacity,   112.75 MB ( 98%) used,     2.35 MB (  2%) free+waste,   513.75 KB ( <1%) overhead. 

Virtual space:
  Non-class space:      102.00 MB reserved,     100.67 MB ( 99%) committed 
      Class space:        1.00 GB reserved,      15.90 MB (  2%) committed 
             Both:        1.10 GB reserved,     116.57 MB ( 10%) committed 

Chunk freelists:
   Non-Class:  657.00 KB
       Class:  280.00 KB
        Both:  937.00 KB

MaxMetaspaceSize: 17179869184.00 GB
CompressedClassSpaceSize: 1.00 GB

CodeHeap 'non-profiled nmethods': size=120064Kb used=11176Kb max_used=11575Kb free=108887Kb
 bounds [0x0000016f34cd0000, 0x0000016f35840000, 0x0000016f3c210000]
CodeHeap 'profiled nmethods': size=120000Kb used=36649Kb max_used=38546Kb free=83350Kb
 bounds [0x0000016f2d7a0000, 0x0000016f2fd50000, 0x0000016f34cd0000]
CodeHeap 'non-nmethods': size=5696Kb used=2370Kb max_used=2461Kb free=3325Kb
 bounds [0x0000016f2d210000, 0x0000016f2d480000, 0x0000016f2d7a0000]
 total_blobs=17334 nmethods=16332 adapters=912
 compilation: enabled
              stopped_count=0, restarted_count=0
 full_count=0

Compilation events (20 events):
Event: 2408.081 Thread 0x0000016f46aaa000 17276   !   4       sun.nio.fs.WindowsPath::getPathForWin32Calls (138 bytes)
Event: 2408.082 Thread 0x0000016f46aaa000 nmethod 17276 0x0000016f34d3dc10 code [0x0000016f34d3ddc0, 0x0000016f34d3de98]
Event: 2408.086 Thread 0x0000016f43bb7000 17277       3       sun.nio.fs.WindowsSecurityDescriptor::address (19 bytes)
Event: 2408.086 Thread 0x0000016f43bb7000 nmethod 17277 0x0000016f2d7fe410 code [0x0000016f2d7fe5c0, 0x0000016f2d7fe758]
Event: 2408.092 Thread 0x0000016f43bb7000 17278       3       com.google.common.cache.LocalCache::unset (4 bytes)
Event: 2408.092 Thread 0x0000016f43bb7000 nmethod 17278 0x0000016f2d802b10 code [0x0000016f2d802cc0, 0x0000016f2d802db8]
Event: 2408.195 Thread 0x0000016f46aaa000 17279       4       com.google.common.collect.RegularImmutableMap::fromEntryArray (201 bytes)
Event: 2408.217 Thread 0x0000016f43bb7000 17280       3       com.google.common.collect.ImmutableSet::access$000 (5 bytes)
Event: 2408.217 Thread 0x0000016f43bb7000 nmethod 17280 0x0000016f2d802710 code [0x0000016f2d8028e0, 0x0000016f2d802a48]
Event: 2408.217 Thread 0x0000016f43bb7000 17281       3       com.google.common.collect.ImmutableSet::of (9 bytes)
Event: 2408.218 Thread 0x0000016f43bb7000 nmethod 17281 0x0000016f2d805610 code [0x0000016f2d805800, 0x0000016f2d805cc8]
Event: 2408.218 Thread 0x0000016f43bb7000 17282       3       com.google.common.collect.SingletonImmutableSet::<init> (13 bytes)
Event: 2408.218 Thread 0x0000016f43bb7000 nmethod 17282 0x0000016f2d804e10 code [0x0000016f2d805000, 0x0000016f2d805428]
Event: 2408.220 Thread 0x0000016f43bb7000 17283       3       com.google.common.collect.ObjectArrays::checkElementsNotNull (7 bytes)
Event: 2408.220 Thread 0x0000016f43bb7000 nmethod 17283 0x0000016f2d802390 code [0x0000016f2d802540, 0x0000016f2d802648]
Event: 2408.221 Thread 0x0000016f43bb7000 17285       3       com.google.common.collect.ImmutableSet$RegularSetBuilderImpl::<init> (38 bytes)
Event: 2408.221 Thread 0x0000016f43bb7000 nmethod 17285 0x0000016f2d806410 code [0x0000016f2d806640, 0x0000016f2d806b78]
Event: 2408.221 Thread 0x0000016f43bb7000 17286       3       com.google.common.collect.ImmutableMap$Builder::<init> (23 bytes)
Event: 2408.222 Thread 0x0000016f43bb7000 nmethod 17286 0x0000016f2d80b710 code [0x0000016f2d80b8c0, 0x0000016f2d80bb18]
Event: 2408.236 Thread 0x0000016f46aaa000 nmethod 17279 0x0000016f34d89110 code [0x0000016f34d89340, 0x0000016f34d8a218]

GC Heap History (20 events):
Event: 355.540 GC heap after
{Heap after GC invocations=28 (full 0):
 garbage-first heap   total 194560K, used 95266K [0x0000000080000000, 0x0000000100000000)
  region size 1024K, 2 young (2048K), 2 survivors (2048K)
 Metaspace       used 109095K, capacity 112266K, committed 112580K, reserved 1146880K
  class space    used 14371K, capacity 15581K, committed 15640K, reserved 1048576K
}
Event: 356.991 GC heap before
{Heap before GC invocations=29 (full 0):
 garbage-first heap   total 194560K, used 143394K [0x0000000080000000, 0x0000000100000000)
  region size 1024K, 49 young (50176K), 2 survivors (2048K)
 Metaspace       used 112144K, capacity 115388K, committed 115780K, reserved 1148928K
  class space    used 14704K, capacity 15913K, committed 16024K, reserved 1048576K
}
Event: 357.056 GC heap after
{Heap after GC invocations=30 (full 0):
 garbage-first heap   total 194560K, used 111551K [0x0000000080000000, 0x0000000100000000)
  region size 1024K, 7 young (7168K), 7 survivors (7168K)
 Metaspace       used 112144K, capacity 115388K, committed 115780K, reserved 1148928K
  class space    used 14704K, capacity 15913K, committed 16024K, reserved 1048576K
}
Event: 360.963 GC heap before
{Heap before GC invocations=31 (full 0):
 garbage-first heap   total 194560K, used 164799K [0x0000000080000000, 0x0000000100000000)
  region size 1024K, 45 young (46080K), 7 survivors (7168K)
 Metaspace       used 114889K, capacity 118113K, committed 118340K, reserved 1150976K
  class space    used 14971K, capacity 16190K, committed 16280K, reserved 1048576K
}
Event: 360.987 GC heap after
{Heap after GC invocations=32 (full 0):
 garbage-first heap   total 194560K, used 116253K [0x0000000080000000, 0x0000000100000000)
  region size 1024K, 5 young (5120K), 5 survivors (5120K)
 Metaspace       used 114889K, capacity 118113K, committed 118340K, reserved 1150976K
  class space    used 14971K, capacity 16190K, committed 16280K, reserved 1048576K
}
Event: 362.100 GC heap before
{Heap before GC invocations=32 (full 0):
 garbage-first heap   total 194560K, used 154141K [0x0000000080000000, 0x0000000100000000)
  region size 1024K, 42 young (43008K), 5 survivors (5120K)
 Metaspace       used 115077K, capacity 118305K, committed 118596K, reserved 1150976K
  class space    used 14975K, capacity 16190K, committed 16280K, reserved 1048576K
}
Event: 362.133 GC heap after
{Heap after GC invocations=33 (full 0):
 garbage-first heap   total 194560K, used 120952K [0x0000000080000000, 0x0000000100000000)
  region size 1024K, 5 young (5120K), 5 survivors (5120K)
 Metaspace       used 115077K, capacity 118305K, committed 118596K, reserved 1150976K
  class space    used 14975K, capacity 16190K, committed 16280K, reserved 1048576K
}
Event: 611.338 GC heap before
{Heap before GC invocations=34 (full 0):
 garbage-first heap   total 194560K, used 157816K [0x0000000080000000, 0x0000000100000000)
  region size 1024K, 40 young (40960K), 5 survivors (5120K)
 Metaspace       used 115300K, capacity 118460K, committed 118596K, reserved 1150976K
  class space    used 14987K, capacity 16195K, committed 16280K, reserved 1048576K
}
Event: 611.346 GC heap after
{Heap after GC invocations=35 (full 0):
 garbage-first heap   total 194560K, used 113866K [0x0000000080000000, 0x0000000100000000)
  region size 1024K, 2 young (2048K), 2 survivors (2048K)
 Metaspace       used 115300K, capacity 118460K, committed 118596K, reserved 1150976K
  class space    used 14987K, capacity 16195K, committed 16280K, reserved 1048576K
}
Event: 943.847 GC heap before
{Heap before GC invocations=35 (full 0):
 garbage-first heap   total 194560K, used 121034K [0x0000000080000000, 0x0000000100000000)
  region size 1024K, 9 young (9216K), 2 survivors (2048K)
 Metaspace       used 115367K, capacity 118525K, committed 118852K, reserved 1153024K
  class space    used 14987K, capacity 16195K, committed 16280K, reserved 1048576K
}
Event: 943.869 GC heap after
{Heap after GC invocations=36 (full 0):
 garbage-first heap   total 194560K, used 102070K [0x0000000080000000, 0x0000000100000000)
  region size 1024K, 1 young (1024K), 1 survivors (1024K)
 Metaspace       used 115367K, capacity 118525K, committed 118852K, reserved 1153024K
  class space    used 14987K, capacity 16195K, committed 16280K, reserved 1048576K
}
Event: 2403.388 GC heap before
{Heap before GC invocations=36 (full 0):
 garbage-first heap   total 194560K, used 149174K [0x0000000080000000, 0x0000000100000000)
  region size 1024K, 48 young (49152K), 1 survivors (1024K)
 Metaspace       used 115591K, capacity 118842K, committed 119108K, reserved 1153024K
  class space    used 14994K, capacity 16206K, committed 16280K, reserved 1048576K
}
Event: 2403.402 GC heap after
{Heap after GC invocations=37 (full 0):
 garbage-first heap   total 194560K, used 103673K [0x0000000080000000, 0x0000000100000000)
  region size 1024K, 3 young (3072K), 3 survivors (3072K)
 Metaspace       used 115591K, capacity 118842K, committed 119108K, reserved 1153024K
  class space    used 14994K, capacity 16206K, committed 16280K, reserved 1048576K
}
Event: 2404.549 GC heap before
{Heap before GC invocations=38 (full 0):
 garbage-first heap   total 194560K, used 153849K [0x0000000080000000, 0x0000000100000000)
  region size 1024K, 51 young (52224K), 3 survivors (3072K)
 Metaspace       used 115163K, capacity 118003K, committed 119364K, reserved 1153024K
  class space    used 14831K, capacity 15893K, committed 16280K, reserved 1048576K
}
Event: 2404.574 GC heap after
{Heap after GC invocations=39 (full 0):
 garbage-first heap   total 194560K, used 117755K [0x0000000080000000, 0x0000000100000000)
  region size 1024K, 7 young (7168K), 7 survivors (7168K)
 Metaspace       used 115163K, capacity 118003K, committed 119364K, reserved 1153024K
  class space    used 14831K, capacity 15893K, committed 16280K, reserved 1048576K
}
Event: 2404.625 GC heap before
{Heap before GC invocations=39 (full 0):
 garbage-first heap   total 194560K, used 118779K [0x0000000080000000, 0x0000000100000000)
  region size 1024K, 9 young (9216K), 7 survivors (7168K)
 Metaspace       used 115207K, capacity 118015K, committed 119364K, reserved 1153024K
  class space    used 14832K, capacity 15895K, committed 16280K, reserved 1048576K
}
Event: 2404.660 GC heap after
{Heap after GC invocations=40 (full 0):
 garbage-first heap   total 194560K, used 107182K [0x0000000080000000, 0x0000000100000000)
  region size 1024K, 1 young (1024K), 1 survivors (1024K)
 Metaspace       used 115207K, capacity 118015K, committed 119364K, reserved 1153024K
  class space    used 14832K, capacity 15895K, committed 16280K, reserved 1048576K
}
Event: 2404.820 GC heap before
{Heap before GC invocations=40 (full 0):
 garbage-first heap   total 194560K, used 129710K [0x0000000080000000, 0x0000000100000000)
  region size 1024K, 9 young (9216K), 1 survivors (1024K)
 Metaspace       used 115241K, capacity 118057K, committed 119364K, reserved 1153024K
  class space    used 14835K, capacity 15902K, committed 16280K, reserved 1048576K
}
Event: 2404.840 GC heap after
{Heap after GC invocations=41 (full 0):
 garbage-first heap   total 194560K, used 105984K [0x0000000080000000, 0x0000000100000000)
  region size 1024K, 2 young (2048K), 2 survivors (2048K)
 Metaspace       used 115241K, capacity 118057K, committed 119364K, reserved 1153024K
  class space    used 14835K, capacity 15902K, committed 16280K, reserved 1048576K
}
Event: 2408.236 GC heap before
{Heap before GC invocations=41 (full 0):
 garbage-first heap   total 194560K, used 146944K [0x0000000080000000, 0x0000000100000000)
  region size 1024K, 43 young (44032K), 2 survivors (2048K)
 Metaspace       used 115449K, capacity 118371K, committed 119364K, reserved 1153024K
  class space    used 14859K, capacity 15944K, committed 16280K, reserved 1048576K
}

Deoptimization events (20 events):
Event: 2408.209 Thread 0x0000016f4aeb0800 DEOPT PACKING pc=0x0000016f2d80f19e sp=0x0000000c81efda20
Event: 2408.209 Thread 0x0000016f4aeb0800 DEOPT UNPACKING pc=0x0000016f2d2376ce sp=0x0000000c81efcf28 mode 0
Event: 2408.220 Thread 0x0000016f4aeb0800 DEOPT PACKING pc=0x0000016f2f95b293 sp=0x0000000c81efdcd0
Event: 2408.220 Thread 0x0000016f4aeb0800 DEOPT UNPACKING pc=0x0000016f2d2376ce sp=0x0000000c81efd128 mode 0
Event: 2408.225 Thread 0x0000016f4aeb0800 Uncommon trap: trap_request=0xffffffde fr.pc=0x0000016f356d6014 relative=0x0000000000000414
Event: 2408.225 Thread 0x0000016f4aeb0800 Uncommon trap: reason=class_check action=maybe_recompile pc=0x0000016f356d6014 method=com.google.common.collect.AbstractTable.get(Ljava/lang/Object;Ljava/lang/Object;)Ljava/lang/Object; @ 8 c2
Event: 2408.225 Thread 0x0000016f4aeb0800 DEOPT PACKING pc=0x0000016f356d6014 sp=0x0000000c81efdff0
Event: 2408.225 Thread 0x0000016f4aeb0800 DEOPT UNPACKING pc=0x0000016f2d2378af sp=0x0000000c81efdf28 mode 2
Event: 2408.227 Thread 0x0000016f4aeb0800 DEOPT PACKING pc=0x0000016f2f99ac89 sp=0x0000000c81efdc90
Event: 2408.227 Thread 0x0000016f4aeb0800 DEOPT UNPACKING pc=0x0000016f2d2376ce sp=0x0000000c81efd1a0 mode 0
Event: 2408.231 Thread 0x0000016f4aeb0800 DEOPT PACKING pc=0x0000016f2d80f19e sp=0x0000000c81efd970
Event: 2408.231 Thread 0x0000016f4aeb0800 DEOPT UNPACKING pc=0x0000016f2d2376ce sp=0x0000000c81efce78 mode 0
Event: 2408.231 Thread 0x0000016f4aeb0800 Uncommon trap: trap_request=0xffffffbe fr.pc=0x0000016f356d75b8 relative=0x0000000000000d78
Event: 2408.231 Thread 0x0000016f4aeb0800 Uncommon trap: reason=profile_predicate action=maybe_recompile pc=0x0000016f356d75b8 method=com.google.common.collect.RegularImmutableMap.fromEntryArray(I[Ljava/util/Map$Entry;)Lcom/google/common/collect/ImmutableMap; @ 56 c2
Event: 2408.232 Thread 0x0000016f4aeb0800 DEOPT PACKING pc=0x0000016f356d75b8 sp=0x0000000c81efd9b0
Event: 2408.232 Thread 0x0000016f4aeb0800 DEOPT UNPACKING pc=0x0000016f2d2378af sp=0x0000000c81efd988 mode 2
Event: 2408.232 Thread 0x0000016f4aeb0800 Uncommon trap: trap_request=0xffffffbe fr.pc=0x0000016f356d75b8 relative=0x0000000000000d78
Event: 2408.232 Thread 0x0000016f4aeb0800 Uncommon trap: reason=profile_predicate action=maybe_recompile pc=0x0000016f356d75b8 method=com.google.common.collect.RegularImmutableMap.fromEntryArray(I[Ljava/util/Map$Entry;)Lcom/google/common/collect/ImmutableMap; @ 56 c2
Event: 2408.232 Thread 0x0000016f4aeb0800 DEOPT PACKING pc=0x0000016f356d75b8 sp=0x0000000c81efd9b0
Event: 2408.232 Thread 0x0000016f4aeb0800 DEOPT UNPACKING pc=0x0000016f2d2378af sp=0x0000000c81efd988 mode 2

Classes redefined (0 events):
No events

Internal exceptions (20 events):
Event: 2403.932 Thread 0x0000016f50496800 Exception <a 'java/lang/NoSuchMethodError'{0x000000008b00a140}: <clinit>> (0x000000008b00a140) thrown at [./src/hotspot/share/prims/jni.cpp, line 1362]
Event: 2403.934 Thread 0x0000016f50496800 Exception <a 'java/lang/NoSuchMethodError'{0x000000008b0145e0}: <clinit>> (0x000000008b0145e0) thrown at [./src/hotspot/share/prims/jni.cpp, line 1362]
Event: 2403.937 Thread 0x0000016f50496800 Exception <a 'java/lang/NoSuchMethodError'{0x000000008b024d40}: <clinit>> (0x000000008b024d40) thrown at [./src/hotspot/share/prims/jni.cpp, line 1362]
Event: 2403.937 Thread 0x0000016f50496800 Exception <a 'java/lang/NoSuchMethodError'{0x000000008b026018}: <clinit>> (0x000000008b026018) thrown at [./src/hotspot/share/prims/jni.cpp, line 1362]
Event: 2403.951 Thread 0x0000016f50496800 Exception <a 'java/lang/NoSuchMethodError'{0x000000008b05d578}: <clinit>> (0x000000008b05d578) thrown at [./src/hotspot/share/prims/jni.cpp, line 1362]
Event: 2403.967 Thread 0x0000016f504a2000 Exception <a 'java/lang/NoSuchMethodError'{0x000000008b071cc0}: <clinit>> (0x000000008b071cc0) thrown at [./src/hotspot/share/prims/jni.cpp, line 1362]
Event: 2403.969 Thread 0x0000016f504a2000 Exception <a 'java/lang/NoSuchMethodError'{0x000000008b086e30}: <clinit>> (0x000000008b086e30) thrown at [./src/hotspot/share/prims/jni.cpp, line 1362]
Event: 2403.972 Thread 0x0000016f504a2000 Exception <a 'java/lang/NoSuchMethodError'{0x000000008b0d3f58}: <clinit>> (0x000000008b0d3f58) thrown at [./src/hotspot/share/prims/jni.cpp, line 1362]
Event: 2404.751 Thread 0x0000016f50497800 Implicit null exception at 0x0000016f3566734a to 0x0000016f3566acb0
Event: 2404.816 Thread 0x0000016f50497800 Exception <a 'java/lang/NoSuchMethodError'{0x000000008b5d2120}: <clinit>> (0x000000008b5d2120) thrown at [./src/hotspot/share/prims/jni.cpp, line 1362]
Event: 2404.842 Thread 0x0000016f50497800 Exception <a 'java/lang/NoSuchMethodError'{0x000000008bd05608}: <clinit>> (0x000000008bd05608) thrown at [./src/hotspot/share/prims/jni.cpp, line 1362]
Event: 2404.944 Thread 0x0000016f4aeb2800 Implicit null exception at 0x0000016f350acadf to 0x0000016f350af3a0
Event: 2405.472 Thread 0x0000016f4aeaf000 Exception <a 'java/lang/NoSuchMethodError'{0x000000008ae5c728}: <clinit>> (0x000000008ae5c728) thrown at [./src/hotspot/share/prims/jni.cpp, line 1362]
Event: 2405.473 Thread 0x0000016f4aeaf000 Exception <a 'java/lang/NoSuchMethodError'{0x000000008ae5da60}: <clinit>> (0x000000008ae5da60) thrown at [./src/hotspot/share/prims/jni.cpp, line 1362]
Event: 2405.473 Thread 0x0000016f4aeaf000 Exception <a 'java/lang/NoSuchMethodError'{0x000000008ae601c0}: <clinit>> (0x000000008ae601c0) thrown at [./src/hotspot/share/prims/jni.cpp, line 1362]
Event: 2405.475 Thread 0x0000016f4aeaf000 Exception <a 'java/lang/NoSuchMethodError'{0x000000008ae7ba58}: <clinit>> (0x000000008ae7ba58) thrown at [./src/hotspot/share/prims/jni.cpp, line 1362]
Event: 2405.476 Thread 0x0000016f4aeaf000 Exception <a 'java/lang/NoSuchMethodError'{0x000000008ae7d178}: <clinit>> (0x000000008ae7d178) thrown at [./src/hotspot/share/prims/jni.cpp, line 1362]
Event: 2405.487 Thread 0x0000016f4aeaf000 Exception <a 'java/lang/NoSuchMethodError'{0x000000008aeff028}: <clinit>> (0x000000008aeff028) thrown at [./src/hotspot/share/prims/jni.cpp, line 1362]
Event: 2405.491 Thread 0x0000016f4aeaf000 Exception <a 'java/lang/NoSuchMethodError'{0x000000008ad36b78}: <clinit>> (0x000000008ad36b78) thrown at [./src/hotspot/share/prims/jni.cpp, line 1362]
Event: 2405.493 Thread 0x0000016f4aeaf000 Exception <a 'java/lang/NoSuchMethodError'{0x000000008ad4a110}: <clinit>> (0x000000008ad4a110) thrown at [./src/hotspot/share/prims/jni.cpp, line 1362]

Events (20 events):
Event: 2405.442 Executing VM operation: RevokeBias done
Event: 2405.451 Executing VM operation: RevokeBias
Event: 2405.451 Executing VM operation: RevokeBias done
Event: 2405.455 Executing VM operation: RevokeBias
Event: 2405.455 Executing VM operation: RevokeBias done
Event: 2405.466 Executing VM operation: RevokeBias
Event: 2405.467 Executing VM operation: RevokeBias done
Event: 2405.482 Executing VM operation: RevokeBias
Event: 2405.483 Executing VM operation: RevokeBias done
Event: 2405.483 Executing VM operation: RevokeBias
Event: 2405.483 Executing VM operation: RevokeBias done
Event: 2405.484 Executing VM operation: RevokeBias
Event: 2405.484 Executing VM operation: RevokeBias done
Event: 2405.498 Thread 0x0000016f4aeae000 Thread added: 0x0000016f4aeae000
Event: 2405.518 Thread 0x0000016f4aeba800 Thread added: 0x0000016f4aeba800
Event: 2405.524 Thread 0x0000016f4aeb9000 Thread added: 0x0000016f4aeb9000
Event: 2405.524 Thread 0x0000016f4aeb8000 Thread added: 0x0000016f4aeb8000
Event: 2407.636 Thread 0x0000016f46aaa000 Thread exited: 0x0000016f46aaa000
Event: 2407.660 Thread 0x0000016f46aaa000 Thread added: 0x0000016f46aaa000
Event: 2408.236 Executing VM operation: G1CollectForAllocation


Dynamic libraries:
0x00007ff7745c0000 - 0x00007ff7745ca000 	C:\Program Files\Android\Android Studio\jre\bin\java.exe
0x00007ffbf9c60000 - 0x00007ffbf9e50000 	C:\WINDOWS\SYSTEM32\ntdll.dll
0x00007ffbe4500000 - 0x00007ffbe4515000 	C:\Program Files\Avast Software\Avast\aswhook.dll
0x00007ffbf8f10000 - 0x00007ffbf8fc2000 	C:\WINDOWS\System32\KERNEL32.DLL
0x00007ffbf6db0000 - 0x00007ffbf7055000 	C:\WINDOWS\System32\KERNELBASE.dll
0x00007ffbf7060000 - 0x00007ffbf715a000 	C:\WINDOWS\System32\ucrtbase.dll
0x00007ffbf0190000 - 0x00007ffbf01a7000 	C:\Program Files\Android\Android Studio\jre\bin\VCRUNTIME140.dll
0x00007ffbf1a40000 - 0x00007ffbf1a59000 	C:\Program Files\Android\Android Studio\jre\bin\jli.dll
0x00007ffbf7dc0000 - 0x00007ffbf7f54000 	C:\WINDOWS\System32\USER32.dll
0x00007ffbe5090000 - 0x00007ffbe5314000 	C:\WINDOWS\WinSxS\amd64_microsoft.windows.common-controls_6595b64144ccf1df_6.0.18362.1256_none_9e7e379be45e40e2\COMCTL32.dll
0x00007ffbf6d80000 - 0x00007ffbf6da1000 	C:\WINDOWS\System32\win32u.dll
0x00007ffbf83d0000 - 0x00007ffbf846e000 	C:\WINDOWS\System32\msvcrt.dll
0x00007ffbf8830000 - 0x00007ffbf8856000 	C:\WINDOWS\System32\GDI32.dll
0x00007ffbf84f0000 - 0x00007ffbf8826000 	C:\WINDOWS\System32\combase.dll
0x00007ffbf7a30000 - 0x00007ffbf7bc6000 	C:\WINDOWS\System32\gdi32full.dll
0x00007ffbf8d60000 - 0x00007ffbf8e80000 	C:\WINDOWS\System32\RPCRT4.dll
0x00007ffbf7c70000 - 0x00007ffbf7d0e000 	C:\WINDOWS\System32\msvcp_win.dll
0x00007ffbf78f0000 - 0x00007ffbf7971000 	C:\WINDOWS\System32\bcryptPrimitives.dll
0x00007ffbf8b70000 - 0x00007ffbf8b9e000 	C:\WINDOWS\System32\IMM32.DLL
0x00007ffbdbda0000 - 0x00007ffbdbe3d000 	C:\Program Files\Android\Android Studio\jre\bin\msvcp140.dll
0x00007ffbaad40000 - 0x00007ffbab80f000 	C:\Program Files\Android\Android Studio\jre\bin\server\jvm.dll
0x00007ffbf8a50000 - 0x00007ffbf8af3000 	C:\WINDOWS\System32\ADVAPI32.dll
0x00007ffbf89b0000 - 0x00007ffbf8a47000 	C:\WINDOWS\System32\sechost.dll
0x00007ffbf89a0000 - 0x00007ffbf89a8000 	C:\WINDOWS\System32\PSAPI.DLL
0x00007ffbf5590000 - 0x00007ffbf5599000 	C:\WINDOWS\SYSTEM32\WSOCK32.dll
0x00007ffbf8930000 - 0x00007ffbf899f000 	C:\WINDOWS\System32\WS2_32.dll
0x00007ffbf0710000 - 0x00007ffbf0734000 	C:\WINDOWS\SYSTEM32\WINMM.dll
0x00007ffbeff80000 - 0x00007ffbeff8a000 	C:\WINDOWS\SYSTEM32\VERSION.dll
0x00007ffbf0650000 - 0x00007ffbf067d000 	C:\WINDOWS\SYSTEM32\WINMMBASE.dll
0x00007ffbf7bd0000 - 0x00007ffbf7c1a000 	C:\WINDOWS\System32\cfgmgr32.dll
0x00007ffbf6b10000 - 0x00007ffbf6b21000 	C:\WINDOWS\System32\kernel.appcore.dll
0x00007ffbefb80000 - 0x00007ffbefb91000 	C:\Program Files\Android\Android Studio\jre\bin\verify.dll
0x00007ffbf5360000 - 0x00007ffbf5554000 	C:\WINDOWS\SYSTEM32\DBGHELP.DLL
0x00007ffbe8940000 - 0x00007ffbe896a000 	C:\WINDOWS\SYSTEM32\dbgcore.DLL
0x00007ffbefb50000 - 0x00007ffbefb79000 	C:\Program Files\Android\Android Studio\jre\bin\java.dll
0x00007ffbf1cd0000 - 0x00007ffbf1cdb000 	C:\Program Files\Android\Android Studio\jre\bin\jimage.dll
0x00007ffbefb30000 - 0x00007ffbefb48000 	C:\Program Files\Android\Android Studio\jre\bin\zip.dll
0x00007ffbf93f0000 - 0x00007ffbf9ad7000 	C:\WINDOWS\System32\SHELL32.dll
0x00007ffbf7d10000 - 0x00007ffbf7db9000 	C:\WINDOWS\System32\shcore.dll
0x00007ffbf7160000 - 0x00007ffbf78e1000 	C:\WINDOWS\System32\windows.storage.dll
0x00007ffbf6ba0000 - 0x00007ffbf6bc3000 	C:\WINDOWS\System32\profapi.dll
0x00007ffbf6b50000 - 0x00007ffbf6b9a000 	C:\WINDOWS\System32\powrprof.dll
0x00007ffbf6b00000 - 0x00007ffbf6b10000 	C:\WINDOWS\System32\UMPDC.dll
0x00007ffbf9310000 - 0x00007ffbf9362000 	C:\WINDOWS\System32\shlwapi.dll
0x00007ffbf7c20000 - 0x00007ffbf7c37000 	C:\WINDOWS\System32\cryptsp.dll
0x00007ffbefb10000 - 0x00007ffbefb2a000 	C:\Program Files\Android\Android Studio\jre\bin\net.dll
0x00007ffbe8270000 - 0x00007ffbe8360000 	C:\WINDOWS\SYSTEM32\WINHTTP.dll
0x00007ffbf6300000 - 0x00007ffbf6367000 	C:\WINDOWS\system32\mswsock.dll
0x00007ffbefaf0000 - 0x00007ffbefb04000 	C:\Program Files\Android\Android Studio\jre\bin\nio.dll
0x00007ffbf1ba0000 - 0x00007ffbf1bc7000 	C:\Users\Polina\.gradle\native\8bec1ad78214c89d9ad589b4d07fe93259594b29d510b10fafb7a158f7737e5d\windows-amd64\native-platform.dll
0x00007ffbc02b0000 - 0x00007ffbc03ed000 	C:\Users\Polina\.gradle\native\53dbd7edfb1c66fb8903c78663c9afc45aea4f116125fa6feffd364cf09443e8\windows-amd64\native-platform-file-events.dll
0x00007ffbf1a60000 - 0x00007ffbf1a6a000 	C:\Program Files\Android\Android Studio\jre\bin\management.dll
0x00007ffbf1520000 - 0x00007ffbf152c000 	C:\Program Files\Android\Android Studio\jre\bin\management_ext.dll
0x00007ffbf5e80000 - 0x00007ffbf5eb3000 	C:\WINDOWS\system32\rsaenh.dll
0x00007ffbf7c40000 - 0x00007ffbf7c66000 	C:\WINDOWS\System32\bcrypt.dll
0x00007ffbf69e0000 - 0x00007ffbf6a05000 	C:\WINDOWS\SYSTEM32\USERENV.dll
0x00007ffbf6480000 - 0x00007ffbf648c000 	C:\WINDOWS\SYSTEM32\CRYPTBASE.dll
0x00007ffbf6020000 - 0x00007ffbf605a000 	C:\WINDOWS\SYSTEM32\IPHLPAPI.DLL
0x00007ffbf8d50000 - 0x00007ffbf8d58000 	C:\WINDOWS\System32\NSI.dll
0x00007ffbed4b0000 - 0x00007ffbed4c6000 	C:\WINDOWS\SYSTEM32\dhcpcsvc6.DLL
0x00007ffbed490000 - 0x00007ffbed4ac000 	C:\WINDOWS\SYSTEM32\dhcpcsvc.DLL
0x00007ffbf6060000 - 0x00007ffbf612b000 	C:\WINDOWS\SYSTEM32\DNSAPI.dll
0x00007ffbe41c0000 - 0x00007ffbe41de000 	C:\Users\Polina\AppData\Local\Temp\native-platform1747848215312777735dir\native-platform.dll
0x00007ffbe5b20000 - 0x00007ffbe5b28000 	C:\Program Files\Android\Android Studio\jre\bin\rmi.dll
0x00007ffbefac0000 - 0x00007ffbefae7000 	C:\Program Files\Android\Android Studio\jre\bin\sunec.dll

dbghelp: loaded successfully - version: 4.0.5 - missing functions: none
symbol engine: initialized successfully - sym options: 0x614 - pdb path: .;C:\Program Files\Android\Android Studio\jre\bin;C:\WINDOWS\SYSTEM32;C:\Program Files\Avast Software\Avast;C:\WINDOWS\WinSxS\amd64_microsoft.windows.common-controls_6595b64144ccf1df_6.0.18362.1256_none_9e7e379be45e40e2;C:\Program Files\Android\Android Studio\jre\bin\server;C:\Users\Polina\.gradle\native\8bec1ad78214c89d9ad589b4d07fe93259594b29d510b10fafb7a158f7737e5d\windows-amd64;C:\Users\Polina\.gradle\native\53dbd7edfb1c66fb8903c78663c9afc45aea4f116125fa6feffd364cf09443e8\windows-amd64;C:\Users\Polina\AppData\Local\Temp\native-platform1747848215312777735dir

VM Arguments:
jvm_args: --add-opens=java.base/java.util=ALL-UNNAMED --add-opens=java.base/java.lang=ALL-UNNAMED --add-opens=java.base/java.lang.invoke=ALL-UNNAMED --add-opens=java.base/java.util=ALL-UNNAMED --add-opens=java.prefs/java.util.prefs=ALL-UNNAMED --add-opens=java.prefs/java.util.prefs=ALL-UNNAMED --add-opens=java.base/java.nio.charset=ALL-UNNAMED --add-opens=java.base/java.net=ALL-UNNAMED --add-opens=java.base/java.util.concurrent.atomic=ALL-UNNAMED -Xmx2048m -Dfile.encoding=UTF-8 -Duser.country=RU -Duser.language=ru -Duser.variant 
java_command: org.gradle.launcher.daemon.bootstrap.GradleDaemon 7.0.2
java_class_path (initial): C:\Users\Polina\.gradle\wrapper\dists\gradle-7.0.2-bin\857tjihv64xamwrf0h14cai3r\gradle-7.0.2\lib\gradle-launcher-7.0.2.jar
Launcher Type: SUN_STANDARD

[Global flags]
     intx CICompilerCount                          = 3                                         {product} {ergonomic}
     uint ConcGCThreads                            = 1                                         {product} {ergonomic}
     uint G1ConcRefinementThreads                  = 4                                         {product} {ergonomic}
   size_t G1HeapRegionSize                         = 1048576                                   {product} {ergonomic}
    uintx GCDrainStackTargetSize                   = 64                                        {product} {ergonomic}
   size_t InitialHeapSize                          = 199229440                                 {product} {ergonomic}
   size_t MarkStackSize                            = 4194304                                   {product} {ergonomic}
   size_t MaxHeapSize                              = 2147483648                                {product} {command line}
   size_t MaxNewSize                               = 1287651328                                {product} {ergonomic}
   size_t MinHeapDeltaBytes                        = 1048576                                   {product} {ergonomic}
    uintx NonNMethodCodeHeapSize                   = 5830732                                {pd product} {ergonomic}
    uintx NonProfiledCodeHeapSize                  = 122913754                              {pd product} {ergonomic}
    uintx ProfiledCodeHeapSize                     = 122913754                              {pd product} {ergonomic}
    uintx ReservedCodeCacheSize                    = 251658240                              {pd product} {ergonomic}
     bool SegmentedCodeCache                       = true                                      {product} {ergonomic}
     bool UseCompressedClassPointers               = true                                 {lp64_product} {ergonomic}
     bool UseCompressedOops                        = true                                 {lp64_product} {ergonomic}
     bool UseG1GC                                  = true                                      {product} {ergonomic}
     bool UseLargePagesIndividualAllocation        = false                                  {pd product} {ergonomic}

Logging:
Log output configuration:
 #0: stdout all=warning uptime,level,tags
 #1: stderr all=off uptime,level,tags

Environment Variables:
PATH=C:\Program Files (x86)\Common Files\Oracle\Java\javapath;C:\WINDOWS\system32;C:\WINDOWS;C:\WINDOWS\System32\Wbem;C:\WINDOWS\System32\WindowsPowerShell\v1.0\;C:\WINDOWS\System32\OpenSSH\;C:\cdr\;C:\Users\Polina\AppData\Local\Microsoft\WindowsApps;
USERNAME=Polina
OS=Windows_NT
PROCESSOR_IDENTIFIER=Intel64 Family 6 Model 78 Stepping 3, GenuineIntel



---------------  S Y S T E M  ---------------

OS: Windows 10 , 64 bit Build 18362 (10.0.18362.1110)
OS uptime: 0 days 10:11 hours
Hyper-V role detected

CPU:total 4 (initial active 4) (2 cores per cpu, 2 threads per core) family 6 model 78 stepping 3 microcode 0xcc, cmov, cx8, fxsr, mmx, sse, sse2, sse3, ssse3, sse4.1, sse4.2, popcnt, avx, avx2, aes, clmul, erms, 3dnowpref, lzcnt, ht, tsc, tscinvbit, bmi1, bmi2, adx, fma

Memory: 4k page, system-wide physical 12144M (1603M free)
TotalPageFile size 12144M (AvailPageFile size 5M)
current process WorkingSet (physical memory assigned to process): 456M, peak: 513M
current process commit charge ("private bytes"): 539M, peak: 549M

vm_info: OpenJDK 64-Bit Server VM (11.0.10+0-b96-7249189) for windows-amd64 JRE (11.0.10+0-b96-7249189), built on Mar 31 2021 21:44:00 by "builder" with MS VC++ 14.0 (VS2015)

END.
