#
# There is insufficient memory for the Java Runtime Environment to continue.
# Native memory allocation (malloc) failed to allocate 32744 bytes for ChunkPool::allocate
# Possible reasons:
#   The system is out of physical RAM or swap space
#   The process is running with CompressedOops enabled, and the Java Heap may be blocking the growth of the native heap
# Possible solutions:
#   Reduce memory load on the system
#   Increase physical memory or swap space
#   Check if swap backing store is full
#   Decrease Java heap size (-Xmx/-Xms)
#   Decrease number of Java threads
#   Decrease Java thread stack sizes (-Xss)
#   Set larger code cache with -XX:ReservedCodeCacheSize=
#   JVM is running with Unscaled Compressed Oops mode in which the Java heap is
#     placed in the first 4GB address space. The Java Heap base address is the
#     maximum limit for the native heap growth. Please use -XX:HeapBaseMinAddress
#     to set the Java Heap base and to place the Java Heap above 4GB virtual address.
# This output file may be truncated or incomplete.
#
#  Out of Memory Error (./src/hotspot/share/memory/arena.cpp:81), pid=12848, tid=9548
#
# JRE version: OpenJDK Runtime Environment (11.0.10) (build 11.0.10+0-b96-7249189)
# Java VM: OpenJDK 64-Bit Server VM (11.0.10+0-b96-7249189, mixed mode, tiered, compressed oops, g1 gc, windows-amd64)
# No core dump will be written. Minidumps are not enabled by default on client versions of Windows
#

---------------  S U M M A R Y ------------

Command Line: --add-opens=java.base/java.util=ALL-UNNAMED --add-opens=java.base/java.lang=ALL-UNNAMED --add-opens=java.base/java.lang.invoke=ALL-UNNAMED --add-opens=java.base/java.util=ALL-UNNAMED --add-opens=java.prefs/java.util.prefs=ALL-UNNAMED --add-opens=java.prefs/java.util.prefs=ALL-UNNAMED --add-opens=java.base/java.nio.charset=ALL-UNNAMED --add-opens=java.base/java.net=ALL-UNNAMED --add-opens=java.base/java.util.concurrent.atomic=ALL-UNNAMED -Xmx2048m -Dfile.encoding=UTF-8 -Duser.country=RU -Duser.language=ru -Duser.variant org.gradle.launcher.daemon.bootstrap.GradleDaemon 7.0.2

Host: Intel(R) Core(TM) i5-6200U CPU @ 2.30GHz, 4 cores, 11G,  Windows 10 , 64 bit Build 18362 (10.0.18362.1110)
Time: Mon Oct 18 14:45:10 2021 RTZ 2 (ceia) elapsed time: 4935.581766 seconds (0d 1h 22m 15s)

---------------  T H R E A D  ---------------

Current thread (0x000001f92d976800):  JavaThread "C1 CompilerThread0" daemon [_thread_in_native, id=9548, stack(0x000000549d400000,0x000000549d500000)]


Current CompileTask:
C1:4935581 20264       3       jdk.internal.reflect.MethodAccessorGenerator::generate (762 bytes)

Stack: [0x000000549d400000,0x000000549d500000]
Native frames: (J=compiled Java code, j=interpreted, Vv=VM code, C=native code)
V  [jvm.dll+0x5ecfaa]
V  [jvm.dll+0x722bd5]
V  [jvm.dll+0x72412d]
V  [jvm.dll+0x7247e3]
V  [jvm.dll+0x242928]
V  [jvm.dll+0xbc75b]
V  [jvm.dll+0xbca0c]
V  [jvm.dll+0x165333]
V  [jvm.dll+0x165400]
V  [jvm.dll+0x16765d]
V  [jvm.dll+0x1695c4]
V  [jvm.dll+0x12376c]
V  [jvm.dll+0x123279]
V  [jvm.dll+0x1233e3]
V  [jvm.dll+0x1226f7]
V  [jvm.dll+0x1242c7]
V  [jvm.dll+0x208ee7]
V  [jvm.dll+0x207731]
V  [jvm.dll+0x6eb1cf]
V  [jvm.dll+0x6e3d45]
V  [jvm.dll+0x5ebe96]
C  [ucrtbase.dll+0x210b2]
C  [KERNEL32.DLL+0x17c24]
C  [ntdll.dll+0x6d4d1]


---------------  P R O C E S S  ---------------

Threads class SMR info:
_java_thread_list=0x000001f933d48830, length=56, elements={
0x000001f9134f3000, 0x000001f92d0fb000, 0x000001f92d0fe800, 0x000001f92d91d800,
0x000001f92d91f800, 0x000001f92d920800, 0x000001f92d925000, 0x000001f92d976800,
0x000001f92d977800, 0x000001f92dace800, 0x000001f92f1d3000, 0x000001f92e966000,
0x000001f92e73d000, 0x000001f92fddc000, 0x000001f92fddf800, 0x000001f92fddb800,
0x000001f92fde2000, 0x000001f92fddd000, 0x000001f92f5a9000, 0x000001f92f5ab000,
0x000001f92f5ac800, 0x000001f92f5ad800, 0x000001f92f5b3000, 0x000001f92f5af800,
0x000001f9332cc800, 0x000001f9332d4800, 0x000001f9332d1800, 0x000001f9332d6000,
0x000001f932f23000, 0x000001f932f2a000, 0x000001f92f5b4800, 0x000001f92f5a7000,
0x000001f92f5b4000, 0x000001f92f5b1800, 0x000001f92f5af000, 0x000001f92f5b5800,
0x000001f92f5b0800, 0x000001f92f5b2000, 0x000001f932f25000, 0x000001f932f24000,
0x000001f932f25800, 0x000001f932f2a800, 0x000001f932f27800, 0x000001f932f2c000,
0x000001f932f29000, 0x000001f932f28000, 0x000001f932f2b800, 0x000001f932f26800,
0x000001f932f32000, 0x000001f932f2d000, 0x000001f932f2e000, 0x000001f932f2e800,
0x000001f932f2f800, 0x000001f932f30800, 0x000001f932f31000, 0x000001f92fb8b800
}

Java Threads: ( => current thread )
  0x000001f9134f3000 JavaThread "main" [_thread_blocked, id=3652, stack(0x000000549c700000,0x000000549c800000)]
  0x000001f92d0fb000 JavaThread "Reference Handler" daemon [_thread_blocked, id=6500, stack(0x000000549ce00000,0x000000549cf00000)]
  0x000001f92d0fe800 JavaThread "Finalizer" daemon [_thread_blocked, id=9964, stack(0x000000549cf00000,0x000000549d000000)]
  0x000001f92d91d800 JavaThread "Signal Dispatcher" daemon [_thread_blocked, id=13472, stack(0x000000549d000000,0x000000549d100000)]
  0x000001f92d91f800 JavaThread "Attach Listener" daemon [_thread_blocked, id=7864, stack(0x000000549d100000,0x000000549d200000)]
  0x000001f92d920800 JavaThread "Service Thread" daemon [_thread_blocked, id=11536, stack(0x000000549d200000,0x000000549d300000)]
  0x000001f92d925000 JavaThread "C2 CompilerThread0" daemon [_thread_in_native, id=1844, stack(0x000000549d300000,0x000000549d400000)]
=>0x000001f92d976800 JavaThread "C1 CompilerThread0" daemon [_thread_in_native, id=9548, stack(0x000000549d400000,0x000000549d500000)]
  0x000001f92d977800 JavaThread "Sweeper thread" daemon [_thread_blocked, id=8836, stack(0x000000549d500000,0x000000549d600000)]
  0x000001f92dace800 JavaThread "Common-Cleaner" daemon [_thread_blocked, id=9416, stack(0x000000549d600000,0x000000549d700000)]
  0x000001f92f1d3000 JavaThread "Daemon health stats" [_thread_blocked, id=12632, stack(0x000000549dc00000,0x000000549dd00000)]
  0x000001f92e966000 JavaThread "Incoming local TCP Connector on port 54802" [_thread_in_native, id=11268, stack(0x000000549d800000,0x000000549d900000)]
  0x000001f92e73d000 JavaThread "Daemon periodic checks" [_thread_blocked, id=12808, stack(0x000000549dd00000,0x000000549de00000)]
  0x000001f92fddc000 JavaThread "Cache worker for file hash cache (C:\Users\Polina\.gradle\caches\7.0.2\fileHashes)" [_thread_blocked, id=12844, stack(0x000000549e500000,0x000000549e600000)]
  0x000001f92fddf800 JavaThread "File lock request listener" [_thread_in_native, id=13172, stack(0x000000549e600000,0x000000549e700000)]
  0x000001f92fddb800 JavaThread "Cache worker for journal cache (C:\Users\Polina\.gradle\caches\journal-1)" [_thread_blocked, id=12296, stack(0x000000549e700000,0x000000549e800000)]
  0x000001f92fde2000 JavaThread "File watcher server" daemon [_thread_in_native, id=76, stack(0x000000549ea00000,0x000000549eb00000)]
  0x000001f92fddd000 JavaThread "File watcher consumer" daemon [_thread_blocked, id=3536, stack(0x000000549eb00000,0x000000549ec00000)]
  0x000001f92f5a9000 JavaThread "Cache worker for execution history cache (C:\Users\Polina\.gradle\caches\7.0.2\executionHistory)" [_thread_blocked, id=13568, stack(0x000000549ef00000,0x000000549f000000)]
  0x000001f92f5ab000 JavaThread "jar transforms" [_thread_blocked, id=12548, stack(0x000000549f000000,0x000000549f100000)]
  0x000001f92f5ac800 JavaThread "jar transforms Thread 2" [_thread_blocked, id=8264, stack(0x000000549f100000,0x000000549f200000)]
  0x000001f92f5ad800 JavaThread "Cache worker for file content cache (C:\Users\Polina\.gradle\caches\7.0.2\fileContent)" [_thread_blocked, id=12304, stack(0x000000549f200000,0x000000549f300000)]
  0x000001f92f5b3000 JavaThread "jar transforms Thread 3" [_thread_blocked, id=13948, stack(0x000000549f400000,0x000000549f500000)]
  0x000001f92f5af800 JavaThread "jar transforms Thread 4" [_thread_blocked, id=11572, stack(0x000000549fa00000,0x000000549fb00000)]
  0x000001f9332cc800 JavaThread "Memory manager" [_thread_blocked, id=13504, stack(0x000000549fb00000,0x000000549fc00000)]
  0x000001f9332d4800 JavaThread "RMI Scheduler(0)" daemon [_thread_blocked, id=5340, stack(0x000000549e800000,0x000000549e900000)]
  0x000001f9332d1800 JavaThread "RMI GC Daemon" daemon [_thread_blocked, id=13636, stack(0x00000054a0800000,0x00000054a0900000)]
  0x000001f9332d6000 JavaThread "RMI TCP Accept-0" daemon [_thread_in_native, id=13180, stack(0x00000054a0a00000,0x00000054a0b00000)]
  0x000001f932f23000 JavaThread "RMI Reaper" [_thread_blocked, id=6664, stack(0x00000054a0b00000,0x00000054a0c00000)]
  0x000001f932f2a000 JavaThread "Cache worker for Java compile cache (C:\Users\Polina\.gradle\caches\7.0.2\javaCompile)" [_thread_blocked, id=13728, stack(0x00000054a0f00000,0x00000054a1000000)]
  0x000001f92f5b4800 JavaThread "ForkJoinPool.commonPool-worker-1" daemon [_thread_blocked, id=11104, stack(0x000000549e400000,0x000000549e500000)]
  0x000001f92f5a7000 JavaThread "Daemon Thread 3" [_thread_blocked, id=15192, stack(0x000000549c400000,0x000000549c500000)]
  0x000001f92f5b4000 JavaThread "Handler for socket connection from /127.0.0.1:54802 to /127.0.0.1:57667" [_thread_in_native, id=15428, stack(0x000000549c500000,0x000000549c600000)]
  0x000001f92f5b1800 JavaThread "Cancel handler" [_thread_blocked, id=17332, stack(0x000000549c600000,0x000000549c700000)]
  0x000001f92f5af000 JavaThread "Daemon worker Thread 3" [_thread_blocked, id=4452, stack(0x000000549de00000,0x000000549df00000)]
  0x000001f92f5b5800 JavaThread "Asynchronous log dispatcher for DefaultDaemonConnection: socket connection from /127.0.0.1:54802 to /127.0.0.1:57667" [_thread_blocked, id=9620, stack(0x000000549df00000,0x000000549e000000)]
  0x000001f92f5b0800 JavaThread "Stdin handler" [_thread_blocked, id=16760, stack(0x000000549e000000,0x000000549e100000)]
  0x000001f92f5b2000 JavaThread "Daemon client event forwarder" [_thread_blocked, id=15436, stack(0x000000549e100000,0x000000549e200000)]
  0x000001f932f25000 JavaThread "Cache worker for file hash cache (C:\Users\Polina\AndroidStudioProjects\MyApplication\.gradle\7.0.2\fileHashes)" [_thread_blocked, id=16772, stack(0x000000549e200000,0x000000549e300000)]
  0x000001f932f24000 JavaThread "Cache worker for checksums cache (C:\Users\Polina\AndroidStudioProjects\MyApplication\.gradle\checksums)" [_thread_blocked, id=14664, stack(0x000000549e900000,0x000000549ea00000)]
  0x000001f932f25800 JavaThread "Cache worker for cache directory md-supplier (C:\Users\Polina\.gradle\caches\7.0.2\md-supplier)" [_thread_blocked, id=17380, stack(0x000000549ec00000,0x000000549ed00000)]
  0x000001f932f2a800 JavaThread "Cache worker for cache directory md-rule (C:\Users\Polina\.gradle\caches\7.0.2\md-rule)" [_thread_blocked, id=7136, stack(0x000000549ed00000,0x000000549ee00000)]
  0x000001f932f27800 JavaThread "Cache worker for dependencies-accessors (C:\Users\Polina\AndroidStudioProjects\MyApplication\.gradle\7.0.2\dependencies-accessors)" [_thread_blocked, id=14244, stack(0x000000549ee00000,0x000000549ef00000)]
  0x000001f932f2c000 JavaThread "Cache worker for Build Output Cleanup Cache (C:\Users\Polina\AndroidStudioProjects\MyApplication\.gradle\buildOutputCleanup)" [_thread_blocked, id=16864, stack(0x000000549f300000,0x000000549f400000)]
  0x000001f932f29000 JavaThread "Build operations" [_thread_blocked, id=17224, stack(0x000000549f500000,0x000000549f600000)]
  0x000001f932f28000 JavaThread "Build operations Thread 2" [_thread_blocked, id=17236, stack(0x000000549f600000,0x000000549f700000)]
  0x000001f932f2b800 JavaThread "Build operations Thread 3" [_thread_blocked, id=10556, stack(0x000000549f700000,0x000000549f800000)]
  0x000001f932f26800 JavaThread "Build operations Thread 4" [_thread_blocked, id=9388, stack(0x000000549f800000,0x000000549f900000)]
  0x000001f932f32000 JavaThread "build event listener" [_thread_blocked, id=16400, stack(0x000000549f900000,0x000000549fa00000)]
  0x000001f932f2d000 JavaThread "Execution worker for ':'" [_thread_blocked, id=3056, stack(0x000000549fc00000,0x000000549fd00000)]
  0x000001f932f2e000 JavaThread "Execution worker for ':' Thread 2" [_thread_blocked, id=15344, stack(0x000000549fd00000,0x000000549fe00000)]
  0x000001f932f2e800 JavaThread "Execution worker for ':' Thread 3" [_thread_in_vm, id=16276, stack(0x000000549fe00000,0x000000549ff00000)]
  0x000001f932f2f800 JavaThread "Cache worker for execution history cache (C:\Users\Polina\AndroidStudioProjects\MyApplication\.gradle\7.0.2\executionHistory)" [_thread_blocked, id=14916, stack(0x000000549ff00000,0x00000054a0000000)]
  0x000001f932f30800 JavaThread "RMI RenewClean-[127.0.0.1:17935,org.jetbrains.kotlin.daemon.common.LoopbackNetworkInterface$ClientLoopbackSocketFactory@49e83167]" daemon [_thread_blocked, id=16500, stack(0x00000054a0000000,0x00000054a0100000)]
  0x000001f932f31000 JavaThread "RMI TCP Connection(31)-127.0.0.1" daemon [_thread_in_native, id=5760, stack(0x00000054a0100000,0x00000054a0200000)]
  0x000001f92fb8b800 JavaThread "C2 CompilerThread1" daemon [_thread_in_native, id=15868, stack(0x000000549e300000,0x000000549e400000)]

Other Threads:
  0x000001f92d0f7800 VMThread "VM Thread" [stack: 0x000000549cd00000,0x000000549ce00000] [id=11116]
  0x000001f92daff800 WatcherThread [stack: 0x000000549d700000,0x000000549d800000] [id=5012]
  0x000001f91350b800 GCTaskThread "GC Thread#0" [stack: 0x000000549c800000,0x000000549c900000] [id=6444]
  0x000001f92e87a800 GCTaskThread "GC Thread#1" [stack: 0x000000549d900000,0x000000549da00000] [id=6668]
  0x000001f92df16800 GCTaskThread "GC Thread#2" [stack: 0x000000549da00000,0x000000549db00000] [id=14072]
  0x000001f92e097800 GCTaskThread "GC Thread#3" [stack: 0x000000549db00000,0x000000549dc00000] [id=8352]
  0x000001f91353e000 ConcurrentGCThread "G1 Main Marker" [stack: 0x000000549c900000,0x000000549ca00000] [id=3700]
  0x000001f91353f800 ConcurrentGCThread "G1 Conc#0" [stack: 0x000000549ca00000,0x000000549cb00000] [id=13616]
  0x000001f9135be800 ConcurrentGCThread "G1 Refine#0" [stack: 0x000000549cb00000,0x000000549cc00000] [id=3640]
  0x000001f92cf4a800 ConcurrentGCThread "G1 Young RemSet Sampling" [stack: 0x000000549cc00000,0x000000549cd00000] [id=13608]

Threads with active compile tasks:
C2 CompilerThread04935621 20217       4       org.gradle.api.internal.artifacts.transform.DefaultTransformedVariantFactory::locateOrCreate (150 bytes)
C1 CompilerThread04935621 20264       3       jdk.internal.reflect.MethodAccessorGenerator::generate (762 bytes)
C2 CompilerThread14935621 20223   !   4       com.google.common.cache.LocalCache$Segment::lockedGetOrLoad (447 bytes)

VM state:not at safepoint (normal execution)

VM Mutex/Monitor currently owned by a thread: None

Heap address: 0x0000000080000000, size: 2048 MB, Compressed Oops mode: 32-bit
Narrow klass base: 0x0000000000000000, Narrow klass shift: 3
Compressed class space size: 1073741824 Address: 0x0000000100000000

Heap:
 garbage-first heap   total 194560K, used 146120K [0x0000000080000000, 0x0000000100000000)
  region size 1024K, 55 young (56320K), 2 survivors (2048K)
 Metaspace       used 126334K, capacity 129339K, committed 130252K, reserved 1163264K
  class space    used 15958K, capacity 17094K, committed 17356K, reserved 1048576K
Heap Regions: E=young(eden), S=young(survivor), O=old, HS=humongous(starts), HC=humongous(continues), CS=collection set, F=free, A=archive, TAMS=top-at-mark-start (previous, next)
|   0|0x0000000080000000, 0x0000000080100000, 0x0000000080100000|100%| O|  |TAMS 0x0000000080100000, 0x0000000080000000| Untracked 
|   1|0x0000000080100000, 0x0000000080200000, 0x0000000080200000|100%| O|  |TAMS 0x0000000080200000, 0x0000000080100000| Untracked 
|   2|0x0000000080200000, 0x0000000080300000, 0x0000000080300000|100%| O|  |TAMS 0x0000000080300000, 0x0000000080200000| Untracked 
|   3|0x0000000080300000, 0x0000000080400000, 0x0000000080400000|100%|HS|  |TAMS 0x0000000080400000, 0x0000000080300000| Complete 
|   4|0x0000000080400000, 0x0000000080500000, 0x0000000080500000|100%|HC|  |TAMS 0x0000000080500000, 0x0000000080400000| Complete 
|   5|0x0000000080500000, 0x0000000080600000, 0x0000000080600000|100%|HC|  |TAMS 0x0000000080600000, 0x0000000080500000| Complete 
|   6|0x0000000080600000, 0x0000000080700000, 0x0000000080700000|100%| O|  |TAMS 0x0000000080700000, 0x0000000080600000| Untracked 
|   7|0x0000000080700000, 0x0000000080800000, 0x0000000080800000|100%| O|  |TAMS 0x0000000080800000, 0x0000000080700000| Untracked 
|   8|0x0000000080800000, 0x0000000080900000, 0x0000000080900000|100%| O|  |TAMS 0x0000000080900000, 0x0000000080800000| Untracked 
|   9|0x0000000080900000, 0x0000000080a00000, 0x0000000080a00000|100%| O|  |TAMS 0x0000000080a00000, 0x0000000080900000| Untracked 
|  10|0x0000000080a00000, 0x0000000080b00000, 0x0000000080b00000|100%| O|  |TAMS 0x0000000080b00000, 0x0000000080a00000| Untracked 
|  11|0x0000000080b00000, 0x0000000080c00000, 0x0000000080c00000|100%| O|  |TAMS 0x0000000080c00000, 0x0000000080b00000| Untracked 
|  12|0x0000000080c00000, 0x0000000080d00000, 0x0000000080d00000|100%| O|  |TAMS 0x0000000080d00000, 0x0000000080c00000| Untracked 
|  13|0x0000000080d00000, 0x0000000080e00000, 0x0000000080e00000|100%| O|  |TAMS 0x0000000080e00000, 0x0000000080d00000| Untracked 
|  14|0x0000000080e00000, 0x0000000080f00000, 0x0000000080f00000|100%| O|  |TAMS 0x0000000080f00000, 0x0000000080e00000| Untracked 
|  15|0x0000000080f00000, 0x0000000081000000, 0x0000000081000000|100%|HS|  |TAMS 0x0000000081000000, 0x0000000080f00000| Complete 
|  16|0x0000000081000000, 0x0000000081100000, 0x0000000081100000|100%|HS|  |TAMS 0x0000000081100000, 0x0000000081000000| Complete 
|  17|0x0000000081100000, 0x0000000081200000, 0x0000000081200000|100%|HS|  |TAMS 0x0000000081200000, 0x0000000081100000| Complete 
|  18|0x0000000081200000, 0x0000000081300000, 0x0000000081300000|100%|HS|  |TAMS 0x0000000081300000, 0x0000000081200000| Complete 
|  19|0x0000000081300000, 0x0000000081400000, 0x0000000081400000|100%|HC|  |TAMS 0x0000000081400000, 0x0000000081300000| Complete 
|  20|0x0000000081400000, 0x0000000081500000, 0x0000000081500000|100%|HC|  |TAMS 0x0000000081500000, 0x0000000081400000| Complete 
|  21|0x0000000081500000, 0x0000000081600000, 0x0000000081600000|100%|HS|  |TAMS 0x0000000081600000, 0x0000000081500000| Complete 
|  22|0x0000000081600000, 0x0000000081700000, 0x0000000081700000|100%|HC|  |TAMS 0x0000000081700000, 0x0000000081600000| Complete 
|  23|0x0000000081700000, 0x0000000081800000, 0x0000000081800000|100%| O|  |TAMS 0x0000000081800000, 0x0000000081700000| Untracked 
|  24|0x0000000081800000, 0x0000000081900000, 0x0000000081900000|100%| O|  |TAMS 0x0000000081900000, 0x0000000081800000| Untracked 
|  25|0x0000000081900000, 0x0000000081a00000, 0x0000000081a00000|100%| O|  |TAMS 0x0000000081a00000, 0x0000000081900000| Untracked 
|  26|0x0000000081a00000, 0x0000000081b00000, 0x0000000081b00000|100%| O|  |TAMS 0x0000000081b00000, 0x0000000081a00000| Untracked 
|  27|0x0000000081b00000, 0x0000000081c00000, 0x0000000081c00000|100%| O|  |TAMS 0x0000000081c00000, 0x0000000081b00000| Untracked 
|  28|0x0000000081c00000, 0x0000000081d00000, 0x0000000081d00000|100%| O|  |TAMS 0x0000000081d00000, 0x0000000081c00000| Untracked 
|  29|0x0000000081d00000, 0x0000000081dffff8, 0x0000000081e00000| 99%| O|  |TAMS 0x0000000081dffff8, 0x0000000081d00000| Untracked 
|  30|0x0000000081e00000, 0x0000000081f00000, 0x0000000081f00000|100%| O|  |TAMS 0x0000000081f00000, 0x0000000081e00000| Untracked 
|  31|0x0000000081f00000, 0x0000000082000000, 0x0000000082000000|100%| O|  |TAMS 0x0000000082000000, 0x0000000081f00000| Untracked 
|  32|0x0000000082000000, 0x0000000082100000, 0x0000000082100000|100%| O|  |TAMS 0x0000000082100000, 0x0000000082000000| Untracked 
|  33|0x0000000082100000, 0x0000000082200000, 0x0000000082200000|100%| O|  |TAMS 0x0000000082200000, 0x0000000082100000| Untracked 
|  34|0x0000000082200000, 0x0000000082300000, 0x0000000082300000|100%| O|  |TAMS 0x0000000082300000, 0x0000000082200000| Untracked 
|  35|0x0000000082300000, 0x0000000082400000, 0x0000000082400000|100%| O|  |TAMS 0x0000000082400000, 0x0000000082300000| Untracked 
|  36|0x0000000082400000, 0x0000000082500000, 0x0000000082500000|100%| O|  |TAMS 0x0000000082500000, 0x0000000082400000| Untracked 
|  37|0x0000000082500000, 0x0000000082600000, 0x0000000082600000|100%| O|  |TAMS 0x0000000082600000, 0x0000000082500000| Untracked 
|  38|0x0000000082600000, 0x0000000082700000, 0x0000000082700000|100%| O|  |TAMS 0x0000000082600000, 0x0000000082600000| Untracked 
|  39|0x0000000082700000, 0x0000000082800000, 0x0000000082800000|100%| O|  |TAMS 0x0000000082800000, 0x0000000082700000| Untracked 
|  40|0x0000000082800000, 0x0000000082900000, 0x0000000082900000|100%| O|  |TAMS 0x0000000082900000, 0x0000000082800000| Untracked 
|  41|0x0000000082900000, 0x0000000082a00000, 0x0000000082a00000|100%| O|  |TAMS 0x0000000082a00000, 0x0000000082900000| Untracked 
|  42|0x0000000082a00000, 0x0000000082b00000, 0x0000000082b00000|100%| O|  |TAMS 0x0000000082a00000, 0x0000000082a00000| Untracked 
|  43|0x0000000082b00000, 0x0000000082b00000, 0x0000000082c00000|  0%| F|  |TAMS 0x0000000082b00000, 0x0000000082b00000| Untracked 
|  44|0x0000000082c00000, 0x0000000082d00000, 0x0000000082d00000|100%| O|  |TAMS 0x0000000082d00000, 0x0000000082c00000| Untracked 
|  45|0x0000000082d00000, 0x0000000082e00000, 0x0000000082e00000|100%| O|  |TAMS 0x0000000082d00000, 0x0000000082d00000| Untracked 
|  46|0x0000000082e00000, 0x0000000082e00000, 0x0000000082f00000|  0%| F|  |TAMS 0x0000000082e00000, 0x0000000082e00000| Untracked 
|  47|0x0000000082f00000, 0x0000000083000000, 0x0000000083000000|100%| O|  |TAMS 0x0000000083000000, 0x0000000082f00000| Untracked 
|  48|0x0000000083000000, 0x0000000083100000, 0x0000000083100000|100%| O|  |TAMS 0x0000000083100000, 0x0000000083000000| Untracked 
|  49|0x0000000083100000, 0x00000000831b2200, 0x0000000083200000| 69%| O|  |TAMS 0x0000000083100000, 0x0000000083100000| Untracked 
|  50|0x0000000083200000, 0x0000000083300000, 0x0000000083300000|100%| O|  |TAMS 0x0000000083300000, 0x0000000083200000| Untracked 
|  51|0x0000000083300000, 0x0000000083400000, 0x0000000083400000|100%| O|  |TAMS 0x0000000083400000, 0x0000000083300000| Untracked 
|  52|0x0000000083400000, 0x0000000083400000, 0x0000000083500000|  0%| F|  |TAMS 0x0000000083400000, 0x0000000083400000| Untracked 
|  53|0x0000000083500000, 0x0000000083500000, 0x0000000083600000|  0%| F|  |TAMS 0x0000000083500000, 0x0000000083500000| Untracked 
|  54|0x0000000083600000, 0x0000000083700000, 0x0000000083700000|100%| O|  |TAMS 0x0000000083700000, 0x0000000083600000| Untracked 
|  55|0x0000000083700000, 0x0000000083700000, 0x0000000083800000|  0%| F|  |TAMS 0x0000000083700000, 0x0000000083700000| Untracked 
|  56|0x0000000083800000, 0x0000000083800000, 0x0000000083900000|  0%| F|  |TAMS 0x0000000083800000, 0x0000000083800000| Untracked 
|  57|0x0000000083900000, 0x0000000083a00000, 0x0000000083a00000|100%| O|  |TAMS 0x0000000083a00000, 0x0000000083900000| Untracked 
|  58|0x0000000083a00000, 0x0000000083b00000, 0x0000000083b00000|100%| O|  |TAMS 0x0000000083b00000, 0x0000000083a00000| Untracked 
|  59|0x0000000083b00000, 0x0000000083c00000, 0x0000000083c00000|100%| O|  |TAMS 0x0000000083b00000, 0x0000000083b00000| Untracked 
|  60|0x0000000083c00000, 0x0000000083d00000, 0x0000000083d00000|100%| O|  |TAMS 0x0000000083d00000, 0x0000000083c00000| Untracked 
|  61|0x0000000083d00000, 0x0000000083e00000, 0x0000000083e00000|100%| O|  |TAMS 0x0000000083e00000, 0x0000000083d00000| Untracked 
|  62|0x0000000083e00000, 0x0000000083e00000, 0x0000000083f00000|  0%| F|  |TAMS 0x0000000083e00000, 0x0000000083e00000| Untracked 
|  63|0x0000000083f00000, 0x0000000084000000, 0x0000000084000000|100%| O|  |TAMS 0x0000000084000000, 0x0000000083f00000| Untracked 
|  64|0x0000000084000000, 0x0000000084100000, 0x0000000084100000|100%| O|  |TAMS 0x0000000084000000, 0x0000000084000000| Untracked 
|  65|0x0000000084100000, 0x0000000084200000, 0x0000000084200000|100%| O|  |TAMS 0x0000000084200000, 0x0000000084100000| Untracked 
|  66|0x0000000084200000, 0x0000000084200000, 0x0000000084300000|  0%| F|  |TAMS 0x0000000084200000, 0x0000000084200000| Untracked 
|  67|0x0000000084300000, 0x0000000084400000, 0x0000000084400000|100%| O|  |TAMS 0x0000000084400000, 0x0000000084300000| Untracked 
|  68|0x0000000084400000, 0x0000000084500000, 0x0000000084500000|100%| O|  |TAMS 0x0000000084500000, 0x0000000084400000| Untracked 
|  69|0x0000000084500000, 0x0000000084600000, 0x0000000084600000|100%| O|  |TAMS 0x0000000084600000, 0x0000000084500000| Untracked 
|  70|0x0000000084600000, 0x0000000084700000, 0x0000000084700000|100%| O|  |TAMS 0x0000000084700000, 0x0000000084600000| Untracked 
|  71|0x0000000084700000, 0x0000000084800000, 0x0000000084800000|100%| O|  |TAMS 0x0000000084800000, 0x0000000084700000| Untracked 
|  72|0x0000000084800000, 0x0000000084900000, 0x0000000084900000|100%| O|  |TAMS 0x0000000084900000, 0x0000000084800000| Untracked 
|  73|0x0000000084900000, 0x0000000084900000, 0x0000000084a00000|  0%| F|  |TAMS 0x0000000084900000, 0x0000000084900000| Untracked 
|  74|0x0000000084a00000, 0x0000000084a00000, 0x0000000084b00000|  0%| F|  |TAMS 0x0000000084a00000, 0x0000000084a00000| Untracked 
|  75|0x0000000084b00000, 0x0000000084c00000, 0x0000000084c00000|100%| O|  |TAMS 0x0000000084b00000, 0x0000000084b00000| Untracked 
|  76|0x0000000084c00000, 0x0000000084d00000, 0x0000000084d00000|100%| O|  |TAMS 0x0000000084c00000, 0x0000000084c00000| Untracked 
|  77|0x0000000084d00000, 0x0000000084d00000, 0x0000000084e00000|  0%| F|  |TAMS 0x0000000084d00000, 0x0000000084d00000| Untracked 
|  78|0x0000000084e00000, 0x0000000084e00000, 0x0000000084f00000|  0%| F|  |TAMS 0x0000000084e00000, 0x0000000084e00000| Untracked 
|  79|0x0000000084f00000, 0x0000000084f00000, 0x0000000085000000|  0%| F|  |TAMS 0x0000000084f00000, 0x0000000084f00000| Untracked 
|  80|0x0000000085000000, 0x0000000085000000, 0x0000000085100000|  0%| F|  |TAMS 0x0000000085000000, 0x0000000085000000| Untracked 
|  81|0x0000000085100000, 0x0000000085200000, 0x0000000085200000|100%| O|  |TAMS 0x0000000085100000, 0x0000000085100000| Untracked 
|  82|0x0000000085200000, 0x0000000085300000, 0x0000000085300000|100%| O|  |TAMS 0x0000000085200000, 0x0000000085200000| Untracked 
|  83|0x0000000085300000, 0x0000000085400000, 0x0000000085400000|100%| O|  |TAMS 0x0000000085400000, 0x0000000085300000| Untracked 
|  84|0x0000000085400000, 0x0000000085400000, 0x0000000085500000|  0%| F|  |TAMS 0x0000000085400000, 0x0000000085400000| Untracked 
|  85|0x0000000085500000, 0x0000000085500000, 0x0000000085600000|  0%| F|  |TAMS 0x0000000085500000, 0x0000000085500000| Untracked 
|  86|0x0000000085600000, 0x0000000085600000, 0x0000000085700000|  0%| F|  |TAMS 0x0000000085600000, 0x0000000085600000| Untracked 
|  87|0x0000000085700000, 0x0000000085700000, 0x0000000085800000|  0%| F|  |TAMS 0x0000000085700000, 0x0000000085700000| Untracked 
|  88|0x0000000085800000, 0x0000000085900000, 0x0000000085900000|100%| O|  |TAMS 0x0000000085800000, 0x0000000085800000| Untracked 
|  89|0x0000000085900000, 0x0000000085900000, 0x0000000085a00000|  0%| F|  |TAMS 0x0000000085900000, 0x0000000085900000| Untracked 
|  90|0x0000000085a00000, 0x0000000085a00000, 0x0000000085b00000|  0%| F|  |TAMS 0x0000000085a00000, 0x0000000085a00000| Untracked 
|  91|0x0000000085b00000, 0x0000000085c00000, 0x0000000085c00000|100%| O|  |TAMS 0x0000000085c00000, 0x0000000085b00000| Untracked 
|  92|0x0000000085c00000, 0x0000000085d00000, 0x0000000085d00000|100%| O|  |TAMS 0x0000000085d00000, 0x0000000085c00000| Untracked 
|  93|0x0000000085d00000, 0x0000000085e00000, 0x0000000085e00000|100%| O|  |TAMS 0x0000000085e00000, 0x0000000085d00000| Untracked 
|  94|0x0000000085e00000, 0x0000000085e00000, 0x0000000085f00000|  0%| F|  |TAMS 0x0000000085e00000, 0x0000000085e00000| Untracked 
|  95|0x0000000085f00000, 0x0000000086000000, 0x0000000086000000|100%| O|  |TAMS 0x0000000086000000, 0x0000000085f00000| Untracked 
|  96|0x0000000086000000, 0x0000000086100000, 0x0000000086100000|100%| O|  |TAMS 0x0000000086000000, 0x0000000086000000| Untracked 
|  97|0x0000000086100000, 0x0000000086200000, 0x0000000086200000|100%| O|  |TAMS 0x0000000086200000, 0x0000000086100000| Untracked 
|  98|0x0000000086200000, 0x0000000086300000, 0x0000000086300000|100%| O|  |TAMS 0x0000000086300000, 0x0000000086200000| Untracked 
|  99|0x0000000086300000, 0x0000000086400000, 0x0000000086400000|100%| O|  |TAMS 0x0000000086400000, 0x0000000086300000| Untracked 
| 100|0x0000000086400000, 0x0000000086500000, 0x0000000086500000|100%| O|  |TAMS 0x0000000086500000, 0x0000000086400000| Untracked 
| 101|0x0000000086500000, 0x0000000086600000, 0x0000000086600000|100%| O|  |TAMS 0x0000000086500000, 0x0000000086500000| Untracked 
| 102|0x0000000086600000, 0x0000000086700000, 0x0000000086700000|100%| O|  |TAMS 0x0000000086700000, 0x0000000086600000| Untracked 
| 103|0x0000000086700000, 0x0000000086800000, 0x0000000086800000|100%| O|  |TAMS 0x0000000086800000, 0x0000000086700000| Untracked 
| 104|0x0000000086800000, 0x0000000086900000, 0x0000000086900000|100%| O|  |TAMS 0x0000000086800000, 0x0000000086800000| Untracked 
| 105|0x0000000086900000, 0x0000000086900000, 0x0000000086a00000|  0%| F|  |TAMS 0x0000000086900000, 0x0000000086900000| Untracked 
| 106|0x0000000086a00000, 0x0000000086a00000, 0x0000000086b00000|  0%| F|  |TAMS 0x0000000086a00000, 0x0000000086a00000| Untracked 
| 107|0x0000000086b00000, 0x0000000086b00000, 0x0000000086c00000|  0%| F|  |TAMS 0x0000000086b00000, 0x0000000086b00000| Untracked 
| 108|0x0000000086c00000, 0x0000000086d00000, 0x0000000086d00000|100%| O|  |TAMS 0x0000000086d00000, 0x0000000086c00000| Untracked 
| 109|0x0000000086d00000, 0x0000000086d00000, 0x0000000086e00000|  0%| F|  |TAMS 0x0000000086d00000, 0x0000000086d00000| Untracked 
| 110|0x0000000086e00000, 0x0000000086e00000, 0x0000000086f00000|  0%| F|  |TAMS 0x0000000086e00000, 0x0000000086e00000| Untracked 
| 111|0x0000000086f00000, 0x0000000086f00000, 0x0000000087000000|  0%| F|  |TAMS 0x0000000086f00000, 0x0000000086f00000| Untracked 
| 112|0x0000000087000000, 0x0000000087000000, 0x0000000087100000|  0%| F|  |TAMS 0x0000000087000000, 0x0000000087000000| Untracked 
| 113|0x0000000087100000, 0x0000000087100000, 0x0000000087200000|  0%| F|  |TAMS 0x0000000087100000, 0x0000000087100000| Untracked 
| 114|0x0000000087200000, 0x0000000087200000, 0x0000000087300000|  0%| F|  |TAMS 0x0000000087200000, 0x0000000087200000| Untracked 
| 115|0x0000000087300000, 0x0000000087300000, 0x0000000087400000|  0%| F|  |TAMS 0x0000000087300000, 0x0000000087300000| Untracked 
| 116|0x0000000087400000, 0x0000000087400000, 0x0000000087500000|  0%| F|  |TAMS 0x0000000087400000, 0x0000000087400000| Untracked 
| 117|0x0000000087500000, 0x0000000087500000, 0x0000000087600000|  0%| F|  |TAMS 0x0000000087500000, 0x0000000087500000| Untracked 
| 118|0x0000000087600000, 0x0000000087600000, 0x0000000087700000|  0%| F|  |TAMS 0x0000000087600000, 0x0000000087600000| Untracked 
| 119|0x0000000087700000, 0x0000000087700000, 0x0000000087800000|  0%| F|  |TAMS 0x0000000087700000, 0x0000000087700000| Untracked 
| 120|0x0000000087800000, 0x0000000087800000, 0x0000000087900000|  0%| F|  |TAMS 0x0000000087800000, 0x0000000087800000| Untracked 
| 121|0x0000000087900000, 0x0000000087a00000, 0x0000000087a00000|100%| O|  |TAMS 0x0000000087a00000, 0x0000000087900000| Untracked 
| 122|0x0000000087a00000, 0x0000000087b00000, 0x0000000087b00000|100%| O|  |TAMS 0x0000000087b00000, 0x0000000087a00000| Untracked 
| 123|0x0000000087b00000, 0x0000000087c00000, 0x0000000087c00000|100%| O|  |TAMS 0x0000000087c00000, 0x0000000087b00000| Untracked 
| 124|0x0000000087c00000, 0x0000000087d00000, 0x0000000087d00000|100%| O|  |TAMS 0x0000000087c82c00, 0x0000000087c00000| Untracked 
| 125|0x0000000087d00000, 0x0000000087d00000, 0x0000000087e00000|  0%| F|  |TAMS 0x0000000087d00000, 0x0000000087d00000| Untracked 
| 126|0x0000000087e00000, 0x0000000087e00000, 0x0000000087f00000|  0%| F|  |TAMS 0x0000000087e00000, 0x0000000087e00000| Untracked 
| 127|0x0000000087f00000, 0x0000000087f00000, 0x0000000088000000|  0%| F|  |TAMS 0x0000000087f00000, 0x0000000087f00000| Untracked 
| 128|0x0000000088000000, 0x0000000088000000, 0x0000000088100000|  0%| F|  |TAMS 0x0000000088000000, 0x0000000088000000| Untracked 
| 129|0x0000000088100000, 0x0000000088100000, 0x0000000088200000|  0%| F|  |TAMS 0x0000000088100000, 0x0000000088100000| Untracked 
| 130|0x0000000088200000, 0x0000000088200000, 0x0000000088300000|  0%| F|  |TAMS 0x0000000088200000, 0x0000000088200000| Untracked 
| 131|0x0000000088300000, 0x0000000088300000, 0x0000000088400000|  0%| F|  |TAMS 0x0000000088300000, 0x0000000088300000| Untracked 
| 132|0x0000000088400000, 0x0000000088400000, 0x0000000088500000|  0%| F|  |TAMS 0x0000000088400000, 0x0000000088400000| Untracked 
| 133|0x0000000088500000, 0x0000000088500000, 0x0000000088600000|  0%| F|  |TAMS 0x0000000088500000, 0x0000000088500000| Untracked 
| 134|0x0000000088600000, 0x0000000088600000, 0x0000000088700000|  0%| F|  |TAMS 0x0000000088600000, 0x0000000088600000| Untracked 
| 135|0x0000000088700000, 0x00000000887de778, 0x0000000088800000| 86%| E|  |TAMS 0x0000000088700000, 0x0000000088700000| Complete 
| 136|0x0000000088800000, 0x0000000088900000, 0x0000000088900000|100%| E|CS|TAMS 0x0000000088800000, 0x0000000088800000| Complete 
| 137|0x0000000088900000, 0x0000000088a00000, 0x0000000088a00000|100%| E|CS|TAMS 0x0000000088900000, 0x0000000088900000| Complete 
| 138|0x0000000088a00000, 0x0000000088b00000, 0x0000000088b00000|100%| E|CS|TAMS 0x0000000088a00000, 0x0000000088a00000| Complete 
| 139|0x0000000088b00000, 0x0000000088c00000, 0x0000000088c00000|100%| E|CS|TAMS 0x0000000088b00000, 0x0000000088b00000| Complete 
| 140|0x0000000088c00000, 0x0000000088d00000, 0x0000000088d00000|100%| E|CS|TAMS 0x0000000088c00000, 0x0000000088c00000| Complete 
| 141|0x0000000088d00000, 0x0000000088e00000, 0x0000000088e00000|100%| E|CS|TAMS 0x0000000088d00000, 0x0000000088d00000| Complete 
| 142|0x0000000088e00000, 0x0000000088f00000, 0x0000000088f00000|100%| E|CS|TAMS 0x0000000088e00000, 0x0000000088e00000| Complete 
| 143|0x0000000088f00000, 0x0000000089000000, 0x0000000089000000|100%| E|CS|TAMS 0x0000000088f00000, 0x0000000088f00000| Complete 
| 144|0x0000000089000000, 0x0000000089100000, 0x0000000089100000|100%| E|CS|TAMS 0x0000000089000000, 0x0000000089000000| Complete 
| 145|0x0000000089100000, 0x0000000089200000, 0x0000000089200000|100%| E|CS|TAMS 0x0000000089100000, 0x0000000089100000| Complete 
| 146|0x0000000089200000, 0x0000000089300000, 0x0000000089300000|100%| E|CS|TAMS 0x0000000089200000, 0x0000000089200000| Complete 
| 147|0x0000000089300000, 0x0000000089400000, 0x0000000089400000|100%| E|CS|TAMS 0x0000000089300000, 0x0000000089300000| Complete 
| 148|0x0000000089400000, 0x0000000089500000, 0x0000000089500000|100%| E|CS|TAMS 0x0000000089400000, 0x0000000089400000| Complete 
| 149|0x0000000089500000, 0x0000000089600000, 0x0000000089600000|100%| E|CS|TAMS 0x0000000089500000, 0x0000000089500000| Complete 
| 150|0x0000000089600000, 0x0000000089700000, 0x0000000089700000|100%| E|CS|TAMS 0x0000000089600000, 0x0000000089600000| Complete 
| 151|0x0000000089700000, 0x0000000089800000, 0x0000000089800000|100%| E|CS|TAMS 0x0000000089700000, 0x0000000089700000| Complete 
| 152|0x0000000089800000, 0x0000000089900000, 0x0000000089900000|100%| E|CS|TAMS 0x0000000089800000, 0x0000000089800000| Complete 
| 153|0x0000000089900000, 0x0000000089a00000, 0x0000000089a00000|100%| E|CS|TAMS 0x0000000089900000, 0x0000000089900000| Complete 
| 154|0x0000000089a00000, 0x0000000089b00000, 0x0000000089b00000|100%| E|CS|TAMS 0x0000000089a00000, 0x0000000089a00000| Complete 
| 155|0x0000000089b00000, 0x0000000089c00000, 0x0000000089c00000|100%| E|CS|TAMS 0x0000000089b00000, 0x0000000089b00000| Complete 
| 156|0x0000000089c00000, 0x0000000089d00000, 0x0000000089d00000|100%| E|CS|TAMS 0x0000000089c00000, 0x0000000089c00000| Complete 
| 157|0x0000000089d00000, 0x0000000089e00000, 0x0000000089e00000|100%| E|CS|TAMS 0x0000000089d00000, 0x0000000089d00000| Complete 
| 158|0x0000000089e00000, 0x0000000089f00000, 0x0000000089f00000|100%| E|CS|TAMS 0x0000000089e00000, 0x0000000089e00000| Complete 
| 159|0x0000000089f00000, 0x000000008a000000, 0x000000008a000000|100%| E|CS|TAMS 0x0000000089f00000, 0x0000000089f00000| Complete 
| 160|0x000000008a000000, 0x000000008a100000, 0x000000008a100000|100%| E|CS|TAMS 0x000000008a000000, 0x000000008a000000| Complete 
| 161|0x000000008a100000, 0x000000008a200000, 0x000000008a200000|100%| E|CS|TAMS 0x000000008a100000, 0x000000008a100000| Complete 
| 162|0x000000008a200000, 0x000000008a300000, 0x000000008a300000|100%| E|CS|TAMS 0x000000008a200000, 0x000000008a200000| Complete 
| 163|0x000000008a300000, 0x000000008a400000, 0x000000008a400000|100%| E|CS|TAMS 0x000000008a300000, 0x000000008a300000| Complete 
| 164|0x000000008a400000, 0x000000008a500000, 0x000000008a500000|100%| E|CS|TAMS 0x000000008a400000, 0x000000008a400000| Complete 
| 165|0x000000008a500000, 0x000000008a600000, 0x000000008a600000|100%| E|CS|TAMS 0x000000008a500000, 0x000000008a500000| Complete 
| 166|0x000000008a600000, 0x000000008a700000, 0x000000008a700000|100%| E|CS|TAMS 0x000000008a600000, 0x000000008a600000| Complete 
| 167|0x000000008a700000, 0x000000008a800000, 0x000000008a800000|100%| E|CS|TAMS 0x000000008a700000, 0x000000008a700000| Complete 
| 168|0x000000008a800000, 0x000000008a900000, 0x000000008a900000|100%| E|CS|TAMS 0x000000008a800000, 0x000000008a800000| Complete 
| 169|0x000000008a900000, 0x000000008aa00000, 0x000000008aa00000|100%| E|CS|TAMS 0x000000008a900000, 0x000000008a900000| Complete 
| 170|0x000000008aa00000, 0x000000008ab00000, 0x000000008ab00000|100%| E|CS|TAMS 0x000000008aa00000, 0x000000008aa00000| Complete 
| 171|0x000000008ab00000, 0x000000008ac00000, 0x000000008ac00000|100%| E|CS|TAMS 0x000000008ab00000, 0x000000008ab00000| Complete 
| 172|0x000000008ac00000, 0x000000008ad00000, 0x000000008ad00000|100%| E|CS|TAMS 0x000000008ac00000, 0x000000008ac00000| Complete 
| 173|0x000000008ad00000, 0x000000008ae00000, 0x000000008ae00000|100%| E|CS|TAMS 0x000000008ad00000, 0x000000008ad00000| Complete 
| 174|0x000000008ae00000, 0x000000008af00000, 0x000000008af00000|100%| E|CS|TAMS 0x000000008ae00000, 0x000000008ae00000| Complete 
| 175|0x000000008af00000, 0x000000008b000000, 0x000000008b000000|100%| E|CS|TAMS 0x000000008af00000, 0x000000008af00000| Complete 
| 176|0x000000008b000000, 0x000000008b100000, 0x000000008b100000|100%| E|CS|TAMS 0x000000008b000000, 0x000000008b000000| Complete 
| 177|0x000000008b100000, 0x000000008b200000, 0x000000008b200000|100%| E|CS|TAMS 0x000000008b100000, 0x000000008b100000| Complete 
| 178|0x000000008b200000, 0x000000008b300000, 0x000000008b300000|100%| E|CS|TAMS 0x000000008b200000, 0x000000008b200000| Complete 
| 179|0x000000008b300000, 0x000000008b400000, 0x000000008b400000|100%| S|CS|TAMS 0x000000008b300000, 0x000000008b300000| Complete 
| 180|0x000000008b400000, 0x000000008b500000, 0x000000008b500000|100%| S|CS|TAMS 0x000000008b400000, 0x000000008b400000| Complete 
| 181|0x000000008b500000, 0x000000008b600000, 0x000000008b600000|100%| E|CS|TAMS 0x000000008b500000, 0x000000008b500000| Complete 
| 182|0x000000008b600000, 0x000000008b700000, 0x000000008b700000|100%| E|CS|TAMS 0x000000008b600000, 0x000000008b600000| Complete 
| 183|0x000000008b700000, 0x000000008b800000, 0x000000008b800000|100%| E|CS|TAMS 0x000000008b700000, 0x000000008b700000| Complete 
| 184|0x000000008b800000, 0x000000008b900000, 0x000000008b900000|100%| E|CS|TAMS 0x000000008b800000, 0x000000008b800000| Complete 
| 185|0x000000008b900000, 0x000000008ba00000, 0x000000008ba00000|100%| E|CS|TAMS 0x000000008b900000, 0x000000008b900000| Complete 
| 186|0x000000008ba00000, 0x000000008bb00000, 0x000000008bb00000|100%| E|CS|TAMS 0x000000008ba00000, 0x000000008ba00000| Complete 
| 187|0x000000008bb00000, 0x000000008bc00000, 0x000000008bc00000|100%| E|CS|TAMS 0x000000008bb00000, 0x000000008bb00000| Complete 
| 188|0x000000008bc00000, 0x000000008bd00000, 0x000000008bd00000|100%| E|CS|TAMS 0x000000008bc00000, 0x000000008bc00000| Complete 
| 189|0x000000008bd00000, 0x000000008be00000, 0x000000008be00000|100%| E|CS|TAMS 0x000000008bd00000, 0x000000008bd00000| Complete 

Card table byte_map: [0x000001f9263d0000,0x000001f9267d0000] _byte_map_base: 0x000001f925fd0000

Marking Bits (Prev, Next): (CMBitMap*) 0x000001f9135352f0, (CMBitMap*) 0x000001f9135352b8
 Prev Bits: [0x000001f928bd0000, 0x000001f92abd0000)
 Next Bits: [0x000001f926bd0000, 0x000001f928bd0000)

Polling page: 0x000001f911270000

Metaspace:

Usage:
  Non-class:    109.61 MB capacity,   107.79 MB ( 98%) used,     1.45 MB (  1%) free+waste,   384.56 KB ( <1%) overhead. 
      Class:     16.69 MB capacity,    15.58 MB ( 93%) used,   969.43 KB (  6%) free+waste,   165.69 KB ( <1%) overhead. 
       Both:    126.31 MB capacity,   123.37 MB ( 98%) used,     2.40 MB (  2%) free+waste,   550.25 KB ( <1%) overhead. 

Virtual space:
  Non-class space:      112.00 MB reserved,     110.25 MB ( 98%) committed 
      Class space:        1.00 GB reserved,      16.95 MB (  2%) committed 
             Both:        1.11 GB reserved,     127.20 MB ( 11%) committed 

Chunk freelists:
   Non-Class:  587.00 KB
       Class:  250.00 KB
        Both:  837.00 KB

MaxMetaspaceSize: 17179869184.00 GB
CompressedClassSpaceSize: 1.00 GB

CodeHeap 'non-profiled nmethods': size=120064Kb used=12142Kb max_used=12142Kb free=107922Kb
 bounds [0x000001f91ea90000, 0x000001f91f670000, 0x000001f925fd0000]
CodeHeap 'profiled nmethods': size=120000Kb used=44838Kb max_used=44838Kb free=75161Kb
 bounds [0x000001f917560000, 0x000001f91a140000, 0x000001f91ea90000]
CodeHeap 'non-nmethods': size=5696Kb used=2390Kb max_used=2468Kb free=3305Kb
 bounds [0x000001f916fd0000, 0x000001f917250000, 0x000001f917560000]
 total_blobs=20236 nmethods=19214 adapters=931
 compilation: enabled
              stopped_count=0, restarted_count=0
 full_count=0

Compilation events (20 events):
Event: 4935.542 Thread 0x000001f92d976800 20250       3       org.gradle.api.internal.tasks.properties.GetOutputFilesVisitor::<init> (27 bytes)
Event: 4935.542 Thread 0x000001f92d976800 nmethod 20250 0x000001f91a131910 code [0x000001f91a131b00, 0x000001f91a132078]
Event: 4935.542 Thread 0x000001f92d976800 20251       3       org.gradle.api.internal.tasks.properties.GetOutputFilesVisitor::getFileProperties (30 bytes)
Event: 4935.543 Thread 0x000001f92d976800 nmethod 20251 0x000001f91a132210 code [0x000001f91a1323e0, 0x000001f91a132678]
Event: 4935.550 Thread 0x000001f92d976800 20252       3       com.google.common.collect.RegularImmutableSet::size (6 bytes)
Event: 4935.550 Thread 0x000001f92d976800 nmethod 20252 0x000001f91a132790 code [0x000001f91a132940, 0x000001f91a132a58]
Event: 4935.551 Thread 0x000001f92d976800 20253       3       org.gradle.api.internal.artifacts.ivyservice.resolveengine.artifact.ParallelResolveArtifactSet$VisitingSet$StartVisitAction::visitResults (43 bytes)
Event: 4935.552 Thread 0x000001f92d976800 nmethod 20253 0x000001f91a132b10 code [0x000001f91a132d20, 0x000001f91a1332d8]
Event: 4935.552 Thread 0x000001f92fb8b800 20223   !   4       com.google.common.cache.LocalCache$Segment::lockedGetOrLoad (447 bytes)
Event: 4935.554 Thread 0x000001f92d976800 20255       3       org.gradle.execution.plan.Node::isSuccessful (43 bytes)
Event: 4935.554 Thread 0x000001f92d976800 nmethod 20255 0x000001f91a133490 code [0x000001f91a133660, 0x000001f91a133948]
Event: 4935.557 Thread 0x000001f92d976800 20257       3       org.gradle.api.internal.artifacts.ivyservice.resolveengine.artifact.CompositeResolvedArtifactSet::visit (40 bytes)
Event: 4935.558 Thread 0x000001f92d976800 nmethod 20257 0x000001f91a133a10 code [0x000001f91a133c20, 0x000001f91a1341d8]
Event: 4935.563 Thread 0x000001f92d976800 20261       3       org.gradle.api.internal.tasks.properties.FileParameterUtils::resolveOutputFilePropertySpecs (136 bytes)
Event: 4935.564 Thread 0x000001f92d976800 nmethod 20261 0x000001f91a134390 code [0x000001f91a134640, 0x000001f91a135508]
Event: 4935.566 Thread 0x000001f92d976800 20262       3       com.google.common.collect.FluentIterable::concatNoDefensiveCopy (38 bytes)
Event: 4935.566 Thread 0x000001f92d976800 nmethod 20262 0x000001f91a135910 code [0x000001f91a135b20, 0x000001f91a136128]
Event: 4935.568 Thread 0x000001f92d976800 20263       3       org.gradle.internal.serialize.AbstractEncoder::getOutputStream (25 bytes)
Event: 4935.569 Thread 0x000001f92d976800 nmethod 20263 0x000001f91a136390 code [0x000001f91a136560, 0x000001f91a136938]
Event: 4935.572 Thread 0x000001f92d976800 20264       3       jdk.internal.reflect.MethodAccessorGenerator::generate (762 bytes)

GC Heap History (20 events):
Event: 52.302 GC heap before
{Heap before GC invocations=35 (full 0):
 garbage-first heap   total 194560K, used 147926K [0x0000000080000000, 0x0000000100000000)
  region size 1024K, 26 young (26624K), 1 survivors (1024K)
 Metaspace       used 123754K, capacity 126929K, committed 127052K, reserved 1159168K
  class space    used 15949K, capacity 17131K, committed 17228K, reserved 1048576K
}
Event: 52.307 GC heap after
{Heap after GC invocations=36 (full 0):
 garbage-first heap   total 194560K, used 123248K [0x0000000080000000, 0x0000000100000000)
  region size 1024K, 2 young (2048K), 2 survivors (2048K)
 Metaspace       used 123754K, capacity 126929K, committed 127052K, reserved 1159168K
  class space    used 15949K, capacity 17131K, committed 17228K, reserved 1048576K
}
Event: 670.894 GC heap before
{Heap before GC invocations=37 (full 0):
 garbage-first heap   total 194560K, used 161136K [0x0000000080000000, 0x0000000100000000)
  region size 1024K, 32 young (32768K), 2 survivors (2048K)
 Metaspace       used 124955K, capacity 128256K, committed 128460K, reserved 1161216K
  class space    used 16057K, capacity 17305K, committed 17356K, reserved 1048576K
}
Event: 670.902 GC heap after
{Heap after GC invocations=38 (full 0):
 garbage-first heap   total 194560K, used 120067K [0x0000000080000000, 0x0000000100000000)
  region size 1024K, 3 young (3072K), 3 survivors (3072K)
 Metaspace       used 124955K, capacity 128256K, committed 128460K, reserved 1161216K
  class space    used 16057K, capacity 17305K, committed 17356K, reserved 1048576K
}
Event: 671.070 GC heap before
{Heap before GC invocations=38 (full 0):
 garbage-first heap   total 194560K, used 126211K [0x0000000080000000, 0x0000000100000000)
  region size 1024K, 9 young (9216K), 3 survivors (3072K)
 Metaspace       used 125065K, capacity 128394K, committed 128460K, reserved 1161216K
  class space    used 16057K, capacity 17305K, committed 17356K, reserved 1048576K
}
Event: 671.085 GC heap after
{Heap after GC invocations=39 (full 0):
 garbage-first heap   total 194560K, used 112318K [0x0000000080000000, 0x0000000100000000)
  region size 1024K, 1 young (1024K), 1 survivors (1024K)
 Metaspace       used 125065K, capacity 128394K, committed 128460K, reserved 1161216K
  class space    used 16057K, capacity 17305K, committed 17356K, reserved 1048576K
}
Event: 672.512 GC heap before
{Heap before GC invocations=39 (full 0):
 garbage-first heap   total 194560K, used 152254K [0x0000000080000000, 0x0000000100000000)
  region size 1024K, 40 young (40960K), 1 survivors (1024K)
 Metaspace       used 125615K, capacity 128875K, committed 128972K, reserved 1161216K
  class space    used 16065K, capacity 17319K, committed 17356K, reserved 1048576K
}
Event: 672.535 GC heap after
{Heap after GC invocations=40 (full 0):
 garbage-first heap   total 194560K, used 116474K [0x0000000080000000, 0x0000000100000000)
  region size 1024K, 5 young (5120K), 5 survivors (5120K)
 Metaspace       used 125615K, capacity 128875K, committed 128972K, reserved 1161216K
  class space    used 16065K, capacity 17319K, committed 17356K, reserved 1048576K
}
Event: 681.292 GC heap before
{Heap before GC invocations=41 (full 0):
 garbage-first heap   total 194560K, used 151290K [0x0000000080000000, 0x0000000100000000)
  region size 1024K, 43 young (44032K), 5 survivors (5120K)
 Metaspace       used 125930K, capacity 129257K, committed 129484K, reserved 1161216K
  class space    used 16070K, capacity 17328K, committed 17356K, reserved 1048576K
}
Event: 681.305 GC heap after
{Heap after GC invocations=42 (full 0):
 garbage-first heap   total 194560K, used 114854K [0x0000000080000000, 0x0000000100000000)
  region size 1024K, 2 young (2048K), 2 survivors (2048K)
 Metaspace       used 125930K, capacity 129257K, committed 129484K, reserved 1161216K
  class space    used 16070K, capacity 17328K, committed 17356K, reserved 1048576K
}
Event: 875.405 GC heap before
{Heap before GC invocations=42 (full 0):
 garbage-first heap   total 194560K, used 130214K [0x0000000080000000, 0x0000000100000000)
  region size 1024K, 9 young (9216K), 2 survivors (2048K)
 Metaspace       used 126002K, capacity 129268K, committed 129484K, reserved 1161216K
  class space    used 16075K, capacity 17332K, committed 17356K, reserved 1048576K
}
Event: 875.425 GC heap after
{Heap after GC invocations=43 (full 0):
 garbage-first heap   total 194560K, used 102292K [0x0000000080000000, 0x0000000100000000)
  region size 1024K, 1 young (1024K), 1 survivors (1024K)
 Metaspace       used 126002K, capacity 129268K, committed 129484K, reserved 1161216K
  class space    used 16075K, capacity 17332K, committed 17356K, reserved 1048576K
}
Event: 3404.927 GC heap before
{Heap before GC invocations=43 (full 0):
 garbage-first heap   total 194560K, used 148372K [0x0000000080000000, 0x0000000100000000)
  region size 1024K, 46 young (47104K), 1 survivors (1024K)
 Metaspace       used 126129K, capacity 129397K, committed 129484K, reserved 1161216K
  class space    used 16075K, capacity 17332K, committed 17356K, reserved 1048576K
}
Event: 3404.934 GC heap after
{Heap after GC invocations=44 (full 0):
 garbage-first heap   total 194560K, used 102143K [0x0000000080000000, 0x0000000100000000)
  region size 1024K, 1 young (1024K), 1 survivors (1024K)
 Metaspace       used 126129K, capacity 129397K, committed 129484K, reserved 1161216K
  class space    used 16075K, capacity 17332K, committed 17356K, reserved 1048576K
}
Event: 4929.080 GC heap before
{Heap before GC invocations=45 (full 0):
 garbage-first heap   total 194560K, used 151295K [0x0000000080000000, 0x0000000100000000)
  region size 1024K, 49 young (50176K), 1 survivors (1024K)
 Metaspace       used 125409K, capacity 128221K, committed 129740K, reserved 1161216K
  class space    used 15895K, capacity 16986K, committed 17356K, reserved 1048576K
}
Event: 4929.090 GC heap after
{Heap after GC invocations=46 (full 0):
 garbage-first heap   total 194560K, used 104411K [0x0000000080000000, 0x0000000100000000)
  region size 1024K, 3 young (3072K), 3 survivors (3072K)
 Metaspace       used 125409K, capacity 128221K, committed 129740K, reserved 1161216K
  class space    used 15895K, capacity 16986K, committed 17356K, reserved 1048576K
}
Event: 4929.179 GC heap before
{Heap before GC invocations=46 (full 0):
 garbage-first heap   total 194560K, used 109531K [0x0000000080000000, 0x0000000100000000)
  region size 1024K, 9 young (9216K), 3 survivors (3072K)
 Metaspace       used 125478K, capacity 128314K, committed 129740K, reserved 1161216K
  class space    used 15904K, capacity 17003K, committed 17356K, reserved 1048576K
}
Event: 4929.212 GC heap after
{Heap after GC invocations=47 (full 0):
 garbage-first heap   total 194560K, used 93253K [0x0000000080000000, 0x0000000100000000)
  region size 1024K, 1 young (1024K), 1 survivors (1024K)
 Metaspace       used 125478K, capacity 128314K, committed 129740K, reserved 1161216K
  class space    used 15904K, capacity 17003K, committed 17356K, reserved 1048576K
}
Event: 4929.358 GC heap before
{Heap before GC invocations=47 (full 0):
 garbage-first heap   total 194560K, used 101445K [0x0000000080000000, 0x0000000100000000)
  region size 1024K, 9 young (9216K), 1 survivors (1024K)
 Metaspace       used 125534K, capacity 128445K, committed 129740K, reserved 1161216K
  class space    used 15904K, capacity 17003K, committed 17356K, reserved 1048576K
}
Event: 4929.377 GC heap after
{Heap after GC invocations=48 (full 0):
 garbage-first heap   total 194560K, used 92872K [0x0000000080000000, 0x0000000100000000)
  region size 1024K, 2 young (2048K), 2 survivors (2048K)
 Metaspace       used 125534K, capacity 128445K, committed 129740K, reserved 1161216K
  class space    used 15904K, capacity 17003K, committed 17356K, reserved 1048576K
}

Deoptimization events (20 events):
Event: 4929.408 Thread 0x000001f92f5af000 Uncommon trap: trap_request=0xffffffd6 fr.pc=0x000001f91f55e9c0 relative=0x0000000000000ba0
Event: 4929.408 Thread 0x000001f92f5af000 Uncommon trap: reason=array_check action=maybe_recompile pc=0x000001f91f55e9c0 method=com.google.common.collect.ImmutableSet.construct(I[Ljava/lang/Object;)Lcom/google/common/collect/ImmutableSet; @ 122 c2
Event: 4929.408 Thread 0x000001f92f5af000 DEOPT PACKING pc=0x000001f91f55e9c0 sp=0x000000549def9860
Event: 4929.408 Thread 0x000001f92f5af000 DEOPT UNPACKING pc=0x000001f916ff78af sp=0x000000549def97f8 mode 2
Event: 4929.790 Thread 0x000001f92f5af000 DEOPT PACKING pc=0x000001f917d746f1 sp=0x000000549def8340
Event: 4929.790 Thread 0x000001f92f5af000 DEOPT UNPACKING pc=0x000001f916ff76ce sp=0x000000549def7838 mode 0
Event: 4929.793 Thread 0x000001f92f5af000 DEOPT PACKING pc=0x000001f91866cc0d sp=0x000000549def8920
Event: 4929.793 Thread 0x000001f92f5af000 DEOPT UNPACKING pc=0x000001f916ff76ce sp=0x000000549def7db8 mode 0
Event: 4929.797 Thread 0x000001f92f5af000 DEOPT PACKING pc=0x000001f91866cc0d sp=0x000000549def8920
Event: 4929.797 Thread 0x000001f92f5af000 DEOPT UNPACKING pc=0x000001f916ff76ce sp=0x000000549def7db8 mode 0
Event: 4929.809 Thread 0x000001f92f5af000 DEOPT PACKING pc=0x000001f91866cc0d sp=0x000000549def8920
Event: 4929.809 Thread 0x000001f92f5af000 DEOPT UNPACKING pc=0x000001f916ff76ce sp=0x000000549def7db8 mode 0
Event: 4929.976 Thread 0x000001f932f2e000 Uncommon trap: trap_request=0xffffff4d fr.pc=0x000001f91ed527fc relative=0x000000000000299c
Event: 4929.976 Thread 0x000001f932f2e000 Uncommon trap: reason=unstable_if action=reinterpret pc=0x000001f91ed527fc method=java.lang.ref.SoftReference.get()Ljava/lang/Object; @ 6 c2
Event: 4929.976 Thread 0x000001f932f2e000 DEOPT PACKING pc=0x000001f91ed527fc sp=0x000000549fdf6420
Event: 4929.976 Thread 0x000001f932f2e000 DEOPT UNPACKING pc=0x000001f916ff78af sp=0x000000549fdf6358 mode 2
Event: 4930.244 Thread 0x000001f92f5af000 Uncommon trap: trap_request=0xffffffc6 fr.pc=0x000001f91f607724 relative=0x0000000000000ac4
Event: 4930.244 Thread 0x000001f92f5af000 Uncommon trap: reason=bimorphic_or_optimized_type_check action=maybe_recompile pc=0x000001f91f607724 method=java.util.concurrent.ConcurrentHashMap.replaceNode(Ljava/lang/Object;Ljava/lang/Object;Ljava/lang/Object;)Ljava/lang/Object; @ 147 c2
Event: 4930.244 Thread 0x000001f92f5af000 DEOPT PACKING pc=0x000001f91f607724 sp=0x000000549def8740
Event: 4930.244 Thread 0x000001f92f5af000 DEOPT UNPACKING pc=0x000001f916ff78af sp=0x000000549def86b8 mode 2

Classes redefined (0 events):
No events

Internal exceptions (20 events):
Event: 4929.674 Thread 0x000001f92f5b2000 Exception <a 'java/lang/NoSuchMethodError'{0x000000008b5f1b40}: <clinit>> (0x000000008b5f1b40) thrown at [./src/hotspot/share/prims/jni.cpp, line 1362]
Event: 4929.675 Thread 0x000001f932f32000 Exception <a 'java/lang/NoSuchMethodError'{0x000000008b5fcaa8}: <clinit>> (0x000000008b5fcaa8) thrown at [./src/hotspot/share/prims/jni.cpp, line 1362]
Event: 4929.677 Thread 0x000001f92f5b2000 Exception <a 'java/lang/NoSuchMethodError'{0x000000008b21f748}: <clinit>> (0x000000008b21f748) thrown at [./src/hotspot/share/prims/jni.cpp, line 1362]
Event: 4929.681 Thread 0x000001f932f32000 Exception <a 'java/lang/NoSuchMethodError'{0x000000008b216408}: <clinit>> (0x000000008b216408) thrown at [./src/hotspot/share/prims/jni.cpp, line 1362]
Event: 4929.976 Thread 0x000001f932f2e000 Implicit null exception at 0x000001f91ed4febf to 0x000001f91ed527ec
Event: 4930.112 Thread 0x000001f92f5af000 Exception <a 'java/lang/NoSuchMethodError'{0x000000008a143350}: <clinit>> (0x000000008a143350) thrown at [./src/hotspot/share/prims/jni.cpp, line 1362]
Event: 4930.113 Thread 0x000001f92f5af000 Exception <a 'java/lang/NoSuchMethodError'{0x000000008a145110}: <clinit>> (0x000000008a145110) thrown at [./src/hotspot/share/prims/jni.cpp, line 1362]
Event: 4930.113 Thread 0x000001f92f5af000 Exception <a 'java/lang/NoSuchMethodError'{0x000000008a148068}: <clinit>> (0x000000008a148068) thrown at [./src/hotspot/share/prims/jni.cpp, line 1362]
Event: 4930.131 Thread 0x000001f92f5af000 Exception <a 'java/lang/NoSuchMethodError'{0x000000008a16cb68}: <clinit>> (0x000000008a16cb68) thrown at [./src/hotspot/share/prims/jni.cpp, line 1362]
Event: 4930.131 Thread 0x000001f92f5af000 Exception <a 'java/lang/NoSuchMethodError'{0x000000008a16e840}: <clinit>> (0x000000008a16e840) thrown at [./src/hotspot/share/prims/jni.cpp, line 1362]
Event: 4930.520 Thread 0x000001f92f5af000 Exception <a 'java/lang/NoSuchMethodError'{0x00000000893a6488}: <clinit>> (0x00000000893a6488) thrown at [./src/hotspot/share/prims/jni.cpp, line 1362]
Event: 4930.522 Thread 0x000001f92f5af000 Exception <a 'java/lang/NoSuchMethodError'{0x00000000893be1b8}: <clinit>> (0x00000000893be1b8) thrown at [./src/hotspot/share/prims/jni.cpp, line 1362]
Event: 4930.524 Thread 0x000001f92f5af000 Exception <a 'java/lang/NoSuchMethodError'{0x00000000893c6e68}: <clinit>> (0x00000000893c6e68) thrown at [./src/hotspot/share/prims/jni.cpp, line 1362]
Event: 4930.526 Thread 0x000001f932f30800 Exception <a 'java/lang/InterruptedException'{0x0000000089200800}> (0x0000000089200800) thrown at [./src/hotspot/share/runtime/objectMonitor.cpp, line 1635]
Event: 4930.528 Thread 0x000001f92f5af000 Exception <a 'java/lang/NoSuchMethodError'{0x00000000893de908}: <clinit>> (0x00000000893de908) thrown at [./src/hotspot/share/prims/jni.cpp, line 1362]
Event: 4930.530 Thread 0x000001f92f5af000 Exception <a 'java/lang/NoSuchMethodError'{0x00000000893f66b8}: <clinit>> (0x00000000893f66b8) thrown at [./src/hotspot/share/prims/jni.cpp, line 1362]
Event: 4930.532 Thread 0x000001f92f5af000 Exception <a 'java/lang/NoSuchMethodError'{0x0000000089225628}: <clinit>> (0x0000000089225628) thrown at [./src/hotspot/share/prims/jni.cpp, line 1362]
Event: 4930.535 Thread 0x000001f92f5af000 Exception <a 'java/lang/NoSuchMethodError'{0x0000000089243fb8}: <clinit>> (0x0000000089243fb8) thrown at [./src/hotspot/share/prims/jni.cpp, line 1362]
Event: 4930.544 Thread 0x000001f92f5af000 Exception <a 'java/lang/NoSuchMethodError'{0x00000000892f04d0}: <clinit>> (0x00000000892f04d0) thrown at [./src/hotspot/share/prims/jni.cpp, line 1362]
Event: 4935.527 Thread 0x000001f92f5b2000 Exception <a 'java/lang/NoSuchMethodError'{0x0000000088d034a8}: <clinit>> (0x0000000088d034a8) thrown at [./src/hotspot/share/prims/jni.cpp, line 1362]

Events (20 events):
Event: 4930.003 Executing VM operation: RevokeBias
Event: 4930.003 Executing VM operation: RevokeBias done
Event: 4930.004 Executing VM operation: RevokeBias
Event: 4930.004 Executing VM operation: RevokeBias done
Event: 4930.406 Executing VM operation: ICBufferFull
Event: 4930.407 Executing VM operation: ICBufferFull done
Event: 4930.510 Executing VM operation: RevokeBias
Event: 4930.510 Executing VM operation: RevokeBias done
Event: 4930.522 Thread 0x000001f932f30800 Thread added: 0x000001f932f30800
Event: 4930.522 Executing VM operation: RevokeBias
Event: 4930.523 Executing VM operation: RevokeBias done
Event: 4930.561 Thread 0x000001f932f31000 Thread added: 0x000001f932f31000
Event: 4930.561 Executing VM operation: RevokeBias
Event: 4930.561 Executing VM operation: RevokeBias done
Event: 4930.561 Executing VM operation: RevokeBias
Event: 4930.561 Executing VM operation: RevokeBias done
Event: 4935.335 Thread 0x000001f92fb8b800 Thread exited: 0x000001f92fb8b800
Event: 4935.499 Executing VM operation: RevokeBias
Event: 4935.500 Executing VM operation: RevokeBias done
Event: 4935.552 Thread 0x000001f92fb8b800 Thread added: 0x000001f92fb8b800


Dynamic libraries:
0x00007ff7ed480000 - 0x00007ff7ed48a000 	C:\Program Files\Android\Android Studio\jre\bin\java.exe
0x00007fffe7960000 - 0x00007fffe7b50000 	C:\WINDOWS\SYSTEM32\ntdll.dll
0x00007fffbcc60000 - 0x00007fffbcc75000 	C:\Program Files\Avast Software\Avast\aswhook.dll
0x00007fffe7860000 - 0x00007fffe7912000 	C:\WINDOWS\System32\KERNEL32.DLL
0x00007fffe4ad0000 - 0x00007fffe4d75000 	C:\WINDOWS\System32\KERNELBASE.dll
0x00007fffe5150000 - 0x00007fffe524a000 	C:\WINDOWS\System32\ucrtbase.dll
0x00007fffc9890000 - 0x00007fffc98a7000 	C:\Program Files\Android\Android Studio\jre\bin\VCRUNTIME140.dll
0x00007fffc8490000 - 0x00007fffc84a9000 	C:\Program Files\Android\Android Studio\jre\bin\jli.dll
0x00007fffe6c00000 - 0x00007fffe6d94000 	C:\WINDOWS\System32\USER32.dll
0x00007fffe4ed0000 - 0x00007fffe4ef1000 	C:\WINDOWS\System32\win32u.dll
0x00007fffe72c0000 - 0x00007fffe72e6000 	C:\WINDOWS\System32\GDI32.dll
0x00007fffd3210000 - 0x00007fffd3494000 	C:\WINDOWS\WinSxS\amd64_microsoft.windows.common-controls_6595b64144ccf1df_6.0.18362.1256_none_9e7e379be45e40e2\COMCTL32.dll
0x00007fffe48d0000 - 0x00007fffe4a66000 	C:\WINDOWS\System32\gdi32full.dll
0x00007fffe6ae0000 - 0x00007fffe6b7e000 	C:\WINDOWS\System32\msvcrt.dll
0x00007fffe5000000 - 0x00007fffe509e000 	C:\WINDOWS\System32\msvcp_win.dll
0x00007fffe7520000 - 0x00007fffe7856000 	C:\WINDOWS\System32\combase.dll
0x00007fffe6310000 - 0x00007fffe6430000 	C:\WINDOWS\System32\RPCRT4.dll
0x00007fffe50a0000 - 0x00007fffe5121000 	C:\WINDOWS\System32\bcryptPrimitives.dll
0x00007fffe74f0000 - 0x00007fffe751e000 	C:\WINDOWS\System32\IMM32.DLL
0x00007fffb70a0000 - 0x00007fffb713d000 	C:\Program Files\Android\Android Studio\jre\bin\msvcp140.dll
0x00007fff93380000 - 0x00007fff93e4f000 	C:\Program Files\Android\Android Studio\jre\bin\server\jvm.dll
0x00007fffe6e80000 - 0x00007fffe6f23000 	C:\WINDOWS\System32\ADVAPI32.dll
0x00007fffe7450000 - 0x00007fffe74e7000 	C:\WINDOWS\System32\sechost.dll
0x00007fffe6250000 - 0x00007fffe6258000 	C:\WINDOWS\System32\PSAPI.DLL
0x00007fffe0df0000 - 0x00007fffe0e14000 	C:\WINDOWS\SYSTEM32\WINMM.dll
0x00007fffdd0a0000 - 0x00007fffdd0aa000 	C:\WINDOWS\SYSTEM32\VERSION.dll
0x00007fffe0db0000 - 0x00007fffe0ddd000 	C:\WINDOWS\SYSTEM32\winmmbase.dll
0x00007fffe3290000 - 0x00007fffe3299000 	C:\WINDOWS\SYSTEM32\WSOCK32.dll
0x00007fffe4fb0000 - 0x00007fffe4ffa000 	C:\WINDOWS\System32\cfgmgr32.dll
0x00007fffe6a70000 - 0x00007fffe6adf000 	C:\WINDOWS\System32\WS2_32.dll
0x00007fffe4830000 - 0x00007fffe4841000 	C:\WINDOWS\System32\kernel.appcore.dll
0x00007fffd2d90000 - 0x00007fffd2da1000 	C:\Program Files\Android\Android Studio\jre\bin\verify.dll
0x00007fffe3060000 - 0x00007fffe3254000 	C:\WINDOWS\SYSTEM32\DBGHELP.DLL
0x00007fffd6900000 - 0x00007fffd692a000 	C:\WINDOWS\SYSTEM32\dbgcore.DLL
0x00007fffc62c0000 - 0x00007fffc62e9000 	C:\Program Files\Android\Android Studio\jre\bin\java.dll
0x00007fffdf5d0000 - 0x00007fffdf5db000 	C:\Program Files\Android\Android Studio\jre\bin\jimage.dll
0x00007fffd2910000 - 0x00007fffd2928000 	C:\Program Files\Android\Android Studio\jre\bin\zip.dll
0x00007fffe5ae0000 - 0x00007fffe61c7000 	C:\WINDOWS\System32\SHELL32.dll
0x00007fffe7210000 - 0x00007fffe72b9000 	C:\WINDOWS\System32\shcore.dll
0x00007fffe5280000 - 0x00007fffe5a01000 	C:\WINDOWS\System32\windows.storage.dll
0x00007fffe4850000 - 0x00007fffe4873000 	C:\WINDOWS\System32\profapi.dll
0x00007fffe4880000 - 0x00007fffe48ca000 	C:\WINDOWS\System32\powrprof.dll
0x00007fffe4800000 - 0x00007fffe4810000 	C:\WINDOWS\System32\UMPDC.dll
0x00007fffe7000000 - 0x00007fffe7052000 	C:\WINDOWS\System32\shlwapi.dll
0x00007fffe5130000 - 0x00007fffe5147000 	C:\WINDOWS\System32\cryptsp.dll
0x00007fffc3c20000 - 0x00007fffc3c3a000 	C:\Program Files\Android\Android Studio\jre\bin\net.dll
0x00007fffda9a0000 - 0x00007fffdaa90000 	C:\WINDOWS\SYSTEM32\WINHTTP.dll
0x00007fffe4000000 - 0x00007fffe4067000 	C:\WINDOWS\system32\mswsock.dll
0x00007fffc3c00000 - 0x00007fffc3c14000 	C:\Program Files\Android\Android Studio\jre\bin\nio.dll
0x00007fffdcc70000 - 0x00007fffdcc97000 	C:\Users\Polina\.gradle\native\8bec1ad78214c89d9ad589b4d07fe93259594b29d510b10fafb7a158f7737e5d\windows-amd64\native-platform.dll
0x00007fffc99f0000 - 0x00007fffc9b2d000 	C:\Users\Polina\.gradle\native\53dbd7edfb1c66fb8903c78663c9afc45aea4f116125fa6feffd364cf09443e8\windows-amd64\native-platform-file-events.dll
0x00007fffdcc60000 - 0x00007fffdcc6a000 	C:\Program Files\Android\Android Studio\jre\bin\management.dll
0x00007fffd6840000 - 0x00007fffd684c000 	C:\Program Files\Android\Android Studio\jre\bin\management_ext.dll
0x00007fffe3b80000 - 0x00007fffe3bb3000 	C:\WINDOWS\system32\rsaenh.dll
0x00007fffe5250000 - 0x00007fffe5276000 	C:\WINDOWS\System32\bcrypt.dll
0x00007fffe46e0000 - 0x00007fffe4705000 	C:\WINDOWS\SYSTEM32\USERENV.dll
0x00007fffe4180000 - 0x00007fffe418c000 	C:\WINDOWS\SYSTEM32\CRYPTBASE.dll
0x00007fffe3d20000 - 0x00007fffe3d5a000 	C:\WINDOWS\SYSTEM32\IPHLPAPI.DLL
0x00007fffe6a60000 - 0x00007fffe6a68000 	C:\WINDOWS\System32\NSI.dll
0x00007fffda7f0000 - 0x00007fffda806000 	C:\WINDOWS\SYSTEM32\dhcpcsvc6.DLL
0x00007fffda7d0000 - 0x00007fffda7ec000 	C:\WINDOWS\SYSTEM32\dhcpcsvc.DLL
0x00007fffe3d60000 - 0x00007fffe3e2b000 	C:\WINDOWS\SYSTEM32\DNSAPI.dll
0x00007fffb7940000 - 0x00007fffb795e000 	C:\Users\Polina\AppData\Local\Temp\native-platform17027067408034282999dir\native-platform.dll
0x00007fffc4ba0000 - 0x00007fffc4ba8000 	C:\Program Files\Android\Android Studio\jre\bin\rmi.dll
0x00007fff9a1b0000 - 0x00007fff9a1d7000 	C:\Program Files\Android\Android Studio\jre\bin\sunec.dll

dbghelp: loaded successfully - version: 4.0.5 - missing functions: none
symbol engine: initialized successfully - sym options: 0x614 - pdb path: .;C:\Program Files\Android\Android Studio\jre\bin;C:\WINDOWS\SYSTEM32;C:\Program Files\Avast Software\Avast;C:\WINDOWS\WinSxS\amd64_microsoft.windows.common-controls_6595b64144ccf1df_6.0.18362.1256_none_9e7e379be45e40e2;C:\Program Files\Android\Android Studio\jre\bin\server;C:\Users\Polina\.gradle\native\8bec1ad78214c89d9ad589b4d07fe93259594b29d510b10fafb7a158f7737e5d\windows-amd64;C:\Users\Polina\.gradle\native\53dbd7edfb1c66fb8903c78663c9afc45aea4f116125fa6feffd364cf09443e8\windows-amd64;C:\Users\Polina\AppData\Local\Temp\native-platform17027067408034282999dir

VM Arguments:
jvm_args: --add-opens=java.base/java.util=ALL-UNNAMED --add-opens=java.base/java.lang=ALL-UNNAMED --add-opens=java.base/java.lang.invoke=ALL-UNNAMED --add-opens=java.base/java.util=ALL-UNNAMED --add-opens=java.prefs/java.util.prefs=ALL-UNNAMED --add-opens=java.prefs/java.util.prefs=ALL-UNNAMED --add-opens=java.base/java.nio.charset=ALL-UNNAMED --add-opens=java.base/java.net=ALL-UNNAMED --add-opens=java.base/java.util.concurrent.atomic=ALL-UNNAMED -Xmx2048m -Dfile.encoding=UTF-8 -Duser.country=RU -Duser.language=ru -Duser.variant 
java_command: org.gradle.launcher.daemon.bootstrap.GradleDaemon 7.0.2
java_class_path (initial): C:\Users\Polina\.gradle\wrapper\dists\gradle-7.0.2-bin\857tjihv64xamwrf0h14cai3r\gradle-7.0.2\lib\gradle-launcher-7.0.2.jar
Launcher Type: SUN_STANDARD

[Global flags]
     intx CICompilerCount                          = 3                                         {product} {ergonomic}
     uint ConcGCThreads                            = 1                                         {product} {ergonomic}
     uint G1ConcRefinementThreads                  = 4                                         {product} {ergonomic}
   size_t G1HeapRegionSize                         = 1048576                                   {product} {ergonomic}
    uintx GCDrainStackTargetSize                   = 64                                        {product} {ergonomic}
   size_t InitialHeapSize                          = 199229440                                 {product} {ergonomic}
   size_t MarkStackSize                            = 4194304                                   {product} {ergonomic}
   size_t MaxHeapSize                              = 2147483648                                {product} {command line}
   size_t MaxNewSize                               = 1287651328                                {product} {ergonomic}
   size_t MinHeapDeltaBytes                        = 1048576                                   {product} {ergonomic}
    uintx NonNMethodCodeHeapSize                   = 5830732                                {pd product} {ergonomic}
    uintx NonProfiledCodeHeapSize                  = 122913754                              {pd product} {ergonomic}
    uintx ProfiledCodeHeapSize                     = 122913754                              {pd product} {ergonomic}
    uintx ReservedCodeCacheSize                    = 251658240                              {pd product} {ergonomic}
     bool SegmentedCodeCache                       = true                                      {product} {ergonomic}
     bool UseCompressedClassPointers               = true                                 {lp64_product} {ergonomic}
     bool UseCompressedOops                        = true                                 {lp64_product} {ergonomic}
     bool UseG1GC                                  = true                                      {product} {ergonomic}
     bool UseLargePagesIndividualAllocation        = false                                  {pd product} {ergonomic}

Logging:
Log output configuration:
 #0: stdout all=warning uptime,level,tags
 #1: stderr all=off uptime,level,tags

Environment Variables:
PATH=C:\Program Files (x86)\Common Files\Oracle\Java\javapath;C:\WINDOWS\system32;C:\WINDOWS;C:\WINDOWS\System32\Wbem;C:\WINDOWS\System32\WindowsPowerShell\v1.0\;C:\WINDOWS\System32\OpenSSH\;C:\cdr\;C:\Users\Polina\AppData\Local\Microsoft\WindowsApps;
USERNAME=Polina
OS=Windows_NT
PROCESSOR_IDENTIFIER=Intel64 Family 6 Model 78 Stepping 3, GenuineIntel



---------------  S Y S T E M  ---------------

OS: Windows 10 , 64 bit Build 18362 (10.0.18362.1110)
OS uptime: 0 days 1:38 hours
Hyper-V role detected

CPU:total 4 (initial active 4) (2 cores per cpu, 2 threads per core) family 6 model 78 stepping 3 microcode 0xcc, cmov, cx8, fxsr, mmx, sse, sse2, sse3, ssse3, sse4.1, sse4.2, popcnt, avx, avx2, aes, clmul, erms, 3dnowpref, lzcnt, ht, tsc, tscinvbit, bmi1, bmi2, adx, fma

Memory: 4k page, system-wide physical 12144M (1694M free)
TotalPageFile size 12144M (AvailPageFile size 5M)
current process WorkingSet (physical memory assigned to process): 405M, peak: 530M
current process commit charge ("private bytes"): 536M, peak: 563M

vm_info: OpenJDK 64-Bit Server VM (11.0.10+0-b96-7249189) for windows-amd64 JRE (11.0.10+0-b96-7249189), built on Mar 31 2021 21:44:00 by "builder" with MS VC++ 14.0 (VS2015)

END.
