#
# There is insufficient memory for the Java Runtime Environment to continue.
# Native memory allocation (malloc) failed to allocate 990656 bytes for Chunk::new
# Possible reasons:
#   The system is out of physical RAM or swap space
#   The process is running with CompressedOops enabled, and the Java Heap may be blocking the growth of the native heap
# Possible solutions:
#   Reduce memory load on the system
#   Increase physical memory or swap space
#   Check if swap backing store is full
#   Decrease Java heap size (-Xmx/-Xms)
#   Decrease number of Java threads
#   Decrease Java thread stack sizes (-Xss)
#   Set larger code cache with -XX:ReservedCodeCacheSize=
#   JVM is running with Unscaled Compressed Oops mode in which the Java heap is
#     placed in the first 4GB address space. The Java Heap base address is the
#     maximum limit for the native heap growth. Please use -XX:HeapBaseMinAddress
#     to set the Java Heap base and to place the Java Heap above 4GB virtual address.
# This output file may be truncated or incomplete.
#
#  Out of Memory Error (./src/hotspot/share/memory/arena.cpp:197), pid=1692, tid=4172
#
# JRE version: OpenJDK Runtime Environment (11.0.10) (build 11.0.10+0-b96-7249189)
# Java VM: OpenJDK 64-Bit Server VM (11.0.10+0-b96-7249189, mixed mode, tiered, compressed oops, g1 gc, windows-amd64)
# No core dump will be written. Minidumps are not enabled by default on client versions of Windows
#

---------------  S U M M A R Y ------------

Command Line: --add-opens=java.base/java.util=ALL-UNNAMED --add-opens=java.base/java.lang=ALL-UNNAMED --add-opens=java.base/java.lang.invoke=ALL-UNNAMED --add-opens=java.base/java.util=ALL-UNNAMED --add-opens=java.prefs/java.util.prefs=ALL-UNNAMED --add-opens=java.prefs/java.util.prefs=ALL-UNNAMED --add-opens=java.base/java.nio.charset=ALL-UNNAMED --add-opens=java.base/java.net=ALL-UNNAMED --add-opens=java.base/java.util.concurrent.atomic=ALL-UNNAMED -Xmx2048m -Dfile.encoding=UTF-8 -Duser.country=RU -Duser.language=ru -Duser.variant org.gradle.launcher.daemon.bootstrap.GradleDaemon 7.0.2

Host: Intel(R) Core(TM) i5-6200U CPU @ 2.30GHz, 4 cores, 11G,  Windows 10 , 64 bit Build 18362 (10.0.18362.1110)
Time: Wed Oct 13 14:59:45 2021 RTZ 2 (ceia) elapsed time: 7.463189 seconds (0d 0h 0m 7s)

---------------  T H R E A D  ---------------

Current thread (0x000001cb7ba29800):  JavaThread "C2 CompilerThread0" daemon [_thread_in_native, id=4172, stack(0x00000034be900000,0x00000034bea00000)]


Current CompileTask:
C2:   7463 2195   !   4       java.net.URLClassLoader$1::run (63 bytes)

Stack: [0x00000034be900000,0x00000034bea00000]
Native frames: (J=compiled Java code, j=interpreted, Vv=VM code, C=native code)
V  [jvm.dll+0x5ecfaa]
V  [jvm.dll+0x722bd5]
V  [jvm.dll+0x72412d]
V  [jvm.dll+0x7247e3]
V  [jvm.dll+0x242928]
V  [jvm.dll+0xbc4fc]
V  [jvm.dll+0xbca0c]
V  [jvm.dll+0x2b4fd4]
V  [jvm.dll+0x506028]
V  [jvm.dll+0x203253]
V  [jvm.dll+0x1fd07c]
V  [jvm.dll+0x1fa77f]
V  [jvm.dll+0x18354c]
V  [jvm.dll+0x208ee7]
V  [jvm.dll+0x207731]
V  [jvm.dll+0x6eb1cf]
V  [jvm.dll+0x6e3d45]
V  [jvm.dll+0x5ebe96]
C  [ucrtbase.dll+0x210b2]
C  [KERNEL32.DLL+0x17c24]
C  [ntdll.dll+0x6d4d1]


---------------  P R O C E S S  ---------------

Threads class SMR info:
_java_thread_list=0x000001cb7f223090, length=27, elements={
0x000001cb615f3800, 0x000001cb7b1f7000, 0x000001cb7b1f8800, 0x000001cb7ba23000,
0x000001cb7ba24000, 0x000001cb7ba25800, 0x000001cb7ba29800, 0x000001cb7ba6e800,
0x000001cb7b1fb000, 0x000001cb7bbd3000, 0x000001cb7eea3000, 0x000001cb7e5bd000,
0x000001cb7f26c800, 0x000001cb7df5e800, 0x000001cb7f252000, 0x000001cb7f1eb000,
0x000001cb7e792000, 0x000001cb7ea98800, 0x000001cb7ea99800, 0x000001cb7e6c0000,
0x000001cb7e6bd000, 0x000001cb7e6bb000, 0x000001cb7e6bf000, 0x000001cb7f580800,
0x000001cb7e6c1000, 0x000001cb7e6c1800, 0x000001cb7e6bc000
}

Java Threads: ( => current thread )
  0x000001cb615f3800 JavaThread "main" [_thread_blocked, id=6776, stack(0x00000034bdd00000,0x00000034bde00000)]
  0x000001cb7b1f7000 JavaThread "Reference Handler" daemon [_thread_blocked, id=9592, stack(0x00000034be400000,0x00000034be500000)]
  0x000001cb7b1f8800 JavaThread "Finalizer" daemon [_thread_blocked, id=2960, stack(0x00000034be500000,0x00000034be600000)]
  0x000001cb7ba23000 JavaThread "Signal Dispatcher" daemon [_thread_blocked, id=5668, stack(0x00000034be600000,0x00000034be700000)]
  0x000001cb7ba24000 JavaThread "Attach Listener" daemon [_thread_blocked, id=5632, stack(0x00000034be700000,0x00000034be800000)]
  0x000001cb7ba25800 JavaThread "Service Thread" daemon [_thread_blocked, id=10456, stack(0x00000034be800000,0x00000034be900000)]
=>0x000001cb7ba29800 JavaThread "C2 CompilerThread0" daemon [_thread_in_native, id=4172, stack(0x00000034be900000,0x00000034bea00000)]
  0x000001cb7ba6e800 JavaThread "C1 CompilerThread0" daemon [_thread_blocked, id=11880, stack(0x00000034bea00000,0x00000034beb00000)]
  0x000001cb7b1fb000 JavaThread "Sweeper thread" daemon [_thread_blocked, id=12548, stack(0x00000034beb00000,0x00000034bec00000)]
  0x000001cb7bbd3000 JavaThread "Common-Cleaner" daemon [_thread_blocked, id=8584, stack(0x00000034bec00000,0x00000034bed00000)]
  0x000001cb7eea3000 JavaThread "Daemon health stats" [_thread_blocked, id=8856, stack(0x00000034bf200000,0x00000034bf300000)]
  0x000001cb7e5bd000 JavaThread "Incoming local TCP Connector on port 61004" [_thread_in_native, id=5672, stack(0x00000034bee00000,0x00000034bef00000)]
  0x000001cb7f26c800 JavaThread "Daemon periodic checks" [_thread_blocked, id=5400, stack(0x00000034bf300000,0x00000034bf400000)]
  0x000001cb7df5e800 JavaThread "Daemon" [_thread_blocked, id=10924, stack(0x00000034bf400000,0x00000034bf500000)]
  0x000001cb7f252000 JavaThread "Handler for socket connection from /127.0.0.1:61004 to /127.0.0.1:61005" [_thread_in_native, id=11160, stack(0x00000034bf500000,0x00000034bf600000)]
  0x000001cb7f1eb000 JavaThread "Cancel handler" [_thread_blocked, id=10912, stack(0x00000034bf600000,0x00000034bf700000)]
  0x000001cb7e792000 JavaThread "Daemon worker" [_thread_blocked, id=6172, stack(0x00000034bf700000,0x00000034bf800000)]
  0x000001cb7ea98800 JavaThread "Asynchronous log dispatcher for DefaultDaemonConnection: socket connection from /127.0.0.1:61004 to /127.0.0.1:61005" [_thread_blocked, id=2904, stack(0x00000034bf800000,0x00000034bf900000)]
  0x000001cb7ea99800 JavaThread "Stdin handler" [_thread_blocked, id=5340, stack(0x00000034bf900000,0x00000034bfa00000)]
  0x000001cb7e6c0000 JavaThread "Daemon client event forwarder" [_thread_blocked, id=5336, stack(0x00000034bfa00000,0x00000034bfb00000)]
  0x000001cb7e6bd000 JavaThread "Cache worker for file hash cache (C:\Users\Polina\.gradle\caches\7.0.2\fileHashes)" [_thread_blocked, id=12560, stack(0x00000034bfb00000,0x00000034bfc00000)]
  0x000001cb7e6bb000 JavaThread "File lock request listener" [_thread_in_native, id=9116, stack(0x00000034bfc00000,0x00000034bfd00000)]
  0x000001cb7e6bf000 JavaThread "Cache worker for journal cache (C:\Users\Polina\.gradle\caches\journal-1)" [_thread_blocked, id=1736, stack(0x00000034bfd00000,0x00000034bfe00000)]
  0x000001cb7f580800 JavaThread "C2 CompilerThread1" daemon [_thread_in_native, id=8644, stack(0x00000034bfe00000,0x00000034bff00000)]
  0x000001cb7e6c1000 JavaThread "Cache worker for file hash cache (C:\Users\Polina\AndroidStudioProjects\MyApplication\.gradle\7.0.2\fileHashes)" [_thread_blocked, id=10528, stack(0x00000034bff00000,0x00000034c0000000)]
  0x000001cb7e6c1800 JavaThread "File watcher server" daemon [_thread_in_native, id=10532, stack(0x00000034c0000000,0x00000034c0100000)]
  0x000001cb7e6bc000 JavaThread "File watcher consumer" daemon [_thread_blocked, id=8992, stack(0x00000034c0100000,0x00000034c0200000)]

Other Threads:
  0x000001cb7b1f1800 VMThread "VM Thread" [stack: 0x00000034be300000,0x00000034be400000] [id=4396]
  0x000001cb7bc15000 WatcherThread [stack: 0x00000034bed00000,0x00000034bee00000] [id=2524]
  0x000001cb6160d000 GCTaskThread "GC Thread#0" [stack: 0x00000034bde00000,0x00000034bdf00000] [id=10012]
  0x000001cb7c419800 GCTaskThread "GC Thread#1" [stack: 0x00000034bef00000,0x00000034bf000000] [id=7660]
  0x000001cb7c3ee800 GCTaskThread "GC Thread#2" [stack: 0x00000034bf000000,0x00000034bf100000] [id=3476]
  0x000001cb7c383000 GCTaskThread "GC Thread#3" [stack: 0x00000034bf100000,0x00000034bf200000] [id=12900]
  0x000001cb6163e800 ConcurrentGCThread "G1 Main Marker" [stack: 0x00000034bdf00000,0x00000034be000000] [id=5556]
  0x000001cb61640000 ConcurrentGCThread "G1 Conc#0" [stack: 0x00000034be000000,0x00000034be100000] [id=8840]
  0x000001cb616be800 ConcurrentGCThread "G1 Refine#0" [stack: 0x00000034be100000,0x00000034be200000] [id=12424]
  0x000001cb7b047000 ConcurrentGCThread "G1 Young RemSet Sampling" [stack: 0x00000034be200000,0x00000034be300000] [id=3968]

Threads with active compile tasks:
C2 CompilerThread0   7508 2195   !   4       java.net.URLClassLoader$1::run (63 bytes)
C2 CompilerThread1   7508 2194       4       java.net.URLClassLoader$1::run (5 bytes)

VM state:at safepoint (normal execution)

VM Mutex/Monitor currently owned by a thread:  ([mutex/lock_event])
[0x000001cb615ef8f0] Threads_lock - owner thread: 0x000001cb7b1f1800
[0x000001cb615f05e0] Heap_lock - owner thread: 0x000001cb7e792000

Heap address: 0x0000000080000000, size: 2048 MB, Compressed Oops mode: 32-bit
Narrow klass base: 0x0000000000000000, Narrow klass shift: 3
Compressed class space size: 1073741824 Address: 0x0000000100000000

Heap:
 garbage-first heap   total 194560K, used 18533K [0x0000000080000000, 0x0000000100000000)
  region size 1024K, 7 young (7168K), 7 survivors (7168K)
 Metaspace       used 25660K, capacity 26340K, committed 26368K, reserved 1073152K
  class space    used 3351K, capacity 3568K, committed 3584K, reserved 1048576K
Heap Regions: E=young(eden), S=young(survivor), O=old, HS=humongous(starts), HC=humongous(continues), CS=collection set, F=free, A=archive, TAMS=top-at-mark-start (previous, next)
|   0|0x0000000080000000, 0x0000000080100000, 0x0000000080100000|100%| O|  |TAMS 0x0000000080100000, 0x0000000080100000| Untracked 
|   1|0x0000000080100000, 0x0000000080200000, 0x0000000080200000|100%| O|  |TAMS 0x00000000801ad600, 0x0000000080200000| Untracked 
|   2|0x0000000080200000, 0x0000000080300000, 0x0000000080300000|100%| O|  |TAMS 0x0000000080200000, 0x0000000080300000| Untracked 
|   3|0x0000000080300000, 0x0000000080400000, 0x0000000080400000|100%|HS|  |TAMS 0x0000000080400000, 0x0000000080400000| Complete 
|   4|0x0000000080400000, 0x0000000080500000, 0x0000000080500000|100%|HC|  |TAMS 0x0000000080500000, 0x0000000080500000| Complete 
|   5|0x0000000080500000, 0x0000000080600000, 0x0000000080600000|100%|HC|  |TAMS 0x0000000080600000, 0x0000000080600000| Complete 
|   6|0x0000000080600000, 0x0000000080700000, 0x0000000080700000|100%| O|  |TAMS 0x0000000080700000, 0x0000000080700000| Untracked 
|   7|0x0000000080700000, 0x0000000080800000, 0x0000000080800000|100%| O|  |TAMS 0x0000000080800000, 0x0000000080800000| Untracked 
|   8|0x0000000080800000, 0x0000000080900000, 0x0000000080900000|100%| O|  |TAMS 0x0000000080900000, 0x0000000080900000| Untracked 
|   9|0x0000000080900000, 0x0000000080a00000, 0x0000000080a00000|100%| O|  |TAMS 0x0000000080900000, 0x0000000080a00000| Untracked 
|  10|0x0000000080a00000, 0x0000000080b00000, 0x0000000080b00000|100%| O|  |TAMS 0x0000000080a00000, 0x0000000080b00000| Untracked 
|  11|0x0000000080b00000, 0x0000000080b36e08, 0x0000000080c00000| 21%| O|  |TAMS 0x0000000080b00000, 0x0000000080b36e08| Untracked 
|  12|0x0000000080c00000, 0x0000000080c00000, 0x0000000080d00000|  0%| F|  |TAMS 0x0000000080c00000, 0x0000000080c00000| Untracked 
|  13|0x0000000080d00000, 0x0000000080d00000, 0x0000000080e00000|  0%| F|  |TAMS 0x0000000080d00000, 0x0000000080d00000| Untracked 
|  14|0x0000000080e00000, 0x0000000080e00000, 0x0000000080f00000|  0%| F|  |TAMS 0x0000000080e00000, 0x0000000080e00000| Untracked 
|  15|0x0000000080f00000, 0x0000000080f00000, 0x0000000081000000|  0%| F|  |TAMS 0x0000000080f00000, 0x0000000080f00000| Untracked 
|  16|0x0000000081000000, 0x0000000081000000, 0x0000000081100000|  0%| F|  |TAMS 0x0000000081000000, 0x0000000081000000| Untracked 
|  17|0x0000000081100000, 0x0000000081100000, 0x0000000081200000|  0%| F|  |TAMS 0x0000000081100000, 0x0000000081100000| Untracked 
|  18|0x0000000081200000, 0x0000000081200000, 0x0000000081300000|  0%| F|  |TAMS 0x0000000081200000, 0x0000000081200000| Untracked 
|  19|0x0000000081300000, 0x0000000081300000, 0x0000000081400000|  0%| F|  |TAMS 0x0000000081300000, 0x0000000081300000| Untracked 
|  20|0x0000000081400000, 0x0000000081400000, 0x0000000081500000|  0%| F|  |TAMS 0x0000000081400000, 0x0000000081400000| Untracked 
|  21|0x0000000081500000, 0x0000000081500000, 0x0000000081600000|  0%| F|  |TAMS 0x0000000081500000, 0x0000000081500000| Untracked 
|  22|0x0000000081600000, 0x0000000081600000, 0x0000000081700000|  0%| F|  |TAMS 0x0000000081600000, 0x0000000081600000| Untracked 
|  23|0x0000000081700000, 0x0000000081700000, 0x0000000081800000|  0%| F|  |TAMS 0x0000000081700000, 0x0000000081700000| Untracked 
|  24|0x0000000081800000, 0x0000000081800000, 0x0000000081900000|  0%| F|  |TAMS 0x0000000081800000, 0x0000000081800000| Untracked 
|  25|0x0000000081900000, 0x0000000081900000, 0x0000000081a00000|  0%| F|  |TAMS 0x0000000081900000, 0x0000000081900000| Untracked 
|  26|0x0000000081a00000, 0x0000000081a00000, 0x0000000081b00000|  0%| F|  |TAMS 0x0000000081a00000, 0x0000000081a00000| Untracked 
|  27|0x0000000081b00000, 0x0000000081b00000, 0x0000000081c00000|  0%| F|  |TAMS 0x0000000081b00000, 0x0000000081b00000| Untracked 
|  28|0x0000000081c00000, 0x0000000081c00000, 0x0000000081d00000|  0%| F|  |TAMS 0x0000000081c00000, 0x0000000081c00000| Untracked 
|  29|0x0000000081d00000, 0x0000000081d00000, 0x0000000081e00000|  0%| F|  |TAMS 0x0000000081d00000, 0x0000000081d00000| Untracked 
|  30|0x0000000081e00000, 0x0000000081e00000, 0x0000000081f00000|  0%| F|  |TAMS 0x0000000081e00000, 0x0000000081e00000| Untracked 
|  31|0x0000000081f00000, 0x0000000081f00000, 0x0000000082000000|  0%| F|  |TAMS 0x0000000081f00000, 0x0000000081f00000| Untracked 
|  32|0x0000000082000000, 0x0000000082000000, 0x0000000082100000|  0%| F|  |TAMS 0x0000000082000000, 0x0000000082000000| Untracked 
|  33|0x0000000082100000, 0x0000000082100000, 0x0000000082200000|  0%| F|  |TAMS 0x0000000082100000, 0x0000000082100000| Untracked 
|  34|0x0000000082200000, 0x0000000082200000, 0x0000000082300000|  0%| F|  |TAMS 0x0000000082200000, 0x0000000082200000| Untracked 
|  35|0x0000000082300000, 0x0000000082300000, 0x0000000082400000|  0%| F|  |TAMS 0x0000000082300000, 0x0000000082300000| Untracked 
|  36|0x0000000082400000, 0x0000000082400000, 0x0000000082500000|  0%| F|  |TAMS 0x0000000082400000, 0x0000000082400000| Untracked 
|  37|0x0000000082500000, 0x0000000082500000, 0x0000000082600000|  0%| F|  |TAMS 0x0000000082500000, 0x0000000082500000| Untracked 
|  38|0x0000000082600000, 0x0000000082600000, 0x0000000082700000|  0%| F|  |TAMS 0x0000000082600000, 0x0000000082600000| Untracked 
|  39|0x0000000082700000, 0x0000000082700000, 0x0000000082800000|  0%| F|  |TAMS 0x0000000082700000, 0x0000000082700000| Untracked 
|  40|0x0000000082800000, 0x0000000082800000, 0x0000000082900000|  0%| F|  |TAMS 0x0000000082800000, 0x0000000082800000| Untracked 
|  41|0x0000000082900000, 0x0000000082900000, 0x0000000082a00000|  0%| F|  |TAMS 0x0000000082900000, 0x0000000082900000| Untracked 
|  42|0x0000000082a00000, 0x0000000082a00000, 0x0000000082b00000|  0%| F|  |TAMS 0x0000000082a00000, 0x0000000082a00000| Untracked 
|  43|0x0000000082b00000, 0x0000000082b00000, 0x0000000082c00000|  0%| F|  |TAMS 0x0000000082b00000, 0x0000000082b00000| Untracked 
|  44|0x0000000082c00000, 0x0000000082c00000, 0x0000000082d00000|  0%| F|  |TAMS 0x0000000082c00000, 0x0000000082c00000| Untracked 
|  45|0x0000000082d00000, 0x0000000082d00000, 0x0000000082e00000|  0%| F|  |TAMS 0x0000000082d00000, 0x0000000082d00000| Untracked 
|  46|0x0000000082e00000, 0x0000000082e00000, 0x0000000082f00000|  0%| F|  |TAMS 0x0000000082e00000, 0x0000000082e00000| Untracked 
|  47|0x0000000082f00000, 0x0000000082f00000, 0x0000000083000000|  0%| F|  |TAMS 0x0000000082f00000, 0x0000000082f00000| Untracked 
|  48|0x0000000083000000, 0x0000000083000000, 0x0000000083100000|  0%| F|  |TAMS 0x0000000083000000, 0x0000000083000000| Untracked 
|  49|0x0000000083100000, 0x0000000083100000, 0x0000000083200000|  0%| F|  |TAMS 0x0000000083100000, 0x0000000083100000| Untracked 
|  50|0x0000000083200000, 0x0000000083200000, 0x0000000083300000|  0%| F|  |TAMS 0x0000000083200000, 0x0000000083200000| Untracked 
|  51|0x0000000083300000, 0x0000000083300000, 0x0000000083400000|  0%| F|  |TAMS 0x0000000083300000, 0x0000000083300000| Untracked 
|  52|0x0000000083400000, 0x0000000083400000, 0x0000000083500000|  0%| F|  |TAMS 0x0000000083400000, 0x0000000083400000| Untracked 
|  53|0x0000000083500000, 0x0000000083500000, 0x0000000083600000|  0%| F|  |TAMS 0x0000000083500000, 0x0000000083500000| Untracked 
|  54|0x0000000083600000, 0x0000000083600000, 0x0000000083700000|  0%| F|  |TAMS 0x0000000083600000, 0x0000000083600000| Untracked 
|  55|0x0000000083700000, 0x0000000083700000, 0x0000000083800000|  0%| F|  |TAMS 0x0000000083700000, 0x0000000083700000| Untracked 
|  56|0x0000000083800000, 0x0000000083800000, 0x0000000083900000|  0%| F|  |TAMS 0x0000000083800000, 0x0000000083800000| Untracked 
|  57|0x0000000083900000, 0x0000000083900000, 0x0000000083a00000|  0%| F|  |TAMS 0x0000000083900000, 0x0000000083900000| Untracked 
|  58|0x0000000083a00000, 0x0000000083a00000, 0x0000000083b00000|  0%| F|  |TAMS 0x0000000083a00000, 0x0000000083a00000| Untracked 
|  59|0x0000000083b00000, 0x0000000083b00000, 0x0000000083c00000|  0%| F|  |TAMS 0x0000000083b00000, 0x0000000083b00000| Untracked 
|  60|0x0000000083c00000, 0x0000000083c00000, 0x0000000083d00000|  0%| F|  |TAMS 0x0000000083c00000, 0x0000000083c00000| Untracked 
|  61|0x0000000083d00000, 0x0000000083d00000, 0x0000000083e00000|  0%| F|  |TAMS 0x0000000083d00000, 0x0000000083d00000| Untracked 
|  62|0x0000000083e00000, 0x0000000083e00000, 0x0000000083f00000|  0%| F|  |TAMS 0x0000000083e00000, 0x0000000083e00000| Untracked 
|  63|0x0000000083f00000, 0x0000000083f00000, 0x0000000084000000|  0%| F|  |TAMS 0x0000000083f00000, 0x0000000083f00000| Untracked 
|  64|0x0000000084000000, 0x0000000084000000, 0x0000000084100000|  0%| F|  |TAMS 0x0000000084000000, 0x0000000084000000| Untracked 
|  65|0x0000000084100000, 0x0000000084100000, 0x0000000084200000|  0%| F|  |TAMS 0x0000000084100000, 0x0000000084100000| Untracked 
|  66|0x0000000084200000, 0x0000000084200000, 0x0000000084300000|  0%| F|  |TAMS 0x0000000084200000, 0x0000000084200000| Untracked 
|  67|0x0000000084300000, 0x0000000084300000, 0x0000000084400000|  0%| F|  |TAMS 0x0000000084300000, 0x0000000084300000| Untracked 
|  68|0x0000000084400000, 0x0000000084400000, 0x0000000084500000|  0%| F|  |TAMS 0x0000000084400000, 0x0000000084400000| Untracked 
|  69|0x0000000084500000, 0x0000000084500000, 0x0000000084600000|  0%| F|  |TAMS 0x0000000084500000, 0x0000000084500000| Untracked 
|  70|0x0000000084600000, 0x0000000084600000, 0x0000000084700000|  0%| F|  |TAMS 0x0000000084600000, 0x0000000084600000| Untracked 
|  71|0x0000000084700000, 0x0000000084700000, 0x0000000084800000|  0%| F|  |TAMS 0x0000000084700000, 0x0000000084700000| Untracked 
|  72|0x0000000084800000, 0x0000000084800000, 0x0000000084900000|  0%| F|  |TAMS 0x0000000084800000, 0x0000000084800000| Untracked 
|  73|0x0000000084900000, 0x0000000084900000, 0x0000000084a00000|  0%| F|  |TAMS 0x0000000084900000, 0x0000000084900000| Untracked 
|  74|0x0000000084a00000, 0x0000000084a00000, 0x0000000084b00000|  0%| F|  |TAMS 0x0000000084a00000, 0x0000000084a00000| Untracked 
|  75|0x0000000084b00000, 0x0000000084b00000, 0x0000000084c00000|  0%| F|  |TAMS 0x0000000084b00000, 0x0000000084b00000| Untracked 
|  76|0x0000000084c00000, 0x0000000084c00000, 0x0000000084d00000|  0%| F|  |TAMS 0x0000000084c00000, 0x0000000084c00000| Untracked 
|  77|0x0000000084d00000, 0x0000000084d00000, 0x0000000084e00000|  0%| F|  |TAMS 0x0000000084d00000, 0x0000000084d00000| Untracked 
|  78|0x0000000084e00000, 0x0000000084e00000, 0x0000000084f00000|  0%| F|  |TAMS 0x0000000084e00000, 0x0000000084e00000| Untracked 
|  79|0x0000000084f00000, 0x0000000084f00000, 0x0000000085000000|  0%| F|  |TAMS 0x0000000084f00000, 0x0000000084f00000| Untracked 
|  80|0x0000000085000000, 0x0000000085000000, 0x0000000085100000|  0%| F|  |TAMS 0x0000000085000000, 0x0000000085000000| Untracked 
|  81|0x0000000085100000, 0x0000000085100000, 0x0000000085200000|  0%| F|  |TAMS 0x0000000085100000, 0x0000000085100000| Untracked 
|  82|0x0000000085200000, 0x0000000085200000, 0x0000000085300000|  0%| F|  |TAMS 0x0000000085200000, 0x0000000085200000| Untracked 
|  83|0x0000000085300000, 0x0000000085300000, 0x0000000085400000|  0%| F|  |TAMS 0x0000000085300000, 0x0000000085300000| Untracked 
|  84|0x0000000085400000, 0x0000000085400000, 0x0000000085500000|  0%| F|  |TAMS 0x0000000085400000, 0x0000000085400000| Untracked 
|  85|0x0000000085500000, 0x0000000085500000, 0x0000000085600000|  0%| F|  |TAMS 0x0000000085500000, 0x0000000085500000| Untracked 
|  86|0x0000000085600000, 0x0000000085600000, 0x0000000085700000|  0%| F|  |TAMS 0x0000000085600000, 0x0000000085600000| Untracked 
|  87|0x0000000085700000, 0x0000000085700000, 0x0000000085800000|  0%| F|  |TAMS 0x0000000085700000, 0x0000000085700000| Untracked 
|  88|0x0000000085800000, 0x0000000085800000, 0x0000000085900000|  0%| F|  |TAMS 0x0000000085800000, 0x0000000085800000| Untracked 
|  89|0x0000000085900000, 0x0000000085900000, 0x0000000085a00000|  0%| F|  |TAMS 0x0000000085900000, 0x0000000085900000| Untracked 
|  90|0x0000000085a00000, 0x0000000085a00000, 0x0000000085b00000|  0%| F|  |TAMS 0x0000000085a00000, 0x0000000085a00000| Untracked 
|  91|0x0000000085b00000, 0x0000000085b00000, 0x0000000085c00000|  0%| F|  |TAMS 0x0000000085b00000, 0x0000000085b00000| Untracked 
|  92|0x0000000085c00000, 0x0000000085c00000, 0x0000000085d00000|  0%| F|  |TAMS 0x0000000085c00000, 0x0000000085c00000| Untracked 
|  93|0x0000000085d00000, 0x0000000085d00000, 0x0000000085e00000|  0%| F|  |TAMS 0x0000000085d00000, 0x0000000085d00000| Untracked 
|  94|0x0000000085e00000, 0x0000000085e00000, 0x0000000085f00000|  0%| F|  |TAMS 0x0000000085e00000, 0x0000000085e00000| Untracked 
|  95|0x0000000085f00000, 0x0000000085f00000, 0x0000000086000000|  0%| F|  |TAMS 0x0000000085f00000, 0x0000000085f00000| Untracked 
|  96|0x0000000086000000, 0x0000000086000000, 0x0000000086100000|  0%| F|  |TAMS 0x0000000086000000, 0x0000000086000000| Untracked 
|  97|0x0000000086100000, 0x0000000086100000, 0x0000000086200000|  0%| F|  |TAMS 0x0000000086100000, 0x0000000086100000| Untracked 
|  98|0x0000000086200000, 0x0000000086200000, 0x0000000086300000|  0%| F|  |TAMS 0x0000000086200000, 0x0000000086200000| Untracked 
|  99|0x0000000086300000, 0x0000000086300000, 0x0000000086400000|  0%| F|  |TAMS 0x0000000086300000, 0x0000000086300000| Untracked 
| 100|0x0000000086400000, 0x0000000086400000, 0x0000000086500000|  0%| F|  |TAMS 0x0000000086400000, 0x0000000086400000| Untracked 
| 101|0x0000000086500000, 0x0000000086500000, 0x0000000086600000|  0%| F|  |TAMS 0x0000000086500000, 0x0000000086500000| Untracked 
| 102|0x0000000086600000, 0x0000000086600000, 0x0000000086700000|  0%| F|  |TAMS 0x0000000086600000, 0x0000000086600000| Untracked 
| 103|0x0000000086700000, 0x0000000086700000, 0x0000000086800000|  0%| F|  |TAMS 0x0000000086700000, 0x0000000086700000| Untracked 
| 104|0x0000000086800000, 0x0000000086800000, 0x0000000086900000|  0%| F|  |TAMS 0x0000000086800000, 0x0000000086800000| Untracked 
| 105|0x0000000086900000, 0x0000000086900000, 0x0000000086a00000|  0%| F|  |TAMS 0x0000000086900000, 0x0000000086900000| Untracked 
| 106|0x0000000086a00000, 0x0000000086a00000, 0x0000000086b00000|  0%| F|  |TAMS 0x0000000086a00000, 0x0000000086a00000| Untracked 
| 107|0x0000000086b00000, 0x0000000086b00000, 0x0000000086c00000|  0%| F|  |TAMS 0x0000000086b00000, 0x0000000086b00000| Untracked 
| 108|0x0000000086c00000, 0x0000000086c00000, 0x0000000086d00000|  0%| F|  |TAMS 0x0000000086c00000, 0x0000000086c00000| Untracked 
| 109|0x0000000086d00000, 0x0000000086d00000, 0x0000000086e00000|  0%| F|  |TAMS 0x0000000086d00000, 0x0000000086d00000| Untracked 
| 110|0x0000000086e00000, 0x0000000086e00000, 0x0000000086f00000|  0%| F|  |TAMS 0x0000000086e00000, 0x0000000086e00000| Untracked 
| 111|0x0000000086f00000, 0x0000000086f00000, 0x0000000087000000|  0%| F|  |TAMS 0x0000000086f00000, 0x0000000086f00000| Untracked 
| 112|0x0000000087000000, 0x0000000087000000, 0x0000000087100000|  0%| F|  |TAMS 0x0000000087000000, 0x0000000087000000| Untracked 
| 113|0x0000000087100000, 0x0000000087100000, 0x0000000087200000|  0%| F|  |TAMS 0x0000000087100000, 0x0000000087100000| Untracked 
| 114|0x0000000087200000, 0x0000000087200000, 0x0000000087300000|  0%| F|  |TAMS 0x0000000087200000, 0x0000000087200000| Untracked 
| 115|0x0000000087300000, 0x0000000087300000, 0x0000000087400000|  0%| F|  |TAMS 0x0000000087300000, 0x0000000087300000| Untracked 
| 116|0x0000000087400000, 0x0000000087400000, 0x0000000087500000|  0%| F|  |TAMS 0x0000000087400000, 0x0000000087400000| Untracked 
| 117|0x0000000087500000, 0x0000000087500000, 0x0000000087600000|  0%| F|  |TAMS 0x0000000087500000, 0x0000000087500000| Untracked 
| 118|0x0000000087600000, 0x0000000087600000, 0x0000000087700000|  0%| F|  |TAMS 0x0000000087600000, 0x0000000087600000| Untracked 
| 119|0x0000000087700000, 0x0000000087700000, 0x0000000087800000|  0%| F|  |TAMS 0x0000000087700000, 0x0000000087700000| Untracked 
| 120|0x0000000087800000, 0x0000000087800000, 0x0000000087900000|  0%| F|  |TAMS 0x0000000087800000, 0x0000000087800000| Untracked 
| 121|0x0000000087900000, 0x0000000087900000, 0x0000000087a00000|  0%| F|  |TAMS 0x0000000087900000, 0x0000000087900000| Untracked 
| 122|0x0000000087a00000, 0x0000000087a00000, 0x0000000087b00000|  0%| F|  |TAMS 0x0000000087a00000, 0x0000000087a00000| Untracked 
| 123|0x0000000087b00000, 0x0000000087b00000, 0x0000000087c00000|  0%| F|  |TAMS 0x0000000087b00000, 0x0000000087b00000| Untracked 
| 124|0x0000000087c00000, 0x0000000087c00000, 0x0000000087d00000|  0%| F|  |TAMS 0x0000000087c00000, 0x0000000087c00000| Untracked 
| 125|0x0000000087d00000, 0x0000000087d00000, 0x0000000087e00000|  0%| F|  |TAMS 0x0000000087d00000, 0x0000000087d00000| Untracked 
| 126|0x0000000087e00000, 0x0000000087e00000, 0x0000000087f00000|  0%| F|  |TAMS 0x0000000087e00000, 0x0000000087e00000| Untracked 
| 127|0x0000000087f00000, 0x0000000087f00000, 0x0000000088000000|  0%| F|  |TAMS 0x0000000087f00000, 0x0000000087f00000| Untracked 
| 128|0x0000000088000000, 0x0000000088000000, 0x0000000088100000|  0%| F|  |TAMS 0x0000000088000000, 0x0000000088000000| Untracked 
| 129|0x0000000088100000, 0x0000000088100000, 0x0000000088200000|  0%| F|  |TAMS 0x0000000088100000, 0x0000000088100000| Untracked 
| 130|0x0000000088200000, 0x0000000088200000, 0x0000000088300000|  0%| F|  |TAMS 0x0000000088200000, 0x0000000088200000| Untracked 
| 131|0x0000000088300000, 0x0000000088300000, 0x0000000088400000|  0%| F|  |TAMS 0x0000000088300000, 0x0000000088300000| Untracked 
| 132|0x0000000088400000, 0x0000000088400000, 0x0000000088500000|  0%| F|  |TAMS 0x0000000088400000, 0x0000000088400000| Untracked 
| 133|0x0000000088500000, 0x00000000885e2900, 0x0000000088600000| 88%| S|CS|TAMS 0x0000000088500000, 0x0000000088500000| Complete 
| 134|0x0000000088600000, 0x0000000088700000, 0x0000000088700000|100%| S|CS|TAMS 0x0000000088600000, 0x0000000088600000| Complete 
| 135|0x0000000088700000, 0x0000000088800000, 0x0000000088800000|100%| S|CS|TAMS 0x0000000088700000, 0x0000000088700000| Complete 
| 136|0x0000000088800000, 0x0000000088900000, 0x0000000088900000|100%| S|CS|TAMS 0x0000000088800000, 0x0000000088800000| Complete 
| 137|0x0000000088900000, 0x0000000088a00000, 0x0000000088a00000|100%| S|CS|TAMS 0x0000000088900000, 0x0000000088900000| Complete 
| 138|0x0000000088a00000, 0x0000000088b00000, 0x0000000088b00000|100%| S|CS|TAMS 0x0000000088a00000, 0x0000000088a00000| Complete 
| 139|0x0000000088b00000, 0x0000000088c00000, 0x0000000088c00000|100%| S|CS|TAMS 0x0000000088b00000, 0x0000000088b00000| Complete 
| 140|0x0000000088c00000, 0x0000000088c00000, 0x0000000088d00000|  0%| F|  |TAMS 0x0000000088c00000, 0x0000000088c00000| Untracked 
| 141|0x0000000088d00000, 0x0000000088d00000, 0x0000000088e00000|  0%| F|  |TAMS 0x0000000088d00000, 0x0000000088d00000| Untracked 
| 142|0x0000000088e00000, 0x0000000088e00000, 0x0000000088f00000|  0%| F|  |TAMS 0x0000000088e00000, 0x0000000088e00000| Untracked 
| 143|0x0000000088f00000, 0x0000000088f00000, 0x0000000089000000|  0%| F|  |TAMS 0x0000000088f00000, 0x0000000088f00000| Untracked 
| 144|0x0000000089000000, 0x0000000089000000, 0x0000000089100000|  0%| F|  |TAMS 0x0000000089000000, 0x0000000089000000| Untracked 
| 145|0x0000000089100000, 0x0000000089100000, 0x0000000089200000|  0%| F|  |TAMS 0x0000000089100000, 0x0000000089100000| Untracked 
| 146|0x0000000089200000, 0x0000000089200000, 0x0000000089300000|  0%| F|  |TAMS 0x0000000089200000, 0x0000000089200000| Untracked 
| 147|0x0000000089300000, 0x0000000089300000, 0x0000000089400000|  0%| F|  |TAMS 0x0000000089300000, 0x0000000089300000| Untracked 
| 148|0x0000000089400000, 0x0000000089400000, 0x0000000089500000|  0%| F|  |TAMS 0x0000000089400000, 0x0000000089400000| Untracked 
| 149|0x0000000089500000, 0x0000000089500000, 0x0000000089600000|  0%| F|  |TAMS 0x0000000089500000, 0x0000000089500000| Untracked 
| 150|0x0000000089600000, 0x0000000089600000, 0x0000000089700000|  0%| F|  |TAMS 0x0000000089600000, 0x0000000089600000| Untracked 
| 151|0x0000000089700000, 0x0000000089700000, 0x0000000089800000|  0%| F|  |TAMS 0x0000000089700000, 0x0000000089700000| Untracked 
| 152|0x0000000089800000, 0x0000000089800000, 0x0000000089900000|  0%| F|  |TAMS 0x0000000089800000, 0x0000000089800000| Untracked 
| 153|0x0000000089900000, 0x0000000089900000, 0x0000000089a00000|  0%| F|  |TAMS 0x0000000089900000, 0x0000000089900000| Untracked 
| 154|0x0000000089a00000, 0x0000000089a00000, 0x0000000089b00000|  0%| F|  |TAMS 0x0000000089a00000, 0x0000000089a00000| Untracked 
| 155|0x0000000089b00000, 0x0000000089b00000, 0x0000000089c00000|  0%| F|  |TAMS 0x0000000089b00000, 0x0000000089b00000| Untracked 
| 156|0x0000000089c00000, 0x0000000089c00000, 0x0000000089d00000|  0%| F|  |TAMS 0x0000000089c00000, 0x0000000089c00000| Untracked 
| 157|0x0000000089d00000, 0x0000000089d00000, 0x0000000089e00000|  0%| F|  |TAMS 0x0000000089d00000, 0x0000000089d00000| Untracked 
| 158|0x0000000089e00000, 0x0000000089e00000, 0x0000000089f00000|  0%| F|  |TAMS 0x0000000089e00000, 0x0000000089e00000| Untracked 
| 159|0x0000000089f00000, 0x0000000089f00000, 0x000000008a000000|  0%| F|  |TAMS 0x0000000089f00000, 0x0000000089f00000| Untracked 
| 160|0x000000008a000000, 0x000000008a000000, 0x000000008a100000|  0%| F|  |TAMS 0x000000008a000000, 0x000000008a000000| Untracked 
| 161|0x000000008a100000, 0x000000008a100000, 0x000000008a200000|  0%| F|  |TAMS 0x000000008a100000, 0x000000008a100000| Untracked 
| 162|0x000000008a200000, 0x000000008a200000, 0x000000008a300000|  0%| F|  |TAMS 0x000000008a200000, 0x000000008a200000| Untracked 
| 163|0x000000008a300000, 0x000000008a300000, 0x000000008a400000|  0%| F|  |TAMS 0x000000008a300000, 0x000000008a300000| Untracked 
| 164|0x000000008a400000, 0x000000008a400000, 0x000000008a500000|  0%| F|  |TAMS 0x000000008a400000, 0x000000008a400000| Untracked 
| 165|0x000000008a500000, 0x000000008a500000, 0x000000008a600000|  0%| F|  |TAMS 0x000000008a500000, 0x000000008a500000| Untracked 
| 166|0x000000008a600000, 0x000000008a600000, 0x000000008a700000|  0%| F|  |TAMS 0x000000008a600000, 0x000000008a600000| Untracked 
| 167|0x000000008a700000, 0x000000008a700000, 0x000000008a800000|  0%| F|  |TAMS 0x000000008a700000, 0x000000008a700000| Untracked 
| 168|0x000000008a800000, 0x000000008a800000, 0x000000008a900000|  0%| F|  |TAMS 0x000000008a800000, 0x000000008a800000| Untracked 
| 169|0x000000008a900000, 0x000000008a900000, 0x000000008aa00000|  0%| F|  |TAMS 0x000000008a900000, 0x000000008a900000| Untracked 
| 170|0x000000008aa00000, 0x000000008aa00000, 0x000000008ab00000|  0%| F|  |TAMS 0x000000008aa00000, 0x000000008aa00000| Untracked 
| 171|0x000000008ab00000, 0x000000008ab00000, 0x000000008ac00000|  0%| F|  |TAMS 0x000000008ab00000, 0x000000008ab00000| Untracked 
| 172|0x000000008ac00000, 0x000000008ac00000, 0x000000008ad00000|  0%| F|  |TAMS 0x000000008ac00000, 0x000000008ac00000| Untracked 
| 173|0x000000008ad00000, 0x000000008ad00000, 0x000000008ae00000|  0%| F|  |TAMS 0x000000008ad00000, 0x000000008ad00000| Untracked 
| 174|0x000000008ae00000, 0x000000008ae00000, 0x000000008af00000|  0%| F|  |TAMS 0x000000008ae00000, 0x000000008ae00000| Untracked 
| 175|0x000000008af00000, 0x000000008af00000, 0x000000008b000000|  0%| F|  |TAMS 0x000000008af00000, 0x000000008af00000| Untracked 
| 176|0x000000008b000000, 0x000000008b000000, 0x000000008b100000|  0%| F|  |TAMS 0x000000008b000000, 0x000000008b000000| Untracked 
| 177|0x000000008b100000, 0x000000008b100000, 0x000000008b200000|  0%| F|  |TAMS 0x000000008b100000, 0x000000008b100000| Untracked 
| 178|0x000000008b200000, 0x000000008b200000, 0x000000008b300000|  0%| F|  |TAMS 0x000000008b200000, 0x000000008b200000| Untracked 
| 179|0x000000008b300000, 0x000000008b300000, 0x000000008b400000|  0%| F|  |TAMS 0x000000008b300000, 0x000000008b300000| Untracked 
| 180|0x000000008b400000, 0x000000008b400000, 0x000000008b500000|  0%| F|  |TAMS 0x000000008b400000, 0x000000008b400000| Untracked 
| 181|0x000000008b500000, 0x000000008b500000, 0x000000008b600000|  0%| F|  |TAMS 0x000000008b500000, 0x000000008b500000| Untracked 
| 182|0x000000008b600000, 0x000000008b600000, 0x000000008b700000|  0%| F|  |TAMS 0x000000008b600000, 0x000000008b600000| Untracked 
| 183|0x000000008b700000, 0x000000008b700000, 0x000000008b800000|  0%| F|  |TAMS 0x000000008b700000, 0x000000008b700000| Untracked 
| 184|0x000000008b800000, 0x000000008b800000, 0x000000008b900000|  0%| F|  |TAMS 0x000000008b800000, 0x000000008b800000| Untracked 
| 185|0x000000008b900000, 0x000000008b900000, 0x000000008ba00000|  0%| F|  |TAMS 0x000000008b900000, 0x000000008b900000| Untracked 
| 186|0x000000008ba00000, 0x000000008ba00000, 0x000000008bb00000|  0%| F|  |TAMS 0x000000008ba00000, 0x000000008ba00000| Untracked 
| 187|0x000000008bb00000, 0x000000008bb00000, 0x000000008bc00000|  0%| F|  |TAMS 0x000000008bb00000, 0x000000008bb00000| Untracked 
| 188|0x000000008bc00000, 0x000000008bc00000, 0x000000008bd00000|  0%| F|  |TAMS 0x000000008bc00000, 0x000000008bc00000| Untracked 
| 189|0x000000008bd00000, 0x000000008bd00000, 0x000000008be00000|  0%| F|  |TAMS 0x000000008bd00000, 0x000000008bd00000| Untracked 

Card table byte_map: [0x000001cb744d0000,0x000001cb748d0000] _byte_map_base: 0x000001cb740d0000

Marking Bits (Prev, Next): (CMBitMap*) 0x000001cb61635be0, (CMBitMap*) 0x000001cb61635ba8
 Prev Bits: [0x000001cb76cd0000, 0x000001cb78cd0000)
 Next Bits: [0x000001cb74cd0000, 0x000001cb76cd0000)

Polling page: 0x000001cb60dc0000

Metaspace:

Usage:
  Non-class:     22.24 MB capacity,    21.79 MB ( 98%) used,   412.73 KB (  2%) free+waste,    50.00 KB ( <1%) overhead. 
      Class:      3.48 MB capacity,     3.27 MB ( 94%) used,   191.15 KB (  5%) free+waste,    25.25 KB ( <1%) overhead. 
       Both:     25.72 MB capacity,    25.06 MB ( 97%) used,   603.88 KB (  2%) free+waste,    75.25 KB ( <1%) overhead. 

Virtual space:
  Non-class space:       24.00 MB reserved,      22.25 MB ( 93%) committed 
      Class space:        1.00 GB reserved,       3.50 MB ( <1%) committed 
             Both:        1.02 GB reserved,      25.75 MB (  2%) committed 

Chunk freelists:
   Non-Class:  12.00 KB
       Class:  16.00 KB
        Both:  28.00 KB

MaxMetaspaceSize: 17179869184.00 GB
CompressedClassSpaceSize: 1.00 GB

CodeHeap 'non-profiled nmethods': size=120064Kb used=1099Kb max_used=1099Kb free=118964Kb
 bounds [0x000001cb6cb90000, 0x000001cb6ce00000, 0x000001cb740d0000]
CodeHeap 'profiled nmethods': size=120000Kb used=4691Kb max_used=4691Kb free=115308Kb
 bounds [0x000001cb65660000, 0x000001cb65b00000, 0x000001cb6cb90000]
CodeHeap 'non-nmethods': size=5696Kb used=1158Kb max_used=1185Kb free=4537Kb
 bounds [0x000001cb650d0000, 0x000001cb65340000, 0x000001cb65660000]
 total_blobs=2720 nmethods=2219 adapters=412
 compilation: enabled
              stopped_count=0, restarted_count=0
 full_count=0

Compilation events (20 events):
Event: 7.329 Thread 0x000001cb7ba29800 nmethod 2199 0x000001cb6cca2610 code [0x000001cb6cca27e0, 0x000001cb6cca2a98]
Event: 7.329 Thread 0x000001cb7ba29800 2195   !   4       java.net.URLClassLoader$1::run (63 bytes)
Event: 7.351 Thread 0x000001cb7ba6e800 2209       3       java.util.concurrent.locks.AbstractQueuedSynchronizer$ConditionObject::checkInterruptWhileWaiting (27 bytes)
Event: 7.352 Thread 0x000001cb7ba6e800 nmethod 2209 0x000001cb65aeab90 code [0x000001cb65aeae40, 0x000001cb65aeb8c8]
Event: 7.386 Thread 0x000001cb7ba6e800 2210       3       java.lang.invoke.MemberName::<init> (131 bytes)
Event: 7.387 Thread 0x000001cb7ba6e800 nmethod 2210 0x000001cb65aebd10 code [0x000001cb65aec060, 0x000001cb65aed458]
Event: 7.388 Thread 0x000001cb7ba6e800 2211       3       java.lang.invoke.MemberName::hashCode (43 bytes)
Event: 7.389 Thread 0x000001cb7ba6e800 nmethod 2211 0x000001cb65aeda10 code [0x000001cb65aedc80, 0x000001cb65aee928]
Event: 7.393 Thread 0x000001cb7ba6e800 2212       3       java.lang.Byte::hashCode (8 bytes)
Event: 7.393 Thread 0x000001cb7ba6e800 nmethod 2212 0x000001cb65aeec90 code [0x000001cb65aeee40, 0x000001cb65aeef98]
Event: 7.393 Thread 0x000001cb7ba6e800 2213       3       java.lang.Byte::hashCode (2 bytes)
Event: 7.393 Thread 0x000001cb7ba6e800 nmethod 2213 0x000001cb65aef090 code [0x000001cb65aef240, 0x000001cb65aef318]
Event: 7.401 Thread 0x000001cb7ba6e800 2216       3       jdk.internal.misc.VM::isSystemDomainLoader (17 bytes)
Event: 7.402 Thread 0x000001cb7ba6e800 nmethod 2216 0x000001cb65aef390 code [0x000001cb65aef5e0, 0x000001cb65aeff58]
Event: 7.449 Thread 0x000001cb7ba6e800 2218       3       java.util.Properties$LineReader::readLine (635 bytes)
Event: 7.453 Thread 0x000001cb7ba6e800 nmethod 2218 0x000001cb65af0290 code [0x000001cb65af0660, 0x000001cb65af2fd8]
Event: 7.454 Thread 0x000001cb7ba6e800 2219       3       java.util.concurrent.ConcurrentHashMap$EntryIterator::next (5 bytes)
Event: 7.454 Thread 0x000001cb7ba6e800 nmethod 2219 0x000001cb65af3c90 code [0x000001cb65af3e40, 0x000001cb65af3f68]
Event: 7.454 Thread 0x000001cb7ba6e800 2220       3       java.util.concurrent.ConcurrentHashMap$MapEntry::<init> (20 bytes)
Event: 7.455 Thread 0x000001cb7ba6e800 nmethod 2220 0x000001cb65af4010 code [0x000001cb65af41c0, 0x000001cb65af4438]

GC Heap History (8 events):
Event: 1.163 GC heap before
{Heap before GC invocations=0 (full 0):
 garbage-first heap   total 194560K, used 19456K [0x0000000080000000, 0x0000000100000000)
  region size 1024K, 14 young (14336K), 0 survivors (0K)
 Metaspace       used 6770K, capacity 7001K, committed 7168K, reserved 1056768K
  class space    used 584K, capacity 650K, committed 768K, reserved 1048576K
}
Event: 1.168 GC heap after
{Heap after GC invocations=1 (full 0):
 garbage-first heap   total 194560K, used 7753K [0x0000000080000000, 0x0000000100000000)
  region size 1024K, 2 young (2048K), 2 survivors (2048K)
 Metaspace       used 6770K, capacity 7001K, committed 7168K, reserved 1056768K
  class space    used 584K, capacity 650K, committed 768K, reserved 1048576K
}
Event: 1.693 GC heap before
{Heap before GC invocations=1 (full 0):
 garbage-first heap   total 194560K, used 20041K [0x0000000080000000, 0x0000000100000000)
  region size 1024K, 14 young (14336K), 2 survivors (2048K)
 Metaspace       used 10254K, capacity 10501K, committed 10624K, reserved 1058816K
  class space    used 1065K, capacity 1139K, committed 1152K, reserved 1048576K
}
Event: 1.697 GC heap after
{Heap after GC invocations=2 (full 0):
 garbage-first heap   total 194560K, used 9201K [0x0000000080000000, 0x0000000100000000)
  region size 1024K, 2 young (2048K), 2 survivors (2048K)
 Metaspace       used 10254K, capacity 10501K, committed 10624K, reserved 1058816K
  class space    used 1065K, capacity 1139K, committed 1152K, reserved 1048576K
}
Event: 2.601 GC heap before
{Heap before GC invocations=2 (full 0):
 garbage-first heap   total 194560K, used 39921K [0x0000000080000000, 0x0000000100000000)
  region size 1024K, 32 young (32768K), 2 survivors (2048K)
 Metaspace       used 11194K, capacity 11518K, committed 11776K, reserved 1060864K
  class space    used 1166K, capacity 1243K, committed 1280K, reserved 1048576K
}
Event: 2.606 GC heap after
{Heap after GC invocations=3 (full 0):
 garbage-first heap   total 194560K, used 11398K [0x0000000080000000, 0x0000000100000000)
  region size 1024K, 4 young (4096K), 4 survivors (4096K)
 Metaspace       used 11194K, capacity 11518K, committed 11776K, reserved 1060864K
  class space    used 1166K, capacity 1243K, committed 1280K, reserved 1048576K
}
Event: 6.084 GC heap before
{Heap before GC invocations=3 (full 0):
 garbage-first heap   total 194560K, used 73862K [0x0000000080000000, 0x0000000100000000)
  region size 1024K, 66 young (67584K), 4 survivors (4096K)
 Metaspace       used 20541K, capacity 21104K, committed 21248K, reserved 1067008K
  class space    used 2502K, capacity 2690K, committed 2816K, reserved 1048576K
}
Event: 6.096 GC heap after
{Heap after GC invocations=4 (full 0):
 garbage-first heap   total 194560K, used 16528K [0x0000000080000000, 0x0000000100000000)
  region size 1024K, 9 young (9216K), 9 survivors (9216K)
 Metaspace       used 20541K, capacity 21104K, committed 21248K, reserved 1067008K
  class space    used 2502K, capacity 2690K, committed 2816K, reserved 1048576K
}

Deoptimization events (20 events):
Event: 6.586 Thread 0x000001cb7e792000 Uncommon trap: trap_request=0xffffff4d fr.pc=0x000001cb6cc07cd4 relative=0x0000000000000094
Event: 6.586 Thread 0x000001cb7e792000 Uncommon trap: reason=unstable_if action=reinterpret pc=0x000001cb6cc07cd4 method=java.util.LinkedHashMap.afterNodeInsertion(Z)V @ 1 c2
Event: 6.586 Thread 0x000001cb7e792000 DEOPT PACKING pc=0x000001cb6cc07cd4 sp=0x00000034bf7fcc60
Event: 6.587 Thread 0x000001cb7e792000 DEOPT UNPACKING pc=0x000001cb650f78af sp=0x00000034bf7fcbe0 mode 2
Event: 6.593 Thread 0x000001cb7e792000 Uncommon trap: trap_request=0xffffff4d fr.pc=0x000001cb6cc3abfc relative=0x000000000000023c
Event: 6.593 Thread 0x000001cb7e792000 Uncommon trap: reason=unstable_if action=reinterpret pc=0x000001cb6cc3abfc method=java.util.concurrent.ConcurrentHashMap.get(Ljava/lang/Object;)Ljava/lang/Object; @ 76 c2
Event: 6.593 Thread 0x000001cb7e792000 DEOPT PACKING pc=0x000001cb6cc3abfc sp=0x00000034bf7fad70
Event: 6.593 Thread 0x000001cb7e792000 DEOPT UNPACKING pc=0x000001cb650f78af sp=0x00000034bf7facd8 mode 2
Event: 7.256 Thread 0x000001cb7e792000 Uncommon trap: trap_request=0xffffff7e fr.pc=0x000001cb6cc8f33c relative=0x000000000000015c
Event: 7.256 Thread 0x000001cb7e792000 Uncommon trap: reason=predicate action=maybe_recompile pc=0x000001cb6cc8f33c method=com.google.common.base.CharMatcher.indexIn(Ljava/lang/CharSequence;I)I @ 19 c2
Event: 7.256 Thread 0x000001cb7e792000 DEOPT PACKING pc=0x000001cb6cc8f33c sp=0x00000034bf7fbd50
Event: 7.256 Thread 0x000001cb7e792000 DEOPT UNPACKING pc=0x000001cb650f78af sp=0x00000034bf7fbce0 mode 2
Event: 7.404 Thread 0x000001cb7e792000 Uncommon trap: trap_request=0xffffffde fr.pc=0x000001cb6cc76fe0 relative=0x0000000000000320
Event: 7.404 Thread 0x000001cb7e792000 Uncommon trap: reason=class_check action=maybe_recompile pc=0x000001cb6cc76fe0 method=java.util.Collections$SetFromMap.remove(Ljava/lang/Object;)Z @ 5 c2
Event: 7.404 Thread 0x000001cb7e792000 DEOPT PACKING pc=0x000001cb6cc76fe0 sp=0x00000034bf7fc770
Event: 7.405 Thread 0x000001cb7e792000 DEOPT UNPACKING pc=0x000001cb650f78af sp=0x00000034bf7fc758 mode 2
Event: 7.405 Thread 0x000001cb7e792000 Uncommon trap: trap_request=0xffffffde fr.pc=0x000001cb6cc76fe0 relative=0x0000000000000320
Event: 7.405 Thread 0x000001cb7e792000 Uncommon trap: reason=class_check action=maybe_recompile pc=0x000001cb6cc76fe0 method=java.util.Collections$SetFromMap.remove(Ljava/lang/Object;)Z @ 5 c2
Event: 7.405 Thread 0x000001cb7e792000 DEOPT PACKING pc=0x000001cb6cc76fe0 sp=0x00000034bf7fc6f0
Event: 7.405 Thread 0x000001cb7e792000 DEOPT UNPACKING pc=0x000001cb650f78af sp=0x00000034bf7fc6d8 mode 2

Classes redefined (0 events):
No events

Internal exceptions (20 events):
Event: 5.829 Thread 0x000001cb7e792000 Exception <a 'java/lang/NoSuchMethodError'{0x00000000884b7ee8}: 'void java.lang.invoke.DirectMethodHandle$Holder.invokeInterface(java.lang.Object, java.lang.Object)'> (0x00000000884b7ee8) thrown at [./src/hotspot/share/interpreter/linkResolver.cpp, line 773]
Event: 5.829 Thread 0x000001cb7e792000 Exception <a 'java/lang/IncompatibleClassChangeError'{0x00000000884bb098}: Found class java.lang.Object, but interface was expected> (0x00000000884bb098) thrown at [./src/hotspot/share/interpreter/linkResolver.cpp, line 839]
Event: 5.863 Thread 0x000001cb7e792000 Exception <a 'java/lang/NoSuchMethodError'{0x0000000088230030}: 'void java.lang.invoke.DirectMethodHandle$Holder.invokeStaticInit(java.lang.Object)'> (0x0000000088230030) thrown at [./src/hotspot/share/interpreter/linkResolver.cpp, line 773]
Event: 5.949 Thread 0x000001cb7e792000 Exception <a 'java/lang/NoSuchMethodError'{0x00000000880a56a0}: 'java.lang.Object java.lang.invoke.DirectMethodHandle$Holder.invokeStatic(java.lang.Object, java.lang.Object, java.lang.Object, int)'> (0x00000000880a56a0) thrown at [./src/hotspot/share/interpreter/linkResolver.cpp, line 773]
Event: 5.950 Thread 0x000001cb7e792000 Exception <a 'java/lang/NoSuchMethodError'{0x00000000880a9868}: 'java.lang.Object java.lang.invoke.DirectMethodHandle$Holder.invokeSpecial(java.lang.Object, java.lang.Object, java.lang.Object, java.lang.Object, int)'> (0x00000000880a9868) thrown at [./src/hotspot/share/interpreter/linkResolver.cpp, line 773]
Event: 5.950 Thread 0x000001cb7e792000 Exception <a 'java/lang/NoSuchMethodError'{0x00000000880ad250}: 'java.lang.Object java.lang.invoke.Invokers$Holder.linkToTargetMethod(java.lang.Object, java.lang.Object, int, java.lang.Object)'> (0x00000000880ad250) thrown at [./src/hotspot/share/interpreter/linkResolver.cpp, line 773]
Event: 6.139 Thread 0x000001cb7e792000 Exception <a 'java/lang/NoSuchMethodError'{0x000000008bdf5d50}: 'int java.lang.invoke.DirectMethodHandle$Holder.invokeSpecialIFC(java.lang.Object, java.lang.Object, java.lang.Object, java.lang.Object)'> (0x000000008bdf5d50) thrown at [./src/hotspot/share/interpreter/linkResolver.cpp, line 773]
Event: 6.143 Thread 0x000001cb7e792000 Exception <a 'java/lang/NoSuchMethodError'{0x000000008bc03fa0}: 'java.lang.Object java.lang.invoke.DirectMethodHandle$Holder.invokeInterface(java.lang.Object, java.lang.Object, java.lang.Object)'> (0x000000008bc03fa0) thrown at [./src/hotspot/share/interpreter/linkResolver.cpp, line 773]
Event: 6.143 Thread 0x000001cb7e792000 Exception <a 'java/lang/IncompatibleClassChangeError'{0x000000008bc074a8}: Found class java.lang.Object, but interface was expected> (0x000000008bc074a8) thrown at [./src/hotspot/share/interpreter/linkResolver.cpp, line 839]
Event: 6.158 Thread 0x000001cb7e792000 Exception <a 'java/lang/NoSuchMethodError'{0x000000008bcf2f70}: 'void java.lang.invoke.DirectMethodHandle$Holder.invokeStatic(java.lang.Object, java.lang.Object, java.lang.Object, java.lang.Object, java.lang.Object)'> (0x000000008bcf2f70) thrown at [./src/hotspot/share/interpreter/linkResolver.cpp, line 773]
Event: 6.268 Thread 0x000001cb7e792000 Exception <a 'java/lang/NoSuchMethodError'{0x000000008b604350}: 'void java.lang.invoke.DirectMethodHandle$Holder.invokeSpecial(java.lang.Object, java.lang.Object)'> (0x000000008b604350) thrown at [./src/hotspot/share/interpreter/linkResolver.cpp, line 773]
Event: 6.320 Thread 0x000001cb7e792000 Exception <a 'java/lang/NoSuchMethodError'{0x000000008b43da60}: 'java.lang.Object java.lang.invoke.DirectMethodHandle$Holder.invokeSpecial(java.lang.Object, java.lang.Object, java.lang.Object, java.lang.Object, java.lang.Object, java.lang.Object, java.lang.Object, java.lang.Object, java.lang.Object)'> (0x000000008b43da60) thrown at [./src/hotspot/share/interpreter/linkResolver.cpp, line 773]
Event: 6.450 Thread 0x000001cb7e792000 Exception <a 'java/lang/NoSuchMethodError'{0x000000008abd1280}: 'java.lang.Object java.lang.invoke.DirectMethodHandle$Holder.invokeVirtual(java.lang.Object, java.lang.Object, java.lang.Object, java.lang.Object)'> (0x000000008abd1280) thrown at [./src/hotspot/share/interpreter/linkResolver.cpp, line 773]
Event: 6.508 Thread 0x000001cb7e792000 Exception <a 'java/lang/NoSuchMethodError'{0x000000008a8995a0}: 'java.lang.Object java.lang.invoke.Invokers$Holder.invoker(java.lang.Object, java.lang.Object, java.lang.Object, java.lang.Object, java.lang.Object)'> (0x000000008a8995a0) thrown at [./src/hotspot/share/interpreter/linkResolver.cpp, line 773]
Event: 6.665 Thread 0x000001cb7e792000 Exception <a 'java/lang/NoSuchMethodError'{0x000000008a4e5518}: 'void java.lang.invoke.DirectMethodHandle$Holder.invokeSpecial(java.lang.Object, java.lang.Object, java.lang.Object, java.lang.Object, java.lang.Object, java.lang.Object)'> (0x000000008a4e5518) thrown at [./src/hotspot/share/interpreter/linkResolver.cpp, line 773]
Event: 6.688 Thread 0x000001cb7e792000 Exception <a 'java/lang/NoSuchMethodError'{0x000000008a34b490}: 'void java.lang.invoke.DirectMethodHandle$Holder.invokeSpecial(java.lang.Object, java.lang.Object, java.lang.Object, java.lang.Object, java.lang.Object, java.lang.Object, java.lang.Object)'> (0x000000008a34b490) thrown at [./src/hotspot/share/interpreter/linkResolver.cpp, line 773]
Event: 6.691 Thread 0x000001cb7e792000 Exception <a 'java/lang/NoSuchMethodError'{0x000000008a3536d8}: 'java.lang.Object java.lang.invoke.Invokers$Holder.linkToTargetMethod(java.lang.Object, java.lang.Object, java.lang.Object, java.lang.Object, java.lang.Object, java.lang.Object)'> (0x000000008a3536d8) thrown at [./src/hotspot/share/interpreter/linkResolver.cpp, line 773]
Event: 7.065 Thread 0x000001cb7e792000 Exception <a 'java/lang/NoSuchMethodError'{0x000000008968a7a8}: 'void java.lang.invoke.DirectMethodHandle$Holder.invokeStaticInit(java.lang.Object, java.lang.Object)'> (0x000000008968a7a8) thrown at [./src/hotspot/share/interpreter/linkResolver.cpp, line 773]
Event: 7.387 Thread 0x000001cb7e792000 Exception <a 'java/lang/NoSuchMethodError'{0x0000000088f1aab8}: 'void java.lang.invoke.DirectMethodHandle$Holder.invokeStatic(java.lang.Object, java.lang.Object, java.lang.Object, java.lang.Object)'> (0x0000000088f1aab8) thrown at [./src/hotspot/share/interpreter/linkResolver.cpp, line 773]
Event: 7.395 Thread 0x000001cb7e792000 Exception <a 'java/lang/NoSuchMethodError'{0x0000000088f2e528}: 'int java.lang.invoke.DirectMethodHandle$Holder.invokeInterface(java.lang.Object, java.lang.Object)'> (0x0000000088f2e528) thrown at [./src/hotspot/share/interpreter/linkResolver.cpp, line 773]

Events (20 events):
Event: 7.445 loading class org/gradle/initialization/DefaultSettingsLoader
Event: 7.445 loading class org/gradle/initialization/DefaultSettingsLoader done
Event: 7.448 loading class org/gradle/initialization/DefaultGradlePropertiesController$Loaded
Event: 7.448 loading class org/gradle/initialization/DefaultGradlePropertiesController$Loaded done
Event: 7.455 loading class org/gradle/initialization/DefaultGradleProperties
Event: 7.455 loading class org/gradle/initialization/DefaultGradleProperties done
Event: 7.455 loading class org/gradle/initialization/BuildOperationSettingsProcessor$2
Event: 7.455 loading class org/gradle/initialization/BuildOperationSettingsProcessor$2 done
Event: 7.456 loading class org/gradle/initialization/BuildOperationSettingsProcessor$2$1
Event: 7.456 loading class org/gradle/initialization/BuildOperationSettingsProcessor$2$1 done
Event: 7.456 loading class org/gradle/initialization/EvaluateSettingsBuildOperationType$Details
Event: 7.456 loading class org/gradle/initialization/EvaluateSettingsBuildOperationType$Details done
Event: 7.457 loading class org/gradle/groovy/scripts/TextResourceScriptSource
Event: 7.457 loading class org/gradle/groovy/scripts/TextResourceScriptSource done
Event: 7.458 loading class org/gradle/internal/resource/UriTextResource
Event: 7.458 loading class org/gradle/internal/resource/UriTextResource done
Event: 7.459 loading class org/gradle/internal/resource/ResourceLocation
Event: 7.459 loading class org/gradle/internal/resource/ResourceLocation done
Event: 7.460 loading class org/gradle/internal/resource/ResourceIsAFolderException
Event: 7.460 loading class org/gradle/internal/resource/ResourceIsAFolderException done


Dynamic libraries:
0x00007ff750230000 - 0x00007ff75023a000 	C:\Program Files\Android\Android Studio\jre\bin\java.exe
0x00007ff929720000 - 0x00007ff929910000 	C:\WINDOWS\SYSTEM32\ntdll.dll
0x00007ff915220000 - 0x00007ff915235000 	C:\Program Files\Avast Software\Avast\aswhook.dll
0x00007ff928760000 - 0x00007ff928812000 	C:\WINDOWS\System32\KERNEL32.DLL
0x00007ff926690000 - 0x00007ff926935000 	C:\WINDOWS\System32\KERNELBASE.dll
0x00007ff926da0000 - 0x00007ff926e9a000 	C:\WINDOWS\System32\ucrtbase.dll
0x00007ff908850000 - 0x00007ff908867000 	C:\Program Files\Android\Android Studio\jre\bin\VCRUNTIME140.dll
0x00007ff907c70000 - 0x00007ff907c89000 	C:\Program Files\Android\Android Studio\jre\bin\jli.dll
0x00007ff9293e0000 - 0x00007ff929574000 	C:\WINDOWS\System32\USER32.dll
0x00007ff914d30000 - 0x00007ff914fb4000 	C:\WINDOWS\WinSxS\amd64_microsoft.windows.common-controls_6595b64144ccf1df_6.0.18362.1256_none_9e7e379be45e40e2\COMCTL32.dll
0x00007ff9276e0000 - 0x00007ff927701000 	C:\WINDOWS\System32\win32u.dll
0x00007ff928920000 - 0x00007ff9289be000 	C:\WINDOWS\System32\msvcrt.dll
0x00007ff927c90000 - 0x00007ff927cb6000 	C:\WINDOWS\System32\GDI32.dll
0x00007ff926bd0000 - 0x00007ff926d66000 	C:\WINDOWS\System32\gdi32full.dll
0x00007ff9289c0000 - 0x00007ff928cf6000 	C:\WINDOWS\System32\combase.dll
0x00007ff927710000 - 0x00007ff9277ae000 	C:\WINDOWS\System32\msvcp_win.dll
0x00007ff927a70000 - 0x00007ff927b90000 	C:\WINDOWS\System32\RPCRT4.dll
0x00007ff926b40000 - 0x00007ff926bc1000 	C:\WINDOWS\System32\bcryptPrimitives.dll
0x00007ff927cc0000 - 0x00007ff927cee000 	C:\WINDOWS\System32\IMM32.DLL
0x00007ff8cd6c0000 - 0x00007ff8cd75d000 	C:\Program Files\Android\Android Studio\jre\bin\msvcp140.dll
0x00007ff8bcef0000 - 0x00007ff8bd9bf000 	C:\Program Files\Android\Android Studio\jre\bin\server\jvm.dll
0x00007ff929260000 - 0x00007ff929303000 	C:\WINDOWS\System32\ADVAPI32.dll
0x00007ff928820000 - 0x00007ff9288b7000 	C:\WINDOWS\System32\sechost.dll
0x00007ff927a50000 - 0x00007ff927a58000 	C:\WINDOWS\System32\PSAPI.DLL
0x00007ff9250a0000 - 0x00007ff9250a9000 	C:\WINDOWS\SYSTEM32\WSOCK32.dll
0x00007ff91e230000 - 0x00007ff91e254000 	C:\WINDOWS\SYSTEM32\WINMM.dll
0x00007ff91f690000 - 0x00007ff91f69a000 	C:\WINDOWS\SYSTEM32\VERSION.dll
0x00007ff928d80000 - 0x00007ff928def000 	C:\WINDOWS\System32\WS2_32.dll
0x00007ff91e0f0000 - 0x00007ff91e11d000 	C:\WINDOWS\SYSTEM32\winmmbase.dll
0x00007ff926ea0000 - 0x00007ff926eea000 	C:\WINDOWS\System32\cfgmgr32.dll
0x00007ff9265d0000 - 0x00007ff9265e1000 	C:\WINDOWS\System32\kernel.appcore.dll
0x00007ff90ad70000 - 0x00007ff90ad81000 	C:\Program Files\Android\Android Studio\jre\bin\verify.dll
0x00007ff924e30000 - 0x00007ff925024000 	C:\WINDOWS\SYSTEM32\DBGHELP.DLL
0x00007ff91c540000 - 0x00007ff91c56a000 	C:\WINDOWS\SYSTEM32\dbgcore.DLL
0x00007ff90ad40000 - 0x00007ff90ad69000 	C:\Program Files\Android\Android Studio\jre\bin\java.dll
0x00007ff914680000 - 0x00007ff91468b000 	C:\Program Files\Android\Android Studio\jre\bin\jimage.dll
0x00007ff90aba0000 - 0x00007ff90abb8000 	C:\Program Files\Android\Android Studio\jre\bin\zip.dll
0x00007ff927fc0000 - 0x00007ff9286a7000 	C:\WINDOWS\System32\SHELL32.dll
0x00007ff927d70000 - 0x00007ff927e19000 	C:\WINDOWS\System32\shcore.dll
0x00007ff926f50000 - 0x00007ff9276d1000 	C:\WINDOWS\System32\windows.storage.dll
0x00007ff926660000 - 0x00007ff926683000 	C:\WINDOWS\System32\profapi.dll
0x00007ff926610000 - 0x00007ff92665a000 	C:\WINDOWS\System32\powrprof.dll
0x00007ff9265c0000 - 0x00007ff9265d0000 	C:\WINDOWS\System32\UMPDC.dll
0x00007ff928d20000 - 0x00007ff928d72000 	C:\WINDOWS\System32\shlwapi.dll
0x00007ff9277b0000 - 0x00007ff9277c7000 	C:\WINDOWS\System32\cryptsp.dll
0x00007ff90ab80000 - 0x00007ff90ab9a000 	C:\Program Files\Android\Android Studio\jre\bin\net.dll
0x00007ff91b740000 - 0x00007ff91b830000 	C:\WINDOWS\SYSTEM32\WINHTTP.dll
0x00007ff925dc0000 - 0x00007ff925e27000 	C:\WINDOWS\system32\mswsock.dll
0x00007ff90a900000 - 0x00007ff90a914000 	C:\Program Files\Android\Android Studio\jre\bin\nio.dll
0x00007ff90a820000 - 0x00007ff90a847000 	C:\Users\Polina\.gradle\native\8bec1ad78214c89d9ad589b4d07fe93259594b29d510b10fafb7a158f7737e5d\windows-amd64\native-platform.dll
0x00007ff908b90000 - 0x00007ff908ccd000 	C:\Users\Polina\.gradle\native\53dbd7edfb1c66fb8903c78663c9afc45aea4f116125fa6feffd364cf09443e8\windows-amd64\native-platform-file-events.dll
0x00007ff9145b0000 - 0x00007ff9145ba000 	C:\Program Files\Android\Android Studio\jre\bin\management.dll
0x00007ff9144c0000 - 0x00007ff9144cc000 	C:\Program Files\Android\Android Studio\jre\bin\management_ext.dll
0x00007ff925940000 - 0x00007ff925973000 	C:\WINDOWS\system32\rsaenh.dll
0x00007ff926d70000 - 0x00007ff926d96000 	C:\WINDOWS\System32\bcrypt.dll
0x00007ff9264e0000 - 0x00007ff926505000 	C:\WINDOWS\SYSTEM32\USERENV.dll
0x00007ff925f40000 - 0x00007ff925f4c000 	C:\WINDOWS\SYSTEM32\CRYPTBASE.dll
0x00007ff925ae0000 - 0x00007ff925b1a000 	C:\WINDOWS\SYSTEM32\IPHLPAPI.DLL
0x00007ff927a60000 - 0x00007ff927a68000 	C:\WINDOWS\System32\NSI.dll
0x00007ff91e1f0000 - 0x00007ff91e206000 	C:\WINDOWS\SYSTEM32\dhcpcsvc6.DLL
0x00007ff91e280000 - 0x00007ff91e29c000 	C:\WINDOWS\SYSTEM32\dhcpcsvc.DLL
0x00007ff925b20000 - 0x00007ff925beb000 	C:\WINDOWS\SYSTEM32\DNSAPI.dll

dbghelp: loaded successfully - version: 4.0.5 - missing functions: none
symbol engine: initialized successfully - sym options: 0x614 - pdb path: .;C:\Program Files\Android\Android Studio\jre\bin;C:\WINDOWS\SYSTEM32;C:\Program Files\Avast Software\Avast;C:\WINDOWS\WinSxS\amd64_microsoft.windows.common-controls_6595b64144ccf1df_6.0.18362.1256_none_9e7e379be45e40e2;C:\Program Files\Android\Android Studio\jre\bin\server;C:\Users\Polina\.gradle\native\8bec1ad78214c89d9ad589b4d07fe93259594b29d510b10fafb7a158f7737e5d\windows-amd64;C:\Users\Polina\.gradle\native\53dbd7edfb1c66fb8903c78663c9afc45aea4f116125fa6feffd364cf09443e8\windows-amd64

VM Arguments:
jvm_args: --add-opens=java.base/java.util=ALL-UNNAMED --add-opens=java.base/java.lang=ALL-UNNAMED --add-opens=java.base/java.lang.invoke=ALL-UNNAMED --add-opens=java.base/java.util=ALL-UNNAMED --add-opens=java.prefs/java.util.prefs=ALL-UNNAMED --add-opens=java.prefs/java.util.prefs=ALL-UNNAMED --add-opens=java.base/java.nio.charset=ALL-UNNAMED --add-opens=java.base/java.net=ALL-UNNAMED --add-opens=java.base/java.util.concurrent.atomic=ALL-UNNAMED -Xmx2048m -Dfile.encoding=UTF-8 -Duser.country=RU -Duser.language=ru -Duser.variant 
java_command: org.gradle.launcher.daemon.bootstrap.GradleDaemon 7.0.2
java_class_path (initial): C:\Users\Polina\.gradle\wrapper\dists\gradle-7.0.2-bin\857tjihv64xamwrf0h14cai3r\gradle-7.0.2\lib\gradle-launcher-7.0.2.jar
Launcher Type: SUN_STANDARD

[Global flags]
     intx CICompilerCount                          = 3                                         {product} {ergonomic}
     uint ConcGCThreads                            = 1                                         {product} {ergonomic}
     uint G1ConcRefinementThreads                  = 4                                         {product} {ergonomic}
   size_t G1HeapRegionSize                         = 1048576                                   {product} {ergonomic}
    uintx GCDrainStackTargetSize                   = 64                                        {product} {ergonomic}
   size_t InitialHeapSize                          = 199229440                                 {product} {ergonomic}
   size_t MarkStackSize                            = 4194304                                   {product} {ergonomic}
   size_t MaxHeapSize                              = 2147483648                                {product} {command line}
   size_t MaxNewSize                               = 1287651328                                {product} {ergonomic}
   size_t MinHeapDeltaBytes                        = 1048576                                   {product} {ergonomic}
    uintx NonNMethodCodeHeapSize                   = 5830732                                {pd product} {ergonomic}
    uintx NonProfiledCodeHeapSize                  = 122913754                              {pd product} {ergonomic}
    uintx ProfiledCodeHeapSize                     = 122913754                              {pd product} {ergonomic}
    uintx ReservedCodeCacheSize                    = 251658240                              {pd product} {ergonomic}
     bool SegmentedCodeCache                       = true                                      {product} {ergonomic}
     bool UseCompressedClassPointers               = true                                 {lp64_product} {ergonomic}
     bool UseCompressedOops                        = true                                 {lp64_product} {ergonomic}
     bool UseG1GC                                  = true                                      {product} {ergonomic}
     bool UseLargePagesIndividualAllocation        = false                                  {pd product} {ergonomic}

Logging:
Log output configuration:
 #0: stdout all=warning uptime,level,tags
 #1: stderr all=off uptime,level,tags

Environment Variables:
PATH=C:\Program Files (x86)\Common Files\Oracle\Java\javapath;C:\WINDOWS\system32;C:\WINDOWS;C:\WINDOWS\System32\Wbem;C:\WINDOWS\System32\WindowsPowerShell\v1.0\;C:\WINDOWS\System32\OpenSSH\;C:\cdr\;C:\Users\Polina\AppData\Local\Microsoft\WindowsApps;
USERNAME=Polina
OS=Windows_NT
PROCESSOR_IDENTIFIER=Intel64 Family 6 Model 78 Stepping 3, GenuineIntel



---------------  S Y S T E M  ---------------

OS: Windows 10 , 64 bit Build 18362 (10.0.18362.1110)
OS uptime: 0 days 4:37 hours
Hyper-V role detected

CPU:total 4 (initial active 4) (2 cores per cpu, 2 threads per core) family 6 model 78 stepping 3 microcode 0xcc, cmov, cx8, fxsr, mmx, sse, sse2, sse3, ssse3, sse4.1, sse4.2, popcnt, avx, avx2, aes, clmul, erms, 3dnowpref, lzcnt, ht, tsc, tscinvbit, bmi1, bmi2, adx, fma

Memory: 4k page, system-wide physical 12144M (2039M free)
TotalPageFile size 12144M (AvailPageFile size 2M)
current process WorkingSet (physical memory assigned to process): 201M, peak: 201M
current process commit charge ("private bytes"): 337M, peak: 339M

vm_info: OpenJDK 64-Bit Server VM (11.0.10+0-b96-7249189) for windows-amd64 JRE (11.0.10+0-b96-7249189), built on Mar 31 2021 21:44:00 by "builder" with MS VC++ 14.0 (VS2015)

END.
