#
# There is insufficient memory for the Java Runtime Environment to continue.
# Native memory allocation (malloc) failed to allocate 877056 bytes for Chunk::new
# Possible reasons:
#   The system is out of physical RAM or swap space
#   The process is running with CompressedOops enabled, and the Java Heap may be blocking the growth of the native heap
# Possible solutions:
#   Reduce memory load on the system
#   Increase physical memory or swap space
#   Check if swap backing store is full
#   Decrease Java heap size (-Xmx/-Xms)
#   Decrease number of Java threads
#   Decrease Java thread stack sizes (-Xss)
#   Set larger code cache with -XX:ReservedCodeCacheSize=
#   JVM is running with Unscaled Compressed Oops mode in which the Java heap is
#     placed in the first 4GB address space. The Java Heap base address is the
#     maximum limit for the native heap growth. Please use -XX:HeapBaseMinAddress
#     to set the Java Heap base and to place the Java Heap above 4GB virtual address.
# This output file may be truncated or incomplete.
#
#  Out of Memory Error (./src/hotspot/share/memory/arena.cpp:197), pid=14604, tid=10400
#
# JRE version: OpenJDK Runtime Environment (11.0.10) (build 11.0.10+0-b96-7249189)
# Java VM: OpenJDK 64-Bit Server VM (11.0.10+0-b96-7249189, mixed mode, tiered, compressed oops, g1 gc, windows-amd64)
# No core dump will be written. Minidumps are not enabled by default on client versions of Windows
#

---------------  S U M M A R Y ------------

Command Line: --add-opens=java.base/java.util=ALL-UNNAMED --add-opens=java.base/java.lang=ALL-UNNAMED --add-opens=java.base/java.lang.invoke=ALL-UNNAMED --add-opens=java.base/java.util=ALL-UNNAMED --add-opens=java.prefs/java.util.prefs=ALL-UNNAMED --add-opens=java.prefs/java.util.prefs=ALL-UNNAMED --add-opens=java.base/java.nio.charset=ALL-UNNAMED --add-opens=java.base/java.net=ALL-UNNAMED --add-opens=java.base/java.util.concurrent.atomic=ALL-UNNAMED -Xmx2048m -Dfile.encoding=UTF-8 -Duser.country=RU -Duser.language=ru -Duser.variant org.gradle.launcher.daemon.bootstrap.GradleDaemon 7.0.2

Host: Intel(R) Core(TM) i5-6200U CPU @ 2.30GHz, 4 cores, 11G,  Windows 10 , 64 bit Build 18362 (10.0.18362.1110)
Time: Sat Oct 16 13:19:03 2021 RTZ 2 (ceia) elapsed time: 26.820493 seconds (0d 0h 0m 26s)

---------------  T H R E A D  ---------------

Current thread (0x000001997ba15800):  JavaThread "C2 CompilerThread0" daemon [_thread_in_native, id=10400, stack(0x00000001b8c00000,0x00000001b8d00000)]


Current CompileTask:
C2:  26820 13138 %     4       com.android.tools.r8.internal.T6::a @ 2560 (6044 bytes)

Stack: [0x00000001b8c00000,0x00000001b8d00000]
Native frames: (J=compiled Java code, j=interpreted, Vv=VM code, C=native code)
V  [jvm.dll+0x5ecfaa]
V  [jvm.dll+0x722bd5]
V  [jvm.dll+0x72412d]
V  [jvm.dll+0x7247e3]
V  [jvm.dll+0x242928]
V  [jvm.dll+0xbc4fc]
V  [jvm.dll+0xbca0c]
V  [jvm.dll+0x2b4fd4]
V  [jvm.dll+0x506028]
V  [jvm.dll+0x203253]
V  [jvm.dll+0x1fd07c]
V  [jvm.dll+0x1fa77f]
V  [jvm.dll+0x18354c]
V  [jvm.dll+0x208ee7]
V  [jvm.dll+0x207731]
V  [jvm.dll+0x6eb1cf]
V  [jvm.dll+0x6e3d45]
V  [jvm.dll+0x5ebe96]
C  [ucrtbase.dll+0x210b2]
C  [KERNEL32.DLL+0x17c24]
C  [ntdll.dll+0x6d4d1]


---------------  P R O C E S S  ---------------

Threads class SMR info:
_java_thread_list=0x00000199177d5670, length=52, elements={
0x00000199705a2800, 0x000001997b1ab000, 0x000001997b1ae800, 0x000001997b9ce000,
0x000001997b9cf800, 0x000001997b9d0800, 0x000001997ba15800, 0x000001997ba17000,
0x000001997ba85000, 0x000001997bb8d800, 0x000001997c866000, 0x000001997e0ef800,
0x000001997bed9800, 0x000001997e0fa000, 0x000001997d62c800, 0x000001997e283000,
0x000001997d48c800, 0x000001997de8b800, 0x000001997d0d9800, 0x000001997db16000,
0x000001997db15000, 0x000001997db16800, 0x000001997db14000, 0x000001997e659800,
0x000001997f0e8000, 0x000001997f0e6800, 0x000001997f0e7000, 0x000001997f0ea800,
0x000001997f0e8800, 0x000001997f0e9800, 0x000001997f0e5800, 0x000001997f0ee800,
0x000001997f0eb000, 0x000001997f0f0000, 0x000001997f0f1800, 0x000001997f0ec000,
0x000001997f0ed800, 0x000001997f0ef800, 0x000001997f0f2800, 0x000001997f0ed000,
0x000001997f0f3800, 0x0000019911b96800, 0x0000019911b97800, 0x0000019911b95000,
0x0000019911b99000, 0x0000019911b9b800, 0x0000019911b9a800, 0x0000019911b95800,
0x0000019911b98000, 0x0000019911b9e000, 0x0000019911b9e800, 0x0000019911b9d000
}

Java Threads: ( => current thread )
  0x00000199705a2800 JavaThread "main" [_thread_blocked, id=2896, stack(0x00000001b8000000,0x00000001b8100000)]
  0x000001997b1ab000 JavaThread "Reference Handler" daemon [_thread_blocked, id=14848, stack(0x00000001b8700000,0x00000001b8800000)]
  0x000001997b1ae800 JavaThread "Finalizer" daemon [_thread_blocked, id=10416, stack(0x00000001b8800000,0x00000001b8900000)]
  0x000001997b9ce000 JavaThread "Signal Dispatcher" daemon [_thread_blocked, id=6396, stack(0x00000001b8900000,0x00000001b8a00000)]
  0x000001997b9cf800 JavaThread "Attach Listener" daemon [_thread_blocked, id=14596, stack(0x00000001b8a00000,0x00000001b8b00000)]
  0x000001997b9d0800 JavaThread "Service Thread" daemon [_thread_blocked, id=9784, stack(0x00000001b8b00000,0x00000001b8c00000)]
=>0x000001997ba15800 JavaThread "C2 CompilerThread0" daemon [_thread_in_native, id=10400, stack(0x00000001b8c00000,0x00000001b8d00000)]
  0x000001997ba17000 JavaThread "C1 CompilerThread0" daemon [_thread_in_vm, id=12488, stack(0x00000001b8d00000,0x00000001b8e00000)]
  0x000001997ba85000 JavaThread "Sweeper thread" daemon [_thread_blocked, id=13904, stack(0x00000001b8e00000,0x00000001b8f00000)]
  0x000001997bb8d800 JavaThread "Common-Cleaner" daemon [_thread_blocked, id=3848, stack(0x00000001b8f00000,0x00000001b9000000)]
  0x000001997c866000 JavaThread "Daemon health stats" [_thread_blocked, id=1304, stack(0x00000001b9500000,0x00000001b9600000)]
  0x000001997e0ef800 JavaThread "Incoming local TCP Connector on port 51919" [_thread_in_native, id=7500, stack(0x00000001b9100000,0x00000001b9200000)]
  0x000001997bed9800 JavaThread "Daemon periodic checks" [_thread_blocked, id=14236, stack(0x00000001b9600000,0x00000001b9700000)]
  0x000001997e0fa000 JavaThread "Daemon" [_thread_blocked, id=10424, stack(0x00000001b9700000,0x00000001b9800000)]
  0x000001997d62c800 JavaThread "Handler for socket connection from /127.0.0.1:51919 to /127.0.0.1:51920" [_thread_in_native, id=14524, stack(0x00000001b9800000,0x00000001b9900000)]
  0x000001997e283000 JavaThread "Cancel handler" [_thread_blocked, id=6268, stack(0x00000001b9900000,0x00000001b9a00000)]
  0x000001997d48c800 JavaThread "Daemon worker" [_thread_blocked, id=12872, stack(0x00000001b9a00000,0x00000001b9b00000)]
  0x000001997de8b800 JavaThread "Asynchronous log dispatcher for DefaultDaemonConnection: socket connection from /127.0.0.1:51919 to /127.0.0.1:51920" [_thread_blocked, id=6188, stack(0x00000001b9b00000,0x00000001b9c00000)]
  0x000001997d0d9800 JavaThread "Stdin handler" [_thread_blocked, id=13208, stack(0x00000001b9c00000,0x00000001b9d00000)]
  0x000001997db16000 JavaThread "Daemon client event forwarder" [_thread_blocked, id=1480, stack(0x00000001b9d00000,0x00000001b9e00000)]
  0x000001997db15000 JavaThread "Cache worker for file hash cache (C:\Users\Polina\.gradle\caches\7.0.2\fileHashes)" [_thread_blocked, id=1312, stack(0x00000001b9e00000,0x00000001b9f00000)]
  0x000001997db16800 JavaThread "File lock request listener" [_thread_in_native, id=3512, stack(0x00000001b9f00000,0x00000001ba000000)]
  0x000001997db14000 JavaThread "Cache worker for journal cache (C:\Users\Polina\.gradle\caches\journal-1)" [_thread_blocked, id=8848, stack(0x00000001ba000000,0x00000001ba100000)]
  0x000001997e659800 JavaThread "C2 CompilerThread1" daemon [_thread_in_native, id=5380, stack(0x00000001ba100000,0x00000001ba200000)]
  0x000001997f0e8000 JavaThread "Cache worker for file hash cache (C:\Users\Polina\AndroidStudioProjects\MyApplication\.gradle\7.0.2\fileHashes)" [_thread_blocked, id=10020, stack(0x00000001ba200000,0x00000001ba300000)]
  0x000001997f0e6800 JavaThread "File watcher server" daemon [_thread_in_native, id=3324, stack(0x00000001ba300000,0x00000001ba400000)]
  0x000001997f0e7000 JavaThread "File watcher consumer" daemon [_thread_blocked, id=10448, stack(0x00000001ba400000,0x00000001ba500000)]
  0x000001997f0ea800 JavaThread "Cache worker for checksums cache (C:\Users\Polina\AndroidStudioProjects\MyApplication\.gradle\checksums)" [_thread_blocked, id=9816, stack(0x00000001ba500000,0x00000001ba600000)]
  0x000001997f0e8800 JavaThread "Cache worker for cache directory md-supplier (C:\Users\Polina\.gradle\caches\7.0.2\md-supplier)" [_thread_blocked, id=7264, stack(0x00000001ba600000,0x00000001ba700000)]
  0x000001997f0e9800 JavaThread "Cache worker for cache directory md-rule (C:\Users\Polina\.gradle\caches\7.0.2\md-rule)" [_thread_blocked, id=2492, stack(0x00000001ba700000,0x00000001ba800000)]
  0x000001997f0e5800 JavaThread "Cache worker for execution history cache (C:\Users\Polina\.gradle\caches\7.0.2\executionHistory)" [_thread_blocked, id=6380, stack(0x00000001ba800000,0x00000001ba900000)]
  0x000001997f0ee800 JavaThread "jar transforms" [_thread_blocked, id=14824, stack(0x00000001ba900000,0x00000001baa00000)]
  0x000001997f0eb000 JavaThread "jar transforms Thread 2" [_thread_blocked, id=10364, stack(0x00000001baa00000,0x00000001bab00000)]
  0x000001997f0f0000 JavaThread "Cache worker for file content cache (C:\Users\Polina\.gradle\caches\7.0.2\fileContent)" [_thread_blocked, id=11716, stack(0x00000001bab00000,0x00000001bac00000)]
  0x000001997f0f1800 JavaThread "Cache worker for dependencies-accessors (C:\Users\Polina\AndroidStudioProjects\MyApplication\.gradle\7.0.2\dependencies-accessors)" [_thread_blocked, id=13560, stack(0x00000001bac00000,0x00000001bad00000)]
  0x000001997f0ec000 JavaThread "jar transforms Thread 3" [_thread_blocked, id=6212, stack(0x00000001bad00000,0x00000001bae00000)]
  0x000001997f0ed800 JavaThread "Cache worker for Build Output Cleanup Cache (C:\Users\Polina\AndroidStudioProjects\MyApplication\.gradle\buildOutputCleanup)" [_thread_blocked, id=14016, stack(0x00000001bae00000,0x00000001baf00000)]
  0x000001997f0ef800 JavaThread "Build operations" [_thread_in_Java, id=7144, stack(0x00000001baf00000,0x00000001bb000000)]
  0x000001997f0f2800 JavaThread "Build operations Thread 2" [_thread_in_native, id=14652, stack(0x00000001bb000000,0x00000001bb100000)]
  0x000001997f0ed000 JavaThread "Build operations Thread 3" [_thread_blocked, id=9068, stack(0x00000001bb100000,0x00000001bb200000)]
  0x000001997f0f3800 JavaThread "Build operations Thread 4" [_thread_blocked, id=2424, stack(0x00000001bb200000,0x00000001bb300000)]
  0x0000019911b96800 JavaThread "jar transforms Thread 4" [_thread_blocked, id=8884, stack(0x00000001bb300000,0x00000001bb400000)]
  0x0000019911b97800 JavaThread "Memory manager" [_thread_blocked, id=10244, stack(0x00000001bb400000,0x00000001bb500000)]
  0x0000019911b95000 JavaThread "build event listener" [_thread_blocked, id=3776, stack(0x00000001bb500000,0x00000001bb600000)]
  0x0000019911b99000 JavaThread "Execution worker for ':'" [_thread_in_Java, id=15232, stack(0x00000001bb600000,0x00000001bb700000)]
  0x0000019911b9b800 JavaThread "Execution worker for ':' Thread 2" [_thread_blocked, id=14608, stack(0x00000001bb700000,0x00000001bb800000)]
  0x0000019911b9a800 JavaThread "Execution worker for ':' Thread 3" [_thread_blocked, id=10556, stack(0x00000001bb800000,0x00000001bb900000)]
  0x0000019911b95800 JavaThread "Cache worker for execution history cache (C:\Users\Polina\AndroidStudioProjects\MyApplication\.gradle\7.0.2\executionHistory)" [_thread_blocked, id=9872, stack(0x00000001bb900000,0x00000001bba00000)]
  0x0000019911b98000 JavaThread "WorkerExecutor Queue" [_thread_blocked, id=12512, stack(0x00000001bba00000,0x00000001bbb00000)]
  0x0000019911b9e000 JavaThread "pool-3-thread-1" [_thread_blocked, id=4072, stack(0x00000001bbb00000,0x00000001bbc00000)]
  0x0000019911b9e800 JavaThread "stderr" [_thread_in_native, id=5272, stack(0x00000001bbc00000,0x00000001bbd00000)]
  0x0000019911b9d000 JavaThread "stdout" [_thread_in_native, id=5288, stack(0x00000001bbd00000,0x00000001bbe00000)]

Other Threads:
  0x000001997b1a6000 VMThread "VM Thread" [stack: 0x00000001b8600000,0x00000001b8700000] [id=14216]
  0x000001997bbea800 WatcherThread [stack: 0x00000001b9000000,0x00000001b9100000] [id=7136]
  0x00000199705bc000 GCTaskThread "GC Thread#0" [stack: 0x00000001b8100000,0x00000001b8200000] [id=13936]
  0x000001997bfac800 GCTaskThread "GC Thread#1" [stack: 0x00000001b9200000,0x00000001b9300000] [id=8632]
  0x000001997c16a800 GCTaskThread "GC Thread#2" [stack: 0x00000001b9300000,0x00000001b9400000] [id=8112]
  0x000001997c17d800 GCTaskThread "GC Thread#3" [stack: 0x00000001b9400000,0x00000001b9500000] [id=7984]
  0x00000199705ee000 ConcurrentGCThread "G1 Main Marker" [stack: 0x00000001b8200000,0x00000001b8300000] [id=12656]
  0x00000199705f3800 ConcurrentGCThread "G1 Conc#0" [stack: 0x00000001b8300000,0x00000001b8400000] [id=12796]
  0x000001997aff8800 ConcurrentGCThread "G1 Refine#0" [stack: 0x00000001b8400000,0x00000001b8500000] [id=10956]
  0x00000199199d0800 ConcurrentGCThread "G1 Refine#1" [stack: 0x00000001bbe00000,0x00000001bbf00000] [id=4456]
  0x000001997aff9000 ConcurrentGCThread "G1 Young RemSet Sampling" [stack: 0x00000001b8500000,0x00000001b8600000] [id=2892]

Threads with active compile tasks:
C2 CompilerThread0  26853 13138 %     4       com.android.tools.r8.internal.T6::a @ 2560 (6044 bytes)
C1 CompilerThread0  26853 13233       2       com.android.tools.r8.internal.wz::a (104 bytes)
C2 CompilerThread1  26853 13177       4       com.android.tools.r8.internal.Le::a (1137 bytes)

VM state:not at safepoint (normal execution)

VM Mutex/Monitor currently owned by a thread: None

Heap address: 0x0000000080000000, size: 2048 MB, Compressed Oops mode: 32-bit
Narrow klass base: 0x0000000000000000, Narrow klass shift: 3
Compressed class space size: 1073741824 Address: 0x0000000100000000

Heap:
 garbage-first heap   total 253952K, used 196096K [0x0000000080000000, 0x0000000100000000)
  region size 1024K, 104 young (106496K), 7 survivors (7168K)
 Metaspace       used 100316K, capacity 102966K, committed 103116K, reserved 1138688K
  class space    used 13024K, capacity 14022K, committed 14028K, reserved 1048576K
Heap Regions: E=young(eden), S=young(survivor), O=old, HS=humongous(starts), HC=humongous(continues), CS=collection set, F=free, A=archive, TAMS=top-at-mark-start (previous, next)
|   0|0x0000000080000000, 0x0000000080100000, 0x0000000080100000|100%| O|  |TAMS 0x0000000080100000, 0x0000000080000000| Untracked 
|   1|0x0000000080100000, 0x0000000080200000, 0x0000000080200000|100%| O|  |TAMS 0x0000000080200000, 0x0000000080100000| Untracked 
|   2|0x0000000080200000, 0x0000000080300000, 0x0000000080300000|100%| O|  |TAMS 0x0000000080300000, 0x0000000080200000| Untracked 
|   3|0x0000000080300000, 0x0000000080400000, 0x0000000080400000|100%|HS|  |TAMS 0x0000000080400000, 0x0000000080300000| Complete 
|   4|0x0000000080400000, 0x0000000080500000, 0x0000000080500000|100%|HC|  |TAMS 0x0000000080500000, 0x0000000080400000| Complete 
|   5|0x0000000080500000, 0x0000000080600000, 0x0000000080600000|100%|HC|  |TAMS 0x0000000080600000, 0x0000000080500000| Complete 
|   6|0x0000000080600000, 0x0000000080700000, 0x0000000080700000|100%| O|  |TAMS 0x0000000080700000, 0x0000000080600000| Untracked 
|   7|0x0000000080700000, 0x0000000080800000, 0x0000000080800000|100%| O|  |TAMS 0x0000000080800000, 0x0000000080700000| Untracked 
|   8|0x0000000080800000, 0x0000000080900000, 0x0000000080900000|100%| O|  |TAMS 0x0000000080900000, 0x0000000080800000| Untracked 
|   9|0x0000000080900000, 0x0000000080a00000, 0x0000000080a00000|100%| O|  |TAMS 0x0000000080a00000, 0x0000000080900000| Untracked 
|  10|0x0000000080a00000, 0x0000000080b00000, 0x0000000080b00000|100%| O|  |TAMS 0x0000000080b00000, 0x0000000080a00000| Untracked 
|  11|0x0000000080b00000, 0x0000000080c00000, 0x0000000080c00000|100%| O|  |TAMS 0x0000000080c00000, 0x0000000080b00000| Untracked 
|  12|0x0000000080c00000, 0x0000000080d00000, 0x0000000080d00000|100%| O|  |TAMS 0x0000000080d00000, 0x0000000080c00000| Untracked 
|  13|0x0000000080d00000, 0x0000000080e00000, 0x0000000080e00000|100%| O|  |TAMS 0x0000000080e00000, 0x0000000080d00000| Untracked 
|  14|0x0000000080e00000, 0x0000000080f00000, 0x0000000080f00000|100%| O|  |TAMS 0x0000000080f00000, 0x0000000080e00000| Untracked 
|  15|0x0000000080f00000, 0x0000000081000000, 0x0000000081000000|100%|HS|  |TAMS 0x0000000081000000, 0x0000000080f00000| Complete 
|  16|0x0000000081000000, 0x0000000081100000, 0x0000000081100000|100%|HS|  |TAMS 0x0000000081100000, 0x0000000081000000| Complete 
|  17|0x0000000081100000, 0x0000000081200000, 0x0000000081200000|100%| O|  |TAMS 0x0000000081200000, 0x0000000081100000| Untracked 
|  18|0x0000000081200000, 0x0000000081300000, 0x0000000081300000|100%| O|  |TAMS 0x0000000081300000, 0x0000000081200000| Untracked 
|  19|0x0000000081300000, 0x0000000081400000, 0x0000000081400000|100%| O|  |TAMS 0x0000000081400000, 0x0000000081300000| Untracked 
|  20|0x0000000081400000, 0x0000000081500000, 0x0000000081500000|100%|HS|  |TAMS 0x0000000081500000, 0x0000000081400000| Complete 
|  21|0x0000000081500000, 0x0000000081600000, 0x0000000081600000|100%| O|  |TAMS 0x0000000081600000, 0x0000000081500000| Untracked 
|  22|0x0000000081600000, 0x0000000081700000, 0x0000000081700000|100%| O|  |TAMS 0x0000000081700000, 0x0000000081600000| Untracked 
|  23|0x0000000081700000, 0x0000000081800000, 0x0000000081800000|100%| O|  |TAMS 0x0000000081800000, 0x0000000081700000| Untracked 
|  24|0x0000000081800000, 0x0000000081900000, 0x0000000081900000|100%| O|  |TAMS 0x0000000081900000, 0x0000000081800000| Untracked 
|  25|0x0000000081900000, 0x0000000081a00000, 0x0000000081a00000|100%| O|  |TAMS 0x0000000081a00000, 0x0000000081900000| Untracked 
|  26|0x0000000081a00000, 0x0000000081b00000, 0x0000000081b00000|100%|HS|  |TAMS 0x0000000081b00000, 0x0000000081a00000| Complete 
|  27|0x0000000081b00000, 0x0000000081c00000, 0x0000000081c00000|100%|HC|  |TAMS 0x0000000081c00000, 0x0000000081b00000| Complete 
|  28|0x0000000081c00000, 0x0000000081d00000, 0x0000000081d00000|100%|HC|  |TAMS 0x0000000081d00000, 0x0000000081c00000| Complete 
|  29|0x0000000081d00000, 0x0000000081e00000, 0x0000000081e00000|100%|HS|  |TAMS 0x0000000081e00000, 0x0000000081d00000| Complete 
|  30|0x0000000081e00000, 0x0000000081f00000, 0x0000000081f00000|100%|HC|  |TAMS 0x0000000081f00000, 0x0000000081e00000| Complete 
|  31|0x0000000081f00000, 0x0000000082000000, 0x0000000082000000|100%| O|  |TAMS 0x0000000082000000, 0x0000000081f00000| Untracked 
|  32|0x0000000082000000, 0x0000000082100000, 0x0000000082100000|100%| O|  |TAMS 0x0000000082100000, 0x0000000082000000| Untracked 
|  33|0x0000000082100000, 0x0000000082200000, 0x0000000082200000|100%| O|  |TAMS 0x0000000082200000, 0x0000000082100000| Untracked 
|  34|0x0000000082200000, 0x0000000082300000, 0x0000000082300000|100%| O|  |TAMS 0x0000000082300000, 0x0000000082200000| Untracked 
|  35|0x0000000082300000, 0x0000000082400000, 0x0000000082400000|100%| O|  |TAMS 0x0000000082300000, 0x0000000082300000| Untracked 
|  36|0x0000000082400000, 0x0000000082500000, 0x0000000082500000|100%| O|  |TAMS 0x0000000082500000, 0x0000000082400000| Untracked 
|  37|0x0000000082500000, 0x0000000082600000, 0x0000000082600000|100%| O|  |TAMS 0x0000000082600000, 0x0000000082500000| Untracked 
|  38|0x0000000082600000, 0x0000000082700000, 0x0000000082700000|100%| O|  |TAMS 0x0000000082700000, 0x0000000082600000| Untracked 
|  39|0x0000000082700000, 0x0000000082800000, 0x0000000082800000|100%| O|  |TAMS 0x0000000082800000, 0x0000000082700000| Untracked 
|  40|0x0000000082800000, 0x0000000082900000, 0x0000000082900000|100%| O|  |TAMS 0x0000000082900000, 0x0000000082800000| Untracked 
|  41|0x0000000082900000, 0x0000000082a00000, 0x0000000082a00000|100%| O|  |TAMS 0x0000000082a00000, 0x0000000082900000| Untracked 
|  42|0x0000000082a00000, 0x0000000082b00000, 0x0000000082b00000|100%| O|  |TAMS 0x0000000082b00000, 0x0000000082a00000| Untracked 
|  43|0x0000000082b00000, 0x0000000082c00000, 0x0000000082c00000|100%| O|  |TAMS 0x0000000082c00000, 0x0000000082b00000| Untracked 
|  44|0x0000000082c00000, 0x0000000082d00000, 0x0000000082d00000|100%| O|  |TAMS 0x0000000082d00000, 0x0000000082c00000| Untracked 
|  45|0x0000000082d00000, 0x0000000082e00000, 0x0000000082e00000|100%| O|  |TAMS 0x0000000082e00000, 0x0000000082d00000| Untracked 
|  46|0x0000000082e00000, 0x0000000082f00000, 0x0000000082f00000|100%| O|  |TAMS 0x0000000082f00000, 0x0000000082e00000| Untracked 
|  47|0x0000000082f00000, 0x0000000083000000, 0x0000000083000000|100%| O|  |TAMS 0x0000000083000000, 0x0000000082f00000| Untracked 
|  48|0x0000000083000000, 0x0000000083100000, 0x0000000083100000|100%| O|  |TAMS 0x00000000830e6c00, 0x0000000083000000| Untracked 
|  49|0x0000000083100000, 0x0000000083200000, 0x0000000083200000|100%| O|  |TAMS 0x0000000083100000, 0x0000000083100000| Untracked 
|  50|0x0000000083200000, 0x0000000083300000, 0x0000000083300000|100%| O|  |TAMS 0x0000000083200000, 0x0000000083200000| Untracked 
|  51|0x0000000083300000, 0x0000000083400000, 0x0000000083400000|100%| O|  |TAMS 0x0000000083300000, 0x0000000083300000| Untracked 
|  52|0x0000000083400000, 0x0000000083500000, 0x0000000083500000|100%| O|  |TAMS 0x0000000083400000, 0x0000000083400000| Untracked 
|  53|0x0000000083500000, 0x0000000083600000, 0x0000000083600000|100%| O|  |TAMS 0x0000000083500000, 0x0000000083500000| Untracked 
|  54|0x0000000083600000, 0x0000000083700000, 0x0000000083700000|100%| O|  |TAMS 0x0000000083600000, 0x0000000083600000| Untracked 
|  55|0x0000000083700000, 0x0000000083800000, 0x0000000083800000|100%| O|  |TAMS 0x0000000083700000, 0x0000000083700000| Untracked 
|  56|0x0000000083800000, 0x0000000083900000, 0x0000000083900000|100%| O|  |TAMS 0x0000000083800000, 0x0000000083800000| Untracked 
|  57|0x0000000083900000, 0x0000000083a00000, 0x0000000083a00000|100%| O|  |TAMS 0x0000000083900000, 0x0000000083900000| Untracked 
|  58|0x0000000083a00000, 0x0000000083b00000, 0x0000000083b00000|100%| O|  |TAMS 0x0000000083a00000, 0x0000000083a00000| Untracked 
|  59|0x0000000083b00000, 0x0000000083c00000, 0x0000000083c00000|100%| O|  |TAMS 0x0000000083b00000, 0x0000000083b00000| Untracked 
|  60|0x0000000083c00000, 0x0000000083d00000, 0x0000000083d00000|100%| O|  |TAMS 0x0000000083c00000, 0x0000000083c00000| Untracked 
|  61|0x0000000083d00000, 0x0000000083e00000, 0x0000000083e00000|100%| O|  |TAMS 0x0000000083d00000, 0x0000000083d00000| Untracked 
|  62|0x0000000083e00000, 0x0000000083f00000, 0x0000000083f00000|100%| O|  |TAMS 0x0000000083e00000, 0x0000000083e00000| Untracked 
|  63|0x0000000083f00000, 0x0000000084000000, 0x0000000084000000|100%| O|  |TAMS 0x0000000083f00000, 0x0000000083f00000| Untracked 
|  64|0x0000000084000000, 0x0000000084100000, 0x0000000084100000|100%| O|  |TAMS 0x0000000084000000, 0x0000000084000000| Untracked 
|  65|0x0000000084100000, 0x0000000084200000, 0x0000000084200000|100%| O|  |TAMS 0x0000000084100000, 0x0000000084100000| Untracked 
|  66|0x0000000084200000, 0x0000000084300000, 0x0000000084300000|100%| O|  |TAMS 0x0000000084200000, 0x0000000084200000| Untracked 
|  67|0x0000000084300000, 0x0000000084400000, 0x0000000084400000|100%| O|  |TAMS 0x0000000084300000, 0x0000000084300000| Untracked 
|  68|0x0000000084400000, 0x0000000084500000, 0x0000000084500000|100%| O|  |TAMS 0x0000000084400000, 0x0000000084400000| Untracked 
|  69|0x0000000084500000, 0x0000000084600000, 0x0000000084600000|100%| O|  |TAMS 0x0000000084500000, 0x0000000084500000| Untracked 
|  70|0x0000000084600000, 0x0000000084700000, 0x0000000084700000|100%| O|  |TAMS 0x0000000084600000, 0x0000000084600000| Untracked 
|  71|0x0000000084700000, 0x0000000084800000, 0x0000000084800000|100%| O|  |TAMS 0x0000000084700000, 0x0000000084700000| Untracked 
|  72|0x0000000084800000, 0x0000000084900000, 0x0000000084900000|100%| O|  |TAMS 0x0000000084800000, 0x0000000084800000| Untracked 
|  73|0x0000000084900000, 0x0000000084a00000, 0x0000000084a00000|100%| O|  |TAMS 0x0000000084900000, 0x0000000084900000| Untracked 
|  74|0x0000000084a00000, 0x0000000084b00000, 0x0000000084b00000|100%| O|  |TAMS 0x0000000084a00000, 0x0000000084a00000| Untracked 
|  75|0x0000000084b00000, 0x0000000084c00000, 0x0000000084c00000|100%| O|  |TAMS 0x0000000084b00000, 0x0000000084b00000| Untracked 
|  76|0x0000000084c00000, 0x0000000084d00000, 0x0000000084d00000|100%| O|  |TAMS 0x0000000084c00000, 0x0000000084c00000| Untracked 
|  77|0x0000000084d00000, 0x0000000084e00000, 0x0000000084e00000|100%| O|  |TAMS 0x0000000084d00000, 0x0000000084d00000| Untracked 
|  78|0x0000000084e00000, 0x0000000084f00000, 0x0000000084f00000|100%| O|  |TAMS 0x0000000084e00000, 0x0000000084e00000| Untracked 
|  79|0x0000000084f00000, 0x0000000085000000, 0x0000000085000000|100%| O|  |TAMS 0x0000000084f00000, 0x0000000084f00000| Untracked 
|  80|0x0000000085000000, 0x0000000085100000, 0x0000000085100000|100%| O|  |TAMS 0x0000000085000000, 0x0000000085000000| Untracked 
|  81|0x0000000085100000, 0x0000000085200000, 0x0000000085200000|100%| O|  |TAMS 0x0000000085100000, 0x0000000085100000| Untracked 
|  82|0x0000000085200000, 0x0000000085300000, 0x0000000085300000|100%| O|  |TAMS 0x0000000085200000, 0x0000000085200000| Untracked 
|  83|0x0000000085300000, 0x0000000085400000, 0x0000000085400000|100%| O|  |TAMS 0x0000000085300000, 0x0000000085300000| Untracked 
|  84|0x0000000085400000, 0x0000000085500000, 0x0000000085500000|100%| O|  |TAMS 0x0000000085400000, 0x0000000085400000| Untracked 
|  85|0x0000000085500000, 0x0000000085600000, 0x0000000085600000|100%| O|  |TAMS 0x0000000085500000, 0x0000000085500000| Untracked 
|  86|0x0000000085600000, 0x0000000085700000, 0x0000000085700000|100%| O|  |TAMS 0x0000000085600000, 0x0000000085600000| Untracked 
|  87|0x0000000085700000, 0x0000000085800000, 0x0000000085800000|100%| O|  |TAMS 0x0000000085700000, 0x0000000085700000| Untracked 
|  88|0x0000000085800000, 0x0000000085880000, 0x0000000085900000| 50%| O|  |TAMS 0x0000000085800000, 0x0000000085800000| Untracked 
|  89|0x0000000085900000, 0x0000000085900000, 0x0000000085a00000|  0%| F|  |TAMS 0x0000000085900000, 0x0000000085900000| Untracked 
|  90|0x0000000085a00000, 0x0000000085a00000, 0x0000000085b00000|  0%| F|  |TAMS 0x0000000085a00000, 0x0000000085a00000| Untracked 
|  91|0x0000000085b00000, 0x0000000085b00000, 0x0000000085c00000|  0%| F|  |TAMS 0x0000000085b00000, 0x0000000085b00000| Untracked 
|  92|0x0000000085c00000, 0x0000000085c00000, 0x0000000085d00000|  0%| F|  |TAMS 0x0000000085c00000, 0x0000000085c00000| Untracked 
|  93|0x0000000085d00000, 0x0000000085d00000, 0x0000000085e00000|  0%| F|  |TAMS 0x0000000085d00000, 0x0000000085d00000| Untracked 
|  94|0x0000000085e00000, 0x0000000085e00000, 0x0000000085f00000|  0%| F|  |TAMS 0x0000000085e00000, 0x0000000085e00000| Untracked 
|  95|0x0000000085f00000, 0x0000000085f00000, 0x0000000086000000|  0%| F|  |TAMS 0x0000000085f00000, 0x0000000085f00000| Untracked 
|  96|0x0000000086000000, 0x0000000086000000, 0x0000000086100000|  0%| F|  |TAMS 0x0000000086000000, 0x0000000086000000| Untracked 
|  97|0x0000000086100000, 0x0000000086100000, 0x0000000086200000|  0%| F|  |TAMS 0x0000000086100000, 0x0000000086100000| Untracked 
|  98|0x0000000086200000, 0x0000000086200000, 0x0000000086300000|  0%| F|  |TAMS 0x0000000086200000, 0x0000000086200000| Untracked 
|  99|0x0000000086300000, 0x0000000086300000, 0x0000000086400000|  0%| F|  |TAMS 0x0000000086300000, 0x0000000086300000| Untracked 
| 100|0x0000000086400000, 0x0000000086400000, 0x0000000086500000|  0%| F|  |TAMS 0x0000000086400000, 0x0000000086400000| Untracked 
| 101|0x0000000086500000, 0x0000000086500000, 0x0000000086600000|  0%| F|  |TAMS 0x0000000086500000, 0x0000000086500000| Untracked 
| 102|0x0000000086600000, 0x0000000086600000, 0x0000000086700000|  0%| F|  |TAMS 0x0000000086600000, 0x0000000086600000| Untracked 
| 103|0x0000000086700000, 0x0000000086700000, 0x0000000086800000|  0%| F|  |TAMS 0x0000000086700000, 0x0000000086700000| Untracked 
| 104|0x0000000086800000, 0x0000000086800000, 0x0000000086900000|  0%| F|  |TAMS 0x0000000086800000, 0x0000000086800000| Untracked 
| 105|0x0000000086900000, 0x0000000086900000, 0x0000000086a00000|  0%| F|  |TAMS 0x0000000086900000, 0x0000000086900000| Untracked 
| 106|0x0000000086a00000, 0x0000000086a00000, 0x0000000086b00000|  0%| F|  |TAMS 0x0000000086a00000, 0x0000000086a00000| Untracked 
| 107|0x0000000086b00000, 0x0000000086b00000, 0x0000000086c00000|  0%| F|  |TAMS 0x0000000086b00000, 0x0000000086b00000| Untracked 
| 108|0x0000000086c00000, 0x0000000086c00000, 0x0000000086d00000|  0%| F|  |TAMS 0x0000000086c00000, 0x0000000086c00000| Untracked 
| 109|0x0000000086d00000, 0x0000000086d00000, 0x0000000086e00000|  0%| F|  |TAMS 0x0000000086d00000, 0x0000000086d00000| Untracked 
| 110|0x0000000086e00000, 0x0000000086e00000, 0x0000000086f00000|  0%| F|  |TAMS 0x0000000086e00000, 0x0000000086e00000| Untracked 
| 111|0x0000000086f00000, 0x0000000086f00000, 0x0000000087000000|  0%| F|  |TAMS 0x0000000086f00000, 0x0000000086f00000| Untracked 
| 112|0x0000000087000000, 0x0000000087000000, 0x0000000087100000|  0%| F|  |TAMS 0x0000000087000000, 0x0000000087000000| Untracked 
| 113|0x0000000087100000, 0x0000000087100000, 0x0000000087200000|  0%| F|  |TAMS 0x0000000087100000, 0x0000000087100000| Untracked 
| 114|0x0000000087200000, 0x0000000087200000, 0x0000000087300000|  0%| F|  |TAMS 0x0000000087200000, 0x0000000087200000| Untracked 
| 115|0x0000000087300000, 0x0000000087300000, 0x0000000087400000|  0%| F|  |TAMS 0x0000000087300000, 0x0000000087300000| Untracked 
| 116|0x0000000087400000, 0x0000000087400000, 0x0000000087500000|  0%| F|  |TAMS 0x0000000087400000, 0x0000000087400000| Untracked 
| 117|0x0000000087500000, 0x0000000087500000, 0x0000000087600000|  0%| F|  |TAMS 0x0000000087500000, 0x0000000087500000| Untracked 
| 118|0x0000000087600000, 0x0000000087600000, 0x0000000087700000|  0%| F|  |TAMS 0x0000000087600000, 0x0000000087600000| Untracked 
| 119|0x0000000087700000, 0x0000000087700000, 0x0000000087800000|  0%| F|  |TAMS 0x0000000087700000, 0x0000000087700000| Untracked 
| 120|0x0000000087800000, 0x0000000087800000, 0x0000000087900000|  0%| F|  |TAMS 0x0000000087800000, 0x0000000087800000| Untracked 
| 121|0x0000000087900000, 0x0000000087900000, 0x0000000087a00000|  0%| F|  |TAMS 0x0000000087900000, 0x0000000087900000| Untracked 
| 122|0x0000000087a00000, 0x0000000087a00000, 0x0000000087b00000|  0%| F|  |TAMS 0x0000000087a00000, 0x0000000087a00000| Untracked 
| 123|0x0000000087b00000, 0x0000000087b00000, 0x0000000087c00000|  0%| F|  |TAMS 0x0000000087b00000, 0x0000000087b00000| Untracked 
| 124|0x0000000087c00000, 0x0000000087c00000, 0x0000000087d00000|  0%| F|  |TAMS 0x0000000087c00000, 0x0000000087c00000| Untracked 
| 125|0x0000000087d00000, 0x0000000087d00000, 0x0000000087e00000|  0%| F|  |TAMS 0x0000000087d00000, 0x0000000087d00000| Untracked 
| 126|0x0000000087e00000, 0x0000000087e00000, 0x0000000087f00000|  0%| F|  |TAMS 0x0000000087e00000, 0x0000000087e00000| Untracked 
| 127|0x0000000087f00000, 0x0000000087f00000, 0x0000000088000000|  0%| F|  |TAMS 0x0000000087f00000, 0x0000000087f00000| Untracked 
| 128|0x0000000088000000, 0x0000000088000000, 0x0000000088100000|  0%| F|  |TAMS 0x0000000088000000, 0x0000000088000000| Untracked 
| 129|0x0000000088100000, 0x0000000088100000, 0x0000000088200000|  0%| F|  |TAMS 0x0000000088100000, 0x0000000088100000| Untracked 
| 130|0x0000000088200000, 0x0000000088200000, 0x0000000088300000|  0%| F|  |TAMS 0x0000000088200000, 0x0000000088200000| Untracked 
| 131|0x0000000088300000, 0x0000000088300000, 0x0000000088400000|  0%| F|  |TAMS 0x0000000088300000, 0x0000000088300000| Untracked 
| 132|0x0000000088400000, 0x0000000088400000, 0x0000000088500000|  0%| F|  |TAMS 0x0000000088400000, 0x0000000088400000| Untracked 
| 133|0x0000000088500000, 0x0000000088500000, 0x0000000088600000|  0%| F|  |TAMS 0x0000000088500000, 0x0000000088500000| Untracked 
| 134|0x0000000088600000, 0x0000000088600000, 0x0000000088700000|  0%| F|  |TAMS 0x0000000088600000, 0x0000000088600000| Untracked 
| 135|0x0000000088700000, 0x0000000088700000, 0x0000000088800000|  0%| F|  |TAMS 0x0000000088700000, 0x0000000088700000| Untracked 
| 136|0x0000000088800000, 0x0000000088800000, 0x0000000088900000|  0%| F|  |TAMS 0x0000000088800000, 0x0000000088800000| Untracked 
| 137|0x0000000088900000, 0x0000000088900000, 0x0000000088a00000|  0%| F|  |TAMS 0x0000000088900000, 0x0000000088900000| Untracked 
| 138|0x0000000088a00000, 0x0000000088a00000, 0x0000000088b00000|  0%| F|  |TAMS 0x0000000088a00000, 0x0000000088a00000| Untracked 
| 139|0x0000000088b00000, 0x0000000088b00000, 0x0000000088c00000|  0%| F|  |TAMS 0x0000000088b00000, 0x0000000088b00000| Untracked 
| 140|0x0000000088c00000, 0x0000000088c00000, 0x0000000088d00000|  0%| F|  |TAMS 0x0000000088c00000, 0x0000000088c00000| Untracked 
| 141|0x0000000088d00000, 0x0000000088e00000, 0x0000000088e00000|100%| S|CS|TAMS 0x0000000088d00000, 0x0000000088d00000| Complete 
| 142|0x0000000088e00000, 0x0000000088f00000, 0x0000000088f00000|100%| S|CS|TAMS 0x0000000088e00000, 0x0000000088e00000| Complete 
| 143|0x0000000088f00000, 0x0000000089000000, 0x0000000089000000|100%| S|CS|TAMS 0x0000000088f00000, 0x0000000088f00000| Complete 
| 144|0x0000000089000000, 0x0000000089100000, 0x0000000089100000|100%| S|CS|TAMS 0x0000000089000000, 0x0000000089000000| Complete 
| 145|0x0000000089100000, 0x0000000089200000, 0x0000000089200000|100%| S|CS|TAMS 0x0000000089100000, 0x0000000089100000| Complete 
| 146|0x0000000089200000, 0x0000000089300000, 0x0000000089300000|100%| S|CS|TAMS 0x0000000089200000, 0x0000000089200000| Complete 
| 147|0x0000000089300000, 0x0000000089400000, 0x0000000089400000|100%| S|CS|TAMS 0x0000000089300000, 0x0000000089300000| Complete 
| 148|0x0000000089400000, 0x0000000089400000, 0x0000000089500000|  0%| F|  |TAMS 0x0000000089400000, 0x0000000089400000| Untracked 
| 149|0x0000000089500000, 0x0000000089558bb0, 0x0000000089600000| 34%| E|  |TAMS 0x0000000089500000, 0x0000000089500000| Complete 
| 150|0x0000000089600000, 0x0000000089700000, 0x0000000089700000|100%| E|CS|TAMS 0x0000000089600000, 0x0000000089600000| Complete 
| 151|0x0000000089700000, 0x0000000089800000, 0x0000000089800000|100%| E|CS|TAMS 0x0000000089700000, 0x0000000089700000| Complete 
| 152|0x0000000089800000, 0x0000000089900000, 0x0000000089900000|100%| E|CS|TAMS 0x0000000089800000, 0x0000000089800000| Complete 
| 153|0x0000000089900000, 0x0000000089a00000, 0x0000000089a00000|100%| E|CS|TAMS 0x0000000089900000, 0x0000000089900000| Complete 
| 154|0x0000000089a00000, 0x0000000089b00000, 0x0000000089b00000|100%| E|CS|TAMS 0x0000000089a00000, 0x0000000089a00000| Complete 
| 155|0x0000000089b00000, 0x0000000089c00000, 0x0000000089c00000|100%| E|CS|TAMS 0x0000000089b00000, 0x0000000089b00000| Complete 
| 156|0x0000000089c00000, 0x0000000089d00000, 0x0000000089d00000|100%| E|CS|TAMS 0x0000000089c00000, 0x0000000089c00000| Complete 
| 157|0x0000000089d00000, 0x0000000089e00000, 0x0000000089e00000|100%| E|CS|TAMS 0x0000000089d00000, 0x0000000089d00000| Complete 
| 158|0x0000000089e00000, 0x0000000089f00000, 0x0000000089f00000|100%| E|CS|TAMS 0x0000000089e00000, 0x0000000089e00000| Complete 
| 159|0x0000000089f00000, 0x000000008a000000, 0x000000008a000000|100%| E|CS|TAMS 0x0000000089f00000, 0x0000000089f00000| Complete 
| 160|0x000000008a000000, 0x000000008a100000, 0x000000008a100000|100%| E|CS|TAMS 0x000000008a000000, 0x000000008a000000| Complete 
| 161|0x000000008a100000, 0x000000008a200000, 0x000000008a200000|100%| E|CS|TAMS 0x000000008a100000, 0x000000008a100000| Complete 
| 162|0x000000008a200000, 0x000000008a300000, 0x000000008a300000|100%| E|CS|TAMS 0x000000008a200000, 0x000000008a200000| Complete 
| 163|0x000000008a300000, 0x000000008a400000, 0x000000008a400000|100%| E|CS|TAMS 0x000000008a300000, 0x000000008a300000| Complete 
| 164|0x000000008a400000, 0x000000008a500000, 0x000000008a500000|100%| E|CS|TAMS 0x000000008a400000, 0x000000008a400000| Complete 
| 165|0x000000008a500000, 0x000000008a600000, 0x000000008a600000|100%| E|CS|TAMS 0x000000008a500000, 0x000000008a500000| Complete 
| 166|0x000000008a600000, 0x000000008a700000, 0x000000008a700000|100%| E|CS|TAMS 0x000000008a600000, 0x000000008a600000| Complete 
| 167|0x000000008a700000, 0x000000008a800000, 0x000000008a800000|100%| E|CS|TAMS 0x000000008a700000, 0x000000008a700000| Complete 
| 168|0x000000008a800000, 0x000000008a900000, 0x000000008a900000|100%| E|CS|TAMS 0x000000008a800000, 0x000000008a800000| Complete 
| 169|0x000000008a900000, 0x000000008aa00000, 0x000000008aa00000|100%| E|CS|TAMS 0x000000008a900000, 0x000000008a900000| Complete 
| 170|0x000000008aa00000, 0x000000008ab00000, 0x000000008ab00000|100%| E|CS|TAMS 0x000000008aa00000, 0x000000008aa00000| Complete 
| 171|0x000000008ab00000, 0x000000008ac00000, 0x000000008ac00000|100%| E|CS|TAMS 0x000000008ab00000, 0x000000008ab00000| Complete 
| 172|0x000000008ac00000, 0x000000008ad00000, 0x000000008ad00000|100%| E|CS|TAMS 0x000000008ac00000, 0x000000008ac00000| Complete 
| 173|0x000000008ad00000, 0x000000008ae00000, 0x000000008ae00000|100%| E|CS|TAMS 0x000000008ad00000, 0x000000008ad00000| Complete 
| 174|0x000000008ae00000, 0x000000008af00000, 0x000000008af00000|100%| E|CS|TAMS 0x000000008ae00000, 0x000000008ae00000| Complete 
| 175|0x000000008af00000, 0x000000008b000000, 0x000000008b000000|100%| E|CS|TAMS 0x000000008af00000, 0x000000008af00000| Complete 
| 176|0x000000008b000000, 0x000000008b100000, 0x000000008b100000|100%| E|CS|TAMS 0x000000008b000000, 0x000000008b000000| Complete 
| 177|0x000000008b100000, 0x000000008b200000, 0x000000008b200000|100%| E|CS|TAMS 0x000000008b100000, 0x000000008b100000| Complete 
| 178|0x000000008b200000, 0x000000008b300000, 0x000000008b300000|100%| E|CS|TAMS 0x000000008b200000, 0x000000008b200000| Complete 
| 179|0x000000008b300000, 0x000000008b400000, 0x000000008b400000|100%| E|CS|TAMS 0x000000008b300000, 0x000000008b300000| Complete 
| 180|0x000000008b400000, 0x000000008b500000, 0x000000008b500000|100%| E|CS|TAMS 0x000000008b400000, 0x000000008b400000| Complete 
| 181|0x000000008b500000, 0x000000008b600000, 0x000000008b600000|100%| E|CS|TAMS 0x000000008b500000, 0x000000008b500000| Complete 
| 182|0x000000008b600000, 0x000000008b700000, 0x000000008b700000|100%| E|CS|TAMS 0x000000008b600000, 0x000000008b600000| Complete 
| 183|0x000000008b700000, 0x000000008b800000, 0x000000008b800000|100%| E|CS|TAMS 0x000000008b700000, 0x000000008b700000| Complete 
| 184|0x000000008b800000, 0x000000008b900000, 0x000000008b900000|100%| E|CS|TAMS 0x000000008b800000, 0x000000008b800000| Complete 
| 185|0x000000008b900000, 0x000000008ba00000, 0x000000008ba00000|100%| E|CS|TAMS 0x000000008b900000, 0x000000008b900000| Complete 
| 186|0x000000008ba00000, 0x000000008bb00000, 0x000000008bb00000|100%| E|CS|TAMS 0x000000008ba00000, 0x000000008ba00000| Complete 
| 187|0x000000008bb00000, 0x000000008bc00000, 0x000000008bc00000|100%| E|CS|TAMS 0x000000008bb00000, 0x000000008bb00000| Complete 
| 188|0x000000008bc00000, 0x000000008bd00000, 0x000000008bd00000|100%| E|CS|TAMS 0x000000008bc00000, 0x000000008bc00000| Complete 
| 189|0x000000008bd00000, 0x000000008be00000, 0x000000008be00000|100%| E|CS|TAMS 0x000000008bd00000, 0x000000008bd00000| Complete 
| 190|0x000000008be00000, 0x000000008bf00000, 0x000000008bf00000|100%| E|CS|TAMS 0x000000008be00000, 0x000000008be00000| Complete 
| 191|0x000000008bf00000, 0x000000008c000000, 0x000000008c000000|100%| E|CS|TAMS 0x000000008bf00000, 0x000000008bf00000| Complete 
| 192|0x000000008c000000, 0x000000008c100000, 0x000000008c100000|100%| E|CS|TAMS 0x000000008c000000, 0x000000008c000000| Complete 
| 193|0x000000008c100000, 0x000000008c200000, 0x000000008c200000|100%| E|CS|TAMS 0x000000008c100000, 0x000000008c100000| Complete 
| 194|0x000000008c200000, 0x000000008c300000, 0x000000008c300000|100%| E|CS|TAMS 0x000000008c200000, 0x000000008c200000| Complete 
| 195|0x000000008c300000, 0x000000008c400000, 0x000000008c400000|100%| E|CS|TAMS 0x000000008c300000, 0x000000008c300000| Complete 
| 196|0x000000008c400000, 0x000000008c500000, 0x000000008c500000|100%| E|CS|TAMS 0x000000008c400000, 0x000000008c400000| Complete 
| 197|0x000000008c500000, 0x000000008c600000, 0x000000008c600000|100%| E|CS|TAMS 0x000000008c500000, 0x000000008c500000| Complete 
| 198|0x000000008c600000, 0x000000008c700000, 0x000000008c700000|100%| E|CS|TAMS 0x000000008c600000, 0x000000008c600000| Complete 
| 199|0x000000008c700000, 0x000000008c800000, 0x000000008c800000|100%| E|CS|TAMS 0x000000008c700000, 0x000000008c700000| Complete 
| 200|0x000000008c800000, 0x000000008c900000, 0x000000008c900000|100%| E|CS|TAMS 0x000000008c800000, 0x000000008c800000| Complete 
| 201|0x000000008c900000, 0x000000008ca00000, 0x000000008ca00000|100%| E|CS|TAMS 0x000000008c900000, 0x000000008c900000| Complete 
| 202|0x000000008ca00000, 0x000000008cb00000, 0x000000008cb00000|100%| E|CS|TAMS 0x000000008ca00000, 0x000000008ca00000| Complete 
| 203|0x000000008cb00000, 0x000000008cc00000, 0x000000008cc00000|100%| E|CS|TAMS 0x000000008cb00000, 0x000000008cb00000| Complete 
| 204|0x000000008cc00000, 0x000000008cd00000, 0x000000008cd00000|100%| E|CS|TAMS 0x000000008cc00000, 0x000000008cc00000| Complete 
| 205|0x000000008cd00000, 0x000000008ce00000, 0x000000008ce00000|100%| E|CS|TAMS 0x000000008cd00000, 0x000000008cd00000| Complete 
| 206|0x000000008ce00000, 0x000000008cf00000, 0x000000008cf00000|100%| E|CS|TAMS 0x000000008ce00000, 0x000000008ce00000| Complete 
| 207|0x000000008cf00000, 0x000000008d000000, 0x000000008d000000|100%| E|CS|TAMS 0x000000008cf00000, 0x000000008cf00000| Complete 
| 208|0x000000008d000000, 0x000000008d100000, 0x000000008d100000|100%| E|CS|TAMS 0x000000008d000000, 0x000000008d000000| Complete 
| 209|0x000000008d100000, 0x000000008d200000, 0x000000008d200000|100%| E|CS|TAMS 0x000000008d100000, 0x000000008d100000| Complete 
| 210|0x000000008d200000, 0x000000008d300000, 0x000000008d300000|100%| E|CS|TAMS 0x000000008d200000, 0x000000008d200000| Complete 
| 211|0x000000008d300000, 0x000000008d400000, 0x000000008d400000|100%| E|CS|TAMS 0x000000008d300000, 0x000000008d300000| Complete 
| 212|0x000000008d400000, 0x000000008d500000, 0x000000008d500000|100%| E|CS|TAMS 0x000000008d400000, 0x000000008d400000| Complete 
| 213|0x000000008d500000, 0x000000008d600000, 0x000000008d600000|100%| E|CS|TAMS 0x000000008d500000, 0x000000008d500000| Complete 
| 214|0x000000008d600000, 0x000000008d700000, 0x000000008d700000|100%| E|CS|TAMS 0x000000008d600000, 0x000000008d600000| Complete 
| 215|0x000000008d700000, 0x000000008d800000, 0x000000008d800000|100%| E|CS|TAMS 0x000000008d700000, 0x000000008d700000| Complete 
| 216|0x000000008d800000, 0x000000008d900000, 0x000000008d900000|100%| E|CS|TAMS 0x000000008d800000, 0x000000008d800000| Complete 
| 217|0x000000008d900000, 0x000000008da00000, 0x000000008da00000|100%| E|CS|TAMS 0x000000008d900000, 0x000000008d900000| Complete 
| 218|0x000000008da00000, 0x000000008db00000, 0x000000008db00000|100%| E|CS|TAMS 0x000000008da00000, 0x000000008da00000| Complete 
| 219|0x000000008db00000, 0x000000008dc00000, 0x000000008dc00000|100%| E|CS|TAMS 0x000000008db00000, 0x000000008db00000| Complete 
| 220|0x000000008dc00000, 0x000000008dd00000, 0x000000008dd00000|100%| E|CS|TAMS 0x000000008dc00000, 0x000000008dc00000| Complete 
| 221|0x000000008dd00000, 0x000000008de00000, 0x000000008de00000|100%| E|CS|TAMS 0x000000008dd00000, 0x000000008dd00000| Complete 
| 222|0x000000008de00000, 0x000000008df00000, 0x000000008df00000|100%| E|CS|TAMS 0x000000008de00000, 0x000000008de00000| Complete 
| 223|0x000000008df00000, 0x000000008e000000, 0x000000008e000000|100%| E|CS|TAMS 0x000000008df00000, 0x000000008df00000| Complete 
| 224|0x000000008e000000, 0x000000008e100000, 0x000000008e100000|100%| E|CS|TAMS 0x000000008e000000, 0x000000008e000000| Complete 
| 225|0x000000008e100000, 0x000000008e200000, 0x000000008e200000|100%| E|CS|TAMS 0x000000008e100000, 0x000000008e100000| Complete 
| 226|0x000000008e200000, 0x000000008e300000, 0x000000008e300000|100%| E|CS|TAMS 0x000000008e200000, 0x000000008e200000| Complete 
| 227|0x000000008e300000, 0x000000008e400000, 0x000000008e400000|100%| E|CS|TAMS 0x000000008e300000, 0x000000008e300000| Complete 
| 228|0x000000008e400000, 0x000000008e500000, 0x000000008e500000|100%| E|CS|TAMS 0x000000008e400000, 0x000000008e400000| Complete 
| 229|0x000000008e500000, 0x000000008e600000, 0x000000008e600000|100%| E|CS|TAMS 0x000000008e500000, 0x000000008e500000| Complete 
| 230|0x000000008e600000, 0x000000008e700000, 0x000000008e700000|100%| E|CS|TAMS 0x000000008e600000, 0x000000008e600000| Complete 
| 231|0x000000008e700000, 0x000000008e800000, 0x000000008e800000|100%| E|CS|TAMS 0x000000008e700000, 0x000000008e700000| Complete 
| 232|0x000000008e800000, 0x000000008e900000, 0x000000008e900000|100%| E|CS|TAMS 0x000000008e800000, 0x000000008e800000| Complete 
| 233|0x000000008e900000, 0x000000008ea00000, 0x000000008ea00000|100%| E|CS|TAMS 0x000000008e900000, 0x000000008e900000| Complete 
| 234|0x000000008ea00000, 0x000000008eb00000, 0x000000008eb00000|100%| E|CS|TAMS 0x000000008ea00000, 0x000000008ea00000| Complete 
| 235|0x000000008eb00000, 0x000000008ec00000, 0x000000008ec00000|100%| E|CS|TAMS 0x000000008eb00000, 0x000000008eb00000| Complete 
| 236|0x000000008ec00000, 0x000000008ed00000, 0x000000008ed00000|100%| E|CS|TAMS 0x000000008ec00000, 0x000000008ec00000| Complete 
| 237|0x000000008ed00000, 0x000000008ee00000, 0x000000008ee00000|100%| E|CS|TAMS 0x000000008ed00000, 0x000000008ed00000| Complete 
| 238|0x000000008ee00000, 0x000000008ef00000, 0x000000008ef00000|100%| E|CS|TAMS 0x000000008ee00000, 0x000000008ee00000| Complete 
| 239|0x000000008ef00000, 0x000000008f000000, 0x000000008f000000|100%| E|CS|TAMS 0x000000008ef00000, 0x000000008ef00000| Complete 
| 240|0x000000008f000000, 0x000000008f100000, 0x000000008f100000|100%| E|CS|TAMS 0x000000008f000000, 0x000000008f000000| Complete 
| 241|0x000000008f100000, 0x000000008f200000, 0x000000008f200000|100%| E|CS|TAMS 0x000000008f100000, 0x000000008f100000| Complete 
| 242|0x000000008f200000, 0x000000008f300000, 0x000000008f300000|100%| E|CS|TAMS 0x000000008f200000, 0x000000008f200000| Complete 
| 243|0x000000008f300000, 0x000000008f400000, 0x000000008f400000|100%| E|CS|TAMS 0x000000008f300000, 0x000000008f300000| Complete 
| 244|0x000000008f400000, 0x000000008f500000, 0x000000008f500000|100%| E|CS|TAMS 0x000000008f400000, 0x000000008f400000| Complete 
| 245|0x000000008f500000, 0x000000008f600000, 0x000000008f600000|100%| E|CS|TAMS 0x000000008f500000, 0x000000008f500000| Complete 
| 246|0x000000008f600000, 0x000000008f700000, 0x000000008f700000|100%| E|CS|TAMS 0x000000008f600000, 0x000000008f600000| Complete 
| 247|0x000000008f700000, 0x000000008f800000, 0x000000008f800000|100%| E|CS|TAMS 0x000000008f700000, 0x000000008f700000| Complete 

Card table byte_map: [0x0000019974480000,0x0000019974880000] _byte_map_base: 0x0000019974080000

Marking Bits (Prev, Next): (CMBitMap*) 0x00000199705e50f8, (CMBitMap*) 0x00000199705e5130
 Prev Bits: [0x0000019974c80000, 0x0000019976c80000)
 Next Bits: [0x0000019976c80000, 0x0000019978c80000)

Polling page: 0x000001996e4f0000

Metaspace:

Usage:
  Non-class:     86.86 MB capacity,    85.25 MB ( 98%) used,     1.30 MB (  1%) free+waste,   318.56 KB ( <1%) overhead. 
      Class:     13.69 MB capacity,    12.72 MB ( 93%) used,   853.27 KB (  6%) free+waste,   144.25 KB (  1%) overhead. 
       Both:    100.55 MB capacity,    97.97 MB ( 97%) used,     2.13 MB (  2%) free+waste,   462.81 KB ( <1%) overhead. 

Virtual space:
  Non-class space:       88.00 MB reserved,      87.00 MB ( 99%) committed 
      Class space:        1.00 GB reserved,      13.70 MB (  1%) committed 
             Both:        1.09 GB reserved,     100.70 MB (  9%) committed 

Chunk freelists:
   Non-Class:  16.00 KB
       Class:  0 bytes
        Both:  16.00 KB

MaxMetaspaceSize: 17179869184.00 GB
CompressedClassSpaceSize: 1.00 GB

CodeHeap 'non-profiled nmethods': size=120064Kb used=7276Kb max_used=7276Kb free=112787Kb
 bounds [0x0000019907ac0000, 0x00000199081e0000, 0x000001990f000000]
CodeHeap 'profiled nmethods': size=120000Kb used=30354Kb max_used=30354Kb free=89645Kb
 bounds [0x0000019900590000, 0x0000019902340000, 0x0000019907ac0000]
CodeHeap 'non-nmethods': size=5696Kb used=2310Kb max_used=2369Kb free=3385Kb
 bounds [0x0000019900000000, 0x0000019900270000, 0x0000019900590000]
 total_blobs=14058 nmethods=13142 adapters=826
 compilation: enabled
              stopped_count=0, restarted_count=0
 full_count=0

Compilation events (20 events):
Event: 26.799 Thread 0x000001997ba17000 13207       2       com.android.tools.r8.internal.Fg::m1 (23 bytes)
Event: 26.799 Thread 0x000001997ba17000 nmethod 13207 0x000001990231d910 code [0x000001990231dae0, 0x000001990231dc58]
Event: 26.803 Thread 0x000001997ba17000 13208       2       com.android.tools.r8.internal.wj::c (20 bytes)
Event: 26.804 Thread 0x000001997ba17000 nmethod 13208 0x000001990231dd10 code [0x000001990231dec0, 0x000001990231e158]
Event: 26.804 Thread 0x000001997ba17000 13209       2       com.android.tools.r8.internal.sj::<init> (15 bytes)
Event: 26.804 Thread 0x000001997ba17000 nmethod 13209 0x000001990231e290 code [0x000001990231e440, 0x000001990231e658]
Event: 26.804 Thread 0x000001997ba17000 13210       2       com.android.tools.r8.internal.sj::iterator (35 bytes)
Event: 26.804 Thread 0x000001997ba17000 nmethod 13210 0x000001990231e710 code [0x000001990231e8e0, 0x000001990231ebc8]
Event: 26.808 Thread 0x000001997ba17000 13211       2       com.android.tools.r8.internal.i2$$Lambda$1257/0x0000000100d40040::apply (12 bytes)
Event: 26.809 Thread 0x000001997ba17000 nmethod 13211 0x000001990231ed10 code [0x000001990231eec0, 0x000001990231f028]
Event: 26.811 Thread 0x000001997ba17000 13212       2       com.android.tools.r8.internal.C2::Y1 (5 bytes)
Event: 26.811 Thread 0x000001997ba17000 nmethod 13212 0x000001990231f110 code [0x000001990231f2c0, 0x000001990231f3e8]
Event: 26.813 Thread 0x000001997ba17000 13213       2       com.android.tools.r8.graph.T$$Lambda$1235/0x0000000100d16840::apply (15 bytes)
Event: 26.813 Thread 0x000001997ba17000 nmethod 13213 0x000001990231f490 code [0x000001990231f640, 0x000001990231f7e8]
Event: 26.813 Thread 0x000001997ba17000 13214       2       com.android.tools.r8.graph.G$c::<init> (40 bytes)
Event: 26.813 Thread 0x000001997ba17000 nmethod 13214 0x000001990231f910 code [0x000001990231fac0, 0x000001990231fbb8]
Event: 26.813 Thread 0x000001997ba17000 13215       2       com.android.tools.r8.internal.h4::a (21 bytes)
Event: 26.814 Thread 0x000001997ba17000 nmethod 13215 0x000001990231fc90 code [0x000001990231fe60, 0x0000019902320018]
Event: 26.815 Thread 0x000001997ba17000 13216       1       com.android.tools.r8.internal.jF::a2 (3 bytes)
Event: 26.815 Thread 0x000001997ba17000 nmethod 13216 0x00000199081dad90 code [0x00000199081daf40, 0x00000199081daff8]

GC Heap History (20 events):
Event: 6.581 GC heap before
{Heap before GC invocations=5 (full 0):
 garbage-first heap   total 194560K, used 67035K [0x0000000080000000, 0x0000000100000000)
  region size 1024K, 54 young (55296K), 5 survivors (5120K)
 Metaspace       used 35049K, capacity 35838K, committed 35840K, reserved 1081344K
  class space    used 4538K, capacity 4864K, committed 4864K, reserved 1048576K
}
Event: 6.593 GC heap after
{Heap after GC invocations=6 (full 0):
 garbage-first heap   total 194560K, used 22200K [0x0000000080000000, 0x0000000100000000)
  region size 1024K, 8 young (8192K), 8 survivors (8192K)
 Metaspace       used 35049K, capacity 35838K, committed 35840K, reserved 1081344K
  class space    used 4538K, capacity 4864K, committed 4864K, reserved 1048576K
}
Event: 8.424 GC heap before
{Heap before GC invocations=7 (full 0):
 garbage-first heap   total 194560K, used 102072K [0x0000000080000000, 0x0000000100000000)
  region size 1024K, 84 young (86016K), 8 survivors (8192K)
 Metaspace       used 40920K, capacity 41829K, committed 42060K, reserved 1085440K
  class space    used 5277K, capacity 5634K, committed 5708K, reserved 1048576K
}
Event: 8.452 GC heap after
{Heap after GC invocations=8 (full 0):
 garbage-first heap   total 194560K, used 27525K [0x0000000080000000, 0x0000000100000000)
  region size 1024K, 11 young (11264K), 11 survivors (11264K)
 Metaspace       used 40920K, capacity 41829K, committed 42060K, reserved 1085440K
  class space    used 5277K, capacity 5634K, committed 5708K, reserved 1048576K
}
Event: 10.502 GC heap before
{Heap before GC invocations=8 (full 0):
 garbage-first heap   total 194560K, used 120709K [0x0000000080000000, 0x0000000100000000)
  region size 1024K, 99 young (101376K), 11 survivors (11264K)
 Metaspace       used 47133K, capacity 48360K, committed 48460K, reserved 1091584K
  class space    used 6007K, capacity 6440K, committed 6476K, reserved 1048576K
}
Event: 10.522 GC heap after
{Heap after GC invocations=9 (full 0):
 garbage-first heap   total 194560K, used 36568K [0x0000000080000000, 0x0000000100000000)
  region size 1024K, 12 young (12288K), 12 survivors (12288K)
 Metaspace       used 47133K, capacity 48360K, committed 48460K, reserved 1091584K
  class space    used 6007K, capacity 6440K, committed 6476K, reserved 1048576K
}
Event: 12.621 GC heap before
{Heap before GC invocations=9 (full 0):
 garbage-first heap   total 194560K, used 128728K [0x0000000080000000, 0x0000000100000000)
  region size 1024K, 99 young (101376K), 12 survivors (12288K)
 Metaspace       used 58757K, capacity 60203K, committed 60236K, reserved 1101824K
  class space    used 7434K, capacity 7983K, committed 8012K, reserved 1048576K
}
Event: 12.744 GC heap after
{Heap after GC invocations=10 (full 0):
 garbage-first heap   total 194560K, used 49559K [0x0000000080000000, 0x0000000100000000)
  region size 1024K, 14 young (14336K), 14 survivors (14336K)
 Metaspace       used 58757K, capacity 60203K, committed 60236K, reserved 1101824K
  class space    used 7434K, capacity 7983K, committed 8012K, reserved 1048576K
}
Event: 14.580 GC heap before
{Heap before GC invocations=11 (full 0):
 garbage-first heap   total 194560K, used 144791K [0x0000000080000000, 0x0000000100000000)
  region size 1024K, 107 young (109568K), 14 survivors (14336K)
 Metaspace       used 65609K, capacity 67239K, committed 67404K, reserved 1107968K
  class space    used 8315K, capacity 8905K, committed 9036K, reserved 1048576K
}
Event: 14.617 GC heap after
{Heap after GC invocations=12 (full 0):
 garbage-first heap   total 194560K, used 57243K [0x0000000080000000, 0x0000000100000000)
  region size 1024K, 8 young (8192K), 8 survivors (8192K)
 Metaspace       used 65609K, capacity 67239K, committed 67404K, reserved 1107968K
  class space    used 8315K, capacity 8905K, committed 9036K, reserved 1048576K
}
Event: 17.041 GC heap before
{Heap before GC invocations=13 (full 0):
 garbage-first heap   total 194560K, used 148379K [0x0000000080000000, 0x0000000100000000)
  region size 1024K, 97 young (99328K), 8 survivors (8192K)
 Metaspace       used 75063K, capacity 76793K, committed 77004K, reserved 1116160K
  class space    used 9767K, capacity 10386K, committed 10444K, reserved 1048576K
}
Event: 17.063 GC heap after
{Heap after GC invocations=14 (full 0):
 garbage-first heap   total 253952K, used 63358K [0x0000000080000000, 0x0000000100000000)
  region size 1024K, 6 young (6144K), 6 survivors (6144K)
 Metaspace       used 75063K, capacity 76793K, committed 77004K, reserved 1116160K
  class space    used 9767K, capacity 10386K, committed 10444K, reserved 1048576K
}
Event: 20.301 GC heap before
{Heap before GC invocations=14 (full 0):
 garbage-first heap   total 253952K, used 177022K [0x0000000080000000, 0x0000000100000000)
  region size 1024K, 118 young (120832K), 6 survivors (6144K)
 Metaspace       used 81996K, capacity 84021K, committed 84172K, reserved 1122304K
  class space    used 10647K, capacity 11398K, committed 11468K, reserved 1048576K
}
Event: 20.323 GC heap after
{Heap after GC invocations=15 (full 0):
 garbage-first heap   total 253952K, used 71139K [0x0000000080000000, 0x0000000100000000)
  region size 1024K, 14 young (14336K), 14 survivors (14336K)
 Metaspace       used 81996K, capacity 84021K, committed 84172K, reserved 1122304K
  class space    used 10647K, capacity 11398K, committed 11468K, reserved 1048576K
}
Event: 22.433 GC heap before
{Heap before GC invocations=15 (full 0):
 garbage-first heap   total 253952K, used 187875K [0x0000000080000000, 0x0000000100000000)
  region size 1024K, 129 young (132096K), 14 survivors (14336K)
 Metaspace       used 85585K, capacity 87728K, committed 88012K, reserved 1126400K
  class space    used 11040K, capacity 11842K, committed 11980K, reserved 1048576K
}
Event: 22.463 GC heap after
{Heap after GC invocations=16 (full 0):
 garbage-first heap   total 253952K, used 76992K [0x0000000080000000, 0x0000000100000000)
  region size 1024K, 14 young (14336K), 14 survivors (14336K)
 Metaspace       used 85585K, capacity 87728K, committed 88012K, reserved 1126400K
  class space    used 11040K, capacity 11842K, committed 11980K, reserved 1048576K
}
Event: 23.868 GC heap before
{Heap before GC invocations=16 (full 0):
 garbage-first heap   total 253952K, used 195776K [0x0000000080000000, 0x0000000100000000)
  region size 1024K, 131 young (134144K), 14 survivors (14336K)
 Metaspace       used 92610K, capacity 94745K, committed 95052K, reserved 1132544K
  class space    used 11950K, capacity 12753K, committed 12876K, reserved 1048576K
}
Event: 23.906 GC heap after
{Heap after GC invocations=17 (full 0):
 garbage-first heap   total 253952K, used 94427K [0x0000000080000000, 0x0000000100000000)
  region size 1024K, 17 young (17408K), 17 survivors (17408K)
 Metaspace       used 92610K, capacity 94745K, committed 95052K, reserved 1132544K
  class space    used 11950K, capacity 12753K, committed 12876K, reserved 1048576K
}
Event: 25.893 GC heap before
{Heap before GC invocations=17 (full 0):
 garbage-first heap   total 253952K, used 195803K [0x0000000080000000, 0x0000000100000000)
  region size 1024K, 117 young (119808K), 17 survivors (17408K)
 Metaspace       used 99869K, capacity 102427K, committed 102604K, reserved 1138688K
  class space    used 13004K, capacity 14001K, committed 14028K, reserved 1048576K
}
Event: 25.928 GC heap after
{Heap after GC invocations=18 (full 0):
 garbage-first heap   total 253952K, used 97792K [0x0000000080000000, 0x0000000100000000)
  region size 1024K, 7 young (7168K), 7 survivors (7168K)
 Metaspace       used 99869K, capacity 102427K, committed 102604K, reserved 1138688K
  class space    used 13004K, capacity 14001K, committed 14028K, reserved 1048576K
}

Deoptimization events (20 events):
Event: 26.615 Thread 0x000001997f0ef800 Uncommon trap: trap_request=0xffffffde fr.pc=0x00000199081b5a30 relative=0x00000000000027b0
Event: 26.615 Thread 0x000001997f0ef800 Uncommon trap: reason=class_check action=maybe_recompile pc=0x00000199081b5a30 method=com.android.tools.r8.internal.UC.b(Lcom/android/tools/r8/internal/Fg;)V @ 212 c2
Event: 26.615 Thread 0x000001997f0ef800 DEOPT PACKING pc=0x00000199081b5a30 sp=0x00000001baff9830
Event: 26.615 Thread 0x000001997f0ef800 DEOPT UNPACKING pc=0x00000199000278af sp=0x00000001baff9818 mode 2
Event: 26.615 Thread 0x000001997f0ef800 Uncommon trap: trap_request=0xffffffde fr.pc=0x00000199081b5a30 relative=0x00000000000027b0
Event: 26.615 Thread 0x000001997f0ef800 Uncommon trap: reason=class_check action=maybe_recompile pc=0x00000199081b5a30 method=com.android.tools.r8.internal.UC.b(Lcom/android/tools/r8/internal/Fg;)V @ 212 c2
Event: 26.615 Thread 0x000001997f0ef800 DEOPT PACKING pc=0x00000199081b5a30 sp=0x00000001baff9920
Event: 26.615 Thread 0x000001997f0ef800 DEOPT UNPACKING pc=0x00000199000278af sp=0x00000001baff9908 mode 2
Event: 26.615 Thread 0x000001997f0ef800 Uncommon trap: trap_request=0xffffffde fr.pc=0x00000199081b5a30 relative=0x00000000000027b0
Event: 26.615 Thread 0x000001997f0ef800 Uncommon trap: reason=class_check action=maybe_recompile pc=0x00000199081b5a30 method=com.android.tools.r8.internal.UC.b(Lcom/android/tools/r8/internal/Fg;)V @ 212 c2
Event: 26.615 Thread 0x000001997f0ef800 DEOPT PACKING pc=0x00000199081b5a30 sp=0x00000001baff9920
Event: 26.615 Thread 0x000001997f0ef800 DEOPT UNPACKING pc=0x00000199000278af sp=0x00000001baff9908 mode 2
Event: 26.618 Thread 0x000001997f0ef800 Uncommon trap: trap_request=0xffffffde fr.pc=0x00000199081b5a30 relative=0x00000000000027b0
Event: 26.618 Thread 0x000001997f0ef800 Uncommon trap: reason=class_check action=maybe_recompile pc=0x00000199081b5a30 method=com.android.tools.r8.internal.UC.b(Lcom/android/tools/r8/internal/Fg;)V @ 212 c2
Event: 26.618 Thread 0x000001997f0ef800 DEOPT PACKING pc=0x00000199081b5a30 sp=0x00000001baff9830
Event: 26.618 Thread 0x000001997f0ef800 DEOPT UNPACKING pc=0x00000199000278af sp=0x00000001baff9818 mode 2
Event: 26.667 Thread 0x000001997f0ef800 Uncommon trap: trap_request=0xfffffff4 fr.pc=0x00000199081cb0fc relative=0x000000000000691c
Event: 26.667 Thread 0x000001997f0ef800 Uncommon trap: reason=null_check action=make_not_entrant pc=0x00000199081cb0fc method=com.android.tools.r8.internal.W4.a(II)Lcom/android/tools/r8/internal/f9; @ 14 c2
Event: 26.667 Thread 0x000001997f0ef800 DEOPT PACKING pc=0x00000199081cb0fc sp=0x00000001baff8b30
Event: 26.667 Thread 0x000001997f0ef800 DEOPT UNPACKING pc=0x00000199000278af sp=0x00000001baff8b48 mode 2

Classes redefined (0 events):
No events

Internal exceptions (20 events):
Event: 24.147 Thread 0x0000019911b99000 Exception <a 'java/lang/NoSuchMethodError'{0x000000008e77e110}: 'java.lang.Object java.lang.invoke.Invokers$Holder.linkToTargetMethod(java.lang.Object, java.lang.Object, java.lang.Object, java.lang.Object, java.lang.Object, java.lang.Object, java.lang.Object)'> (0x000000008e77e110) thrown at [./src/hotspot/share/interpreter/linkResolver.cpp, line 773]
Event: 24.162 Thread 0x0000019911b99000 Exception <a 'java/lang/NoSuchMethodError'{0x000000008e13a7d0}: 'int java.lang.invoke.DirectMethodHandle$Holder.invokeSpecial(java.lang.Object, java.lang.Object, java.lang.Object, java.lang.Object, java.lang.Object)'> (0x000000008e13a7d0) thrown at [./src/hotspot/share/interpreter/linkResolver.cpp, line 773]
Event: 24.334 Thread 0x000001997f0ef800 Exception <a 'java/lang/NoSuchMethodError'{0x000000008d9e3080}: 'java.lang.Object java.lang.invoke.DirectMethodHandle$Holder.invokeVirtual(java.lang.Object, java.lang.Object, int, java.lang.Object)'> (0x000000008d9e3080) thrown at [./src/hotspot/share/interpreter/linkResolver.cpp, line 773]
Event: 24.334 Thread 0x000001997f0f2800 Exception <a 'java/lang/NoSuchMethodError'{0x000000008d8483a8}: 'java.lang.Object java.lang.invoke.DirectMethodHandle$Holder.invokeVirtual(java.lang.Object, java.lang.Object, int, java.lang.Object)'> (0x000000008d8483a8) thrown at [./src/hotspot/share/interpreter/linkResolver.cpp, line 773]
Event: 24.335 Thread 0x0000019911b99000 Exception <a 'java/lang/NoSuchMethodError'{0x000000008d9b2878}: 'java.lang.Object java.lang.invoke.DirectMethodHandle$Holder.invokeVirtual(java.lang.Object, java.lang.Object, int, java.lang.Object)'> (0x000000008d9b2878) thrown at [./src/hotspot/share/interpreter/linkResolver.cpp, line 773]
Event: 24.343 Thread 0x0000019911b99000 Exception <a 'java/lang/IncompatibleClassChangeError'{0x000000008d889f30}: Found class java.lang.Object, but interface was expected> (0x000000008d889f30) thrown at [./src/hotspot/share/interpreter/linkResolver.cpp, line 839]
Event: 24.344 Thread 0x0000019911b99000 Exception <a 'java/lang/IncompatibleClassChangeError'{0x000000008d896768}: Found class java.lang.Object, but interface was expected> (0x000000008d896768) thrown at [./src/hotspot/share/interpreter/linkResolver.cpp, line 839]
Event: 24.371 Thread 0x000001997f0ef800 Exception <a 'java/lang/NoSuchMethodError'{0x000000008d6493e8}: 'void java.lang.invoke.DirectMethodHandle$Holder.invokeVirtual(java.lang.Object, java.lang.Object, int, java.lang.Object)'> (0x000000008d6493e8) thrown at [./src/hotspot/share/interpreter/linkResolver.cpp, line 773]
Event: 24.454 Thread 0x0000019911b99000 Exception <a 'java/lang/NoSuchMethodError'{0x000000008d2ca098}: 'java.lang.Object java.lang.invoke.DirectMethodHandle$Holder.newInvokeSpecial(java.lang.Object, int)'> (0x000000008d2ca098) thrown at [./src/hotspot/share/interpreter/linkResolver.cpp, line 773]
Event: 24.645 Thread 0x0000019911b99000 Exception <a 'java/lang/NoSuchMethodError'{0x000000008c90a4d0}: 'java.lang.Object java.lang.invoke.DirectMethodHandle$Holder.invokeInterface(java.lang.Object, java.lang.Object, int)'> (0x000000008c90a4d0) thrown at [./src/hotspot/share/interpreter/linkResolver.cpp, line 773]
Event: 25.295 Thread 0x000001997f0f2800 Exception <a 'java/lang/NoSuchMethodError'{0x000000008ae1a8f8}: 'void java.lang.invoke.DirectMethodHandle$Holder.invokeSpecial(java.lang.Object, java.lang.Object, int, java.lang.Object, java.lang.Object, java.lang.Object, java.lang.Object)'> (0x000000008ae1a8f8) thrown at [./src/hotspot/share/interpreter/linkResolver.cpp, line 773]
Event: 25.296 Thread 0x000001997f0f2800 Exception <a 'java/lang/NoSuchMethodError'{0x000000008ae26748}: 'java.lang.Object java.lang.invoke.Invokers$Holder.linkToTargetMethod(java.lang.Object, int, java.lang.Object, java.lang.Object, java.lang.Object, java.lang.Object)'> (0x000000008ae26748) thrown at [./src/hotspot/share/interpreter/linkResolver.cpp, line 773]
Event: 25.297 Thread 0x000001997f0f2800 Exception <a 'java/lang/NoSuchMethodError'{0x000000008ae2abf8}: 'void java.lang.invoke.DirectMethodHandle$Holder.invokeSpecial(java.lang.Object, java.lang.Object, java.lang.Object, java.lang.Object, java.lang.Object, java.lang.Object, java.lang.Object, java.lang.Object, java.lang.Object)'> (0x000000008ae2abf8) thrown at [./src/hotspot/share/interpreter/linkResolver.cpp, line 773]
Event: 25.300 Thread 0x000001997f0f2800 Exception <a 'java/lang/NoSuchMethodError'{0x000000008ae457b8}: 'void java.lang.invoke.DirectMethodHandle$Holder.invokeStatic(java.lang.Object, java.lang.Object, java.lang.Object, java.lang.Object, java.lang.Object, java.lang.Object, java.lang.Object, java.lang.Object)'> (0x000000008ae457b8) thrown at [./src/hotspot/share/interpreter/linkResolver.cpp, line 773]
Event: 25.530 Thread 0x000001997f0f2800 Exception <a 'java/lang/IncompatibleClassChangeError'{0x000000008a582638}: Found class java.lang.Object, but interface was expected> (0x000000008a582638) thrown at [./src/hotspot/share/interpreter/linkResolver.cpp, line 839]
Event: 25.578 Thread 0x000001997f0ef800 Implicit null exception at 0x0000019907c4fdeb to 0x0000019907c4fe0c
Event: 25.741 Thread 0x000001997f0f2800 Exception <a 'java/lang/NoSuchMethodError'{0x0000000089a0bab0}: 'void java.lang.invoke.DirectMethodHandle$Holder.invokeVirtual(java.lang.Object, java.lang.Object, int)'> (0x0000000089a0bab0) thrown at [./src/hotspot/share/interpreter/linkResolver.cpp, line 773]
Event: 25.830 Thread 0x000001997f0f2800 Exception <a 'sun/nio/fs/WindowsException'{0x00000000896f6100}> (0x00000000896f6100) thrown at [./src/hotspot/share/prims/jni.cpp, line 615]
Event: 25.839 Thread 0x000001997f0ef800 Exception <a 'java/lang/NoSuchMethodError'{0x00000000896494a8}: 'int java.lang.invoke.DirectMethodHandle$Holder.invokeInterface(java.lang.Object, java.lang.Object, int)'> (0x00000000896494a8) thrown at [./src/hotspot/share/interpreter/linkResolver.cpp, line 773]
Event: 26.667 Thread 0x000001997f0ef800 Implicit null exception at 0x00000199081c6034 to 0x00000199081cb0e4

Events (20 events):
Event: 26.708 loading class com/android/tools/r8/internal/CE
Event: 26.708 loading class com/android/tools/r8/internal/CE done
Event: 26.710 loading class com/android/tools/r8/code/V0
Event: 26.710 loading class com/android/tools/r8/code/V0 done
Event: 26.710 loading class com/android/tools/r8/code/V0
Event: 26.710 loading class com/android/tools/r8/code/V0 done
Event: 26.711 loading class com/android/tools/r8/code/V0
Event: 26.711 loading class com/android/tools/r8/code/V0 done
Event: 26.711 loading class com/android/tools/r8/code/V0
Event: 26.711 loading class com/android/tools/r8/code/V0 done
Event: 26.711 loading class com/android/tools/r8/code/V0
Event: 26.711 loading class com/android/tools/r8/code/V0 done
Event: 26.712 loading class com/android/tools/r8/code/V0
Event: 26.712 loading class com/android/tools/r8/code/V0 done
Event: 26.712 loading class com/android/tools/r8/code/V0
Event: 26.712 loading class com/android/tools/r8/code/V0 done
Event: 26.713 loading class com/android/tools/r8/code/V0
Event: 26.713 loading class com/android/tools/r8/code/V0 done
Event: 26.713 loading class com/android/tools/r8/code/V0
Event: 26.713 loading class com/android/tools/r8/code/V0 done


Dynamic libraries:
0x00007ff75ca00000 - 0x00007ff75ca0a000 	C:\Program Files\Android\Android Studio\jre\bin\java.exe
0x00007ffd2c0e0000 - 0x00007ffd2c2d0000 	C:\WINDOWS\SYSTEM32\ntdll.dll
0x00007ffd02590000 - 0x00007ffd025a5000 	C:\Program Files\Avast Software\Avast\aswhook.dll
0x00007ffd2ab80000 - 0x00007ffd2ac32000 	C:\WINDOWS\System32\KERNEL32.DLL
0x00007ffd29cd0000 - 0x00007ffd29f75000 	C:\WINDOWS\System32\KERNELBASE.dll
0x00007ffd29bd0000 - 0x00007ffd29cca000 	C:\WINDOWS\System32\ucrtbase.dll
0x00007ffd16150000 - 0x00007ffd16169000 	C:\Program Files\Android\Android Studio\jre\bin\jli.dll
0x00007ffd16130000 - 0x00007ffd16147000 	C:\Program Files\Android\Android Studio\jre\bin\VCRUNTIME140.dll
0x00007ffd2a3b0000 - 0x00007ffd2a544000 	C:\WINDOWS\System32\USER32.dll
0x00007ffd297e0000 - 0x00007ffd29801000 	C:\WINDOWS\System32\win32u.dll
0x00007ffd17a10000 - 0x00007ffd17c94000 	C:\WINDOWS\WinSxS\amd64_microsoft.windows.common-controls_6595b64144ccf1df_6.0.18362.1256_none_9e7e379be45e40e2\COMCTL32.dll
0x00007ffd2b5d0000 - 0x00007ffd2b66e000 	C:\WINDOWS\System32\msvcrt.dll
0x00007ffd2bcf0000 - 0x00007ffd2c026000 	C:\WINDOWS\System32\combase.dll
0x00007ffd2b670000 - 0x00007ffd2b790000 	C:\WINDOWS\System32\RPCRT4.dll
0x00007ffd2aa40000 - 0x00007ffd2aa66000 	C:\WINDOWS\System32\GDI32.dll
0x00007ffd299d0000 - 0x00007ffd29b66000 	C:\WINDOWS\System32\gdi32full.dll
0x00007ffd2a100000 - 0x00007ffd2a181000 	C:\WINDOWS\System32\bcryptPrimitives.dll
0x00007ffd29910000 - 0x00007ffd299ae000 	C:\WINDOWS\System32\msvcp_win.dll
0x00007ffd2a2c0000 - 0x00007ffd2a2ee000 	C:\WINDOWS\System32\IMM32.DLL
0x00007ffcf8080000 - 0x00007ffcf811d000 	C:\Program Files\Android\Android Studio\jre\bin\msvcp140.dll
0x00007ffcc36b0000 - 0x00007ffcc417f000 	C:\Program Files\Android\Android Studio\jre\bin\server\jvm.dll
0x00007ffd2a2f0000 - 0x00007ffd2a393000 	C:\WINDOWS\System32\ADVAPI32.dll
0x00007ffd2ada0000 - 0x00007ffd2ae37000 	C:\WINDOWS\System32\sechost.dll
0x00007ffd2a3a0000 - 0x00007ffd2a3a8000 	C:\WINDOWS\System32\PSAPI.DLL
0x00007ffd27a10000 - 0x00007ffd27a19000 	C:\WINDOWS\SYSTEM32\WSOCK32.dll
0x00007ffd229e0000 - 0x00007ffd22a04000 	C:\WINDOWS\SYSTEM32\WINMM.dll
0x00007ffd2c030000 - 0x00007ffd2c09f000 	C:\WINDOWS\System32\WS2_32.dll
0x00007ffd22a60000 - 0x00007ffd22a6a000 	C:\WINDOWS\SYSTEM32\VERSION.dll
0x00007ffd229b0000 - 0x00007ffd229dd000 	C:\WINDOWS\SYSTEM32\WINMMBASE.dll
0x00007ffd29810000 - 0x00007ffd2985a000 	C:\WINDOWS\System32\cfgmgr32.dll
0x00007ffd28f90000 - 0x00007ffd28fa1000 	C:\WINDOWS\System32\kernel.appcore.dll
0x00007ffd16440000 - 0x00007ffd16451000 	C:\Program Files\Android\Android Studio\jre\bin\verify.dll
0x00007ffd277e0000 - 0x00007ffd279d4000 	C:\WINDOWS\SYSTEM32\DBGHELP.DLL
0x00007ffd1af40000 - 0x00007ffd1af6a000 	C:\WINDOWS\SYSTEM32\dbgcore.DLL
0x00007ffd16410000 - 0x00007ffd16439000 	C:\Program Files\Android\Android Studio\jre\bin\java.dll
0x00007ffd25190000 - 0x00007ffd2519b000 	C:\Program Files\Android\Android Studio\jre\bin\jimage.dll
0x00007ffd163f0000 - 0x00007ffd16408000 	C:\Program Files\Android\Android Studio\jre\bin\zip.dll
0x00007ffd2ae40000 - 0x00007ffd2b527000 	C:\WINDOWS\System32\SHELL32.dll
0x00007ffd2aad0000 - 0x00007ffd2ab79000 	C:\WINDOWS\System32\shcore.dll
0x00007ffd29050000 - 0x00007ffd297d1000 	C:\WINDOWS\System32\windows.storage.dll
0x00007ffd28fb0000 - 0x00007ffd28fd3000 	C:\WINDOWS\System32\profapi.dll
0x00007ffd28fe0000 - 0x00007ffd2902a000 	C:\WINDOWS\System32\powrprof.dll
0x00007ffd28f80000 - 0x00007ffd28f90000 	C:\WINDOWS\System32\UMPDC.dll
0x00007ffd2bc90000 - 0x00007ffd2bce2000 	C:\WINDOWS\System32\shlwapi.dll
0x00007ffd299b0000 - 0x00007ffd299c7000 	C:\WINDOWS\System32\cryptsp.dll
0x00007ffd16390000 - 0x00007ffd163aa000 	C:\Program Files\Android\Android Studio\jre\bin\net.dll
0x00007ffd19110000 - 0x00007ffd19200000 	C:\WINDOWS\SYSTEM32\WINHTTP.dll
0x00007ffd28780000 - 0x00007ffd287e7000 	C:\WINDOWS\system32\mswsock.dll
0x00007ffd16100000 - 0x00007ffd16114000 	C:\Program Files\Android\Android Studio\jre\bin\nio.dll
0x00007ffd163b0000 - 0x00007ffd163d7000 	C:\Users\Polina\.gradle\native\8bec1ad78214c89d9ad589b4d07fe93259594b29d510b10fafb7a158f7737e5d\windows-amd64\native-platform.dll
0x00007ffd0da80000 - 0x00007ffd0dbbd000 	C:\Users\Polina\.gradle\native\53dbd7edfb1c66fb8903c78663c9afc45aea4f116125fa6feffd364cf09443e8\windows-amd64\native-platform-file-events.dll
0x00007ffd21f90000 - 0x00007ffd21f9a000 	C:\Program Files\Android\Android Studio\jre\bin\management.dll
0x00007ffd1d0a0000 - 0x00007ffd1d0ac000 	C:\Program Files\Android\Android Studio\jre\bin\management_ext.dll
0x00007ffd28300000 - 0x00007ffd28333000 	C:\WINDOWS\system32\rsaenh.dll
0x00007ffd2a0d0000 - 0x00007ffd2a0f6000 	C:\WINDOWS\System32\bcrypt.dll
0x00007ffd28ea0000 - 0x00007ffd28ec5000 	C:\WINDOWS\SYSTEM32\USERENV.dll
0x00007ffd28900000 - 0x00007ffd2890c000 	C:\WINDOWS\SYSTEM32\CRYPTBASE.dll
0x00007ffd284a0000 - 0x00007ffd284da000 	C:\WINDOWS\SYSTEM32\IPHLPAPI.DLL
0x00007ffd2bb40000 - 0x00007ffd2bb48000 	C:\WINDOWS\System32\NSI.dll
0x00007ffd20110000 - 0x00007ffd20126000 	C:\WINDOWS\SYSTEM32\dhcpcsvc6.DLL
0x00007ffd200e0000 - 0x00007ffd200fc000 	C:\WINDOWS\SYSTEM32\dhcpcsvc.DLL
0x00007ffd284e0000 - 0x00007ffd285ab000 	C:\WINDOWS\SYSTEM32\DNSAPI.dll

dbghelp: loaded successfully - version: 4.0.5 - missing functions: none
symbol engine: initialized successfully - sym options: 0x614 - pdb path: .;C:\Program Files\Android\Android Studio\jre\bin;C:\WINDOWS\SYSTEM32;C:\Program Files\Avast Software\Avast;C:\WINDOWS\WinSxS\amd64_microsoft.windows.common-controls_6595b64144ccf1df_6.0.18362.1256_none_9e7e379be45e40e2;C:\Program Files\Android\Android Studio\jre\bin\server;C:\Users\Polina\.gradle\native\8bec1ad78214c89d9ad589b4d07fe93259594b29d510b10fafb7a158f7737e5d\windows-amd64;C:\Users\Polina\.gradle\native\53dbd7edfb1c66fb8903c78663c9afc45aea4f116125fa6feffd364cf09443e8\windows-amd64

VM Arguments:
jvm_args: --add-opens=java.base/java.util=ALL-UNNAMED --add-opens=java.base/java.lang=ALL-UNNAMED --add-opens=java.base/java.lang.invoke=ALL-UNNAMED --add-opens=java.base/java.util=ALL-UNNAMED --add-opens=java.prefs/java.util.prefs=ALL-UNNAMED --add-opens=java.prefs/java.util.prefs=ALL-UNNAMED --add-opens=java.base/java.nio.charset=ALL-UNNAMED --add-opens=java.base/java.net=ALL-UNNAMED --add-opens=java.base/java.util.concurrent.atomic=ALL-UNNAMED -Xmx2048m -Dfile.encoding=UTF-8 -Duser.country=RU -Duser.language=ru -Duser.variant 
java_command: org.gradle.launcher.daemon.bootstrap.GradleDaemon 7.0.2
java_class_path (initial): C:\Users\Polina\.gradle\wrapper\dists\gradle-7.0.2-bin\857tjihv64xamwrf0h14cai3r\gradle-7.0.2\lib\gradle-launcher-7.0.2.jar
Launcher Type: SUN_STANDARD

[Global flags]
     intx CICompilerCount                          = 3                                         {product} {ergonomic}
     uint ConcGCThreads                            = 1                                         {product} {ergonomic}
     uint G1ConcRefinementThreads                  = 4                                         {product} {ergonomic}
   size_t G1HeapRegionSize                         = 1048576                                   {product} {ergonomic}
    uintx GCDrainStackTargetSize                   = 64                                        {product} {ergonomic}
   size_t InitialHeapSize                          = 199229440                                 {product} {ergonomic}
   size_t MarkStackSize                            = 4194304                                   {product} {ergonomic}
   size_t MaxHeapSize                              = 2147483648                                {product} {command line}
   size_t MaxNewSize                               = 1287651328                                {product} {ergonomic}
   size_t MinHeapDeltaBytes                        = 1048576                                   {product} {ergonomic}
    uintx NonNMethodCodeHeapSize                   = 5830732                                {pd product} {ergonomic}
    uintx NonProfiledCodeHeapSize                  = 122913754                              {pd product} {ergonomic}
    uintx ProfiledCodeHeapSize                     = 122913754                              {pd product} {ergonomic}
    uintx ReservedCodeCacheSize                    = 251658240                              {pd product} {ergonomic}
     bool SegmentedCodeCache                       = true                                      {product} {ergonomic}
     bool UseCompressedClassPointers               = true                                 {lp64_product} {ergonomic}
     bool UseCompressedOops                        = true                                 {lp64_product} {ergonomic}
     bool UseG1GC                                  = true                                      {product} {ergonomic}
     bool UseLargePagesIndividualAllocation        = false                                  {pd product} {ergonomic}

Logging:
Log output configuration:
 #0: stdout all=warning uptime,level,tags
 #1: stderr all=off uptime,level,tags

Environment Variables:
PATH=C:\Program Files (x86)\Common Files\Oracle\Java\javapath;C:\WINDOWS\system32;C:\WINDOWS;C:\WINDOWS\System32\Wbem;C:\WINDOWS\System32\WindowsPowerShell\v1.0\;C:\WINDOWS\System32\OpenSSH\;C:\cdr\;C:\Users\Polina\AppData\Local\Microsoft\WindowsApps;
USERNAME=Polina
OS=Windows_NT
PROCESSOR_IDENTIFIER=Intel64 Family 6 Model 78 Stepping 3, GenuineIntel



---------------  S Y S T E M  ---------------

OS: Windows 10 , 64 bit Build 18362 (10.0.18362.1110)
OS uptime: 0 days 2:15 hours
Hyper-V role detected

CPU:total 4 (initial active 4) (2 cores per cpu, 2 threads per core) family 6 model 78 stepping 3 microcode 0xcc, cmov, cx8, fxsr, mmx, sse, sse2, sse3, ssse3, sse4.1, sse4.2, popcnt, avx, avx2, aes, clmul, erms, 3dnowpref, lzcnt, ht, tsc, tscinvbit, bmi1, bmi2, adx, fma

Memory: 4k page, system-wide physical 12144M (1310M free)
TotalPageFile size 12144M (AvailPageFile size 4M)
current process WorkingSet (physical memory assigned to process): 561M, peak: 563M
current process commit charge ("private bytes"): 609M, peak: 613M

vm_info: OpenJDK 64-Bit Server VM (11.0.10+0-b96-7249189) for windows-amd64 JRE (11.0.10+0-b96-7249189), built on Mar 31 2021 21:44:00 by "builder" with MS VC++ 14.0 (VS2015)

END.
